C51 COMPILER V9.54   AT24C02                                                               07/05/2023 16:38:31 PAGE 1   


C51 COMPILER V9.54, COMPILATION OF MODULE AT24C02
OBJECT MODULE PLACED IN .\Objects\AT24C02.obj
COMPILER INVOKED BY: D:\App\Keil5\C51\BIN\C51.EXE AT24C02.c OPTIMIZE(8,SPEED) BROWSE DEBUG OBJECTEXTEND PRINT(.\Listings
                    -\AT24C02.lst) TABS(2) OBJECT(.\Objects\AT24C02.obj)

line level    source

   1          #include <REGX52.H>
   2          #include "I2C.h"
   3          
   4          #define AT24C02 0xA0
   5          
   6          void WriteByte(unsigned char Address,unsigned char Data)
   7          {
   8   1        start();
   9   1        Send_Byte(AT24C02);
  10   1        Receive_Ack();
  11   1        Send_Byte(Address);
  12   1        Receive_Ack();
  13   1        Send_Byte(Data);
  14   1        Receive_Ack();
  15   1        stop();
  16   1      }
  17          
  18          unsigned char ReadByte(unsigned char Address)
  19          {
  20   1        unsigned char Data=0;
  21   1        start();
  22   1        Send_Byte(AT24C02);
  23   1        Receive_Ack();
  24   1        Send_Byte(Address);
  25   1        Receive_Ack();
  26   1        start(); 
  27   1        Send_Byte((AT24C02|0x01));
  28   1        Receive_Ack();
  29   1        Data=Receive_Byte();
  30   1        Send_ACK(1);
  31   1        stop();
  32   1        
  33   1        return Data;
  34   1      }
  35          
  36            
  37            
  38          


MODULE INFORMATION:   STATIC OVERLAYABLE
   CODE SIZE        =     85    ----
   CONSTANT SIZE    =   ----    ----
   XDATA SIZE       =   ----    ----
   PDATA SIZE       =   ----    ----
   DATA SIZE        =   ----       4
   IDATA SIZE       =   ----    ----
   BIT SIZE         =   ----    ----
END OF MODULE INFORMATION.


C51 COMPILATION COMPLETE.  0 WARNING(S),  0 ERROR(S)
