C51 COMPILER V9.54   MAIN                                                                  07/05/2023 16:50:05 PAGE 1   


C51 COMPILER V9.54, COMPILATION OF MODULE MAIN
OBJECT MODULE PLACED IN .\Objects\main.obj
COMPILER INVOKED BY: D:\App\Keil5\C51\BIN\C51.EXE main.c OPTIMIZE(8,SPEED) BROWSE DEBUG OBJECTEXTEND PRINT(.\Listings\ma
                    -in.lst) TABS(2) OBJECT(.\Objects\main.obj)

line level    source

   1          #include <REGX52.H>
   2          #include "AT24C02.h"
   3          #include "LCD1602.h"
   4          #include "Key.h"
   5          #include "Delay.h"
   6          
   7          void main()
   8          {
   9   1        unsigned char Keynumber=0;
  10   1        unsigned int num=0;
  11   1        
  12   1        LCD_Init();
  13   1        while(1)
  14   1        {
  15   2          Keynumber=Key();
  16   2          if(Keynumber)
  17   2          {
  18   3            if(Keynumber==1)
  19   3            {
  20   4              num++;
  21   4            }
  22   3            if(Keynumber==2)
  23   3            {
  24   4              num--;
  25   4            }
  26   3            if(Keynumber==3)
  27   3            {
  28   4              WriteByte(0,num%256);
  29   4              Delay(10);
  30   4              WriteByte(1,num/256);
  31   4              Delay(10);
  32   4              LCD_ShowString(2,1,"Write Ok");
  33   4              Delay(700);
  34   4              LCD_ShowString(2,1,"        ");
  35   4              
  36   4            }
  37   3            if(Keynumber==4)
  38   3            {
  39   4              num=ReadByte(0);
  40   4              num=num+ReadByte(1)*256;
  41   4              LCD_ShowString(2,1,"Read Ok");
  42   4              Delay(700);
  43   4              LCD_ShowString(2,1,"       ");
  44   4            }
  45   3          }
  46   2          LCD_ShowNum(1,1,num,5);
  47   2        }
  48   1      }


MODULE INFORMATION:   STATIC OVERLAYABLE
   CODE SIZE        =    195    ----
   CONSTANT SIZE    =     34    ----
   XDATA SIZE       =   ----    ----
C51 COMPILER V9.54   MAIN                                                                  07/05/2023 16:50:05 PAGE 2   

   PDATA SIZE       =   ----    ----
   DATA SIZE        =   ----       3
   IDATA SIZE       =   ----    ----
   BIT SIZE         =   ----    ----
END OF MODULE INFORMATION.


C51 COMPILATION COMPLETE.  0 WARNING(S),  0 ERROR(S)
