C51 COMPILER V9.54   MAIN                                                                  01/26/2023 11:14:52 PAGE 1   


C51 COMPILER V9.54, COMPILATION OF MODULE MAIN
OBJECT MODULE PLACED IN .\Objects\main.obj
COMPILER INVOKED BY: D:\1\C51\BIN\C51.EXE main.c OPTIMIZE(8,SPEED) BROWSE DEBUG OBJECTEXTEND PRINT(.\Listings\main.lst) 
                    -OBJECT(.\Objects\main.obj)

line level    source

   1          #include <REGX52.H>
   2          #include <INTRINS.H>
   3          
   4          #define SECONDS 500
   5          
   6          unsigned char nixietable[]={0x3F,0x06,0x5B,0x4F,0x66,0x6D,0x7D,0x07,0x7F,0x6F};
   7          
   8          void Delay(unsigned int xms)            //@11.0592MHz
   9          {
  10   1              unsigned char i, j;
  11   1      
  12   1              while(xms--)
  13   1              {
  14   2              _nop_();
  15   2              i = 2;
  16   2              j = 199;
  17   2              do
  18   2              {
  19   3                      while (--j);
  20   3              } while (--i);
  21   2              }
  22   1      }
  23          
  24          void nixie(location,number)
  25          {
  26   1              switch(location)
  27   1              {
  28   2                      case 1: P2_4=1;P2_3=1;P2_2=1; break;
  29   2                      case 2: P2_4=1;P2_3=1;P2_2=0; break;
  30   2                      case 3: P2_4=1;P2_3=0;P2_2=1; break;
  31   2                      case 4: P2_4=1;P2_3=0;P2_2=0; break;
  32   2                      case 5: P2_4=0;P2_3=1;P2_2=1; break;
  33   2                      case 6: P2_4=0;P2_3=1;P2_2=0; break;
  34   2                      case 7: P2_4=0;P2_3=0;P2_2=1; break;
  35   2                      case 8: P2_4=0;P2_3=0;P2_2=0; break;
  36   2                      
  37   2              }
  38   1              P0=nixietable[number];
  39   1      }
  40          
  41          void main()
  42          {
  43   1              nixie(1,5);
  44   1              Delay(SECONDS);
  45   1              nixie(2,2);
  46   1              Delay(SECONDS);
  47   1              nixie(3,0);
  48   1              Delay(SECONDS);
  49   1              nixie(5,1);
  50   1              Delay(SECONDS);
  51   1              nixie(6,3);
  52   1              Delay(SECONDS);
  53   1              nixie(7,1);
  54   1              Delay(SECONDS);
C51 COMPILER V9.54   MAIN                                                                  01/26/2023 11:14:52 PAGE 2   

  55   1              nixie(8,4);
  56   1              Delay(SECONDS);
  57   1              
  58   1      }


MODULE INFORMATION:   STATIC OVERLAYABLE
   CODE SIZE        =    199    ----
   CONSTANT SIZE    =   ----    ----
   XDATA SIZE       =   ----    ----
   PDATA SIZE       =   ----    ----
   DATA SIZE        =     10    ----
   IDATA SIZE       =   ----    ----
   BIT SIZE         =   ----    ----
END OF MODULE INFORMATION.


C51 COMPILATION COMPLETE.  0 WARNING(S),  0 ERROR(S)
