#
# A fatal error has been detected by the Java Runtime Environment:
#
#  EXCEPTION_ACCESS_VIOLATION (0xc0000005) at pc=0x00007ffa99113ff8, pid=18796, tid=15968
#
# JRE version: OpenJDK Runtime Environment 18.9 (11.0.11+9) (build 11.0.11+9)
# Java VM: OpenJDK 64-Bit Server VM 18.9 (11.0.11+9, mixed mode, tiered, compressed oops, g1 gc, windows-amd64)
# Problematic frame:
# C  0x00007ffa99113ff8
#
# No core dump will be written. Minidumps are not enabled by default on client versions of Windows
#
# If you would like to submit a bug report, please visit:
#   https://bugreport.java.com/bugreport/crash.jsp
# The crash happened outside the Java Virtual Machine in native code.
# See problematic frame for where to report the bug.
#

---------------  S U M M A R Y ------------

Command Line: -Dsun.java2d.pmoffscreen=false -Dhttps.protocols=TLSv1,TLSv1.1,TLSv1.2 -Dsun.java2d.xrender=false -Dsun.java2d.d3d=false -Dsun.awt.nopixfmt=true -Dsun.java2d.dpiaware=true -Dsun.java2d.uiScale.enabled=false -Xverify:none -Dswing.aatext=true -XX:-UsePerfData -Djdk.map.althashing.threshold=512 -XX:StringTableSize=4072 --add-opens=java.desktop/com.sun.awt=ALL-UNNAMED --add-opens=java.desktop/javax.swing.plaf.synth=ALL-UNNAMED --add-opens=java.base/java.nio=ALL-UNNAMED --add-opens=java.desktop/sun.swing=ALL-UNNAMED --add-opens=java.desktop/javax.swing=ALL-UNNAMED --add-opens=java.desktop/javax.swing.tree=ALL-UNNAMED --add-opens=java.desktop/javax.swing.plaf.basic=ALL-UNNAMED --add-opens=java.desktop/javax.swing.plaf.synth=ALL-UNNAMED --add-opens=java.desktop/javax.swing.plaf.basic=ALL-UNNAMED --add-opens=java.desktop/javax.swing=ALL-UNNAMED --add-opens=java.desktop/javax.swing.tree=ALL-UNNAMED --add-opens=java.desktop/java.awt.event=ALL-UNNAMED --add-exports=java.desktop/javax.swing.plaf.synth=ALL-UNNAMED --add-exports=java.base/java.nio=ALL-UNNAMED --add-exports=java.desktop/sun.swing=ALL-UNNAMED --add-exports=java.desktop/javax.swing=ALL-UNNAMED --add-exports=java.desktop/javax.swing.tree=ALL-UNNAMED --add-exports=java.desktop/javax.swing.plaf.basic=ALL-UNNAMED --add-exports=java.desktop/sun.swing=ALL-UNNAMED --add-exports=java.desktop/sun.swing.table=ALL-UNNAMED --add-exports=java.desktop/sun.swing.plaf.synth=ALL-UNNAMED --add-exports=java.desktop/sun.awt.shell=ALL-UNNAMED --add-exports=java.base/sun.security.action=ALL-UNNAMED --add-exports=java.desktop/sun.font=ALL-UNNAMED -XX:NewSize=60m -XX:MaxNewSize=60m -Xms256m -Xmx3072m -Xss5m 

Host: Intel(R) Core(TM) i5-10400 CPU @ 2.90GHz, 12 cores, 15G,  Windows 10 , 64 bit Build 19041 (10.0.19041.3393)
Time: Fri Oct  6 20:21:46 2023 韩国标准时间 elapsed time: 6439.687189 seconds (0d 1h 47m 19s)

---------------  T H R E A D  ---------------

Current thread (0x0000026196d1a000):  JavaThread "AWT-EventQueue-0" [_thread_in_native, id=15968, stack(0x000000f913200000,0x000000f913700000)]

Stack: [0x000000f913200000,0x000000f913700000],  sp=0x000000f9136fa9c0,  free space=5098k
Native frames: (J=compiled Java code, j=interpreted, Vv=VM code, C=native code)
C  0x00007ffa99113ff8
C  0x00007ffa993343b7
C  0x00007ffa9932dd77
C  0x00007ffa9932d857
C  0x00007ffa993379f0
C  0x00007ffa99336850
C  0x00007ffa99336cc6
C  0x00007ffa9936e22f
C  0x000002618000f377

Java frames: (J=compiled Java code, j=interpreted, Vv=VM code)
j  ui.views.waveform.waveformi.WVExecutive_setPrefsMessage(JLjava/lang/String;)V+0
j  ui.views.waveform.executive.a.atv(Ljava/lang/String;)V+5
j  ui.views.waveform.k.kvn()V+128
j  ui.views.waveform.p.actionPerformed(Ljava/awt/event/ActionEvent;)V+4
J 21615 c1 javax.swing.JComboBox.fireActionEvent()V java.desktop@11.0.11 (156 bytes) @ 0x00000261825150fc [0x00000261825142e0+0x0000000000000e1c]
J 21887 c1 javax.swing.JComboBox.setSelectedItem(Ljava/lang/Object;)V java.desktop@11.0.11 (148 bytes) @ 0x0000026183111b6c [0x0000026183111080+0x0000000000000aec]
J 23448 c1 ui.utils.swing.e.d.setSelectedItem(Ljava/lang/Object;)V (42 bytes) @ 0x000002618156f17c [0x000002618156eb20+0x000000000000065c]
j  javax.swing.JComboBox.setSelectedIndex(I)V+58 java.desktop@11.0.11
j  javax.swing.plaf.basic.BasicComboPopup$Handler.mouseReleased(Ljava/awt/event/MouseEvent;)V+97 java.desktop@11.0.11
J 20434 c1 java.awt.AWTEventMulticaster.mouseReleased(Ljava/awt/event/MouseEvent;)V java.desktop@11.0.11 (27 bytes) @ 0x0000026182217e84 [0x0000026182217a80+0x0000000000000404]
J 20434 c1 java.awt.AWTEventMulticaster.mouseReleased(Ljava/awt/event/MouseEvent;)V java.desktop@11.0.11 (27 bytes) @ 0x0000026182217cac [0x0000026182217a80+0x000000000000022c]
J 14848 c1 java.awt.Component.processMouseEvent(Ljava/awt/event/MouseEvent;)V java.desktop@11.0.11 (100 bytes) @ 0x000002618135af9c [0x000002618135ab20+0x000000000000047c]
J 14849 c1 javax.swing.JComponent.processMouseEvent(Ljava/awt/event/MouseEvent;)V java.desktop@11.0.11 (27 bytes) @ 0x00000261812aa574 [0x00000261812aa360+0x0000000000000214]
j  javax.swing.plaf.basic.BasicComboPopup$1.processMouseEvent(Ljava/awt/event/MouseEvent;)V+93 java.desktop@11.0.11
J 20409 c2 java.awt.Container.processEvent(Ljava/awt/AWTEvent;)V java.desktop@11.0.11 (22 bytes) @ 0x00000261885edcf0 [0x00000261885edb20+0x00000000000001d0]
J 18841 c2 java.awt.Component.dispatchEventImpl(Ljava/awt/AWTEvent;)V java.desktop@11.0.11 (777 bytes) @ 0x000002618808ccb0 [0x000002618808c1a0+0x0000000000000b10]
J 19412 c2 java.awt.Container.dispatchEventImpl(Ljava/awt/AWTEvent;)V java.desktop@11.0.11 (129 bytes) @ 0x0000026188d72f3c [0x0000026188d72800+0x000000000000073c]
J 18164 c2 java.awt.LightweightDispatcher.retargetMouseEvent(Ljava/awt/Component;ILjava/awt/event/MouseEvent;)V java.desktop@11.0.11 (372 bytes) @ 0x0000026188c2fafc [0x0000026188c2f5c0+0x000000000000053c]
J 19412 c2 java.awt.Container.dispatchEventImpl(Ljava/awt/AWTEvent;)V java.desktop@11.0.11 (129 bytes) @ 0x0000026188d739cc [0x0000026188d72800+0x00000000000011cc]
J 15063 c2 java.awt.Window.dispatchEventImpl(Ljava/awt/AWTEvent;)V java.desktop@11.0.11 (23 bytes) @ 0x00000261887f9b0c [0x00000261887f9ac0+0x000000000000004c]
J 11772 c2 java.awt.EventQueue$4.run()Ljava/lang/Object; java.desktop@11.0.11 (5 bytes) @ 0x00000261883544ec [0x0000026188353f20+0x00000000000005cc]
v  ~StubRoutines::call_stub
J 4141  java.security.AccessController.doPrivileged(Ljava/security/PrivilegedAction;Ljava/security/AccessControlContext;)Ljava/lang/Object; java.base@11.0.11 (0 bytes) @ 0x0000026187d0fdb6 [0x0000026187d0fd40+0x0000000000000076]
J 14425 c2 java.awt.EventQueue$5.run()Ljava/lang/Object; java.desktop@11.0.11 (5 bytes) @ 0x0000026187de5ebc [0x0000026187de5c60+0x000000000000025c]
v  ~StubRoutines::call_stub
J 4141  java.security.AccessController.doPrivileged(Ljava/security/PrivilegedAction;Ljava/security/AccessControlContext;)Ljava/lang/Object; java.base@11.0.11 (0 bytes) @ 0x0000026187d0fdb6 [0x0000026187d0fd40+0x0000000000000076]
J 11765 c2 java.awt.EventQueue.dispatchEvent(Ljava/awt/AWTEvent;)V java.desktop@11.0.11 (80 bytes) @ 0x000002618834bd90 [0x000002618834b7c0+0x00000000000005d0]
J 13044 c2 ui.frmwork.a.d.dispatchEvent(Ljava/awt/AWTEvent;)V (42 bytes) @ 0x00000261884b2b68 [0x00000261884b29a0+0x00000000000001c8]
J 20310 c2 java.awt.EventDispatchThread.pumpOneEventForFilters(I)V java.desktop@11.0.11 (113 bytes) @ 0x000002618841b5ac [0x000002618841b020+0x000000000000058c]
J 19414% c2 java.awt.EventDispatchThread.pumpEventsForFilter(ILjava/awt/Conditional;Ljava/awt/EventFilter;)V java.desktop@11.0.11 (47 bytes) @ 0x0000026188d77778 [0x0000026188d77660+0x0000000000000118]
j  java.awt.EventDispatchThread.pumpEventsForHierarchy(ILjava/awt/Conditional;Ljava/awt/Component;)V+11 java.desktop@11.0.11
j  java.awt.EventDispatchThread.pumpEvents(ILjava/awt/Conditional;)V+4 java.desktop@11.0.11
j  java.awt.EventDispatchThread.pumpEvents(Ljava/awt/Conditional;)V+3 java.desktop@11.0.11
j  java.awt.EventDispatchThread.run()V+9 java.desktop@11.0.11
v  ~StubRoutines::call_stub

siginfo: EXCEPTION_ACCESS_VIOLATION (0xc0000005), reading address 0x0000000000000000


Register to memory mapping:

RIP=0x00007ffa99113ff8 points into unknown readable memory: 0x8b48f775321c3842 | 42 38 1c 32 75 f7 48 8b
RAX=0x0 is NULL
RBX=0x0 is NULL
RCX=0x000000f9136faa60 is pointing into the stack for thread: 0x0000026196d1a000
RDX=0x0 is NULL
RSP=0x000000f9136fa9c0 is pointing into the stack for thread: 0x0000026196d1a000
RBP=0x000000f9136fab30 is pointing into the stack for thread: 0x0000026196d1a000
RSI=0x000000f9136faa60 is pointing into the stack for thread: 0x0000026196d1a000
RDI=0x000000f9136fac08 is pointing into the stack for thread: 0x0000026196d1a000
R8 =0x0 is NULL
R9 =0x000000f9136faa90 is pointing into the stack for thread: 0x0000026196d1a000
R10=0x000000f9136faa70 is pointing into the stack for thread: 0x0000026196d1a000
R11=0x9c43d93fff917fed is an unknown value
R12=0x00007ffa996af290 points into unknown readable memory: 0x00000261ae99dfb0 | b0 df 99 ae 61 02 00 00
R13=0x00000261b360b670 points into unknown readable memory: 0x00007ffac7d18360 | 60 83 d1 c7 fa 7f 00 00
R14=0x0 is NULL
R15=0x0 is NULL


Registers:
RAX=0x0000000000000000, RBX=0x0000000000000000, RCX=0x000000f9136faa60, RDX=0x0000000000000000
RSP=0x000000f9136fa9c0, RBP=0x000000f9136fab30, RSI=0x000000f9136faa60, RDI=0x000000f9136fac08
R8 =0x0000000000000000, R9 =0x000000f9136faa90, R10=0x000000f9136faa70, R11=0x9c43d93fff917fed
R12=0x00007ffa996af290, R13=0x00000261b360b670, R14=0x0000000000000000, R15=0x0000000000000000
RIP=0x00007ffa99113ff8, EFLAGS=0x0000000000010256

Top of Stack: (sp=0x000000f9136fa9c0)
0x000000f9136fa9c0:   0000000000000001 000000f9136faa68
0x000000f9136fa9d0:   000000f9136fab50 00007ffaab91d76b
0x000000f9136fa9e0:   fffffffffffffffe 000000f9136faa08
0x000000f9136fa9f0:   000000f9136facd0 000000f9136facd0
0x000000f9136faa00:   00000261b360c730 00007ffa994f7408
0x000000f9136faa10:   00007ffa996af290 000000f9136fac08
0x000000f9136faa20:   00007ffa99691008 00007ffa993343b7
0x000000f9136faa30:   000000f9136faa60 000000f9136facd0
0x000000f9136faa40:   00007ffa00000000 0000026100000000
0x000000f9136faa50:   000000f900000002 fffffffffffffffe
0x000000f9136faa60:   00007ffa994f7410 00007ffa994f7388
0x000000f9136faa70:   0000000000000000 0000000000000000
0x000000f9136faa80:   000000f9136faa70 000000f9136faa78
0x000000f9136faa90:   0000000000000000 0000000000000000
0x000000f9136faaa0:   000000f9136faa90 000000f9136faa98
0x000000f9136faab0:   0000000000000000 000000f9136faab0 

Instructions: (pc=0x00007ffa99113ff8)
0x00007ffa99113ef8:   cc cc cc cc cc cc cc cc 89 51 18 c3 cc cc cc cc
0x00007ffa99113f08:   cc cc cc cc cc cc cc cc 89 51 28 c3 cc cc cc cc
0x00007ffa99113f18:   cc cc cc cc cc cc cc cc c2 00 00 cc cc cc cc cc
0x00007ffa99113f28:   cc cc cc cc cc cc cc cc 48 89 5c 24 08 57 48 83
0x00007ffa99113f38:   ec 20 48 8b f9 48 8b da 48 8b 49 08 e8 27 a7 30
0x00007ffa99113f48:   00 48 c7 47 08 00 00 00 00 48 85 db 74 3b 48 c7
0x00007ffa99113f58:   c1 ff ff ff ff 0f 1f 00 48 ff c1 80 3c 0b 00 75
0x00007ffa99113f68:   f7 48 ff c1 e8 f7 a6 30 00 48 89 47 08 66 66 66
0x00007ffa99113f78:   0f 1f 84 00 00 00 00 00 0f b6 0b 48 8d 5b 01 88
0x00007ffa99113f88:   08 48 8d 40 01 84 c9 75 ef 48 8b 5c 24 30 48 83
0x00007ffa99113f98:   c4 20 5f c3 cc cc cc cc 48 83 7a 18 10 4c 8b 42
0x00007ffa99113fa8:   10 72 03 48 8b 12 e9 3d 17 00 00 cc cc cc cc cc
0x00007ffa99113fb8:   cc cc cc cc cc cc cc cc 48 89 4c 24 08 56 57 41
0x00007ffa99113fc8:   54 41 56 41 57 48 83 ec 40 48 c7 44 24 20 fe ff
0x00007ffa99113fd8:   ff ff 48 89 5c 24 78 4c 8b fa 48 8b f1 33 db 89
0x00007ffa99113fe8:   9c 24 80 00 00 00 49 c7 c6 ff ff ff ff 49 ff c6
0x00007ffa99113ff8:   42 38 1c 32 75 f7 48 8b 09 48 63 41 04 48 8b 7c
0x00007ffa99114008:   30 28 48 85 ff 7e 0a 49 3b fe 7e 05 49 2b fe eb
0x00007ffa99114018:   02 33 ff 4c 8b e6 48 89 74 24 28 48 8b 54 30 48
0x00007ffa99114028:   4c 8b c1 48 85 d2 74 0f 48 8b 02 48 8b ca ff 50
0x00007ffa99114038:   08 48 8b 0e 4c 8b c1 4c 63 49 04 48 8b c1 49 8b
0x00007ffa99114048:   d0 41 83 7c 31 10 00 75 1e 4d 8b 4c 31 50 4d 85
0x00007ffa99114058:   c9 74 14 4c 3b ce 74 0f 49 8b c9 ff 15 af b3 3d
0x00007ffa99114068:   00 48 8b 06 48 8b d0 48 63 48 04 8b 44 31 10 85
0x00007ffa99114078:   c0 0f 94 44 24 30 85 c0 74 0a bb 04 00 00 00 e9
0x00007ffa99114088:   ac 00 00 00 8b 44 31 18 25 c0 01 00 00 83 f8 40
0x00007ffa99114098:   74 2f 66 0f 1f 44 00 00 48 85 ff 7e 21 48 8b 06
0x00007ffa991140a8:   48 63 48 04 0f b6 54 31 58 48 8b 4c 31 48 ff 15
0x00007ffa991140b8:   e4 b3 3d 00 83 f8 ff 74 48 48 ff cf eb da 48 8b
0x00007ffa991140c8:   16 48 63 4a 04 4d 8b c6 49 8b d7 48 8b 4c 31 48
0x00007ffa991140d8:   ff 15 ba b3 3d 00 49 3b c6 75 26 48 85 ff 7e 2d
0x00007ffa991140e8:   48 8b 06 48 63 48 04 0f b6 54 31 58 48 8b 4c 31 


Stack slot to memory mapping:
stack at sp + 0 slots: 0x0000000000000001 is an unknown value
stack at sp + 1 slots: 0x000000f9136faa68 is pointing into the stack for thread: 0x0000026196d1a000
stack at sp + 2 slots: 0x000000f9136fab50 is pointing into the stack for thread: 0x0000026196d1a000
stack at sp + 3 slots: 0x00007ffaab91d76b MSVCP140.dll
stack at sp + 4 slots: 0xfffffffffffffffe is an unknown value
stack at sp + 5 slots: 0x000000f9136faa08 is pointing into the stack for thread: 0x0000026196d1a000
stack at sp + 6 slots: 0x000000f9136facd0 is pointing into the stack for thread: 0x0000026196d1a000
stack at sp + 7 slots: 0x000000f9136facd0 is pointing into the stack for thread: 0x0000026196d1a000


---------------  P R O C E S S  ---------------

Threads class SMR info:
_java_thread_list=0x00000261d31adec0, length=32, elements={
0x00000261f19a8800, 0x00000261f2de7800, 0x00000261f2def800, 0x00000261f2e10800,
0x00000261f2e12000, 0x00000261f2e56000, 0x00000261f2e58800, 0x00000261f2e59800,
0x00000261f2e5c000, 0x0000026195e6b000, 0x0000026196a95800, 0x00000261965c3800,
0x000002619657a000, 0x0000026198ca7000, 0x0000026196d1a000, 0x0000026199806800,
0x0000026199864000, 0x0000026198f68800, 0x0000026198f6a800, 0x0000026198f69800,
0x0000026198f6d800, 0x0000026198f68000, 0x00000261a37ae000, 0x00000261a37a9800,
0x00000261a37ab000, 0x00000261a37ac800, 0x00000261a37ad800, 0x00000261a37aa000,
0x00000261a37b0800, 0x00000261a37b2800, 0x00000261a37b0000, 0x00000261a37b1800
}

Java Threads: ( => current thread )
  0x00000261f19a8800 JavaThread "main" [_thread_blocked, id=11532, stack(0x000000f90cb00000,0x000000f90cc00000)]
  0x00000261f2de7800 JavaThread "Reference Handler" daemon [_thread_blocked, id=12164, stack(0x000000f90eb00000,0x000000f90f000000)]
  0x00000261f2def800 JavaThread "Finalizer" daemon [_thread_blocked, id=6364, stack(0x000000f90f000000,0x000000f90f500000)]
  0x00000261f2e10800 JavaThread "Signal Dispatcher" daemon [_thread_blocked, id=18868, stack(0x000000f90f500000,0x000000f90fa00000)]
  0x00000261f2e12000 JavaThread "Attach Listener" daemon [_thread_blocked, id=13460, stack(0x000000f90fa00000,0x000000f90ff00000)]
  0x00000261f2e56000 JavaThread "Service Thread" daemon [_thread_blocked, id=13196, stack(0x000000f90ff00000,0x000000f910400000)]
  0x00000261f2e58800 JavaThread "C2 CompilerThread0" daemon [_thread_blocked, id=20328, stack(0x000000f910400000,0x000000f910500000)]
  0x00000261f2e59800 JavaThread "C1 CompilerThread0" daemon [_thread_blocked, id=14964, stack(0x000000f910500000,0x000000f910600000)]
  0x00000261f2e5c000 JavaThread "Sweeper thread" daemon [_thread_blocked, id=19868, stack(0x000000f910600000,0x000000f910b00000)]
  0x0000026195e6b000 JavaThread "Common-Cleaner" daemon [_thread_blocked, id=17092, stack(0x000000f910b00000,0x000000f911000000)]
  0x0000026196a95800 JavaThread "Java2D Disposer" daemon [_thread_blocked, id=7016, stack(0x000000f911200000,0x000000f911700000)]
  0x00000261965c3800 JavaThread "AWT-Shutdown" [_thread_blocked, id=8696, stack(0x000000f911700000,0x000000f911c00000)]
  0x000002619657a000 JavaThread "AWT-Windows" daemon [_thread_in_native, id=13100, stack(0x000000f911c00000,0x000000f912100000)]
  0x0000026198ca7000 JavaThread "TimerQueue" daemon [_thread_blocked, id=8092, stack(0x000000f912800000,0x000000f912d00000)]
=>0x0000026196d1a000 JavaThread "AWT-EventQueue-0" [_thread_in_native, id=15968, stack(0x000000f913200000,0x000000f913700000)]
  0x0000026199806800 JavaThread "Thread-1" [_thread_in_native, id=14932, stack(0x000000f90cc00000,0x000000f90e000000)]
  0x0000026199864000 JavaThread "Process Messages Thread" [_thread_blocked, id=12956, stack(0x000000f914000000,0x000000f914500000)]
  0x0000026198f68800 JavaThread "Batik CleanerThread" daemon [_thread_blocked, id=5920, stack(0x000000f913700000,0x000000f913c00000)]
  0x0000026198f6a800 JavaThread "SyntheticaCleanerThread" daemon [_thread_blocked, id=7312, stack(0x000000f914a00000,0x000000f914f00000)]
  0x0000026198f69800 JavaThread "Monitor HEventQueue Thread" [_thread_blocked, id=12180, stack(0x000000f915900000,0x000000f915e00000)]
  0x0000026198f6d800 JavaThread "SyntheticaAnimation 50" daemon [_thread_blocked, id=8796, stack(0x000000f915e00000,0x000000f916300000)]
  0x0000026198f68000 JavaThread "SyntheticaAnimation 25" daemon [_thread_blocked, id=16844, stack(0x000000f916300000,0x000000f916800000)]
  0x00000261a37ae000 JavaThread "SyntheticaAnimation 70" daemon [_thread_blocked, id=17416, stack(0x000000f916d00000,0x000000f917200000)]
  0x00000261a37a9800 JavaThread "Refresh Filesets Swing Worker Thread" [_thread_blocked, id=2220, stack(0x000000f915100000,0x000000f915600000)]
  0x00000261a37ab000 JavaThread "hw_ila_monitor" [_thread_blocked, id=18312, stack(0x000000f914500000,0x000000f914a00000)]
  0x00000261a37ac800 JavaThread "pool-1-thread-1" [_thread_blocked, id=9180, stack(0x000000f917c00000,0x000000f918100000)]
  0x00000261a37ad800 JavaThread "pool-2-thread-1" [_thread_blocked, id=15644, stack(0x000000f918100000,0x000000f918600000)]
  0x00000261a37aa000 JavaThread "pool-3-thread-1" [_thread_blocked, id=12228, stack(0x000000f918600000,0x000000f918b00000)]
  0x00000261a37b0800 JavaThread "Update Runs Swing Worker Thread" [_thread_blocked, id=14400, stack(0x000000f918b00000,0x000000f919000000)]
  0x00000261a37b2800 JavaThread "SyntheticaAnimation 50" daemon [_thread_blocked, id=7840, stack(0x000000f916800000,0x000000f916d00000)]
  0x00000261a37b0000 JavaThread "Swing-Shell" daemon [_thread_blocked, id=9460, stack(0x000000f912d00000,0x000000f913200000)]
  0x00000261a37b1800 JavaThread "SyntheticaAnimation 50" daemon [_thread_blocked, id=9436, stack(0x000000f919100000,0x000000f919600000)]

Other Threads:
  0x00000261f2d91000 VMThread "VM Thread" [stack: 0x000000f90ea00000,0x000000f90eb00000] [id=18412]
  0x0000026195e70000 WatcherThread [stack: 0x000000f911000000,0x000000f911100000] [id=10796]
  0x00000261f2720000 GCTaskThread "GC Thread#0" [stack: 0x000000f90e500000,0x000000f90e600000] [id=9676]
  0x00000261989c3800 GCTaskThread "GC Thread#1" [stack: 0x000000f912200000,0x000000f912300000] [id=1348]
  0x0000026198128800 GCTaskThread "GC Thread#2" [stack: 0x000000f912300000,0x000000f912400000] [id=12884]
  0x0000026197c34000 GCTaskThread "GC Thread#3" [stack: 0x000000f912400000,0x000000f912500000] [id=15204]
  0x0000026197ca8000 GCTaskThread "GC Thread#4" [stack: 0x000000f912500000,0x000000f912600000] [id=7280]
  0x0000026196a87800 GCTaskThread "GC Thread#5" [stack: 0x000000f912600000,0x000000f912700000] [id=1196]
  0x0000026199099800 GCTaskThread "GC Thread#6" [stack: 0x000000f913c00000,0x000000f913d00000] [id=11092]
  0x000002619909e000 GCTaskThread "GC Thread#7" [stack: 0x000000f913d00000,0x000000f913e00000] [id=7628]
  0x000002619909a000 GCTaskThread "GC Thread#8" [stack: 0x000000f914f00000,0x000000f915000000] [id=20760]
  0x0000026199098000 GCTaskThread "GC Thread#9" [stack: 0x000000f915000000,0x000000f915100000] [id=12016]
  0x00000261f24c1800 ConcurrentGCThread "G1 Main Marker" [stack: 0x000000f90e600000,0x000000f90e700000] [id=1488]
  0x00000261f24c2800 ConcurrentGCThread "G1 Conc#0" [stack: 0x000000f90e700000,0x000000f90e800000] [id=16468]
  0x0000026199097800 ConcurrentGCThread "G1 Conc#1" [stack: 0x000000f913e00000,0x000000f913f00000] [id=21184]
  0x000002619909e800 ConcurrentGCThread "G1 Conc#2" [stack: 0x000000f913f00000,0x000000f914000000] [id=8524]
  0x00000261f2c9c800 ConcurrentGCThread "G1 Refine#0" [stack: 0x000000f90e800000,0x000000f90e900000] [id=21048]
  0x0000026197f81000 ConcurrentGCThread "G1 Refine#1" [stack: 0x000000f912700000,0x000000f912800000] [id=19060]
  0x00000261f2c9d800 ConcurrentGCThread "G1 Young RemSet Sampling" [stack: 0x000000f90e900000,0x000000f90ea00000] [id=12748]

Threads with active compile tasks:

VM state:not at safepoint (normal execution)

VM Mutex/Monitor currently owned by a thread: None

Heap address: 0x0000000740000000, size: 3072 MB, Compressed Oops mode: Zero based, Oop shift amount: 3
Narrow klass base: 0x0000000800000000, Narrow klass shift: 0
Compressed class space size: 1073741824 Address: 0x0000000800000000

Heap:
 garbage-first heap   total 262144K, used 108298K [0x0000000740000000, 0x0000000800000000)
  region size 1024K, 6 young (6144K), 0 survivors (0K)
 Metaspace       used 102162K, capacity 104422K, committed 104752K, reserved 1138688K
  class space    used 13611K, capacity 14608K, committed 14720K, reserved 1048576K
Heap Regions: E=young(eden), S=young(survivor), O=old, HS=humongous(starts), HC=humongous(continues), CS=collection set, F=free, A=archive, TAMS=top-at-mark-start (previous, next)
|   0|0x0000000740000000, 0x0000000740100000, 0x0000000740100000|100%|HS|  |TAMS 0x0000000740000000, 0x0000000740000000| Untracked 
|   1|0x0000000740100000, 0x0000000740200000, 0x0000000740200000|100%|HC|  |TAMS 0x0000000740100000, 0x0000000740100000| Untracked 
|   2|0x0000000740200000, 0x0000000740300000, 0x0000000740300000|100%|HS|  |TAMS 0x0000000740200000, 0x0000000740200000| Untracked 
|   3|0x0000000740300000, 0x00000007403ffff0, 0x0000000740400000| 99%| O|  |TAMS 0x0000000740300000, 0x0000000740300000| Untracked 
|   4|0x0000000740400000, 0x00000007404ffff8, 0x0000000740500000| 99%| O|  |TAMS 0x0000000740400000, 0x0000000740400000| Untracked 
|   5|0x0000000740500000, 0x0000000740600000, 0x0000000740600000|100%| O|  |TAMS 0x0000000740500000, 0x0000000740500000| Untracked 
|   6|0x0000000740600000, 0x00000007406fffe8, 0x0000000740700000| 99%| O|  |TAMS 0x0000000740600000, 0x0000000740600000| Untracked 
|   7|0x0000000740700000, 0x00000007407ffff8, 0x0000000740800000| 99%| O|  |TAMS 0x0000000740700000, 0x0000000740700000| Untracked 
|   8|0x0000000740800000, 0x00000007408ffff0, 0x0000000740900000| 99%| O|  |TAMS 0x0000000740800000, 0x0000000740800000| Untracked 
|   9|0x0000000740900000, 0x0000000740a00000, 0x0000000740a00000|100%| O|  |TAMS 0x0000000740900000, 0x0000000740900000| Untracked 
|  10|0x0000000740a00000, 0x0000000740b00000, 0x0000000740b00000|100%| O|  |TAMS 0x0000000740a00000, 0x0000000740a00000| Untracked 
|  11|0x0000000740b00000, 0x0000000740bffff8, 0x0000000740c00000| 99%| O|  |TAMS 0x0000000740b00000, 0x0000000740b00000| Untracked 
|  12|0x0000000740c00000, 0x0000000740cfffe8, 0x0000000740d00000| 99%| O|  |TAMS 0x0000000740c00000, 0x0000000740c00000| Untracked 
|  13|0x0000000740d00000, 0x0000000740dffff0, 0x0000000740e00000| 99%| O|  |TAMS 0x0000000740d00000, 0x0000000740d00000| Untracked 
|  14|0x0000000740e00000, 0x0000000740f00000, 0x0000000740f00000|100%| O|  |TAMS 0x0000000740e00000, 0x0000000740e00000| Untracked 
|  15|0x0000000740f00000, 0x0000000741000000, 0x0000000741000000|100%| O|  |TAMS 0x0000000740f00000, 0x0000000740f00000| Untracked 
|  16|0x0000000741000000, 0x00000007410ffff0, 0x0000000741100000| 99%| O|  |TAMS 0x0000000741000000, 0x0000000741000000| Untracked 
|  17|0x0000000741100000, 0x00000007411ffff0, 0x0000000741200000| 99%| O|  |TAMS 0x0000000741100000, 0x0000000741100000| Untracked 
|  18|0x0000000741200000, 0x00000007412ffff0, 0x0000000741300000| 99%| O|  |TAMS 0x0000000741200000, 0x0000000741200000| Untracked 
|  19|0x0000000741300000, 0x0000000741400000, 0x0000000741400000|100%| O|  |TAMS 0x0000000741300000, 0x0000000741300000| Untracked 
|  20|0x0000000741400000, 0x00000007414ffff0, 0x0000000741500000| 99%| O|  |TAMS 0x0000000741400000, 0x0000000741400000| Untracked 
|  21|0x0000000741500000, 0x0000000741600000, 0x0000000741600000|100%| O|  |TAMS 0x0000000741500000, 0x0000000741500000| Untracked 
|  22|0x0000000741600000, 0x00000007416ffff8, 0x0000000741700000| 99%| O|  |TAMS 0x0000000741600000, 0x0000000741600000| Untracked 
|  23|0x0000000741700000, 0x0000000741800000, 0x0000000741800000|100%| O|  |TAMS 0x0000000741700000, 0x0000000741700000| Untracked 
|  24|0x0000000741800000, 0x00000007418ffff8, 0x0000000741900000| 99%| O|  |TAMS 0x0000000741800000, 0x0000000741800000| Untracked 
|  25|0x0000000741900000, 0x00000007419ffff8, 0x0000000741a00000| 99%| O|  |TAMS 0x0000000741900000, 0x0000000741900000| Untracked 
|  26|0x0000000741a00000, 0x0000000741affff0, 0x0000000741b00000| 99%| O|  |TAMS 0x0000000741a00000, 0x0000000741a00000| Untracked 
|  27|0x0000000741b00000, 0x0000000741bffff0, 0x0000000741c00000| 99%| O|  |TAMS 0x0000000741b00000, 0x0000000741b00000| Untracked 
|  28|0x0000000741c00000, 0x0000000741cffff0, 0x0000000741d00000| 99%| O|  |TAMS 0x0000000741c00000, 0x0000000741c00000| Untracked 
|  29|0x0000000741d00000, 0x0000000741e00000, 0x0000000741e00000|100%| O|  |TAMS 0x0000000741d00000, 0x0000000741d00000| Untracked 
|  30|0x0000000741e00000, 0x0000000741effff8, 0x0000000741f00000| 99%| O|  |TAMS 0x0000000741e00000, 0x0000000741e00000| Untracked 
|  31|0x0000000741f00000, 0x0000000742000000, 0x0000000742000000|100%| O|  |TAMS 0x0000000741f00000, 0x0000000741f00000| Untracked 
|  32|0x0000000742000000, 0x00000007420fffe8, 0x0000000742100000| 99%| O|  |TAMS 0x0000000742000000, 0x0000000742000000| Untracked 
|  33|0x0000000742100000, 0x0000000742200000, 0x0000000742200000|100%| O|  |TAMS 0x0000000742100000, 0x0000000742100000| Untracked 
|  34|0x0000000742200000, 0x00000007422ffff0, 0x0000000742300000| 99%| O|  |TAMS 0x0000000742200000, 0x0000000742200000| Untracked 
|  35|0x0000000742300000, 0x00000007423ffff8, 0x0000000742400000| 99%| O|  |TAMS 0x0000000742300000, 0x0000000742300000| Untracked 
|  36|0x0000000742400000, 0x00000007424ffff8, 0x0000000742500000| 99%| O|  |TAMS 0x0000000742400000, 0x0000000742400000| Untracked 
|  37|0x0000000742500000, 0x00000007425fffe0, 0x0000000742600000| 99%| O|  |TAMS 0x0000000742500000, 0x0000000742500000| Untracked 
|  38|0x0000000742600000, 0x00000007426ffff0, 0x0000000742700000| 99%| O|  |TAMS 0x0000000742600000, 0x0000000742600000| Untracked 
|  39|0x0000000742700000, 0x00000007427ffff0, 0x0000000742800000| 99%| O|  |TAMS 0x0000000742700000, 0x0000000742700000| Untracked 
|  40|0x0000000742800000, 0x00000007428ffff8, 0x0000000742900000| 99%| O|  |TAMS 0x0000000742800000, 0x0000000742800000| Untracked 
|  41|0x0000000742900000, 0x00000007429fffe0, 0x0000000742a00000| 99%| O|  |TAMS 0x0000000742900000, 0x0000000742900000| Untracked 
|  42|0x0000000742a00000, 0x0000000742b00000, 0x0000000742b00000|100%| O|  |TAMS 0x0000000742a00000, 0x0000000742a00000| Untracked 
|  43|0x0000000742b00000, 0x0000000742c00000, 0x0000000742c00000|100%| O|  |TAMS 0x0000000742b00000, 0x0000000742b00000| Untracked 
|  44|0x0000000742c00000, 0x0000000742cffff8, 0x0000000742d00000| 99%| O|  |TAMS 0x0000000742c00000, 0x0000000742c00000| Untracked 
|  45|0x0000000742d00000, 0x0000000742dffff0, 0x0000000742e00000| 99%| O|  |TAMS 0x0000000742d00000, 0x0000000742d00000| Untracked 
|  46|0x0000000742e00000, 0x0000000742effff8, 0x0000000742f00000| 99%| O|  |TAMS 0x0000000742e00000, 0x0000000742e00000| Untracked 
|  47|0x0000000742f00000, 0x0000000743000000, 0x0000000743000000|100%| O|  |TAMS 0x0000000742f00000, 0x0000000742f00000| Untracked 
|  48|0x0000000743000000, 0x0000000743100000, 0x0000000743100000|100%| O|  |TAMS 0x0000000743000000, 0x0000000743000000| Untracked 
|  49|0x0000000743100000, 0x0000000743200000, 0x0000000743200000|100%| O|  |TAMS 0x0000000743100000, 0x0000000743100000| Untracked 
|  50|0x0000000743200000, 0x00000007432ffff8, 0x0000000743300000| 99%| O|  |TAMS 0x0000000743200000, 0x0000000743200000| Untracked 
|  51|0x0000000743300000, 0x0000000743400000, 0x0000000743400000|100%| O|  |TAMS 0x0000000743300000, 0x0000000743300000| Untracked 
|  52|0x0000000743400000, 0x0000000743500000, 0x0000000743500000|100%| O|  |TAMS 0x0000000743400000, 0x0000000743400000| Untracked 
|  53|0x0000000743500000, 0x0000000743600000, 0x0000000743600000|100%| O|  |TAMS 0x0000000743500000, 0x0000000743500000| Untracked 
|  54|0x0000000743600000, 0x0000000743700000, 0x0000000743700000|100%| O|  |TAMS 0x0000000743600000, 0x0000000743600000| Untracked 
|  55|0x0000000743700000, 0x00000007437ffff0, 0x0000000743800000| 99%| O|  |TAMS 0x0000000743700000, 0x0000000743700000| Untracked 
|  56|0x0000000743800000, 0x0000000743900000, 0x0000000743900000|100%| O|  |TAMS 0x0000000743800000, 0x0000000743800000| Untracked 
|  57|0x0000000743900000, 0x0000000743a00000, 0x0000000743a00000|100%| O|  |TAMS 0x0000000743900000, 0x0000000743900000| Untracked 
|  58|0x0000000743a00000, 0x0000000743afffe8, 0x0000000743b00000| 99%| O|  |TAMS 0x0000000743a00000, 0x0000000743a00000| Untracked 
|  59|0x0000000743b00000, 0x0000000743bffff0, 0x0000000743c00000| 99%| O|  |TAMS 0x0000000743b00000, 0x0000000743b00000| Untracked 
|  60|0x0000000743c00000, 0x0000000743cffff0, 0x0000000743d00000| 99%| O|  |TAMS 0x0000000743c00000, 0x0000000743c00000| Untracked 
|  61|0x0000000743d00000, 0x0000000743dffff0, 0x0000000743e00000| 99%| O|  |TAMS 0x0000000743d00000, 0x0000000743d00000| Untracked 
|  62|0x0000000743e00000, 0x0000000743efffe8, 0x0000000743f00000| 99%| O|  |TAMS 0x0000000743e00000, 0x0000000743e00000| Untracked 
|  63|0x0000000743f00000, 0x0000000743fffff8, 0x0000000744000000| 99%| O|  |TAMS 0x0000000743f00000, 0x0000000743f00000| Untracked 
|  64|0x0000000744000000, 0x00000007440fffd0, 0x0000000744100000| 99%| O|  |TAMS 0x0000000744000000, 0x0000000744000000| Untracked 
|  65|0x0000000744100000, 0x0000000744200000, 0x0000000744200000|100%| O|  |TAMS 0x0000000744100000, 0x0000000744100000| Untracked 
|  66|0x0000000744200000, 0x00000007442ffff8, 0x0000000744300000| 99%| O|  |TAMS 0x0000000744200000, 0x0000000744200000| Untracked 
|  67|0x0000000744300000, 0x0000000744400000, 0x0000000744400000|100%| O|  |TAMS 0x0000000744300000, 0x0000000744300000| Untracked 
|  68|0x0000000744400000, 0x00000007444ffff8, 0x0000000744500000| 99%| O|  |TAMS 0x0000000744400000, 0x0000000744400000| Untracked 
|  69|0x0000000744500000, 0x00000007445ffec8, 0x0000000744600000| 99%| O|  |TAMS 0x0000000744500000, 0x0000000744500000| Untracked 
|  70|0x0000000744600000, 0x00000007446fffe8, 0x0000000744700000| 99%| O|  |TAMS 0x0000000744600000, 0x0000000744600000| Untracked 
|  71|0x0000000744700000, 0x00000007447ffff0, 0x0000000744800000| 99%| O|  |TAMS 0x0000000744700000, 0x0000000744700000| Untracked 
|  72|0x0000000744800000, 0x00000007448ffff0, 0x0000000744900000| 99%| O|  |TAMS 0x0000000744800000, 0x0000000744800000| Untracked 
|  73|0x0000000744900000, 0x00000007449ffe60, 0x0000000744a00000| 99%| O|  |TAMS 0x0000000744900000, 0x0000000744900000| Untracked 
|  74|0x0000000744a00000, 0x0000000744affff8, 0x0000000744b00000| 99%| O|  |TAMS 0x0000000744a00000, 0x0000000744a00000| Untracked 
|  75|0x0000000744b00000, 0x0000000744bffff8, 0x0000000744c00000| 99%| O|  |TAMS 0x0000000744b00000, 0x0000000744b00000| Untracked 
|  76|0x0000000744c00000, 0x0000000744cffff8, 0x0000000744d00000| 99%| O|  |TAMS 0x0000000744c00000, 0x0000000744c00000| Untracked 
|  77|0x0000000744d00000, 0x0000000744dfff80, 0x0000000744e00000| 99%| O|  |TAMS 0x0000000744d00000, 0x0000000744d00000| Untracked 
|  78|0x0000000744e00000, 0x0000000744efffe8, 0x0000000744f00000| 99%| O|  |TAMS 0x0000000744e00000, 0x0000000744e00000| Untracked 
|  79|0x0000000744f00000, 0x0000000745000000, 0x0000000745000000|100%| O|  |TAMS 0x0000000744f00000, 0x0000000744f00000| Untracked 
|  80|0x0000000745000000, 0x00000007450ffff8, 0x0000000745100000| 99%| O|  |TAMS 0x0000000745000000, 0x0000000745000000| Untracked 
|  81|0x0000000745100000, 0x00000007451ffff0, 0x0000000745200000| 99%| O|  |TAMS 0x0000000745100000, 0x0000000745100000| Untracked 
|  82|0x0000000745200000, 0x00000007452ffff0, 0x0000000745300000| 99%| O|  |TAMS 0x0000000745200000, 0x0000000745200000| Untracked 
|  83|0x0000000745300000, 0x00000007453ffff8, 0x0000000745400000| 99%| O|  |TAMS 0x0000000745300000, 0x0000000745300000| Untracked 
|  84|0x0000000745400000, 0x00000007454ffff0, 0x0000000745500000| 99%| O|  |TAMS 0x0000000745400000, 0x0000000745400000| Untracked 
|  85|0x0000000745500000, 0x00000007455fffe8, 0x0000000745600000| 99%| O|  |TAMS 0x0000000745500000, 0x0000000745500000| Untracked 
|  86|0x0000000745600000, 0x00000007456e8eb8, 0x0000000745700000| 90%| O|  |TAMS 0x0000000745600000, 0x0000000745600000| Untracked 
|  87|0x0000000745700000, 0x00000007457987d0, 0x0000000745800000| 59%| O|  |TAMS 0x0000000745700000, 0x0000000745700000| Untracked 
|  88|0x0000000745800000, 0x000000074586f928, 0x0000000745900000| 43%| O|  |TAMS 0x0000000745800000, 0x0000000745800000| Untracked 
|  89|0x0000000745900000, 0x00000007459b1108, 0x0000000745a00000| 69%| O|  |TAMS 0x0000000745900000, 0x0000000745900000| Untracked 
|  90|0x0000000745a00000, 0x0000000745a037e0, 0x0000000745b00000|  1%| O|  |TAMS 0x0000000745a00000, 0x0000000745a00000| Untracked 
|  91|0x0000000745b00000, 0x0000000745b00000, 0x0000000745c00000|  0%| F|  |TAMS 0x0000000745b00000, 0x0000000745b00000| Untracked 
|  92|0x0000000745c00000, 0x0000000745c00000, 0x0000000745d00000|  0%| F|  |TAMS 0x0000000745c00000, 0x0000000745c00000| Untracked 
|  93|0x0000000745d00000, 0x0000000745d00000, 0x0000000745e00000|  0%| F|  |TAMS 0x0000000745d00000, 0x0000000745d00000| Untracked 
|  94|0x0000000745e00000, 0x0000000745e00000, 0x0000000745f00000|  0%| F|  |TAMS 0x0000000745e00000, 0x0000000745e00000| Untracked 
|  95|0x0000000745f00000, 0x0000000746000000, 0x0000000746000000|100%|HS|  |TAMS 0x0000000745f00000, 0x0000000745f00000| Untracked 
|  96|0x0000000746000000, 0x0000000746100000, 0x0000000746100000|100%|HC|  |TAMS 0x0000000746000000, 0x0000000746000000| Untracked 
|  97|0x0000000746100000, 0x0000000746200000, 0x0000000746200000|100%|HC|  |TAMS 0x0000000746100000, 0x0000000746100000| Untracked 
|  98|0x0000000746200000, 0x0000000746300000, 0x0000000746300000|100%|HC|  |TAMS 0x0000000746200000, 0x0000000746200000| Untracked 
|  99|0x0000000746300000, 0x0000000746400000, 0x0000000746400000|100%|HC|  |TAMS 0x0000000746300000, 0x0000000746300000| Untracked 
| 100|0x0000000746400000, 0x0000000746500000, 0x0000000746500000|100%|HC|  |TAMS 0x0000000746400000, 0x0000000746400000| Untracked 
| 101|0x0000000746500000, 0x0000000746600000, 0x0000000746600000|100%|HC|  |TAMS 0x0000000746500000, 0x0000000746500000| Untracked 
| 102|0x0000000746600000, 0x0000000746700000, 0x0000000746700000|100%|HC|  |TAMS 0x0000000746600000, 0x0000000746600000| Untracked 
| 103|0x0000000746700000, 0x0000000746800000, 0x0000000746800000|100%|HS|  |TAMS 0x0000000746700000, 0x0000000746700000| Untracked 
| 104|0x0000000746800000, 0x0000000746900000, 0x0000000746900000|100%|HC|  |TAMS 0x0000000746800000, 0x0000000746800000| Untracked 
| 105|0x0000000746900000, 0x0000000746a00000, 0x0000000746a00000|100%|HC|  |TAMS 0x0000000746900000, 0x0000000746900000| Untracked 
| 106|0x0000000746a00000, 0x0000000746b00000, 0x0000000746b00000|100%|HC|  |TAMS 0x0000000746a00000, 0x0000000746a00000| Untracked 
| 107|0x0000000746b00000, 0x0000000746b00000, 0x0000000746c00000|  0%| F|  |TAMS 0x0000000746b00000, 0x0000000746b00000| Untracked 
| 108|0x0000000746c00000, 0x0000000746c00000, 0x0000000746d00000|  0%| F|  |TAMS 0x0000000746c00000, 0x0000000746c00000| Untracked 
| 109|0x0000000746d00000, 0x0000000746d00000, 0x0000000746e00000|  0%| F|  |TAMS 0x0000000746d00000, 0x0000000746d00000| Untracked 
| 110|0x0000000746e00000, 0x0000000746e00000, 0x0000000746f00000|  0%| F|  |TAMS 0x0000000746e00000, 0x0000000746e00000| Untracked 
| 111|0x0000000746f00000, 0x0000000746f00000, 0x0000000747000000|  0%| F|  |TAMS 0x0000000746f00000, 0x0000000746f00000| Untracked 
| 112|0x0000000747000000, 0x000000074701d808, 0x0000000747100000| 11%| O|  |TAMS 0x0000000747000000, 0x0000000747000000| Untracked 
| 113|0x0000000747100000, 0x0000000747100000, 0x0000000747200000|  0%| F|  |TAMS 0x0000000747100000, 0x0000000747100000| Untracked 
| 114|0x0000000747200000, 0x0000000747200000, 0x0000000747300000|  0%| F|  |TAMS 0x0000000747200000, 0x0000000747200000| Untracked 
| 115|0x0000000747300000, 0x0000000747300000, 0x0000000747400000|  0%| F|  |TAMS 0x0000000747300000, 0x0000000747300000| Untracked 
| 116|0x0000000747400000, 0x0000000747400000, 0x0000000747500000|  0%| F|  |TAMS 0x0000000747400000, 0x0000000747400000| Untracked 
| 117|0x0000000747500000, 0x0000000747500000, 0x0000000747600000|  0%| F|  |TAMS 0x0000000747500000, 0x0000000747500000| Untracked 
| 118|0x0000000747600000, 0x0000000747600000, 0x0000000747700000|  0%| F|  |TAMS 0x0000000747600000, 0x0000000747600000| Untracked 
| 119|0x0000000747700000, 0x0000000747700000, 0x0000000747800000|  0%| F|  |TAMS 0x0000000747700000, 0x0000000747700000| Untracked 
| 120|0x0000000747800000, 0x0000000747800000, 0x0000000747900000|  0%| F|  |TAMS 0x0000000747800000, 0x0000000747800000| Untracked 
| 121|0x0000000747900000, 0x0000000747900000, 0x0000000747a00000|  0%| F|  |TAMS 0x0000000747900000, 0x0000000747900000| Untracked 
| 122|0x0000000747a00000, 0x0000000747a00000, 0x0000000747b00000|  0%| F|  |TAMS 0x0000000747a00000, 0x0000000747a00000| Untracked 
| 123|0x0000000747b00000, 0x0000000747b00000, 0x0000000747c00000|  0%| F|  |TAMS 0x0000000747b00000, 0x0000000747b00000| Untracked 
| 124|0x0000000747c00000, 0x0000000747c00000, 0x0000000747d00000|  0%| F|  |TAMS 0x0000000747c00000, 0x0000000747c00000| Untracked 
| 125|0x0000000747d00000, 0x0000000747d00000, 0x0000000747e00000|  0%| F|  |TAMS 0x0000000747d00000, 0x0000000747d00000| Untracked 
| 126|0x0000000747e00000, 0x0000000747e00000, 0x0000000747f00000|  0%| F|  |TAMS 0x0000000747e00000, 0x0000000747e00000| Untracked 
| 127|0x0000000747f00000, 0x0000000747f00000, 0x0000000748000000|  0%| F|  |TAMS 0x0000000747f00000, 0x0000000747f00000| Untracked 
| 128|0x0000000748000000, 0x0000000748000000, 0x0000000748100000|  0%| F|  |TAMS 0x0000000748000000, 0x0000000748000000| Untracked 
| 129|0x0000000748100000, 0x0000000748100000, 0x0000000748200000|  0%| F|  |TAMS 0x0000000748100000, 0x0000000748100000| Untracked 
| 130|0x0000000748200000, 0x0000000748200000, 0x0000000748300000|  0%| F|  |TAMS 0x0000000748200000, 0x0000000748200000| Untracked 
| 131|0x0000000748300000, 0x0000000748300000, 0x0000000748400000|  0%| F|  |TAMS 0x0000000748300000, 0x0000000748300000| Untracked 
| 132|0x0000000748400000, 0x0000000748400000, 0x0000000748500000|  0%| F|  |TAMS 0x0000000748400000, 0x0000000748400000| Untracked 
| 133|0x0000000748500000, 0x0000000748500000, 0x0000000748600000|  0%| F|  |TAMS 0x0000000748500000, 0x0000000748500000| Untracked 
| 134|0x0000000748600000, 0x0000000748600000, 0x0000000748700000|  0%| F|  |TAMS 0x0000000748600000, 0x0000000748600000| Untracked 
| 135|0x0000000748700000, 0x0000000748700000, 0x0000000748800000|  0%| F|  |TAMS 0x0000000748700000, 0x0000000748700000| Untracked 
| 136|0x0000000748800000, 0x0000000748800000, 0x0000000748900000|  0%| F|  |TAMS 0x0000000748800000, 0x0000000748800000| Untracked 
| 137|0x0000000748900000, 0x0000000748900000, 0x0000000748a00000|  0%| F|  |TAMS 0x0000000748900000, 0x0000000748900000| Untracked 
| 138|0x0000000748a00000, 0x0000000748a00000, 0x0000000748b00000|  0%| F|  |TAMS 0x0000000748a00000, 0x0000000748a00000| Untracked 
| 139|0x0000000748b00000, 0x0000000748b00000, 0x0000000748c00000|  0%| F|  |TAMS 0x0000000748b00000, 0x0000000748b00000| Untracked 
| 140|0x0000000748c00000, 0x0000000748c00000, 0x0000000748d00000|  0%| F|  |TAMS 0x0000000748c00000, 0x0000000748c00000| Untracked 
| 141|0x0000000748d00000, 0x0000000748d00000, 0x0000000748e00000|  0%| F|  |TAMS 0x0000000748d00000, 0x0000000748d00000| Untracked 
| 142|0x0000000748e00000, 0x0000000748e00000, 0x0000000748f00000|  0%| F|  |TAMS 0x0000000748e00000, 0x0000000748e00000| Untracked 
| 143|0x0000000748f00000, 0x0000000748f00000, 0x0000000749000000|  0%| F|  |TAMS 0x0000000748f00000, 0x0000000748f00000| Untracked 
| 144|0x0000000749000000, 0x0000000749000000, 0x0000000749100000|  0%| F|  |TAMS 0x0000000749000000, 0x0000000749000000| Untracked 
| 145|0x0000000749100000, 0x0000000749100000, 0x0000000749200000|  0%| F|  |TAMS 0x0000000749100000, 0x0000000749100000| Untracked 
| 146|0x0000000749200000, 0x0000000749200000, 0x0000000749300000|  0%| F|  |TAMS 0x0000000749200000, 0x0000000749200000| Untracked 
| 147|0x0000000749300000, 0x0000000749300000, 0x0000000749400000|  0%| F|  |TAMS 0x0000000749300000, 0x0000000749300000| Untracked 
| 148|0x0000000749400000, 0x0000000749400000, 0x0000000749500000|  0%| F|  |TAMS 0x0000000749400000, 0x0000000749400000| Untracked 
| 149|0x0000000749500000, 0x0000000749500000, 0x0000000749600000|  0%| F|  |TAMS 0x0000000749500000, 0x0000000749500000| Untracked 
| 150|0x0000000749600000, 0x0000000749600000, 0x0000000749700000|  0%| F|  |TAMS 0x0000000749600000, 0x0000000749600000| Untracked 
| 151|0x0000000749700000, 0x0000000749700000, 0x0000000749800000|  0%| F|  |TAMS 0x0000000749700000, 0x0000000749700000| Untracked 
| 152|0x0000000749800000, 0x0000000749800000, 0x0000000749900000|  0%| F|  |TAMS 0x0000000749800000, 0x0000000749800000| Untracked 
| 153|0x0000000749900000, 0x0000000749900000, 0x0000000749a00000|  0%| F|  |TAMS 0x0000000749900000, 0x0000000749900000| Untracked 
| 154|0x0000000749a00000, 0x0000000749a00000, 0x0000000749b00000|  0%| F|  |TAMS 0x0000000749a00000, 0x0000000749a00000| Untracked 
| 155|0x0000000749b00000, 0x0000000749b00000, 0x0000000749c00000|  0%| F|  |TAMS 0x0000000749b00000, 0x0000000749b00000| Untracked 
| 156|0x0000000749c00000, 0x0000000749c00000, 0x0000000749d00000|  0%| F|  |TAMS 0x0000000749c00000, 0x0000000749c00000| Untracked 
| 157|0x0000000749d00000, 0x0000000749d00000, 0x0000000749e00000|  0%| F|  |TAMS 0x0000000749d00000, 0x0000000749d00000| Untracked 
| 158|0x0000000749e00000, 0x0000000749e00000, 0x0000000749f00000|  0%| F|  |TAMS 0x0000000749e00000, 0x0000000749e00000| Untracked 
| 159|0x0000000749f00000, 0x0000000749f00000, 0x000000074a000000|  0%| F|  |TAMS 0x0000000749f00000, 0x0000000749f00000| Untracked 
| 160|0x000000074a000000, 0x000000074a000000, 0x000000074a100000|  0%| F|  |TAMS 0x000000074a000000, 0x000000074a000000| Untracked 
| 161|0x000000074a100000, 0x000000074a100000, 0x000000074a200000|  0%| F|  |TAMS 0x000000074a100000, 0x000000074a100000| Untracked 
| 162|0x000000074a200000, 0x000000074a200000, 0x000000074a300000|  0%| F|  |TAMS 0x000000074a200000, 0x000000074a200000| Untracked 
| 163|0x000000074a300000, 0x000000074a300000, 0x000000074a400000|  0%| F|  |TAMS 0x000000074a300000, 0x000000074a300000| Untracked 
| 164|0x000000074a400000, 0x000000074a400000, 0x000000074a500000|  0%| F|  |TAMS 0x000000074a400000, 0x000000074a400000| Untracked 
| 165|0x000000074a500000, 0x000000074a500000, 0x000000074a600000|  0%| F|  |TAMS 0x000000074a500000, 0x000000074a500000| Untracked 
| 166|0x000000074a600000, 0x000000074a600000, 0x000000074a700000|  0%| F|  |TAMS 0x000000074a600000, 0x000000074a600000| Untracked 
| 167|0x000000074a700000, 0x000000074a700000, 0x000000074a800000|  0%| F|  |TAMS 0x000000074a700000, 0x000000074a700000| Untracked 
| 168|0x000000074a800000, 0x000000074a800000, 0x000000074a900000|  0%| F|  |TAMS 0x000000074a800000, 0x000000074a800000| Untracked 
| 169|0x000000074a900000, 0x000000074a900000, 0x000000074aa00000|  0%| F|  |TAMS 0x000000074a900000, 0x000000074a900000| Untracked 
| 170|0x000000074aa00000, 0x000000074aa00000, 0x000000074ab00000|  0%| F|  |TAMS 0x000000074aa00000, 0x000000074aa00000| Untracked 
| 171|0x000000074ab00000, 0x000000074ab00000, 0x000000074ac00000|  0%| F|  |TAMS 0x000000074ab00000, 0x000000074ab00000| Untracked 
| 172|0x000000074ac00000, 0x000000074ac00000, 0x000000074ad00000|  0%| F|  |TAMS 0x000000074ac00000, 0x000000074ac00000| Untracked 
| 173|0x000000074ad00000, 0x000000074ad00000, 0x000000074ae00000|  0%| F|  |TAMS 0x000000074ad00000, 0x000000074ad00000| Untracked 
| 174|0x000000074ae00000, 0x000000074ae00000, 0x000000074af00000|  0%| F|  |TAMS 0x000000074ae00000, 0x000000074ae00000| Untracked 
| 175|0x000000074af00000, 0x000000074af00000, 0x000000074b000000|  0%| F|  |TAMS 0x000000074af00000, 0x000000074af00000| Untracked 
| 176|0x000000074b000000, 0x000000074b000000, 0x000000074b100000|  0%| F|  |TAMS 0x000000074b000000, 0x000000074b000000| Untracked 
| 177|0x000000074b100000, 0x000000074b100000, 0x000000074b200000|  0%| F|  |TAMS 0x000000074b100000, 0x000000074b100000| Untracked 
| 178|0x000000074b200000, 0x000000074b200000, 0x000000074b300000|  0%| F|  |TAMS 0x000000074b200000, 0x000000074b200000| Untracked 
| 179|0x000000074b300000, 0x000000074b300000, 0x000000074b400000|  0%| F|  |TAMS 0x000000074b300000, 0x000000074b300000| Untracked 
| 180|0x000000074b400000, 0x000000074b400000, 0x000000074b500000|  0%| F|  |TAMS 0x000000074b400000, 0x000000074b400000| Untracked 
| 181|0x000000074b500000, 0x000000074b500000, 0x000000074b600000|  0%| F|  |TAMS 0x000000074b500000, 0x000000074b500000| Untracked 
| 182|0x000000074b600000, 0x000000074b600000, 0x000000074b700000|  0%| F|  |TAMS 0x000000074b600000, 0x000000074b600000| Untracked 
| 183|0x000000074b700000, 0x000000074b700000, 0x000000074b800000|  0%| F|  |TAMS 0x000000074b700000, 0x000000074b700000| Untracked 
| 184|0x000000074b800000, 0x000000074b800000, 0x000000074b900000|  0%| F|  |TAMS 0x000000074b800000, 0x000000074b800000| Untracked 
| 185|0x000000074b900000, 0x000000074b900000, 0x000000074ba00000|  0%| F|  |TAMS 0x000000074b900000, 0x000000074b900000| Untracked 
| 186|0x000000074ba00000, 0x000000074ba00000, 0x000000074bb00000|  0%| F|  |TAMS 0x000000074ba00000, 0x000000074ba00000| Untracked 
| 187|0x000000074bb00000, 0x000000074bb00000, 0x000000074bc00000|  0%| F|  |TAMS 0x000000074bb00000, 0x000000074bb00000| Untracked 
| 188|0x000000074bc00000, 0x000000074bc00000, 0x000000074bd00000|  0%| F|  |TAMS 0x000000074bc00000, 0x000000074bc00000| Untracked 
| 189|0x000000074bd00000, 0x000000074bd00000, 0x000000074be00000|  0%| F|  |TAMS 0x000000074bd00000, 0x000000074bd00000| Untracked 
| 190|0x000000074be00000, 0x000000074be00000, 0x000000074bf00000|  0%| F|  |TAMS 0x000000074be00000, 0x000000074be00000| Untracked 
| 191|0x000000074bf00000, 0x000000074bf00000, 0x000000074c000000|  0%| F|  |TAMS 0x000000074bf00000, 0x000000074bf00000| Untracked 
| 192|0x000000074c000000, 0x000000074c000000, 0x000000074c100000|  0%| F|  |TAMS 0x000000074c000000, 0x000000074c000000| Untracked 
| 193|0x000000074c100000, 0x000000074c100000, 0x000000074c200000|  0%| F|  |TAMS 0x000000074c100000, 0x000000074c100000| Untracked 
| 194|0x000000074c200000, 0x000000074c200000, 0x000000074c300000|  0%| F|  |TAMS 0x000000074c200000, 0x000000074c200000| Untracked 
| 195|0x000000074c300000, 0x000000074c300000, 0x000000074c400000|  0%| F|  |TAMS 0x000000074c300000, 0x000000074c300000| Untracked 
| 196|0x000000074c400000, 0x000000074c400000, 0x000000074c500000|  0%| F|  |TAMS 0x000000074c400000, 0x000000074c400000| Untracked 
| 197|0x000000074c500000, 0x000000074c500000, 0x000000074c600000|  0%| F|  |TAMS 0x000000074c500000, 0x000000074c500000| Untracked 
| 198|0x000000074c600000, 0x000000074c600000, 0x000000074c700000|  0%| F|  |TAMS 0x000000074c600000, 0x000000074c600000| Untracked 
| 199|0x000000074c700000, 0x000000074c700000, 0x000000074c800000|  0%| F|  |TAMS 0x000000074c700000, 0x000000074c700000| Untracked 
| 200|0x000000074c800000, 0x000000074c800000, 0x000000074c900000|  0%| F|  |TAMS 0x000000074c800000, 0x000000074c800000| Untracked 
| 201|0x000000074c900000, 0x000000074c900000, 0x000000074ca00000|  0%| F|  |TAMS 0x000000074c900000, 0x000000074c900000| Untracked 
| 202|0x000000074ca00000, 0x000000074ca00000, 0x000000074cb00000|  0%| F|  |TAMS 0x000000074ca00000, 0x000000074ca00000| Untracked 
| 203|0x000000074cb00000, 0x000000074cb00000, 0x000000074cc00000|  0%| F|  |TAMS 0x000000074cb00000, 0x000000074cb00000| Untracked 
| 204|0x000000074cc00000, 0x000000074cc00000, 0x000000074cd00000|  0%| F|  |TAMS 0x000000074cc00000, 0x000000074cc00000| Untracked 
| 205|0x000000074cd00000, 0x000000074cd00000, 0x000000074ce00000|  0%| F|  |TAMS 0x000000074cd00000, 0x000000074cd00000| Untracked 
| 206|0x000000074ce00000, 0x000000074ce00000, 0x000000074cf00000|  0%| F|  |TAMS 0x000000074ce00000, 0x000000074ce00000| Untracked 
| 207|0x000000074cf00000, 0x000000074cf00000, 0x000000074d000000|  0%| F|  |TAMS 0x000000074cf00000, 0x000000074cf00000| Untracked 
| 208|0x000000074d000000, 0x000000074d000000, 0x000000074d100000|  0%| F|  |TAMS 0x000000074d000000, 0x000000074d000000| Untracked 
| 209|0x000000074d100000, 0x000000074d100000, 0x000000074d200000|  0%| F|  |TAMS 0x000000074d100000, 0x000000074d100000| Untracked 
| 210|0x000000074d200000, 0x000000074d200000, 0x000000074d300000|  0%| F|  |TAMS 0x000000074d200000, 0x000000074d200000| Untracked 
| 211|0x000000074d300000, 0x000000074d300000, 0x000000074d400000|  0%| F|  |TAMS 0x000000074d300000, 0x000000074d300000| Untracked 
| 212|0x000000074d400000, 0x000000074d400000, 0x000000074d500000|  0%| F|  |TAMS 0x000000074d400000, 0x000000074d400000| Untracked 
| 213|0x000000074d500000, 0x000000074d500000, 0x000000074d600000|  0%| F|  |TAMS 0x000000074d500000, 0x000000074d500000| Untracked 
| 214|0x000000074d600000, 0x000000074d600000, 0x000000074d700000|  0%| F|  |TAMS 0x000000074d600000, 0x000000074d600000| Untracked 
| 215|0x000000074d700000, 0x000000074d700000, 0x000000074d800000|  0%| F|  |TAMS 0x000000074d700000, 0x000000074d700000| Untracked 
| 216|0x000000074d800000, 0x000000074d800000, 0x000000074d900000|  0%| F|  |TAMS 0x000000074d800000, 0x000000074d800000| Untracked 
| 217|0x000000074d900000, 0x000000074d900000, 0x000000074da00000|  0%| F|  |TAMS 0x000000074d900000, 0x000000074d900000| Untracked 
| 218|0x000000074da00000, 0x000000074da00000, 0x000000074db00000|  0%| F|  |TAMS 0x000000074da00000, 0x000000074da00000| Untracked 
| 219|0x000000074db00000, 0x000000074db00000, 0x000000074dc00000|  0%| F|  |TAMS 0x000000074db00000, 0x000000074db00000| Untracked 
| 220|0x000000074dc00000, 0x000000074dc00000, 0x000000074dd00000|  0%| F|  |TAMS 0x000000074dc00000, 0x000000074dc00000| Untracked 
| 221|0x000000074dd00000, 0x000000074dd00000, 0x000000074de00000|  0%| F|  |TAMS 0x000000074dd00000, 0x000000074dd00000| Untracked 
| 222|0x000000074de00000, 0x000000074de00000, 0x000000074df00000|  0%| F|  |TAMS 0x000000074de00000, 0x000000074de00000| Untracked 
| 223|0x000000074df00000, 0x000000074df00000, 0x000000074e000000|  0%| F|  |TAMS 0x000000074df00000, 0x000000074df00000| Untracked 
| 224|0x000000074e000000, 0x000000074e000000, 0x000000074e100000|  0%| F|  |TAMS 0x000000074e000000, 0x000000074e000000| Untracked 
| 225|0x000000074e100000, 0x000000074e100000, 0x000000074e200000|  0%| F|  |TAMS 0x000000074e100000, 0x000000074e100000| Untracked 
| 226|0x000000074e200000, 0x000000074e200000, 0x000000074e300000|  0%| F|  |TAMS 0x000000074e200000, 0x000000074e200000| Untracked 
| 227|0x000000074e300000, 0x000000074e300000, 0x000000074e400000|  0%| F|  |TAMS 0x000000074e300000, 0x000000074e300000| Untracked 
| 228|0x000000074e400000, 0x000000074e400000, 0x000000074e500000|  0%| F|  |TAMS 0x000000074e400000, 0x000000074e400000| Untracked 
| 229|0x000000074e500000, 0x000000074e500000, 0x000000074e600000|  0%| F|  |TAMS 0x000000074e500000, 0x000000074e500000| Untracked 
| 230|0x000000074e600000, 0x000000074e600000, 0x000000074e700000|  0%| F|  |TAMS 0x000000074e600000, 0x000000074e600000| Untracked 
| 231|0x000000074e700000, 0x000000074e700000, 0x000000074e800000|  0%| F|  |TAMS 0x000000074e700000, 0x000000074e700000| Untracked 
| 232|0x000000074e800000, 0x000000074e800000, 0x000000074e900000|  0%| F|  |TAMS 0x000000074e800000, 0x000000074e800000| Untracked 
| 233|0x000000074e900000, 0x000000074e900000, 0x000000074ea00000|  0%| F|  |TAMS 0x000000074e900000, 0x000000074e900000| Untracked 
| 234|0x000000074ea00000, 0x000000074ea00000, 0x000000074eb00000|  0%| F|  |TAMS 0x000000074ea00000, 0x000000074ea00000| Untracked 
| 235|0x000000074eb00000, 0x000000074eb00000, 0x000000074ec00000|  0%| F|  |TAMS 0x000000074eb00000, 0x000000074eb00000| Untracked 
| 236|0x000000074ec00000, 0x000000074ec00000, 0x000000074ed00000|  0%| F|  |TAMS 0x000000074ec00000, 0x000000074ec00000| Untracked 
| 237|0x000000074ed00000, 0x000000074ed00000, 0x000000074ee00000|  0%| F|  |TAMS 0x000000074ed00000, 0x000000074ed00000| Untracked 
| 238|0x000000074ee00000, 0x000000074ee00000, 0x000000074ef00000|  0%| F|  |TAMS 0x000000074ee00000, 0x000000074ee00000| Untracked 
| 239|0x000000074ef00000, 0x000000074ef00000, 0x000000074f000000|  0%| F|  |TAMS 0x000000074ef00000, 0x000000074ef00000| Untracked 
| 240|0x000000074f000000, 0x000000074f000000, 0x000000074f100000|  0%| F|  |TAMS 0x000000074f000000, 0x000000074f000000| Untracked 
| 241|0x000000074f100000, 0x000000074f100000, 0x000000074f200000|  0%| F|  |TAMS 0x000000074f100000, 0x000000074f100000| Untracked 
| 242|0x000000074f200000, 0x000000074f200000, 0x000000074f300000|  0%| F|  |TAMS 0x000000074f200000, 0x000000074f200000| Untracked 
| 243|0x000000074f300000, 0x000000074f300000, 0x000000074f400000|  0%| F|  |TAMS 0x000000074f300000, 0x000000074f300000| Untracked 
| 244|0x000000074f400000, 0x000000074f400000, 0x000000074f500000|  0%| F|  |TAMS 0x000000074f400000, 0x000000074f400000| Untracked 
| 245|0x000000074f500000, 0x000000074f500000, 0x000000074f600000|  0%| F|  |TAMS 0x000000074f500000, 0x000000074f500000| Untracked 
| 246|0x000000074f600000, 0x000000074f600000, 0x000000074f700000|  0%| F|  |TAMS 0x000000074f600000, 0x000000074f600000| Untracked 
| 247|0x000000074f700000, 0x000000074f700000, 0x000000074f800000|  0%| F|  |TAMS 0x000000074f700000, 0x000000074f700000| Untracked 
| 248|0x000000074f800000, 0x000000074f800000, 0x000000074f900000|  0%| F|  |TAMS 0x000000074f800000, 0x000000074f800000| Untracked 
| 249|0x000000074f900000, 0x000000074f900000, 0x000000074fa00000|  0%| F|  |TAMS 0x000000074f900000, 0x000000074f900000| Untracked 
| 289|0x0000000752100000, 0x000000075210ed60, 0x0000000752200000|  5%| E|  |TAMS 0x0000000752100000, 0x0000000752100000| Complete 
| 329|0x0000000754900000, 0x0000000754a00000, 0x0000000754a00000|100%| E|CS|TAMS 0x0000000754900000, 0x0000000754900000| Complete 
| 340|0x0000000755400000, 0x0000000755500000, 0x0000000755500000|100%| E|CS|TAMS 0x0000000755400000, 0x0000000755400000| Complete 
| 341|0x0000000755500000, 0x0000000755600000, 0x0000000755600000|100%| E|CS|TAMS 0x0000000755500000, 0x0000000755500000| Complete 
| 344|0x0000000755800000, 0x0000000755900000, 0x0000000755900000|100%| E|CS|TAMS 0x0000000755800000, 0x0000000755800000| Complete 
| 355|0x0000000756300000, 0x0000000756400000, 0x0000000756400000|100%| E|CS|TAMS 0x0000000756300000, 0x0000000756300000| Complete 

Card table byte_map: [0x00000261fcdc0000,0x00000261fd3c0000] _byte_map_base: 0x00000261f93c0000

Marking Bits (Prev, Next): (CMBitMap*) 0x00000261f3e233e0, (CMBitMap*) 0x00000261f3e233a8
 Prev Bits: [0x0000026192000000, 0x0000026195000000)
 Next Bits: [0x000002618f000000, 0x0000026192000000)

Polling page: 0x00000261ec490000

Metaspace:

Usage:
  Non-class:     87.71 MB capacity,    86.48 MB ( 99%) used,   947.95 KB (  1%) free+waste,   315.38 KB ( <1%) overhead. 
      Class:     14.27 MB capacity,    13.29 MB ( 93%) used,   848.42 KB (  6%) free+waste,   148.13 KB (  1%) overhead. 
       Both:    101.97 MB capacity,    99.77 MB ( 98%) used,     1.75 MB (  2%) free+waste,   463.50 KB ( <1%) overhead. 

Virtual space:
  Non-class space:       88.00 MB reserved,      87.92 MB (>99%) committed 
      Class space:        1.00 GB reserved,      14.38 MB (  1%) committed 
             Both:        1.09 GB reserved,     102.30 MB (  9%) committed 

Chunk freelists:
   Non-Class:  26.00 KB
       Class:  0 bytes
        Both:  26.00 KB

MaxMetaspaceSize: 17179869184.00 GB
CompressedClassSpaceSize: 1.00 GB

CodeHeap 'non-profiled nmethods': size=120000Kb used=22103Kb max_used=22433Kb free=97897Kb
 bounds [0x0000026187ad0000, 0x00000261890c0000, 0x000002618f000000]
CodeHeap 'profiled nmethods': size=120000Kb used=48477Kb max_used=48479Kb free=71522Kb
 bounds [0x00000261805a0000, 0x0000026183540000, 0x0000026187ad0000]
CodeHeap 'non-nmethods': size=5760Kb used=1704Kb max_used=1742Kb free=4055Kb
 bounds [0x0000026180000000, 0x0000026180270000, 0x00000261805a0000]
 total_blobs=20423 nmethods=19137 adapters=1191
 compilation: enabled
              stopped_count=0, restarted_count=0
 full_count=0

Compilation events (20 events):
Event: 6430.086 Thread 0x00000261f2e59800 23793       3       ui.utils.lnf.g$a::paint (120 bytes)
Event: 6430.087 Thread 0x00000261f2e59800 nmethod 23793 0x0000026183530290 code [0x0000026183530660, 0x0000026183532108]
Event: 6430.087 Thread 0x00000261f2e59800 23794       3       javax.swing.plaf.basic.BasicSplitPaneDivider::paint (38 bytes)
Event: 6430.087 Thread 0x00000261f2e59800 nmethod 23794 0x0000026182bca090 code [0x0000026182bca280, 0x0000026182bca8f8]
Event: 6432.757 Thread 0x00000261f2e59800 23795       3       java.awt.KeyboardFocusManager$1::processSynchronousLightweightTransfer (11 bytes)
Event: 6432.757 Thread 0x00000261f2e59800 nmethod 23795 0x000002618212cc10 code [0x000002618212cdc0, 0x000002618212cf08]
Event: 6432.757 Thread 0x00000261f2e59800 23796       3       java.awt.KeyboardFocusManager$1::shouldNativelyFocusHeavyweight (13 bytes)
Event: 6432.757 Thread 0x00000261f2e59800 nmethod 23796 0x0000026182266610 code [0x00000261822667c0, 0x0000026182266908]
Event: 6433.635 Thread 0x00000261f2e59800 23797       3       com.google.protobuf.CodedOutputStream::computeUInt32Size (10 bytes)
Event: 6433.636 Thread 0x00000261f2e59800 nmethod 23797 0x0000026182342610 code [0x00000261823427e0, 0x00000261823429d8]
Event: 6433.636 Thread 0x00000261f2e59800 23798       3       com.google.protobuf.CodedOutputStream$ArrayEncoder::writeUInt32 (12 bytes)
Event: 6433.636 Thread 0x00000261f2e59800 nmethod 23798 0x0000026182572710 code [0x00000261825728e0, 0x0000026182572b18]
Event: 6433.652 Thread 0x00000261f2e58800 23799       4       ui.data.n.b.c.k::h (378 bytes)
Event: 6433.656 Thread 0x00000261f2e58800 nmethod 23799 0x00000261889dfe10 code [0x00000261889e0020, 0x00000261889e0450]
Event: 6439.674 Thread 0x00000261f2e59800 23800       3       com.google.protobuf.Utf8::encodedLength (127 bytes)
Event: 6439.674 Thread 0x00000261f2e58800 23801       4       com.google.protobuf.CodedOutputStream::computeUInt32SizeNoTag (39 bytes)
Event: 6439.674 Thread 0x00000261f2e58800 nmethod 23801 0x00000261889c2290 code [0x00000261889c2420, 0x00000261889c2498]
Event: 6439.674 Thread 0x00000261f2e59800 nmethod 23800 0x0000026183532890 code [0x0000026183532b60, 0x00000261835338f8]
Event: 6439.674 Thread 0x00000261f2e59800 23802       3       com.google.protobuf.Utf8$UnsafeProcessor::encodeUtf8 (612 bytes)
Event: 6439.676 Thread 0x00000261f2e59800 nmethod 23802 0x0000026183533d90 code [0x0000026183534360, 0x0000026183537818]

GC Heap History (20 events):
Event: 6397.879 GC heap before
{Heap before GC invocations=234 (full 50):
 garbage-first heap   total 262144K, used 161176K [0x0000000740000000, 0x0000000800000000)
  region size 1024K, 60 young (61440K), 4 survivors (4096K)
 Metaspace       used 102102K, capacity 104346K, committed 104496K, reserved 1138688K
  class space    used 13609K, capacity 14605K, committed 14720K, reserved 1048576K
}
Event: 6397.883 GC heap after
{Heap after GC invocations=235 (full 50):
 garbage-first heap   total 262144K, used 105846K [0x0000000740000000, 0x0000000800000000)
  region size 1024K, 6 young (6144K), 6 survivors (6144K)
 Metaspace       used 102102K, capacity 104346K, committed 104496K, reserved 1138688K
  class space    used 13609K, capacity 14605K, committed 14720K, reserved 1048576K
}
Event: 6397.988 GC heap before
{Heap before GC invocations=235 (full 50):
 garbage-first heap   total 262144K, used 126326K [0x0000000740000000, 0x0000000800000000)
  region size 1024K, 16 young (16384K), 6 survivors (6144K)
 Metaspace       used 102122K, capacity 104358K, committed 104496K, reserved 1138688K
  class space    used 13611K, capacity 14608K, committed 14720K, reserved 1048576K
}
Event: 6398.052 GC heap after
{Heap after GC invocations=236 (full 51):
 garbage-first heap   total 262144K, used 102622K [0x0000000740000000, 0x0000000800000000)
  region size 1024K, 0 young (0K), 0 survivors (0K)
 Metaspace       used 102122K, capacity 104358K, committed 104496K, reserved 1138688K
  class space    used 13611K, capacity 14608K, committed 14720K, reserved 1048576K
}
Event: 6398.721 GC heap before
{Heap before GC invocations=236 (full 51):
 garbage-first heap   total 262144K, used 111838K [0x0000000740000000, 0x0000000800000000)
  region size 1024K, 10 young (10240K), 0 survivors (0K)
 Metaspace       used 102133K, capacity 104358K, committed 104496K, reserved 1138688K
  class space    used 13611K, capacity 14608K, committed 14720K, reserved 1048576K
}
Event: 6398.785 GC heap after
{Heap after GC invocations=237 (full 52):
 garbage-first heap   total 262144K, used 102382K [0x0000000740000000, 0x0000000800000000)
  region size 1024K, 0 young (0K), 0 survivors (0K)
 Metaspace       used 102133K, capacity 104358K, committed 104496K, reserved 1138688K
  class space    used 13611K, capacity 14608K, committed 14720K, reserved 1048576K
}
Event: 6401.675 GC heap before
{Heap before GC invocations=237 (full 52):
 garbage-first heap   total 262144K, used 143342K [0x0000000740000000, 0x0000000800000000)
  region size 1024K, 31 young (31744K), 0 survivors (0K)
 Metaspace       used 102135K, capacity 104422K, committed 104752K, reserved 1138688K
  class space    used 13611K, capacity 14608K, committed 14720K, reserved 1048576K
}
Event: 6401.677 GC heap after
{Heap after GC invocations=238 (full 52):
 garbage-first heap   total 262144K, used 113646K [0x0000000740000000, 0x0000000800000000)
  region size 1024K, 1 young (1024K), 1 survivors (1024K)
 Metaspace       used 102135K, capacity 104422K, committed 104752K, reserved 1138688K
  class space    used 13611K, capacity 14608K, committed 14720K, reserved 1048576K
}
Event: 6401.688 GC heap before
{Heap before GC invocations=238 (full 52):
 garbage-first heap   total 262144K, used 118766K [0x0000000740000000, 0x0000000800000000)
  region size 1024K, 2 young (2048K), 1 survivors (1024K)
 Metaspace       used 102135K, capacity 104422K, committed 104752K, reserved 1138688K
  class space    used 13611K, capacity 14608K, committed 14720K, reserved 1048576K
}
Event: 6401.751 GC heap after
{Heap after GC invocations=239 (full 53):
 garbage-first heap   total 262144K, used 104669K [0x0000000740000000, 0x0000000800000000)
  region size 1024K, 0 young (0K), 0 survivors (0K)
 Metaspace       used 102135K, capacity 104422K, committed 104752K, reserved 1138688K
  class space    used 13611K, capacity 14608K, committed 14720K, reserved 1048576K
}
Event: 6403.214 GC heap before
{Heap before GC invocations=239 (full 53):
 garbage-first heap   total 262144K, used 112861K [0x0000000740000000, 0x0000000800000000)
  region size 1024K, 9 young (9216K), 0 survivors (0K)
 Metaspace       used 102136K, capacity 104422K, committed 104752K, reserved 1138688K
  class space    used 13611K, capacity 14608K, committed 14720K, reserved 1048576K
}
Event: 6403.278 GC heap after
{Heap after GC invocations=240 (full 54):
 garbage-first heap   total 262144K, used 104723K [0x0000000740000000, 0x0000000800000000)
  region size 1024K, 0 young (0K), 0 survivors (0K)
 Metaspace       used 102136K, capacity 104422K, committed 104752K, reserved 1138688K
  class space    used 13611K, capacity 14608K, committed 14720K, reserved 1048576K
}
Event: 6413.178 GC heap before
{Heap before GC invocations=240 (full 54):
 garbage-first heap   total 262144K, used 128275K [0x0000000740000000, 0x0000000800000000)
  region size 1024K, 24 young (24576K), 0 survivors (0K)
 Metaspace       used 102147K, capacity 104422K, committed 104752K, reserved 1138688K
  class space    used 13611K, capacity 14608K, committed 14720K, reserved 1048576K
}
Event: 6413.248 GC heap after
{Heap after GC invocations=241 (full 55):
 garbage-first heap   total 262144K, used 104826K [0x0000000740000000, 0x0000000800000000)
  region size 1024K, 0 young (0K), 0 survivors (0K)
 Metaspace       used 102147K, capacity 104422K, committed 104752K, reserved 1138688K
  class space    used 13611K, capacity 14608K, committed 14720K, reserved 1048576K
}
Event: 6420.393 GC heap before
{Heap before GC invocations=241 (full 55):
 garbage-first heap   total 262144K, used 119162K [0x0000000740000000, 0x0000000800000000)
  region size 1024K, 15 young (15360K), 0 survivors (0K)
 Metaspace       used 102147K, capacity 104422K, committed 104752K, reserved 1138688K
  class space    used 13611K, capacity 14608K, committed 14720K, reserved 1048576K
}
Event: 6420.458 GC heap after
{Heap after GC invocations=242 (full 56):
 garbage-first heap   total 262144K, used 104823K [0x0000000740000000, 0x0000000800000000)
  region size 1024K, 0 young (0K), 0 survivors (0K)
 Metaspace       used 102147K, capacity 104422K, committed 104752K, reserved 1138688K
  class space    used 13611K, capacity 14608K, committed 14720K, reserved 1048576K
}
Event: 6426.043 GC heap before
{Heap before GC invocations=242 (full 56):
 garbage-first heap   total 262144K, used 131447K [0x0000000740000000, 0x0000000800000000)
  region size 1024K, 17 young (17408K), 0 survivors (0K)
 Metaspace       used 102154K, capacity 104422K, committed 104752K, reserved 1138688K
  class space    used 13611K, capacity 14608K, committed 14720K, reserved 1048576K
}
Event: 6426.108 GC heap after
{Heap after GC invocations=243 (full 57):
 garbage-first heap   total 262144K, used 103104K [0x0000000740000000, 0x0000000800000000)
  region size 1024K, 0 young (0K), 0 survivors (0K)
 Metaspace       used 102154K, capacity 104422K, committed 104752K, reserved 1138688K
  class space    used 13611K, capacity 14608K, committed 14720K, reserved 1048576K
}
Event: 6433.660 GC heap before
{Heap before GC invocations=243 (full 57):
 garbage-first heap   total 262144K, used 134848K [0x0000000740000000, 0x0000000800000000)
  region size 1024K, 24 young (24576K), 0 survivors (0K)
 Metaspace       used 102157K, capacity 104422K, committed 104752K, reserved 1138688K
  class space    used 13611K, capacity 14608K, committed 14720K, reserved 1048576K
}
Event: 6433.726 GC heap after
{Heap after GC invocations=244 (full 58):
 garbage-first heap   total 262144K, used 103178K [0x0000000740000000, 0x0000000800000000)
  region size 1024K, 0 young (0K), 0 survivors (0K)
 Metaspace       used 102157K, capacity 104422K, committed 104752K, reserved 1138688K
  class space    used 13611K, capacity 14608K, committed 14720K, reserved 1048576K
}

Deoptimization events (20 events):
Event: 6397.919 Thread 0x0000026196d1a000 Uncommon trap: trap_request=0xffffff6e fr.pc=0x00000261888d6d08 relative=0x0000000000001808
Event: 6397.919 Thread 0x0000026196d1a000 Uncommon trap: reason=speculate_class_check action=maybe_recompile pc=0x00000261888d6d08 method=com.jidesoft.swing.JideButton.<init>(Ljava/lang/String;Ljavax/swing/Icon;)V @ 22 c2
Event: 6397.919 Thread 0x0000026196d1a000 DEOPT PACKING pc=0x00000261888d6d08 sp=0x000000f9136f68d0
Event: 6397.919 Thread 0x0000026196d1a000 DEOPT UNPACKING pc=0x00000261800268af sp=0x000000f9136f68b8 mode 2
Event: 6397.920 Thread 0x0000026196d1a000 Uncommon trap: trap_request=0xffffff6e fr.pc=0x00000261888d6d08 relative=0x0000000000001808
Event: 6397.920 Thread 0x0000026196d1a000 Uncommon trap: reason=speculate_class_check action=maybe_recompile pc=0x00000261888d6d08 method=com.jidesoft.swing.JideButton.<init>(Ljava/lang/String;Ljavax/swing/Icon;)V @ 22 c2
Event: 6397.920 Thread 0x0000026196d1a000 DEOPT PACKING pc=0x00000261888d6d08 sp=0x000000f9136f63b0
Event: 6397.920 Thread 0x0000026196d1a000 DEOPT UNPACKING pc=0x00000261800268af sp=0x000000f9136f6380 mode 2
Event: 6397.920 Thread 0x0000026196d1a000 Uncommon trap: trap_request=0xffffff6e fr.pc=0x00000261888d6d08 relative=0x0000000000001808
Event: 6397.920 Thread 0x0000026196d1a000 Uncommon trap: reason=speculate_class_check action=maybe_recompile pc=0x00000261888d6d08 method=com.jidesoft.swing.JideButton.<init>(Ljava/lang/String;Ljavax/swing/Icon;)V @ 22 c2
Event: 6397.920 Thread 0x0000026196d1a000 DEOPT PACKING pc=0x00000261888d6d08 sp=0x000000f9136f6410
Event: 6397.920 Thread 0x0000026196d1a000 DEOPT UNPACKING pc=0x00000261800268af sp=0x000000f9136f63e0 mode 2
Event: 6426.034 Thread 0x0000026196d1a000 Uncommon trap: trap_request=0xffffff4d fr.pc=0x00000261890552d0 relative=0x0000000000002f90
Event: 6426.034 Thread 0x0000026196d1a000 Uncommon trap: reason=unstable_if action=reinterpret pc=0x00000261890552d0 method=sun.java2d.pipe.PixelToParallelogramConverter.fill(Lsun/java2d/SunGraphics2D;Ljava/awt/Shape;)V @ 28 c2
Event: 6426.034 Thread 0x0000026196d1a000 DEOPT PACKING pc=0x00000261890552d0 sp=0x000000f9136fa050
Event: 6426.034 Thread 0x0000026196d1a000 DEOPT UNPACKING pc=0x00000261800268af sp=0x000000f9136fa040 mode 2
Event: 6427.421 Thread 0x0000026196d1a000 Uncommon trap: trap_request=0xffffffde fr.pc=0x00000261882c1284 relative=0x00000000000000c4
Event: 6427.421 Thread 0x0000026196d1a000 Uncommon trap: reason=class_check action=maybe_recompile pc=0x00000261882c1284 method=com.jidesoft.docking.DockableFrame.isActive()Z @ 28 c2
Event: 6427.421 Thread 0x0000026196d1a000 DEOPT PACKING pc=0x00000261882c1284 sp=0x000000f9136fb0e0
Event: 6427.421 Thread 0x0000026196d1a000 DEOPT UNPACKING pc=0x00000261800268af sp=0x000000f9136fb068 mode 2

Classes redefined (0 events):
No events

Internal exceptions (20 events):
Event: 6393.985 Thread 0x0000026196d1a000 Exception <a 'java/io/FileNotFoundException'{0x000000074eafd890}> (0x000000074eafd890) thrown at [./src/hotspot/share/prims/jni.cpp, line 615]
Event: 6393.985 Thread 0x0000026196d1a000 Exception <a 'java/io/FileNotFoundException'{0x000000074eafe600}> (0x000000074eafe600) thrown at [./src/hotspot/share/prims/jni.cpp, line 615]
Event: 6398.987 Thread 0x0000026196d1a000 Exception <a 'java/io/FileNotFoundException'{0x000000075638fd00}> (0x000000075638fd00) thrown at [./src/hotspot/share/prims/jni.cpp, line 615]
Event: 6398.987 Thread 0x0000026196d1a000 Exception <a 'java/io/FileNotFoundException'{0x0000000756390550}> (0x0000000756390550) thrown at [./src/hotspot/share/prims/jni.cpp, line 615]
Event: 6403.987 Thread 0x0000026196d1a000 Exception <a 'java/io/FileNotFoundException'{0x00000007563e8420}> (0x00000007563e8420) thrown at [./src/hotspot/share/prims/jni.cpp, line 615]
Event: 6403.987 Thread 0x0000026196d1a000 Exception <a 'java/io/FileNotFoundException'{0x00000007563e8c40}> (0x00000007563e8c40) thrown at [./src/hotspot/share/prims/jni.cpp, line 615]
Event: 6408.989 Thread 0x0000026196d1a000 Exception <a 'java/io/FileNotFoundException'{0x000000074f5b0650}> (0x000000074f5b0650) thrown at [./src/hotspot/share/prims/jni.cpp, line 615]
Event: 6408.989 Thread 0x0000026196d1a000 Exception <a 'java/io/FileNotFoundException'{0x000000074f5b0e70}> (0x000000074f5b0e70) thrown at [./src/hotspot/share/prims/jni.cpp, line 615]
Event: 6413.991 Thread 0x0000026196d1a000 Exception <a 'java/io/FileNotFoundException'{0x0000000755805138}> (0x0000000755805138) thrown at [./src/hotspot/share/prims/jni.cpp, line 615]
Event: 6413.991 Thread 0x0000026196d1a000 Exception <a 'java/io/FileNotFoundException'{0x0000000755805958}> (0x0000000755805958) thrown at [./src/hotspot/share/prims/jni.cpp, line 615]
Event: 6418.993 Thread 0x0000026196d1a000 Exception <a 'java/io/FileNotFoundException'{0x000000074f5d7d00}> (0x000000074f5d7d00) thrown at [./src/hotspot/share/prims/jni.cpp, line 615]
Event: 6418.994 Thread 0x0000026196d1a000 Exception <a 'java/io/FileNotFoundException'{0x000000074f5d8520}> (0x000000074f5d8520) thrown at [./src/hotspot/share/prims/jni.cpp, line 615]
Event: 6423.994 Thread 0x0000026196d1a000 Exception <a 'java/io/FileNotFoundException'{0x00000007554f5d30}> (0x00000007554f5d30) thrown at [./src/hotspot/share/prims/jni.cpp, line 615]
Event: 6423.994 Thread 0x0000026196d1a000 Exception <a 'java/io/FileNotFoundException'{0x00000007554f6550}> (0x00000007554f6550) thrown at [./src/hotspot/share/prims/jni.cpp, line 615]
Event: 6428.994 Thread 0x0000026196d1a000 Exception <a 'java/io/FileNotFoundException'{0x000000074ed37708}> (0x000000074ed37708) thrown at [./src/hotspot/share/prims/jni.cpp, line 615]
Event: 6428.994 Thread 0x0000026196d1a000 Exception <a 'java/io/FileNotFoundException'{0x000000074ed37f28}> (0x000000074ed37f28) thrown at [./src/hotspot/share/prims/jni.cpp, line 615]
Event: 6433.994 Thread 0x0000026196d1a000 Exception <a 'java/io/FileNotFoundException'{0x0000000756396438}> (0x0000000756396438) thrown at [./src/hotspot/share/prims/jni.cpp, line 615]
Event: 6433.994 Thread 0x0000026196d1a000 Exception <a 'java/io/FileNotFoundException'{0x0000000756396c58}> (0x0000000756396c58) thrown at [./src/hotspot/share/prims/jni.cpp, line 615]
Event: 6438.995 Thread 0x0000026196d1a000 Exception <a 'java/io/FileNotFoundException'{0x000000075494f718}> (0x000000075494f718) thrown at [./src/hotspot/share/prims/jni.cpp, line 615]
Event: 6438.995 Thread 0x0000026196d1a000 Exception <a 'java/io/FileNotFoundException'{0x000000075494ff38}> (0x000000075494ff38) thrown at [./src/hotspot/share/prims/jni.cpp, line 615]

Events (20 events):
Event: 6433.726 Executing VM operation: G1CollectFull done
Event: 6433.727 Thread 0x00000261da55e000 Thread exited: 0x00000261da55e000
Event: 6433.728 Executing VM operation: RevokeBias
Event: 6433.728 Executing VM operation: RevokeBias done
Event: 6434.553 Thread 0x00000261da55e000 Thread added: 0x00000261da55e000
Event: 6434.560 Thread 0x00000261da55e000 Thread exited: 0x00000261da55e000
Event: 6435.553 Thread 0x00000261da55e000 Thread added: 0x00000261da55e000
Event: 6435.558 Thread 0x00000261da55e000 Thread exited: 0x00000261da55e000
Event: 6436.555 Thread 0x00000261da55e000 Thread added: 0x00000261da55e000
Event: 6436.558 Thread 0x00000261da55e000 Thread exited: 0x00000261da55e000
Event: 6437.555 Thread 0x00000261da55e000 Thread added: 0x00000261da55e000
Event: 6437.559 Thread 0x00000261da55e000 Thread exited: 0x00000261da55e000
Event: 6438.555 Thread 0x00000261da55e000 Thread added: 0x00000261da55e000
Event: 6438.559 Thread 0x00000261da55e000 Thread exited: 0x00000261da55e000
Event: 6438.959 Thread 0x00000261da55e000 Thread added: 0x00000261da55e000
Event: 6438.963 Executing VM operation: RevokeBias
Event: 6438.963 Executing VM operation: RevokeBias done
Event: 6438.963 Thread 0x00000261da55e000 Thread exited: 0x00000261da55e000
Event: 6439.556 Thread 0x00000261da55e000 Thread added: 0x00000261da55e000
Event: 6439.560 Thread 0x00000261da55e000 Thread exited: 0x00000261da55e000


Dynamic libraries:
0x00007ff7e41c0000 - 0x00007ff7e41f1000 	D:\App\xilinx1\Vivado\2022.2\bin\unwrapped\win64.o\vivado.exe
0x00007ffb0cc50000 - 0x00007ffb0ce48000 	C:\Windows\SYSTEM32\ntdll.dll
0x00007ffb0b980000 - 0x00007ffb0ba3d000 	C:\Windows\System32\KERNEL32.DLL
0x00007ffb0a540000 - 0x00007ffb0a836000 	C:\Windows\System32\KERNELBASE.dll
0x00007ffb0a410000 - 0x00007ffb0a510000 	C:\Windows\System32\ucrtbase.dll
0x00007ffaab8d0000 - 0x00007ffaab95e000 	C:\Windows\SYSTEM32\MSVCP140.dll
0x00007ffaab8b0000 - 0x00007ffaab8cb000 	C:\Windows\SYSTEM32\VCRUNTIME140.dll
0x00007ffac7060000 - 0x00007ffac8491000 	D:\App\xilinx1\Vivado\2022.2\lib\win64.o\librdi_common.dll
0x00007ffaf9c30000 - 0x00007ffaf9c48000 	D:\App\xilinx1\Vivado\2022.2\lib\win64.o\librdi_commonmain.dll
0x00007ffb0c860000 - 0x00007ffb0c9fe000 	C:\Windows\System32\USER32.dll
0x00007ffaab8a0000 - 0x00007ffaab8ac000 	C:\Windows\SYSTEM32\VCRUNTIME140_1.dll
0x00007ffb0a510000 - 0x00007ffb0a532000 	C:\Windows\System32\win32u.dll
0x00007ffb0b890000 - 0x00007ffb0b8bc000 	C:\Windows\System32\GDI32.dll
0x00007ffb0a8f0000 - 0x00007ffb0aa0a000 	C:\Windows\System32\gdi32full.dll
0x00007ffb04ee0000 - 0x00007ffb04f01000 	D:\App\xilinx1\Vivado\2022.2\lib\win64.o\libboost_filesystem.dll
0x00007ffb0aa10000 - 0x00007ffb0aaad000 	C:\Windows\System32\msvcp_win.dll
0x00007ffb0beb0000 - 0x00007ffb0bf5e000 	C:\Windows\System32\ADVAPI32.dll
0x00007ffb0b8c0000 - 0x00007ffb0b95e000 	C:\Windows\System32\msvcrt.dll
0x00007ffb0b760000 - 0x00007ffb0b7fc000 	C:\Windows\System32\sechost.dll
0x00007ffb05740000 - 0x00007ffb05749000 	D:\App\xilinx1\Vivado\2022.2\lib\win64.o\librdi_commonversion.dll
0x00007ffb0aec0000 - 0x00007ffb0b605000 	C:\Windows\System32\SHELL32.dll
0x00007ffb0bfd0000 - 0x00007ffb0c0f6000 	C:\Windows\System32\RPCRT4.dll
0x00007ffae4d30000 - 0x00007ffae509e000 	D:\App\xilinx1\Vivado\2022.2\lib\win64.o\libCOIN-all.dll
0x00007ffb0ac40000 - 0x00007ffb0aca7000 	C:\Windows\System32\WINTRUST.dll
0x00007ffb0c740000 - 0x00007ffb0c7ab000 	C:\Windows\System32\WS2_32.dll
0x00007ffb05e20000 - 0x00007ffb05e31000 	D:\App\xilinx1\Vivado\2022.2\lib\win64.o\libboost_date_time.dll
0x00007ffb0aab0000 - 0x00007ffb0aad7000 	C:\Windows\System32\bcrypt.dll
0x00007ffae7070000 - 0x00007ffae7225000 	D:\App\xilinx1\Vivado\2022.2\lib\win64.o\librdi_commonxillic.dll
0x000000006a410000 - 0x000000006a53b000 	D:\App\xilinx1\Vivado\2022.2\lib\win64.o\tcl85t.dll
0x00007ffae7fe0000 - 0x00007ffae80f4000 	D:\App\xilinx1\Vivado\2022.2\lib\win64.o\libboost_regex.dll
0x00007ffb04db0000 - 0x00007ffb04e29000 	D:\App\xilinx1\Vivado\2022.2\lib\win64.o\libboost_program_options.dll
0x00007ffb05d40000 - 0x00007ffb05d5c000 	D:\App\xilinx1\Vivado\2022.2\lib\win64.o\libboost_thread.dll
0x00007ffb05e50000 - 0x00007ffb05e5c000 	D:\App\xilinx1\Vivado\2022.2\lib\win64.o\libboost_xilinx.dll
0x00007ffaf5dc0000 - 0x00007ffaf5e42000 	D:\App\xilinx1\Vivado\2022.2\lib\win64.o\libhdlpsolve.dll
0x00007ffae7230000 - 0x00007ffae72d5000 	D:\App\xilinx1\Vivado\2022.2\lib\win64.o\libhdxml.dll
0x00007ffac20e0000 - 0x00007ffac305d200 	D:\App\xilinx1\Vivado\2022.2\lib\win64.o\libisl_iostreams.dll
0x00007ffb04ea0000 - 0x00007ffb04eca000 	D:\App\xilinx1\Vivado\2022.2\lib\win64.o\libisl_sysinfo.dll
0x00007ffaf2f90000 - 0x00007ffaf2ff5000 	D:\App\xilinx1\Vivado\2022.2\lib\win64.o\liblmx6.0.dll
0x00007ffb05800000 - 0x00007ffb0581a000 	D:\App\xilinx1\Vivado\2022.2\lib\win64.o\pthreadVC2.dll
0x00007ffb04e80000 - 0x00007ffb04e9c000 	D:\App\xilinx1\Vivado\2022.2\lib\win64.o\librdiconfig.dll
0x00007ffb03140000 - 0x00007ffb03161000 	D:\App\xilinx1\Vivado\2022.2\lib\win64.o\librdizlib.dll
0x00007ffb0c6e0000 - 0x00007ffb0c735000 	C:\Windows\System32\SHLWAPI.dll
0x00007ffae5250000 - 0x00007ffae5511000 	D:\App\xilinx1\Vivado\2022.2\lib\win64.o\xerces-c_3_2.dll
0x00007ffaedfc0000 - 0x00007ffaedfd9000 	C:\Windows\SYSTEM32\NETAPI32.dll
0x00007ffaf7680000 - 0x00007ffaf7b56000 	C:\Windows\SYSTEM32\WININET.dll
0x00007ffb01db0000 - 0x00007ffb01eba000 	C:\Windows\SYSTEM32\WINHTTP.dll
0x00007ffafa3f0000 - 0x00007ffafa5dd000 	C:\Windows\SYSTEM32\urlmon.dll
0x00007ffac01c0000 - 0x00007ffac20d7000 	D:\App\xilinx1\Vivado\2022.2\lib\win64.o\gurobi90.dll
0x00007ffb05e40000 - 0x00007ffb05e49000 	C:\Windows\SYSTEM32\WSOCK32.dll
0x00007ffafa180000 - 0x00007ffafa1b1000 	C:\Windows\SYSTEM32\VCOMP140.DLL
0x00007ffb0aae0000 - 0x00007ffb0ac3e000 	C:\Windows\System32\CRYPT32.dll
0x00007ffb0ca00000 - 0x00007ffb0ca56000 	C:\Windows\System32\WLDAP32.dll
0x00007ffb0b680000 - 0x00007ffb0b688000 	C:\Windows\System32\Normaliz.dll
0x00007ffae2920000 - 0x00007ffae2c36000 	D:\App\xilinx1\Vivado\2022.2\lib\win64.o\libXil_lmgr11.dll
0x00007ffb0ade0000 - 0x00007ffb0aeba000 	C:\Windows\System32\COMDLG32.dll
0x00007ffb0c380000 - 0x00007ffb0c6d4000 	C:\Windows\System32\combase.dll
0x00007ffb0c220000 - 0x00007ffb0c2cd000 	C:\Windows\System32\shcore.dll
0x00007ffafa130000 - 0x00007ffafa148000 	D:\App\xilinx1\Vivado\2022.2\lib\win64.o\libboost_iostreams.dll
0x00007ffaf99e0000 - 0x00007ffaf9a04000 	D:\App\xilinx1\Vivado\2022.2\lib\win64.o\libisl_iosutils.dll
0x00007ffb0b690000 - 0x00007ffb0b75d000 	C:\Windows\System32\OLEAUT32.dll
0x00007ffb0acb0000 - 0x00007ffb0adda000 	C:\Windows\System32\ole32.dll
0x00007ffaf92b0000 - 0x00007ffaf956c000 	C:\Windows\SYSTEM32\iertutil.dll
0x00007ffb09800000 - 0x00007ffb0980c000 	C:\Windows\SYSTEM32\netutils.dll
0x00007ffb00510000 - 0x00007ffb00539000 	C:\Windows\SYSTEM32\srvcli.dll
0x00007ffafa9c0000 - 0x00007ffafaa70000 	C:\Windows\WinSxS\amd64_microsoft.windows.common-controls_6595b64144ccf1df_5.82.19041.1110_none_792d1c772443f647\COMCTL32.dll
0x00007ffb03b20000 - 0x00007ffb03b3d000 	C:\Windows\SYSTEM32\dhcpcsvc.DLL
0x00007ffb0a220000 - 0x00007ffb0a24e000 	C:\Windows\SYSTEM32\USERENV.dll
0x00007ffb09a60000 - 0x00007ffb09aca000 	C:\Windows\SYSTEM32\MSWSOCK.DLL
0x00007ffb0c350000 - 0x00007ffb0c380000 	C:\Windows\System32\IMM32.DLL
0x00007ffb09f00000 - 0x00007ffb09f12000 	C:\Windows\SYSTEM32\MSASN1.dll
0x00007ffb09c60000 - 0x00007ffb09c78000 	C:\Windows\SYSTEM32\CRYPTSP.dll
0x00007ffb081e0000 - 0x00007ffb081f2000 	C:\Windows\SYSTEM32\kernel.appcore.dll
0x00007ffb09310000 - 0x00007ffb09344000 	C:\Windows\system32\rsaenh.dll
0x00007ffb09c50000 - 0x00007ffb09c5c000 	C:\Windows\SYSTEM32\CRYPTBASE.dll
0x00007ffb0a380000 - 0x00007ffb0a402000 	C:\Windows\System32\bcryptPrimitives.dll
0x00007ffae23e0000 - 0x00007ffae2913000 	D:\App\xilinx1\Vivado\2022.2\lib\win64.o\librdi_commontasks.dll
0x00007ffb03f40000 - 0x00007ffb03f4a000 	C:\Windows\SYSTEM32\VERSION.dll
0x00007ffadffa0000 - 0x00007ffae02c5a00 	D:\App\xilinx1\Vivado\2022.2\lib\win64.o\librdi_sio.dll
0x00007ffad8ba0000 - 0x00007ffad96ed000 	D:\App\xilinx1\Vivado\2022.2\tps\win64\jre11.0.11_9\bin\server\jvm.dll
0x00007ffb096f0000 - 0x00007ffb0972b000 	C:\Windows\SYSTEM32\IPHLPAPI.DLL
0x00007ffb0b610000 - 0x00007ffb0b618000 	C:\Windows\System32\PSAPI.DLL
0x00007ffb00f80000 - 0x00007ffb00fa7000 	C:\Windows\SYSTEM32\WINMM.dll
0x00007ffb0b960000 - 0x00007ffb0b97d000 	C:\Windows\System32\imagehlp.dll
0x00007ffb0a1e0000 - 0x00007ffb0a212000 	C:\Windows\SYSTEM32\SspiCli.dll
0x00007ffaaf800000 - 0x00007ffaaf817000 	C:\Windows\system32\napinsp.dll
0x00007ffaaf510000 - 0x00007ffaaf52b000 	C:\Windows\system32\pnrpnsp.dll
0x00007ffaf24e0000 - 0x00007ffaf24f5000 	C:\Windows\system32\wshbth.dll
0x00007ffb05cf0000 - 0x00007ffb05d0d000 	C:\Windows\system32\NLAapi.dll
0x00007ffb09730000 - 0x00007ffb097fa000 	C:\Windows\SYSTEM32\DNSAPI.dll
0x00007ffb0bf60000 - 0x00007ffb0bf68000 	C:\Windows\System32\NSI.dll
0x00007ffaaf4f0000 - 0x00007ffaaf502000 	C:\Windows\System32\winrnr.dll
0x00007ffb083e0000 - 0x00007ffb08b7b000 	C:\Windows\SYSTEM32\windows.storage.dll
0x00007ffb09d00000 - 0x00007ffb09d2e000 	C:\Windows\SYSTEM32\Wldp.dll
0x00007ffab14d0000 - 0x00007ffab41f5000 	D:\App\xilinx1\Vivado\2022.2\lib\win64.o\librdi_tcltasks.dll
0x00007ffaf5fc0000 - 0x00007ffaf6004000 	D:\App\xilinx1\Vivado\2022.2\lib\win64.o\libboost_serialization.dll
0x00007ffae2030000 - 0x00007ffae2213000 	D:\App\xilinx1\Vivado\2022.2\lib\win64.o\librdi_board.dll
0x00007ffad6640000 - 0x00007ffad6b1d000 	D:\App\xilinx1\Vivado\2022.2\lib\win64.o\librdi_bitstream.dll
0x00007ffaebf30000 - 0x00007ffaebfb0000 	D:\App\xilinx1\Vivado\2022.2\lib\win64.o\librdi_boarddep.dll
0x00007ffae4590000 - 0x00007ffae46b7000 	D:\App\xilinx1\Vivado\2022.2\lib\win64.o\librdi_chipscope.dll
0x00007ffadd560000 - 0x00007ffadd762000 	D:\App\xilinx1\Vivado\2022.2\lib\win64.o\librdi_chipscopeimpl.dll
0x00007ffa8ea50000 - 0x00007ffa90c7c000 	D:\App\xilinx1\Vivado\2022.2\lib\win64.o\librdi_constraints.dll
0x00007ffae0380000 - 0x00007ffae04e5000 	D:\App\xilinx1\Vivado\2022.2\lib\win64.o\librdi_containers.dll
0x00007ffa7a8c0000 - 0x00007ffa7cea5000 	D:\App\xilinx1\Vivado\2022.2\lib\win64.o\librdi_coregen.dll
0x00007ffaa97a0000 - 0x00007ffaaac85000 	D:\App\xilinx1\Vivado\2022.2\lib\win64.o\librdi_device.dll
0x00007ffaa49c0000 - 0x00007ffaa69cd000 	D:\App\xilinx1\Vivado\2022.2\lib\win64.o\librdi_designutils.dll
0x00007ffad62b0000 - 0x00007ffad6633000 	D:\App\xilinx1\Vivado\2022.2\lib\win64.o\librdi_dlyest.dll
0x00007ffabfae0000 - 0x00007ffac01bb000 	D:\App\xilinx1\Vivado\2022.2\lib\win64.o\librdi_drc.dll
0x00007ffae6cb0000 - 0x00007ffae6d64000 	D:\App\xilinx1\Vivado\2022.2\lib\win64.o\librdi_dsp.dll
0x00007ffabf440000 - 0x00007ffabfad5000 	D:\App\xilinx1\Vivado\2022.2\lib\win64.o\librdi_filemgmt.dll
0x00007ffad5f80000 - 0x00007ffad62ab000 	D:\App\xilinx1\Vivado\2022.2\lib\win64.o\librdi_guitools.dll
0x00007ffaeabd0000 - 0x00007ffaeac3b000 	D:\App\xilinx1\Vivado\2022.2\lib\win64.o\librdi_hdf.dll
0x00007ffacdc60000 - 0x00007ffacdf1d000 	D:\App\xilinx1\Vivado\2022.2\lib\win64.o\librdi_hip_devdesign.dll
0x00007ffadd410000 - 0x00007ffadd557000 	D:\App\xilinx1\Vivado\2022.2\lib\win64.o\librdi_hip_perf_analysis.dll
0x00007ffaad390000 - 0x00007ffaae2ab000 	D:\App\xilinx1\Vivado\2022.2\lib\win64.o\librdi_implflow.dll
0x00007ffab0d20000 - 0x00007ffab14c1000 	D:\App\xilinx1\Vivado\2022.2\lib\win64.o\librdi_lopt.dll
0x00007ffab06c0000 - 0x00007ffab0d15000 	D:\App\xilinx1\Vivado\2022.2\lib\win64.o\librdi_memdata.dll
0x00007ffaaf820000 - 0x00007ffab0653000 	D:\App\xilinx1\Vivado\2022.2\lib\win64.o\librdi_ippcw.dll
0x00007ffae9590000 - 0x00007ffae960d000 	D:\App\xilinx1\Vivado\2022.2\lib\win64.o\librdi_memoryarray.dll
0x00007ffa9b930000 - 0x00007ffa9e1f5000 	D:\App\xilinx1\Vivado\2022.2\lib\win64.o\librdi_mig.dll
0x00007ffaaed80000 - 0x00007ffaaf4ed000 	D:\App\xilinx1\Vivado\2022.2\lib\win64.o\librdi_netlist.dll
0x00007ffaed470000 - 0x00007ffaed4cb000 	D:\App\xilinx1\Vivado\2022.2\lib\win64.o\librdi_pfi.dll
0x00007ffa7ceb0000 - 0x00007ffa7ffd0000 	D:\App\xilinx1\Vivado\2022.2\lib\win64.o\librdi_place.dll
0x00007ffaac520000 - 0x00007ffaacdf4000 	D:\App\xilinx1\Vivado\2022.2\lib\win64.o\librdi_power.dll
0x00007ffaa9030000 - 0x00007ffaa9797000 	D:\App\xilinx1\Vivado\2022.2\lib\win64.o\librdi_project.dll
0x00007ffac6bf0000 - 0x00007ffac7060000 	D:\App\xilinx1\Vivado\2022.2\lib\win64.o\librdi_platform.dll
0x00007ffaa7d20000 - 0x00007ffaa8455000 	D:\App\xilinx1\Vivado\2022.2\lib\win64.o\librdi_psta.dll
0x00007ffaa73d0000 - 0x00007ffaa7d20000 	D:\App\xilinx1\Vivado\2022.2\lib\win64.o\librdi_rsb.dll
0x00007ffaa4450000 - 0x00007ffaa49b3000 	D:\App\xilinx1\Vivado\2022.2\lib\win64.o\librdi_runs.dll

dbghelp: loaded successfully - version: 4.0.5 - missing functions: none
symbol engine: initialized successfully - sym options: 0x614 - pdb path: .;D:\App\xilinx1\Vivado\2022.2\bin\unwrapped\win64.o;C:\Windows\SYSTEM32;D:\App\xilinx1\Vivado\2022.2\lib\win64.o;C:\Windows\WinSxS\amd64_microsoft.windows.common-controls_6595b64144ccf1df_5.82.19041.1110_none_792d1c772443f647;D:\App\xilinx1\Vivado\2022.2\tps\win64\jre11.0.11_9\bin\server;D:\App\xilinx1\Vivado\2022.2\tps\win64\python-3.8.3;D:\App\xilinx1\Vivado\2022.2\tps\win64\jre11.0.11_9\bin;C:\Users\smile\AppData\Local\youdao\dict\Application\10.1.1.0;C:\Windows\WinSxS\amd64_microsoft.windows.common-controls_6595b64144ccf1df_6.0.19041.1110_none_60b5254171f9507e;C:\Windows\System32\IME\IMEKR;C:\Windows\System32\IME\shared;C:\Windows\WinSxS\amd64_microsoft.windows.gdiplus_6595b64144ccf1df_1.1.19041.2251_none_91a40448cc8846c1

VM Arguments:
jvm_args: -Dsun.java2d.pmoffscreen=false -Dhttps.protocols=TLSv1,TLSv1.1,TLSv1.2 -Dsun.java2d.xrender=false -Dsun.java2d.d3d=false -Dsun.awt.nopixfmt=true -Dsun.java2d.dpiaware=true -Dsun.java2d.uiScale.enabled=false -Xverify:none -Dswing.aatext=true -XX:-UsePerfData -Djdk.map.althashing.threshold=512 -XX:StringTableSize=4072 --add-opens=java.desktop/com.sun.awt=ALL-UNNAMED --add-opens=java.desktop/javax.swing.plaf.synth=ALL-UNNAMED --add-opens=java.base/java.nio=ALL-UNNAMED --add-opens=java.desktop/sun.swing=ALL-UNNAMED --add-opens=java.desktop/javax.swing=ALL-UNNAMED --add-opens=java.desktop/javax.swing.tree=ALL-UNNAMED --add-opens=java.desktop/javax.swing.plaf.basic=ALL-UNNAMED --add-opens=java.desktop/javax.swing.plaf.synth=ALL-UNNAMED --add-opens=java.desktop/javax.swing.plaf.basic=ALL-UNNAMED --add-opens=java.desktop/javax.swing=ALL-UNNAMED --add-opens=java.desktop/javax.swing.tree=ALL-UNNAMED --add-opens=java.desktop/java.awt.event=ALL-UNNAMED --add-exports=java.desktop/javax.swing.plaf.synth=ALL-UNNAMED --add-exports=java.base/java.nio=ALL-UNNAMED --add-exports=java.desktop/sun.swing=ALL-UNNAMED --add-exports=java.desktop/javax.swing=ALL-UNNAMED --add-exports=java.desktop/javax.swing.tree=ALL-UNNAMED --add-exports=java.desktop/javax.swing.plaf.basic=ALL-UNNAMED --add-exports=java.desktop/sun.swing=ALL-UNNAMED --add-exports=java.desktop/sun.swing.table=ALL-UNNAMED --add-exports=java.desktop/sun.swing.plaf.synth=ALL-UNNAMED --add-exports=java.desktop/sun.awt.shell=ALL-UNNAMED --add-exports=java.base/sun.security.action=ALL-UNNAMED --add-exports=java.desktop/sun.font=ALL-UNNAMED -XX:NewSize=60m -XX:MaxNewSize=60m -Xms256m -Xmx3072m -Xss5m 
java_command: <unknown>
java_class_path (initial): D:/App/xilinx1/Vivado/2022.2\lib\classes\alloy.jar;D:/App/xilinx1/Vivado/2022.2\lib\classes\asm-9.3.jar;D:/App/xilinx1/Vivado/2022.2\lib\classes\asm-analysis-9.3.jar;D:/App/xilinx1/Vivado/2022.2\lib\classes\asm-commons-9.3.jar;D:/App/xilinx1/Vivado/2022.2\lib\classes\asm-tree-9.3.jar;D:/App/xilinx1/Vivado/2022.2\lib\classes\autoesl-models.jar;D:/App/xilinx1/Vivado/2022.2\lib\classes\batik-anim.jar;D:/App/xilinx1/Vivado/2022.2\lib\classes\batik-awt-util.jar;D:/App/xilinx1/Vivado/2022.2\lib\classes\batik-bridge.jar;D:/App/xilinx1/Vivado/2022.2\lib\classes\batik-codec.jar;D:/App/xilinx1/Vivado/2022.2\lib\classes\batik-css.jar;D:/App/xilinx1/Vivado/2022.2\lib\classes\batik-dom.jar;D:/App/xilinx1/Vivado/2022.2\lib\classes\batik-ext.jar;D:/App/xilinx1/Vivado/2022.2\lib\classes\batik-gui-util.jar;D:/App/xilinx1/Vivado/2022.2\lib\classes\batik-gvt.jar;D:/App/xilinx1/Vivado/2022.2\lib\classes\batik-parser.jar;D:/App/xilinx1/Vivado/2022.2\lib\classes\batik-script.jar;D:/App/xilinx1/Vivado/2022.2\lib\classes\batik-svg-dom.jar;D:/App/xilinx1/Vivado/2022.2\lib\classes\batik-svggen.jar;D:/App/xilinx1/Vivado/2022.2\lib\classes\batik-swing.jar;D:/App/xilinx1/Vivado/2022.2\lib\classes\batik-transcoder.jar;D:/App/xilinx1/Vivado/2022.2\lib\classes\batik-util.jar;D:/App/xilinx1/Vivado/2022.2\lib\classes\batik-xml.jar;D:/App/xilinx1/Vivado/2022.2\lib\classes\com.fasterxml.jackson.core.jackson-annotations_2.12.1.v20210128-1726.jar;D:/App/xilinx1/Vivado/2022.2\lib\classes\com.fasterxml.jackson.core.jackson-core_2.12.1.v20210128-1726.jar;D:/App/xilinx1/Vivado/2022.2\lib\classes\com.fasterxml.jackson.core.jackson-databind_2.12.1.v20210128-1726.jar;D:/App/xilinx1/Vivado/2022.2\lib\classes\com.google.gson_2.8.7.v20210624-1215.jar;D:/App/xilinx1/Vivado/2022.2\lib\classes\com.google.guava_30.1.0.v20210127-2300.jar;D:/App/xilinx1/Vivado/2022.2\lib\classes\com.sigasi.hdt.connection_4.15.0.202201101137.jar;D:/App/xilinx1/Vivado/2022.2\lib\classes\com.sigasi.hdt.epl_4.1
Launcher Type: generic

[Global flags]
     bool BytecodeVerificationLocal                = false                                     {product} {command line}
     bool BytecodeVerificationRemote               = false                                     {product} {command line}
     intx CICompilerCount                          = 4                                         {product} {ergonomic}
     uint ConcGCThreads                            = 3                                         {product} {ergonomic}
     uint G1ConcRefinementThreads                  = 10                                        {product} {ergonomic}
   size_t G1HeapRegionSize                         = 1048576                                   {product} {ergonomic}
    uintx GCDrainStackTargetSize                   = 64                                        {product} {ergonomic}
   size_t InitialHeapSize                          = 268435456                                 {product} {command line}
   size_t MarkStackSize                            = 4194304                                   {product} {ergonomic}
   size_t MaxHeapSize                              = 3221225472                                {product} {command line}
   size_t MaxNewSize                               = 62914560                                  {product} {command line}
   size_t MinHeapDeltaBytes                        = 1048576                                   {product} {ergonomic}
   size_t NewSize                                  = 62914560                                  {product} {command line}
    uintx NonNMethodCodeHeapSize                   = 5836300                                {pd product} {ergonomic}
    uintx NonProfiledCodeHeapSize                  = 122910970                              {pd product} {ergonomic}
    uintx ProfiledCodeHeapSize                     = 122910970                              {pd product} {ergonomic}
    uintx ReservedCodeCacheSize                    = 251658240                              {pd product} {ergonomic}
     bool SegmentedCodeCache                       = true                                      {product} {ergonomic}
    uintx StringTableSize                          = 4072                                      {product} {command line}
     intx ThreadStackSize                          = 5120                                   {pd product} {command line}
     bool UseCompressedClassPointers               = true                                 {lp64_product} {ergonomic}
     bool UseCompressedOops                        = true                                 {lp64_product} {ergonomic}
     bool UseG1GC                                  = true                                      {product} {ergonomic}
     bool UseLargePagesIndividualAllocation        = false                                  {pd product} {ergonomic}
     bool UsePerfData                              = false                                     {product} {command line}

Logging:
Log output configuration:
 #0: stdout all=warning uptime,level,tags
 #1: stderr all=off uptime,level,tags

Environment Variables:
PATH=D:/App/xilinx1/Vivado/2022.2/bin;D:/App/xilinx1/Vivado/2022.2/tps/win64/java-cef-95.0.4638.69/bin/lib/win64;D:/App/xilinx1/Vivado/2022.2/tps/win64/javafx-sdk-11.0.2/lib;D:/App/xilinx1/Vivado/2022.2/tps/win64/javafx-sdk-11.0.2/bin;D:/App/xilinx1/Vivado/2022.2/lib/win64.o;D:/App/xilinx1/Vivado/2022.2/tps/win64/jre11.0.11_9/bin/server;D:/App/xilinx1/Vivado/2022.2/tps/win64/jre11.0.11_9/bin;D:/App/xilinx1/Vivado/2022.2/ids_lite/ISE/bin/nt64;D:/App/xilinx1/Vivado/2022.2/ids_lite/ISE/lib/nt64;D:/App/xilinx1/Vitis_HLS/2022.2/bin;C:\Windows\system32;C:\Windows;C:\Windows\System32\Wbem;C:\Windows\System32\WindowsPowerShell\v1.0\;C:\Windows\System32\OpenSSH\;D:\App\git\Git\cmd;C:\Program Files\Git\cmd;C:\Program Files\TortoiseGit\bin;C:\Users\smile\AppData\Local\Microsoft\WindowsApps;;D:\App\FPGA\ModelSim_10.5se\win64;D:\App\FPGA\QuartusII_13.0\modelsim_ase\win32aloem;D:/App/xilinx1/Vivado/2022.2\tps\mingw\6.2.0\win64.o\nt\bin;D:/App/xilinx1/Vivado/2022.2\tps\mingw\6.2.0\win64.o\nt\libexec\gcc\x86_64-w64-mingw32\6.2.0;D:/App/xilinx1/Vivado/2022.2\tps\win64\python-3.8.3;D:/App/xilinx1/Vivado/2022.2\tps\win64\python-3.8.3\bin;D:/App/xilinx1/Vivado/2022.2\tps\win64\python-3.8.3\lib;D:/App/xilinx1/Vivado/2022.2\tps\win64\python-3.8.3\lib\site-packages
USERNAME=smile
OS=Windows_NT
PROCESSOR_IDENTIFIER=Intel64 Family 6 Model 165 Stepping 5, GenuineIntel



---------------  S Y S T E M  ---------------

OS: Windows 10 , 64 bit Build 19041 (10.0.19041.3393)
OS uptime: 2 days 4:11 hours

CPU:total 12 (initial active 12) (6 cores per cpu, 2 threads per core) family 6 model 165 stepping 5 microcode 0xc8, cmov, cx8, fxsr, mmx, sse, sse2, sse3, ssse3, sse4.1, sse4.2, popcnt, avx, avx2, aes, clmul, erms, 3dnowpref, lzcnt, ht, tsc, tscinvbit, bmi1, bmi2, adx, fma

Memory: 4k page, system-wide physical 16292M (8877M free)
TotalPageFile size 17316M (AvailPageFile size 4475M)
current process WorkingSet (physical memory assigned to process): 1432M, peak: 1852M
current process commit charge ("private bytes"): 2157M, peak: 2181M

vm_info: OpenJDK 64-Bit Server VM (11.0.11+9) for windows-amd64 JRE (11.0.11+9), built on Apr  9 2021 19:32:08 by "" with MS VC++ 15.5 (VS2017)

END.
