C51 COMPILER V9.54   MAIN                                                                  07/13/2023 16:00:20 PAGE 1   


C51 COMPILER V9.54, COMPILATION OF MODULE MAIN
OBJECT MODULE PLACED IN .\Objects\main.obj
COMPILER INVOKED BY: D:\App\Keil5\C51\BIN\C51.EXE main.c OPTIMIZE(8,SPEED) BROWSE DEBUG OBJECTEXTEND PRINT(.\Listings\ma
                    -in.lst) TABS(2) OBJECT(.\Objects\main.obj)

line level    source

   1          #include <REGX52.H>
   2          #include "Delay.h"
   3          #include "Timer0.h"
   4          #include "Nixie.h"
   5          #include "Key.h"
   6          
   7          unsigned char Keynumber,T0Count,Mode,Compare=0;
   8          
   9          void main()
  10          {
  11   1        Timer0Init();
  12   1        
  13   1        while(1)
  14   1        {
  15   2          Keynumber=Key();
  16   2          if(Keynumber==1)
  17   2          {
  18   3            Mode++;
  19   3            Mode%=4;
  20   3          }
  21   2          if(Mode==0)
  22   2          {
  23   3            Compare=0;
  24   3          }
  25   2          if(Mode==1)
  26   2          {
  27   3            Compare=50;
  28   3          }
  29   2          if(Mode==2)
  30   2          { 
  31   3            Compare=75;
  32   3          }
  33   2          if(Mode==3)
  34   2          {
  35   3            Compare=100;
  36   3          }
  37   2          if(T0Count<Compare)
  38   2          {
  39   3            P1_0=1;
  40   3          }
  41   2          else
  42   2          {
  43   3            P1_0=0;
  44   3          }
  45   2          
  46   2          Nixie(1,Mode);
  47   2        }
  48   1      }
  49          
  50          void Timer0_Routine() interrupt 1
  51          {
  52   1        TL0 = 0xA4;   //设置定时初值
  53   1        TH0 = 0xFF;   //设置定时初值
  54   1        T0Count++;
C51 COMPILER V9.54   MAIN                                                                  07/13/2023 16:00:20 PAGE 2   

  55   1        T0Count%=100;
  56   1      }


MODULE INFORMATION:   STATIC OVERLAYABLE
   CODE SIZE        =    103    ----
   CONSTANT SIZE    =   ----    ----
   XDATA SIZE       =   ----    ----
   PDATA SIZE       =   ----    ----
   DATA SIZE        =      4    ----
   IDATA SIZE       =   ----    ----
   BIT SIZE         =   ----    ----
END OF MODULE INFORMATION.


C51 COMPILATION COMPLETE.  0 WARNING(S),  0 ERROR(S)
