#
# A fatal error has been detected by the Java Runtime Environment:
#
#  EXCEPTION_ACCESS_VIOLATION (0xc0000005) at pc=0x00007ffa99113ff8, pid=4052, tid=17060
#
# JRE version: OpenJDK Runtime Environment 18.9 (11.0.11+9) (build 11.0.11+9)
# Java VM: OpenJDK 64-Bit Server VM 18.9 (11.0.11+9, mixed mode, tiered, compressed oops, g1 gc, windows-amd64)
# Problematic frame:
# C  0x00007ffa99113ff8
#
# No core dump will be written. Minidumps are not enabled by default on client versions of Windows
#
# If you would like to submit a bug report, please visit:
#   https://bugreport.java.com/bugreport/crash.jsp
# The crash happened outside the Java Virtual Machine in native code.
# See problematic frame for where to report the bug.
#

---------------  S U M M A R Y ------------

Command Line: -Dsun.java2d.pmoffscreen=false -Dhttps.protocols=TLSv1,TLSv1.1,TLSv1.2 -Dsun.java2d.xrender=false -Dsun.java2d.d3d=false -Dsun.awt.nopixfmt=true -Dsun.java2d.dpiaware=true -Dsun.java2d.uiScale.enabled=false -Xverify:none -Dswing.aatext=true -XX:-UsePerfData -Djdk.map.althashing.threshold=512 -XX:StringTableSize=4072 --add-opens=java.desktop/com.sun.awt=ALL-UNNAMED --add-opens=java.desktop/javax.swing.plaf.synth=ALL-UNNAMED --add-opens=java.base/java.nio=ALL-UNNAMED --add-opens=java.desktop/sun.swing=ALL-UNNAMED --add-opens=java.desktop/javax.swing=ALL-UNNAMED --add-opens=java.desktop/javax.swing.tree=ALL-UNNAMED --add-opens=java.desktop/javax.swing.plaf.basic=ALL-UNNAMED --add-opens=java.desktop/javax.swing.plaf.synth=ALL-UNNAMED --add-opens=java.desktop/javax.swing.plaf.basic=ALL-UNNAMED --add-opens=java.desktop/javax.swing=ALL-UNNAMED --add-opens=java.desktop/javax.swing.tree=ALL-UNNAMED --add-opens=java.desktop/java.awt.event=ALL-UNNAMED --add-exports=java.desktop/javax.swing.plaf.synth=ALL-UNNAMED --add-exports=java.base/java.nio=ALL-UNNAMED --add-exports=java.desktop/sun.swing=ALL-UNNAMED --add-exports=java.desktop/javax.swing=ALL-UNNAMED --add-exports=java.desktop/javax.swing.tree=ALL-UNNAMED --add-exports=java.desktop/javax.swing.plaf.basic=ALL-UNNAMED --add-exports=java.desktop/sun.swing=ALL-UNNAMED --add-exports=java.desktop/sun.swing.table=ALL-UNNAMED --add-exports=java.desktop/sun.swing.plaf.synth=ALL-UNNAMED --add-exports=java.desktop/sun.awt.shell=ALL-UNNAMED --add-exports=java.base/sun.security.action=ALL-UNNAMED --add-exports=java.desktop/sun.font=ALL-UNNAMED -XX:NewSize=60m -XX:MaxNewSize=60m -Xms256m -Xmx3072m -Xss5m 

Host: Intel(R) Core(TM) i5-10400 CPU @ 2.90GHz, 12 cores, 15G,  Windows 10 , 64 bit Build 19041 (10.0.19041.3393)
Time: Fri Oct  6 20:27:54 2023 韩国标准时间 elapsed time: 7181.678202 seconds (0d 1h 59m 41s)

---------------  T H R E A D  ---------------

Current thread (0x000001a89116f800):  JavaThread "AWT-EventQueue-0" [_thread_in_native, id=17060, stack(0x00000010fd200000,0x00000010fd700000)]

Stack: [0x00000010fd200000,0x00000010fd700000],  sp=0x00000010fd6fa7c0,  free space=5097k
Native frames: (J=compiled Java code, j=interpreted, Vv=VM code, C=native code)
C  0x00007ffa99113ff8
C  0x00007ffa993343b7
C  0x00007ffa9932dd77
C  0x00007ffa9932d857
C  0x00007ffa993379f0
C  0x00007ffa99336850
C  0x00007ffa99336cc6
C  0x00007ffa9936e22f
C  0x000001a89989f377

Java frames: (J=compiled Java code, j=interpreted, Vv=VM code)
j  ui.views.waveform.waveformi.WVExecutive_setPrefsMessage(JLjava/lang/String;)V+0
j  ui.views.waveform.executive.a.atv(Ljava/lang/String;)V+5
j  ui.views.waveform.k.kvn()V+128
j  ui.views.waveform.p.actionPerformed(Ljava/awt/event/ActionEvent;)V+4
j  javax.swing.JComboBox.fireActionEvent()V+126 java.desktop@11.0.11
j  javax.swing.JComboBox.setSelectedItem(Ljava/lang/Object;)V+144 java.desktop@11.0.11
j  ui.utils.swing.e.d.setSelectedItem(Ljava/lang/Object;)V+38
j  javax.swing.JComboBox.setSelectedIndex(I)V+58 java.desktop@11.0.11
j  javax.swing.plaf.basic.BasicComboPopup$Handler.mouseReleased(Ljava/awt/event/MouseEvent;)V+97 java.desktop@11.0.11
J 15427 c1 java.awt.AWTEventMulticaster.mouseReleased(Ljava/awt/event/MouseEvent;)V java.desktop@11.0.11 (27 bytes) @ 0x000001a899f88b84 [0x000001a899f88780+0x0000000000000404]
J 15427 c1 java.awt.AWTEventMulticaster.mouseReleased(Ljava/awt/event/MouseEvent;)V java.desktop@11.0.11 (27 bytes) @ 0x000001a899f889ac [0x000001a899f88780+0x000000000000022c]
J 14950 c1 java.awt.Component.processMouseEvent(Ljava/awt/event/MouseEvent;)V java.desktop@11.0.11 (100 bytes) @ 0x000001a89a9a221c [0x000001a89a9a1da0+0x000000000000047c]
J 14951 c1 javax.swing.JComponent.processMouseEvent(Ljava/awt/event/MouseEvent;)V java.desktop@11.0.11 (27 bytes) @ 0x000001a89a667e74 [0x000001a89a667c60+0x0000000000000214]
j  javax.swing.plaf.basic.BasicComboPopup$1.processMouseEvent(Ljava/awt/event/MouseEvent;)V+93 java.desktop@11.0.11
J 16258 c2 java.awt.Container.processEvent(Ljava/awt/AWTEvent;)V java.desktop@11.0.11 (22 bytes) @ 0x000001a8a22b7954 [0x000001a8a22b7740+0x0000000000000214]
J 16445 c2 java.awt.Component.dispatchEventImpl(Ljava/awt/AWTEvent;)V java.desktop@11.0.11 (777 bytes) @ 0x000001a8a22ebfdc [0x000001a8a22eb800+0x00000000000007dc]
J 16665 c2 java.awt.Container.dispatchEventImpl(Ljava/awt/AWTEvent;)V java.desktop@11.0.11 (129 bytes) @ 0x000001a8a234a540 [0x000001a8a2349de0+0x0000000000000760]
J 14526 c2 java.awt.LightweightDispatcher.retargetMouseEvent(Ljava/awt/Component;ILjava/awt/event/MouseEvent;)V java.desktop@11.0.11 (372 bytes) @ 0x000001a8a2009eec [0x000001a8a2009960+0x000000000000058c]
J 16665 c2 java.awt.Container.dispatchEventImpl(Ljava/awt/AWTEvent;)V java.desktop@11.0.11 (129 bytes) @ 0x000001a8a234a960 [0x000001a8a2349de0+0x0000000000000b80]
J 14946 c2 java.awt.Window.dispatchEventImpl(Ljava/awt/AWTEvent;)V java.desktop@11.0.11 (23 bytes) @ 0x000001a8a17f0a0c [0x000001a8a17f09c0+0x000000000000004c]
J 14536 c2 java.awt.EventQueue$4.run()Ljava/lang/Void; java.desktop@11.0.11 (60 bytes) @ 0x000001a8a201a2a4 [0x000001a8a201a100+0x00000000000001a4]
J 14456 c2 java.awt.EventQueue$4.run()Ljava/lang/Object; java.desktop@11.0.11 (5 bytes) @ 0x000001a8a1fe5554 [0x000001a8a1fe5520+0x0000000000000034]
v  ~StubRoutines::call_stub
J 4166  java.security.AccessController.doPrivileged(Ljava/security/PrivilegedAction;Ljava/security/AccessControlContext;)Ljava/lang/Object; java.base@11.0.11 (0 bytes) @ 0x000001a8a15a3bb6 [0x000001a8a15a3b40+0x0000000000000076]
J 14850 c2 java.awt.EventQueue$5.run()Ljava/lang/Object; java.desktop@11.0.11 (5 bytes) @ 0x000001a8a1791c74 [0x000001a8a1791a00+0x0000000000000274]
v  ~StubRoutines::call_stub
J 4166  java.security.AccessController.doPrivileged(Ljava/security/PrivilegedAction;Ljava/security/AccessControlContext;)Ljava/lang/Object; java.base@11.0.11 (0 bytes) @ 0x000001a8a15a3bb6 [0x000001a8a15a3b40+0x0000000000000076]
J 12979 c2 java.awt.EventQueue.dispatchEvent(Ljava/awt/AWTEvent;)V java.desktop@11.0.11 (80 bytes) @ 0x000001a8a1db9474 [0x000001a8a1db90c0+0x00000000000003b4]
J 15229 c2 ui.frmwork.a.d.dispatchEvent(Ljava/awt/AWTEvent;)V (42 bytes) @ 0x000001a8a20982e8 [0x000001a8a2098120+0x00000000000001c8]
J 19158 c2 java.awt.EventDispatchThread.pumpOneEventForFilters(I)V java.desktop@11.0.11 (113 bytes) @ 0x000001a8a1f221a4 [0x000001a8a1f22040+0x0000000000000164]
J 15680% c2 java.awt.EventDispatchThread.pumpEventsForFilter(ILjava/awt/Conditional;Ljava/awt/EventFilter;)V java.desktop@11.0.11 (47 bytes) @ 0x000001a8a21d02c0 [0x000001a8a21d01c0+0x0000000000000100]
j  java.awt.EventDispatchThread.pumpEventsForHierarchy(ILjava/awt/Conditional;Ljava/awt/Component;)V+11 java.desktop@11.0.11
j  java.awt.EventDispatchThread.pumpEvents(ILjava/awt/Conditional;)V+4 java.desktop@11.0.11
j  java.awt.EventDispatchThread.pumpEvents(Ljava/awt/Conditional;)V+3 java.desktop@11.0.11
j  java.awt.EventDispatchThread.run()V+9 java.desktop@11.0.11
v  ~StubRoutines::call_stub

siginfo: EXCEPTION_ACCESS_VIOLATION (0xc0000005), reading address 0x0000000000000000


Register to memory mapping:

RIP=0x00007ffa99113ff8 points into unknown readable memory: 0x8b48f775321c3842 | 42 38 1c 32 75 f7 48 8b
RAX=0x0 is NULL
RBX=0x0 is NULL
RCX=0x00000010fd6fa860 is pointing into the stack for thread: 0x000001a89116f800
RDX=0x0 is NULL
RSP=0x00000010fd6fa7c0 is pointing into the stack for thread: 0x000001a89116f800
RBP=0x00000010fd6fa930 is pointing into the stack for thread: 0x000001a89116f800
RSI=0x00000010fd6fa860 is pointing into the stack for thread: 0x000001a89116f800
RDI=0x00000010fd6faa08 is pointing into the stack for thread: 0x000001a89116f800
R8 =0x0 is NULL
R9 =0x00000010fd6fa890 is pointing into the stack for thread: 0x000001a89116f800
R10=0x00000010fd6fa870 is pointing into the stack for thread: 0x000001a89116f800
R11=0x9ebfffda9efffde3 is an unknown value
R12=0x00007ffa996af290 points into unknown readable memory: 0x000001a8c5ee7660 | 60 76 ee c5 a8 01 00 00
R13=0x000001a8cd17d690 points into unknown readable memory: 0x00007ffac7d18360 | 60 83 d1 c7 fa 7f 00 00
R14=0x0 is NULL
R15=0x0 is NULL


Registers:
RAX=0x0000000000000000, RBX=0x0000000000000000, RCX=0x00000010fd6fa860, RDX=0x0000000000000000
RSP=0x00000010fd6fa7c0, RBP=0x00000010fd6fa930, RSI=0x00000010fd6fa860, RDI=0x00000010fd6faa08
R8 =0x0000000000000000, R9 =0x00000010fd6fa890, R10=0x00000010fd6fa870, R11=0x9ebfffda9efffde3
R12=0x00007ffa996af290, R13=0x000001a8cd17d690, R14=0x0000000000000000, R15=0x0000000000000000
RIP=0x00007ffa99113ff8, EFLAGS=0x0000000000010256

Top of Stack: (sp=0x00000010fd6fa7c0)
0x00000010fd6fa7c0:   0000000000000001 00000010fd6fa868
0x00000010fd6fa7d0:   00000010fd6fa950 00007ffaab91d76b
0x00000010fd6fa7e0:   fffffffffffffffe 00000010fd6fa808
0x00000010fd6fa7f0:   00000010fd6faad0 00000010fd6faad0
0x00000010fd6fa800:   000001a8cd17dc10 00007ffa994f7408
0x00000010fd6fa810:   00007ffa996af290 00000010fd6faa08
0x00000010fd6fa820:   00007ffa99691008 00007ffa993343b7
0x00000010fd6fa830:   00000010fd6fa860 00000010fd6faad0
0x00000010fd6fa840:   00007ffa00000000 000001a800000000
0x00000010fd6fa850:   0000001000000002 fffffffffffffffe
0x00000010fd6fa860:   00007ffa994f7410 00007ffa994f7388
0x00000010fd6fa870:   0000000000000000 0000000000000000
0x00000010fd6fa880:   00000010fd6fa870 00000010fd6fa878
0x00000010fd6fa890:   0000000000000000 0000000000000000
0x00000010fd6fa8a0:   00000010fd6fa890 00000010fd6fa898
0x00000010fd6fa8b0:   0000000000000000 00000010fd6fa8b0 

Instructions: (pc=0x00007ffa99113ff8)
0x00007ffa99113ef8:   cc cc cc cc cc cc cc cc 89 51 18 c3 cc cc cc cc
0x00007ffa99113f08:   cc cc cc cc cc cc cc cc 89 51 28 c3 cc cc cc cc
0x00007ffa99113f18:   cc cc cc cc cc cc cc cc c2 00 00 cc cc cc cc cc
0x00007ffa99113f28:   cc cc cc cc cc cc cc cc 48 89 5c 24 08 57 48 83
0x00007ffa99113f38:   ec 20 48 8b f9 48 8b da 48 8b 49 08 e8 27 a7 30
0x00007ffa99113f48:   00 48 c7 47 08 00 00 00 00 48 85 db 74 3b 48 c7
0x00007ffa99113f58:   c1 ff ff ff ff 0f 1f 00 48 ff c1 80 3c 0b 00 75
0x00007ffa99113f68:   f7 48 ff c1 e8 f7 a6 30 00 48 89 47 08 66 66 66
0x00007ffa99113f78:   0f 1f 84 00 00 00 00 00 0f b6 0b 48 8d 5b 01 88
0x00007ffa99113f88:   08 48 8d 40 01 84 c9 75 ef 48 8b 5c 24 30 48 83
0x00007ffa99113f98:   c4 20 5f c3 cc cc cc cc 48 83 7a 18 10 4c 8b 42
0x00007ffa99113fa8:   10 72 03 48 8b 12 e9 3d 17 00 00 cc cc cc cc cc
0x00007ffa99113fb8:   cc cc cc cc cc cc cc cc 48 89 4c 24 08 56 57 41
0x00007ffa99113fc8:   54 41 56 41 57 48 83 ec 40 48 c7 44 24 20 fe ff
0x00007ffa99113fd8:   ff ff 48 89 5c 24 78 4c 8b fa 48 8b f1 33 db 89
0x00007ffa99113fe8:   9c 24 80 00 00 00 49 c7 c6 ff ff ff ff 49 ff c6
0x00007ffa99113ff8:   42 38 1c 32 75 f7 48 8b 09 48 63 41 04 48 8b 7c
0x00007ffa99114008:   30 28 48 85 ff 7e 0a 49 3b fe 7e 05 49 2b fe eb
0x00007ffa99114018:   02 33 ff 4c 8b e6 48 89 74 24 28 48 8b 54 30 48
0x00007ffa99114028:   4c 8b c1 48 85 d2 74 0f 48 8b 02 48 8b ca ff 50
0x00007ffa99114038:   08 48 8b 0e 4c 8b c1 4c 63 49 04 48 8b c1 49 8b
0x00007ffa99114048:   d0 41 83 7c 31 10 00 75 1e 4d 8b 4c 31 50 4d 85
0x00007ffa99114058:   c9 74 14 4c 3b ce 74 0f 49 8b c9 ff 15 af b3 3d
0x00007ffa99114068:   00 48 8b 06 48 8b d0 48 63 48 04 8b 44 31 10 85
0x00007ffa99114078:   c0 0f 94 44 24 30 85 c0 74 0a bb 04 00 00 00 e9
0x00007ffa99114088:   ac 00 00 00 8b 44 31 18 25 c0 01 00 00 83 f8 40
0x00007ffa99114098:   74 2f 66 0f 1f 44 00 00 48 85 ff 7e 21 48 8b 06
0x00007ffa991140a8:   48 63 48 04 0f b6 54 31 58 48 8b 4c 31 48 ff 15
0x00007ffa991140b8:   e4 b3 3d 00 83 f8 ff 74 48 48 ff cf eb da 48 8b
0x00007ffa991140c8:   16 48 63 4a 04 4d 8b c6 49 8b d7 48 8b 4c 31 48
0x00007ffa991140d8:   ff 15 ba b3 3d 00 49 3b c6 75 26 48 85 ff 7e 2d
0x00007ffa991140e8:   48 8b 06 48 63 48 04 0f b6 54 31 58 48 8b 4c 31 


Stack slot to memory mapping:
stack at sp + 0 slots: 0x0000000000000001 is an unknown value
stack at sp + 1 slots: 0x00000010fd6fa868 is pointing into the stack for thread: 0x000001a89116f800
stack at sp + 2 slots: 0x00000010fd6fa950 is pointing into the stack for thread: 0x000001a89116f800
stack at sp + 3 slots: 0x00007ffaab91d76b MSVCP140.dll
stack at sp + 4 slots: 0xfffffffffffffffe is an unknown value
stack at sp + 5 slots: 0x00000010fd6fa808 is pointing into the stack for thread: 0x000001a89116f800
stack at sp + 6 slots: 0x00000010fd6faad0 is pointing into the stack for thread: 0x000001a89116f800
stack at sp + 7 slots: 0x00000010fd6faad0 is pointing into the stack for thread: 0x000001a89116f800


---------------  P R O C E S S  ---------------

Threads class SMR info:
_java_thread_list=0x000001a8bc4466a0, length=30, elements={
0x000001a890e3d800, 0x000001a8910c9800, 0x000001a8910cd000, 0x000001a891135800,
0x000001a891136800, 0x000001a89113c000, 0x000001a891163800, 0x000001a891165800,
0x000001a89116c800, 0x000001a89116d800, 0x000001a89116f000, 0x000001a891171800,
0x000001a891170800, 0x000001a89116e000, 0x000001a89116f800, 0x000001a8b17d5800,
0x000001a8b17d4000, 0x000001a8b17da800, 0x000001a8b17db800, 0x000001a8b17d9000,
0x000001a8b17de000, 0x000001a8b17dd000, 0x000001a8b17de800, 0x000001a8b17d5000,
0x000001a8b17d7800, 0x000001a8b17e1000, 0x000001a891173000, 0x000001a8b89bf800,
0x000001a8b89bd000, 0x000001a8b89c0800
}

Java Threads: ( => current thread )
  0x000001a890e3d800 JavaThread "main" [_thread_blocked, id=14968, stack(0x00000010f8400000,0x00000010f8500000)]
  0x000001a8910c9800 JavaThread "Reference Handler" daemon [_thread_blocked, id=9972, stack(0x00000010f8b00000,0x00000010f9000000)]
  0x000001a8910cd000 JavaThread "Finalizer" daemon [_thread_blocked, id=10744, stack(0x00000010f9000000,0x00000010f9500000)]
  0x000001a891135800 JavaThread "Signal Dispatcher" daemon [_thread_blocked, id=12408, stack(0x00000010f9500000,0x00000010f9a00000)]
  0x000001a891136800 JavaThread "Attach Listener" daemon [_thread_blocked, id=15068, stack(0x00000010f9a00000,0x00000010f9f00000)]
  0x000001a89113c000 JavaThread "Service Thread" daemon [_thread_blocked, id=8380, stack(0x00000010f9f00000,0x00000010fa400000)]
  0x000001a891163800 JavaThread "C2 CompilerThread0" daemon [_thread_blocked, id=644, stack(0x00000010fa400000,0x00000010fa500000)]
  0x000001a891165800 JavaThread "C1 CompilerThread0" daemon [_thread_blocked, id=20692, stack(0x00000010fa500000,0x00000010fa600000)]
  0x000001a89116c800 JavaThread "Sweeper thread" daemon [_thread_blocked, id=14128, stack(0x00000010fa600000,0x00000010fab00000)]
  0x000001a89116d800 JavaThread "Common-Cleaner" daemon [_thread_blocked, id=12432, stack(0x00000010fab00000,0x00000010fb000000)]
  0x000001a89116f000 JavaThread "Java2D Disposer" daemon [_thread_blocked, id=11800, stack(0x00000010fb100000,0x00000010fb600000)]
  0x000001a891171800 JavaThread "AWT-Shutdown" [_thread_blocked, id=16980, stack(0x00000010fb600000,0x00000010fbb00000)]
  0x000001a891170800 JavaThread "AWT-Windows" daemon [_thread_in_native, id=13928, stack(0x00000010fbb00000,0x00000010fc000000)]
  0x000001a89116e000 JavaThread "TimerQueue" daemon [_thread_blocked, id=17752, stack(0x00000010fc800000,0x00000010fcd00000)]
=>0x000001a89116f800 JavaThread "AWT-EventQueue-0" [_thread_in_native, id=17060, stack(0x00000010fd200000,0x00000010fd700000)]
  0x000001a8b17d5800 JavaThread "Thread-1" [_thread_in_native, id=1680, stack(0x00000010f6c00000,0x00000010f8000000)]
  0x000001a8b17d4000 JavaThread "Process Messages Thread" [_thread_blocked, id=1052, stack(0x00000010fe000000,0x00000010fe500000)]
  0x000001a8b17da800 JavaThread "Batik CleanerThread" daemon [_thread_blocked, id=14848, stack(0x00000010fd700000,0x00000010fdc00000)]
  0x000001a8b17db800 JavaThread "SyntheticaCleanerThread" daemon [_thread_blocked, id=21204, stack(0x00000010fea00000,0x00000010fef00000)]
  0x000001a8b17d9000 JavaThread "Monitor HEventQueue Thread" [_thread_blocked, id=21116, stack(0x00000010ff900000,0x00000010ffe00000)]
  0x000001a8b17de000 JavaThread "SyntheticaAnimation 50" daemon [_thread_blocked, id=640, stack(0x0000001080000000,0x0000001080500000)]
  0x000001a8b17dd000 JavaThread "SyntheticaAnimation 25" daemon [_thread_blocked, id=20524, stack(0x0000001080500000,0x0000001080a00000)]
  0x000001a8b17de800 JavaThread "SyntheticaAnimation 70" daemon [_thread_blocked, id=14580, stack(0x0000001080f00000,0x0000001081400000)]
  0x000001a8b17d5000 JavaThread "Refresh Filesets Swing Worker Thread" [_thread_blocked, id=18844, stack(0x0000001081400000,0x0000001081900000)]
  0x000001a8b17d7800 JavaThread "hw_ila_monitor" [_thread_blocked, id=20668, stack(0x0000001081900000,0x0000001081e00000)]
  0x000001a8b17e1000 JavaThread "pool-1-thread-1" [_thread_blocked, id=12968, stack(0x0000001082a00000,0x0000001082f00000)]
  0x000001a891173000 JavaThread "pool-2-thread-1" [_thread_blocked, id=11508, stack(0x0000001082f00000,0x0000001083400000)]
  0x000001a8b89bf800 JavaThread "pool-3-thread-1" [_thread_blocked, id=7480, stack(0x0000001083400000,0x0000001083900000)]
  0x000001a8b89bd000 JavaThread "Update Runs Swing Worker Thread" [_thread_blocked, id=19784, stack(0x0000001083900000,0x0000001083e00000)]
  0x000001a8b89c0800 JavaThread "SyntheticaAnimation 50" daemon [_thread_blocked, id=8324, stack(0x0000001081e00000,0x0000001082300000)]

Other Threads:
  0x000001a8910c5800 VMThread "VM Thread" [stack: 0x00000010f8a00000,0x00000010f8b00000] [id=7316]
  0x000001a8af1f0800 WatcherThread [stack: 0x00000010fb000000,0x00000010fb100000] [id=20724]
  0x000001a890e51000 GCTaskThread "GC Thread#0" [stack: 0x00000010f8500000,0x00000010f8600000] [id=13992]
  0x000001a8afee0800 GCTaskThread "GC Thread#1" [stack: 0x00000010fc200000,0x00000010fc300000] [id=9220]
  0x000001a8afefc000 GCTaskThread "GC Thread#2" [stack: 0x00000010fc300000,0x00000010fc400000] [id=16688]
  0x000001a8afefd000 GCTaskThread "GC Thread#3" [stack: 0x00000010fc400000,0x00000010fc500000] [id=14748]
  0x000001a8afd25000 GCTaskThread "GC Thread#4" [stack: 0x00000010fc500000,0x00000010fc600000] [id=7080]
  0x000001a8afd25800 GCTaskThread "GC Thread#5" [stack: 0x00000010fc600000,0x00000010fc700000] [id=19348]
  0x000001a8b1d9b000 GCTaskThread "GC Thread#6" [stack: 0x00000010fdc00000,0x00000010fdd00000] [id=17212]
  0x000001a8b1aa0000 GCTaskThread "GC Thread#7" [stack: 0x00000010fdd00000,0x00000010fde00000] [id=13732]
  0x000001a8b1966800 GCTaskThread "GC Thread#8" [stack: 0x00000010fef00000,0x00000010ff000000] [id=6272]
  0x000001a8b2793000 GCTaskThread "GC Thread#9" [stack: 0x00000010ff000000,0x00000010ff100000] [id=2904]
  0x000001a890e8d800 ConcurrentGCThread "G1 Main Marker" [stack: 0x00000010f8600000,0x00000010f8700000] [id=15060]
  0x000001a890e91800 ConcurrentGCThread "G1 Conc#0" [stack: 0x00000010f8700000,0x00000010f8800000] [id=20452]
  0x000001a8b23fe000 ConcurrentGCThread "G1 Conc#1" [stack: 0x00000010fde00000,0x00000010fdf00000] [id=13700]
  0x000001a8b18c1000 ConcurrentGCThread "G1 Conc#2" [stack: 0x00000010fdf00000,0x00000010fe000000] [id=18284]
  0x000001a890f5e000 ConcurrentGCThread "G1 Refine#0" [stack: 0x00000010f8800000,0x00000010f8900000] [id=9340]
  0x000001a8b0ee1000 ConcurrentGCThread "G1 Refine#1" [stack: 0x00000010fc700000,0x00000010fc800000] [id=12520]
  0x000001a890f5f000 ConcurrentGCThread "G1 Young RemSet Sampling" [stack: 0x00000010f8900000,0x00000010f8a00000] [id=12048]

Threads with active compile tasks:

VM state:not at safepoint (normal execution)

VM Mutex/Monitor currently owned by a thread: None

Heap address: 0x0000000740000000, size: 3072 MB, Compressed Oops mode: Zero based, Oop shift amount: 3
Narrow klass base: 0x0000000800000000, Narrow klass shift: 0
Compressed class space size: 1073741824 Address: 0x0000000800000000

Heap:
 garbage-first heap   total 262144K, used 76418K [0x0000000740000000, 0x0000000800000000)
  region size 1024K, 5 young (5120K), 1 survivors (1024K)
 Metaspace       used 87509K, capacity 88977K, committed 90476K, reserved 1128448K
  class space    used 11076K, capacity 11722K, committed 12224K, reserved 1048576K
Heap Regions: E=young(eden), S=young(survivor), O=old, HS=humongous(starts), HC=humongous(continues), CS=collection set, F=free, A=archive, TAMS=top-at-mark-start (previous, next)
|   0|0x0000000740000000, 0x0000000740100000, 0x0000000740100000|100%|HS|  |TAMS 0x0000000740000000, 0x0000000740000000| Untracked 
|   1|0x0000000740100000, 0x0000000740200000, 0x0000000740200000|100%|HC|  |TAMS 0x0000000740100000, 0x0000000740100000| Untracked 
|   2|0x0000000740200000, 0x0000000740300000, 0x0000000740300000|100%|HS|  |TAMS 0x0000000740200000, 0x0000000740200000| Untracked 
|   3|0x0000000740300000, 0x0000000740400000, 0x0000000740400000|100%| O|  |TAMS 0x0000000740300000, 0x0000000740300000| Untracked 
|   4|0x0000000740400000, 0x0000000740500000, 0x0000000740500000|100%| O|  |TAMS 0x0000000740400000, 0x0000000740400000| Untracked 
|   5|0x0000000740500000, 0x00000007405fffd8, 0x0000000740600000| 99%| O|  |TAMS 0x0000000740500000, 0x0000000740500000| Untracked 
|   6|0x0000000740600000, 0x00000007406ffff8, 0x0000000740700000| 99%| O|  |TAMS 0x0000000740600000, 0x0000000740600000| Untracked 
|   7|0x0000000740700000, 0x00000007407fffc8, 0x0000000740800000| 99%| O|  |TAMS 0x0000000740700000, 0x0000000740700000| Untracked 
|   8|0x0000000740800000, 0x00000007408ffff0, 0x0000000740900000| 99%| O|  |TAMS 0x0000000740800000, 0x0000000740800000| Untracked 
|   9|0x0000000740900000, 0x00000007409ffff0, 0x0000000740a00000| 99%| O|  |TAMS 0x0000000740900000, 0x0000000740900000| Untracked 
|  10|0x0000000740a00000, 0x0000000740b00000, 0x0000000740b00000|100%| O|  |TAMS 0x0000000740a00000, 0x0000000740a00000| Untracked 
|  11|0x0000000740b00000, 0x0000000740c00000, 0x0000000740c00000|100%| O|  |TAMS 0x0000000740b00000, 0x0000000740b00000| Untracked 
|  12|0x0000000740c00000, 0x0000000740cffff0, 0x0000000740d00000| 99%| O|  |TAMS 0x0000000740c00000, 0x0000000740c00000| Untracked 
|  13|0x0000000740d00000, 0x0000000740dfffd8, 0x0000000740e00000| 99%| O|  |TAMS 0x0000000740d00000, 0x0000000740d00000| Untracked 
|  14|0x0000000740e00000, 0x0000000740efffe0, 0x0000000740f00000| 99%| O|  |TAMS 0x0000000740e00000, 0x0000000740e00000| Untracked 
|  15|0x0000000740f00000, 0x0000000740ffa628, 0x0000000741000000| 97%| O|  |TAMS 0x0000000740f00000, 0x0000000740f00000| Untracked 
|  16|0x0000000741000000, 0x00000007410ffff8, 0x0000000741100000| 99%| O|  |TAMS 0x0000000741000000, 0x0000000741000000| Untracked 
|  17|0x0000000741100000, 0x00000007411ffff0, 0x0000000741200000| 99%| O|  |TAMS 0x0000000741100000, 0x0000000741100000| Untracked 
|  18|0x0000000741200000, 0x00000007412fff08, 0x0000000741300000| 99%| O|  |TAMS 0x0000000741200000, 0x0000000741200000| Untracked 
|  19|0x0000000741300000, 0x00000007413fffe8, 0x0000000741400000| 99%| O|  |TAMS 0x0000000741300000, 0x0000000741300000| Untracked 
|  20|0x0000000741400000, 0x00000007414ffff8, 0x0000000741500000| 99%| O|  |TAMS 0x0000000741400000, 0x0000000741400000| Untracked 
|  21|0x0000000741500000, 0x00000007415ffff8, 0x0000000741600000| 99%| O|  |TAMS 0x0000000741500000, 0x0000000741500000| Untracked 
|  22|0x0000000741600000, 0x0000000741700000, 0x0000000741700000|100%| O|  |TAMS 0x0000000741600000, 0x0000000741600000| Untracked 
|  23|0x0000000741700000, 0x00000007417ffff8, 0x0000000741800000| 99%| O|  |TAMS 0x0000000741700000, 0x0000000741700000| Untracked 
|  24|0x0000000741800000, 0x00000007418ffff0, 0x0000000741900000| 99%| O|  |TAMS 0x0000000741800000, 0x0000000741800000| Untracked 
|  25|0x0000000741900000, 0x00000007419ffff0, 0x0000000741a00000| 99%| O|  |TAMS 0x0000000741900000, 0x0000000741900000| Untracked 
|  26|0x0000000741a00000, 0x0000000741afffe8, 0x0000000741b00000| 99%| O|  |TAMS 0x0000000741a00000, 0x0000000741a00000| Untracked 
|  27|0x0000000741b00000, 0x0000000741bfffe0, 0x0000000741c00000| 99%| O|  |TAMS 0x0000000741b00000, 0x0000000741b00000| Untracked 
|  28|0x0000000741c00000, 0x0000000741cffff0, 0x0000000741d00000| 99%| O|  |TAMS 0x0000000741c00000, 0x0000000741c00000| Untracked 
|  29|0x0000000741d00000, 0x0000000741dfffa8, 0x0000000741e00000| 99%| O|  |TAMS 0x0000000741d00000, 0x0000000741d00000| Untracked 
|  30|0x0000000741e00000, 0x0000000741effff8, 0x0000000741f00000| 99%| O|  |TAMS 0x0000000741e00000, 0x0000000741e00000| Untracked 
|  31|0x0000000741f00000, 0x0000000742000000, 0x0000000742000000|100%| O|  |TAMS 0x0000000741f00000, 0x0000000741f00000| Untracked 
|  32|0x0000000742000000, 0x00000007420ffff0, 0x0000000742100000| 99%| O|  |TAMS 0x0000000742000000, 0x0000000742000000| Untracked 
|  33|0x0000000742100000, 0x00000007421ffff0, 0x0000000742200000| 99%| O|  |TAMS 0x0000000742100000, 0x0000000742100000| Untracked 
|  34|0x0000000742200000, 0x0000000742300000, 0x0000000742300000|100%| O|  |TAMS 0x0000000742200000, 0x0000000742200000| Untracked 
|  35|0x0000000742300000, 0x00000007423ffff8, 0x0000000742400000| 99%| O|  |TAMS 0x0000000742300000, 0x0000000742300000| Untracked 
|  36|0x0000000742400000, 0x00000007424ffff8, 0x0000000742500000| 99%| O|  |TAMS 0x0000000742400000, 0x0000000742400000| Untracked 
|  37|0x0000000742500000, 0x0000000742600000, 0x0000000742600000|100%| O|  |TAMS 0x0000000742500000, 0x0000000742500000| Untracked 
|  38|0x0000000742600000, 0x00000007426ffff8, 0x0000000742700000| 99%| O|  |TAMS 0x0000000742600000, 0x0000000742600000| Untracked 
|  39|0x0000000742700000, 0x00000007427fffc0, 0x0000000742800000| 99%| O|  |TAMS 0x0000000742700000, 0x0000000742700000| Untracked 
|  40|0x0000000742800000, 0x00000007428fffe8, 0x0000000742900000| 99%| O|  |TAMS 0x0000000742800000, 0x0000000742800000| Untracked 
|  41|0x0000000742900000, 0x0000000742a00000, 0x0000000742a00000|100%| O|  |TAMS 0x0000000742900000, 0x0000000742900000| Untracked 
|  42|0x0000000742a00000, 0x0000000742b00000, 0x0000000742b00000|100%| O|  |TAMS 0x0000000742a00000, 0x0000000742a00000| Untracked 
|  43|0x0000000742b00000, 0x0000000742bfffe8, 0x0000000742c00000| 99%| O|  |TAMS 0x0000000742b00000, 0x0000000742b00000| Untracked 
|  44|0x0000000742c00000, 0x0000000742cffff0, 0x0000000742d00000| 99%| O|  |TAMS 0x0000000742c00000, 0x0000000742c00000| Untracked 
|  45|0x0000000742d00000, 0x0000000742dff740, 0x0000000742e00000| 99%| O|  |TAMS 0x0000000742d00000, 0x0000000742d00000| Untracked 
|  46|0x0000000742e00000, 0x0000000742effff8, 0x0000000742f00000| 99%| O|  |TAMS 0x0000000742e00000, 0x0000000742e00000| Untracked 
|  47|0x0000000742f00000, 0x0000000742ffff00, 0x0000000743000000| 99%| O|  |TAMS 0x0000000742f00000, 0x0000000742f00000| Untracked 
|  48|0x0000000743000000, 0x0000000743100000, 0x0000000743100000|100%| O|  |TAMS 0x0000000743000000, 0x0000000743000000| Untracked 
|  49|0x0000000743100000, 0x00000007431ffff0, 0x0000000743200000| 99%| O|  |TAMS 0x0000000743100000, 0x0000000743100000| Untracked 
|  50|0x0000000743200000, 0x00000007432ffff0, 0x0000000743300000| 99%| O|  |TAMS 0x0000000743200000, 0x0000000743200000| Untracked 
|  51|0x0000000743300000, 0x00000007433ffff0, 0x0000000743400000| 99%| O|  |TAMS 0x0000000743300000, 0x0000000743300000| Untracked 
|  52|0x0000000743400000, 0x00000007434ffff8, 0x0000000743500000| 99%| O|  |TAMS 0x0000000743400000, 0x0000000743400000| Untracked 
|  53|0x0000000743500000, 0x00000007435fbbf8, 0x0000000743600000| 98%| O|  |TAMS 0x0000000743500000, 0x0000000743500000| Untracked 
|  54|0x0000000743600000, 0x00000007436fffe8, 0x0000000743700000| 99%| O|  |TAMS 0x0000000743600000, 0x0000000743600000| Untracked 
|  55|0x0000000743700000, 0x00000007437ffff8, 0x0000000743800000| 99%| O|  |TAMS 0x0000000743700000, 0x0000000743700000| Untracked 
|  56|0x0000000743800000, 0x0000000743895af8, 0x0000000743900000| 58%| O|  |TAMS 0x0000000743800000, 0x0000000743800000| Untracked 
|  57|0x0000000743900000, 0x00000007439b6bb0, 0x0000000743a00000| 71%| O|  |TAMS 0x0000000743900000, 0x0000000743900000| Untracked 
|  58|0x0000000743a00000, 0x0000000743a69128, 0x0000000743b00000| 41%| O|  |TAMS 0x0000000743a00000, 0x0000000743a00000| Untracked 
|  59|0x0000000743b00000, 0x0000000743bebd30, 0x0000000743c00000| 92%| O|  |TAMS 0x0000000743b00000, 0x0000000743b00000| Untracked 
|  60|0x0000000743c00000, 0x0000000743c00000, 0x0000000743d00000|  0%| F|  |TAMS 0x0000000743c00000, 0x0000000743c00000| Untracked 
|  61|0x0000000743d00000, 0x0000000743d00000, 0x0000000743e00000|  0%| F|  |TAMS 0x0000000743d00000, 0x0000000743d00000| Untracked 
|  62|0x0000000743e00000, 0x0000000743e00000, 0x0000000743f00000|  0%| F|  |TAMS 0x0000000743e00000, 0x0000000743e00000| Untracked 
|  63|0x0000000743f00000, 0x0000000743f00000, 0x0000000744000000|  0%| F|  |TAMS 0x0000000743f00000, 0x0000000743f00000| Untracked 
|  64|0x0000000744000000, 0x0000000744000000, 0x0000000744100000|  0%| F|  |TAMS 0x0000000744000000, 0x0000000744000000| Untracked 
|  65|0x0000000744100000, 0x0000000744100000, 0x0000000744200000|  0%| F|  |TAMS 0x0000000744100000, 0x0000000744100000| Untracked 
|  66|0x0000000744200000, 0x0000000744200000, 0x0000000744300000|  0%| F|  |TAMS 0x0000000744200000, 0x0000000744200000| Untracked 
|  67|0x0000000744300000, 0x0000000744305168, 0x0000000744400000|  1%| O|  |TAMS 0x0000000744300000, 0x0000000744300000| Untracked 
|  68|0x0000000744400000, 0x0000000744400000, 0x0000000744500000|  0%| F|  |TAMS 0x0000000744400000, 0x0000000744400000| Untracked 
|  69|0x0000000744500000, 0x0000000744500000, 0x0000000744600000|  0%| F|  |TAMS 0x0000000744500000, 0x0000000744500000| Untracked 
|  70|0x0000000744600000, 0x0000000744600000, 0x0000000744700000|  0%| F|  |TAMS 0x0000000744600000, 0x0000000744600000| Untracked 
|  71|0x0000000744700000, 0x0000000744800000, 0x0000000744800000|100%|HS|  |TAMS 0x0000000744700000, 0x0000000744700000| Untracked 
|  72|0x0000000744800000, 0x0000000744900000, 0x0000000744900000|100%|HC|  |TAMS 0x0000000744800000, 0x0000000744800000| Untracked 
|  73|0x0000000744900000, 0x0000000744a00000, 0x0000000744a00000|100%|HC|  |TAMS 0x0000000744900000, 0x0000000744900000| Untracked 
|  74|0x0000000744a00000, 0x0000000744b00000, 0x0000000744b00000|100%|HC|  |TAMS 0x0000000744a00000, 0x0000000744a00000| Untracked 
|  75|0x0000000744b00000, 0x0000000744c00000, 0x0000000744c00000|100%|HC|  |TAMS 0x0000000744b00000, 0x0000000744b00000| Untracked 
|  76|0x0000000744c00000, 0x0000000744d00000, 0x0000000744d00000|100%|HC|  |TAMS 0x0000000744c00000, 0x0000000744c00000| Untracked 
|  77|0x0000000744d00000, 0x0000000744e00000, 0x0000000744e00000|100%|HC|  |TAMS 0x0000000744d00000, 0x0000000744d00000| Untracked 
|  78|0x0000000744e00000, 0x0000000744f00000, 0x0000000744f00000|100%|HC|  |TAMS 0x0000000744e00000, 0x0000000744e00000| Untracked 
|  79|0x0000000744f00000, 0x0000000744f00000, 0x0000000745000000|  0%| F|  |TAMS 0x0000000744f00000, 0x0000000744f00000| Untracked 
|  80|0x0000000745000000, 0x0000000745000000, 0x0000000745100000|  0%| F|  |TAMS 0x0000000745000000, 0x0000000745000000| Untracked 
|  81|0x0000000745100000, 0x0000000745100000, 0x0000000745200000|  0%| F|  |TAMS 0x0000000745100000, 0x0000000745100000| Untracked 
|  82|0x0000000745200000, 0x0000000745200000, 0x0000000745300000|  0%| F|  |TAMS 0x0000000745200000, 0x0000000745200000| Untracked 
|  83|0x0000000745300000, 0x0000000745300000, 0x0000000745400000|  0%| F|  |TAMS 0x0000000745300000, 0x0000000745300000| Untracked 
|  84|0x0000000745400000, 0x0000000745400000, 0x0000000745500000|  0%| F|  |TAMS 0x0000000745400000, 0x0000000745400000| Untracked 
|  85|0x0000000745500000, 0x0000000745500000, 0x0000000745600000|  0%| F|  |TAMS 0x0000000745500000, 0x0000000745500000| Untracked 
|  86|0x0000000745600000, 0x0000000745600000, 0x0000000745700000|  0%| F|  |TAMS 0x0000000745600000, 0x0000000745600000| Untracked 
|  87|0x0000000745700000, 0x0000000745700000, 0x0000000745800000|  0%| F|  |TAMS 0x0000000745700000, 0x0000000745700000| Untracked 
|  88|0x0000000745800000, 0x0000000745800000, 0x0000000745900000|  0%| F|  |TAMS 0x0000000745800000, 0x0000000745800000| Untracked 
|  89|0x0000000745900000, 0x0000000745900000, 0x0000000745a00000|  0%| F|  |TAMS 0x0000000745900000, 0x0000000745900000| Untracked 
|  90|0x0000000745a00000, 0x0000000745a00000, 0x0000000745b00000|  0%| F|  |TAMS 0x0000000745a00000, 0x0000000745a00000| Untracked 
|  91|0x0000000745b00000, 0x0000000745b00000, 0x0000000745c00000|  0%| F|  |TAMS 0x0000000745b00000, 0x0000000745b00000| Untracked 
|  92|0x0000000745c00000, 0x0000000745c00000, 0x0000000745d00000|  0%| F|  |TAMS 0x0000000745c00000, 0x0000000745c00000| Untracked 
|  93|0x0000000745d00000, 0x0000000745d00000, 0x0000000745e00000|  0%| F|  |TAMS 0x0000000745d00000, 0x0000000745d00000| Untracked 
|  94|0x0000000745e00000, 0x0000000745e00000, 0x0000000745f00000|  0%| F|  |TAMS 0x0000000745e00000, 0x0000000745e00000| Untracked 
|  95|0x0000000745f00000, 0x0000000746000000, 0x0000000746000000|100%|HS|  |TAMS 0x0000000745f00000, 0x0000000745f00000| Untracked 
|  96|0x0000000746000000, 0x0000000746100000, 0x0000000746100000|100%|HC|  |TAMS 0x0000000746000000, 0x0000000746000000| Untracked 
|  97|0x0000000746100000, 0x0000000746200000, 0x0000000746200000|100%|HC|  |TAMS 0x0000000746100000, 0x0000000746100000| Untracked 
|  98|0x0000000746200000, 0x0000000746300000, 0x0000000746300000|100%|HC|  |TAMS 0x0000000746200000, 0x0000000746200000| Untracked 
|  99|0x0000000746300000, 0x0000000746316b18, 0x0000000746400000|  8%| O|  |TAMS 0x0000000746300000, 0x0000000746300000| Untracked 
| 100|0x0000000746400000, 0x0000000746400000, 0x0000000746500000|  0%| F|  |TAMS 0x0000000746400000, 0x0000000746400000| Untracked 
| 101|0x0000000746500000, 0x0000000746500000, 0x0000000746600000|  0%| F|  |TAMS 0x0000000746500000, 0x0000000746500000| Untracked 
| 102|0x0000000746600000, 0x0000000746600000, 0x0000000746700000|  0%| F|  |TAMS 0x0000000746600000, 0x0000000746600000| Untracked 
| 103|0x0000000746700000, 0x0000000746700000, 0x0000000746800000|  0%| F|  |TAMS 0x0000000746700000, 0x0000000746700000| Untracked 
| 104|0x0000000746800000, 0x0000000746800000, 0x0000000746900000|  0%| F|  |TAMS 0x0000000746800000, 0x0000000746800000| Untracked 
| 105|0x0000000746900000, 0x0000000746900000, 0x0000000746a00000|  0%| F|  |TAMS 0x0000000746900000, 0x0000000746900000| Untracked 
| 106|0x0000000746a00000, 0x0000000746a00000, 0x0000000746b00000|  0%| F|  |TAMS 0x0000000746a00000, 0x0000000746a00000| Untracked 
| 107|0x0000000746b00000, 0x0000000746b00000, 0x0000000746c00000|  0%| F|  |TAMS 0x0000000746b00000, 0x0000000746b00000| Untracked 
| 108|0x0000000746c00000, 0x0000000746c00000, 0x0000000746d00000|  0%| F|  |TAMS 0x0000000746c00000, 0x0000000746c00000| Untracked 
| 109|0x0000000746d00000, 0x0000000746d00000, 0x0000000746e00000|  0%| F|  |TAMS 0x0000000746d00000, 0x0000000746d00000| Untracked 
| 110|0x0000000746e00000, 0x0000000746e00000, 0x0000000746f00000|  0%| F|  |TAMS 0x0000000746e00000, 0x0000000746e00000| Untracked 
| 111|0x0000000746f00000, 0x0000000746f00000, 0x0000000747000000|  0%| F|  |TAMS 0x0000000746f00000, 0x0000000746f00000| Untracked 
| 112|0x0000000747000000, 0x0000000747000000, 0x0000000747100000|  0%| F|  |TAMS 0x0000000747000000, 0x0000000747000000| Untracked 
| 113|0x0000000747100000, 0x0000000747100000, 0x0000000747200000|  0%| F|  |TAMS 0x0000000747100000, 0x0000000747100000| Untracked 
| 114|0x0000000747200000, 0x0000000747200000, 0x0000000747300000|  0%| F|  |TAMS 0x0000000747200000, 0x0000000747200000| Untracked 
| 115|0x0000000747300000, 0x0000000747300000, 0x0000000747400000|  0%| F|  |TAMS 0x0000000747300000, 0x0000000747300000| Untracked 
| 116|0x0000000747400000, 0x0000000747400000, 0x0000000747500000|  0%| F|  |TAMS 0x0000000747400000, 0x0000000747400000| Untracked 
| 117|0x0000000747500000, 0x0000000747500000, 0x0000000747600000|  0%| F|  |TAMS 0x0000000747500000, 0x0000000747500000| Untracked 
| 118|0x0000000747600000, 0x0000000747600000, 0x0000000747700000|  0%| F|  |TAMS 0x0000000747600000, 0x0000000747600000| Untracked 
| 119|0x0000000747700000, 0x0000000747700000, 0x0000000747800000|  0%| F|  |TAMS 0x0000000747700000, 0x0000000747700000| Untracked 
| 120|0x0000000747800000, 0x0000000747800000, 0x0000000747900000|  0%| F|  |TAMS 0x0000000747800000, 0x0000000747800000| Untracked 
| 121|0x0000000747900000, 0x0000000747900000, 0x0000000747a00000|  0%| F|  |TAMS 0x0000000747900000, 0x0000000747900000| Untracked 
| 122|0x0000000747a00000, 0x0000000747a00000, 0x0000000747b00000|  0%| F|  |TAMS 0x0000000747a00000, 0x0000000747a00000| Untracked 
| 123|0x0000000747b00000, 0x0000000747b00000, 0x0000000747c00000|  0%| F|  |TAMS 0x0000000747b00000, 0x0000000747b00000| Untracked 
| 124|0x0000000747c00000, 0x0000000747c00000, 0x0000000747d00000|  0%| F|  |TAMS 0x0000000747c00000, 0x0000000747c00000| Untracked 
| 125|0x0000000747d00000, 0x0000000747d00000, 0x0000000747e00000|  0%| F|  |TAMS 0x0000000747d00000, 0x0000000747d00000| Untracked 
| 126|0x0000000747e00000, 0x0000000747e00000, 0x0000000747f00000|  0%| F|  |TAMS 0x0000000747e00000, 0x0000000747e00000| Untracked 
| 127|0x0000000747f00000, 0x0000000747f00000, 0x0000000748000000|  0%| F|  |TAMS 0x0000000747f00000, 0x0000000747f00000| Untracked 
| 128|0x0000000748000000, 0x0000000748000000, 0x0000000748100000|  0%| F|  |TAMS 0x0000000748000000, 0x0000000748000000| Untracked 
| 129|0x0000000748100000, 0x0000000748100000, 0x0000000748200000|  0%| F|  |TAMS 0x0000000748100000, 0x0000000748100000| Untracked 
| 130|0x0000000748200000, 0x0000000748200000, 0x0000000748300000|  0%| F|  |TAMS 0x0000000748200000, 0x0000000748200000| Untracked 
| 131|0x0000000748300000, 0x0000000748300000, 0x0000000748400000|  0%| F|  |TAMS 0x0000000748300000, 0x0000000748300000| Untracked 
| 132|0x0000000748400000, 0x0000000748400000, 0x0000000748500000|  0%| F|  |TAMS 0x0000000748400000, 0x0000000748400000| Untracked 
| 133|0x0000000748500000, 0x0000000748500000, 0x0000000748600000|  0%| F|  |TAMS 0x0000000748500000, 0x0000000748500000| Untracked 
| 134|0x0000000748600000, 0x0000000748600000, 0x0000000748700000|  0%| F|  |TAMS 0x0000000748600000, 0x0000000748600000| Untracked 
| 135|0x0000000748700000, 0x0000000748700000, 0x0000000748800000|  0%| F|  |TAMS 0x0000000748700000, 0x0000000748700000| Untracked 
| 136|0x0000000748800000, 0x0000000748800000, 0x0000000748900000|  0%| F|  |TAMS 0x0000000748800000, 0x0000000748800000| Untracked 
| 137|0x0000000748900000, 0x0000000748900000, 0x0000000748a00000|  0%| F|  |TAMS 0x0000000748900000, 0x0000000748900000| Untracked 
| 138|0x0000000748a00000, 0x0000000748a00000, 0x0000000748b00000|  0%| F|  |TAMS 0x0000000748a00000, 0x0000000748a00000| Untracked 
| 139|0x0000000748b00000, 0x0000000748b00000, 0x0000000748c00000|  0%| F|  |TAMS 0x0000000748b00000, 0x0000000748b00000| Untracked 
| 140|0x0000000748c00000, 0x0000000748c00000, 0x0000000748d00000|  0%| F|  |TAMS 0x0000000748c00000, 0x0000000748c00000| Untracked 
| 141|0x0000000748d00000, 0x0000000748d00000, 0x0000000748e00000|  0%| F|  |TAMS 0x0000000748d00000, 0x0000000748d00000| Untracked 
| 142|0x0000000748e00000, 0x0000000748e00000, 0x0000000748f00000|  0%| F|  |TAMS 0x0000000748e00000, 0x0000000748e00000| Untracked 
| 143|0x0000000748f00000, 0x0000000748f00000, 0x0000000749000000|  0%| F|  |TAMS 0x0000000748f00000, 0x0000000748f00000| Untracked 
| 144|0x0000000749000000, 0x0000000749000000, 0x0000000749100000|  0%| F|  |TAMS 0x0000000749000000, 0x0000000749000000| Untracked 
| 145|0x0000000749100000, 0x0000000749100000, 0x0000000749200000|  0%| F|  |TAMS 0x0000000749100000, 0x0000000749100000| Untracked 
| 146|0x0000000749200000, 0x0000000749200000, 0x0000000749300000|  0%| F|  |TAMS 0x0000000749200000, 0x0000000749200000| Untracked 
| 147|0x0000000749300000, 0x0000000749300000, 0x0000000749400000|  0%| F|  |TAMS 0x0000000749300000, 0x0000000749300000| Untracked 
| 148|0x0000000749400000, 0x0000000749400000, 0x0000000749500000|  0%| F|  |TAMS 0x0000000749400000, 0x0000000749400000| Untracked 
| 149|0x0000000749500000, 0x0000000749500000, 0x0000000749600000|  0%| F|  |TAMS 0x0000000749500000, 0x0000000749500000| Untracked 
| 150|0x0000000749600000, 0x0000000749600000, 0x0000000749700000|  0%| F|  |TAMS 0x0000000749600000, 0x0000000749600000| Untracked 
| 151|0x0000000749700000, 0x0000000749700000, 0x0000000749800000|  0%| F|  |TAMS 0x0000000749700000, 0x0000000749700000| Untracked 
| 152|0x0000000749800000, 0x0000000749800000, 0x0000000749900000|  0%| F|  |TAMS 0x0000000749800000, 0x0000000749800000| Untracked 
| 153|0x0000000749900000, 0x0000000749900000, 0x0000000749a00000|  0%| F|  |TAMS 0x0000000749900000, 0x0000000749900000| Untracked 
| 154|0x0000000749a00000, 0x0000000749a00000, 0x0000000749b00000|  0%| F|  |TAMS 0x0000000749a00000, 0x0000000749a00000| Untracked 
| 155|0x0000000749b00000, 0x0000000749b00000, 0x0000000749c00000|  0%| F|  |TAMS 0x0000000749b00000, 0x0000000749b00000| Untracked 
| 156|0x0000000749c00000, 0x0000000749c00000, 0x0000000749d00000|  0%| F|  |TAMS 0x0000000749c00000, 0x0000000749c00000| Untracked 
| 157|0x0000000749d00000, 0x0000000749d00000, 0x0000000749e00000|  0%| F|  |TAMS 0x0000000749d00000, 0x0000000749d00000| Untracked 
| 158|0x0000000749e00000, 0x0000000749e00000, 0x0000000749f00000|  0%| F|  |TAMS 0x0000000749e00000, 0x0000000749e00000| Untracked 
| 159|0x0000000749f00000, 0x0000000749f00000, 0x000000074a000000|  0%| F|  |TAMS 0x0000000749f00000, 0x0000000749f00000| Untracked 
| 160|0x000000074a000000, 0x000000074a000000, 0x000000074a100000|  0%| F|  |TAMS 0x000000074a000000, 0x000000074a000000| Untracked 
| 161|0x000000074a100000, 0x000000074a100000, 0x000000074a200000|  0%| F|  |TAMS 0x000000074a100000, 0x000000074a100000| Untracked 
| 162|0x000000074a200000, 0x000000074a200000, 0x000000074a300000|  0%| F|  |TAMS 0x000000074a200000, 0x000000074a200000| Untracked 
| 163|0x000000074a300000, 0x000000074a300000, 0x000000074a400000|  0%| F|  |TAMS 0x000000074a300000, 0x000000074a300000| Untracked 
| 164|0x000000074a400000, 0x000000074a400000, 0x000000074a500000|  0%| F|  |TAMS 0x000000074a400000, 0x000000074a400000| Untracked 
| 165|0x000000074a500000, 0x000000074a500000, 0x000000074a600000|  0%| F|  |TAMS 0x000000074a500000, 0x000000074a500000| Untracked 
| 166|0x000000074a600000, 0x000000074a600000, 0x000000074a700000|  0%| F|  |TAMS 0x000000074a600000, 0x000000074a600000| Untracked 
| 167|0x000000074a700000, 0x000000074a700000, 0x000000074a800000|  0%| F|  |TAMS 0x000000074a700000, 0x000000074a700000| Untracked 
| 168|0x000000074a800000, 0x000000074a800000, 0x000000074a900000|  0%| F|  |TAMS 0x000000074a800000, 0x000000074a800000| Untracked 
| 169|0x000000074a900000, 0x000000074a900000, 0x000000074aa00000|  0%| F|  |TAMS 0x000000074a900000, 0x000000074a900000| Untracked 
| 170|0x000000074aa00000, 0x000000074aa00000, 0x000000074ab00000|  0%| F|  |TAMS 0x000000074aa00000, 0x000000074aa00000| Untracked 
| 171|0x000000074ab00000, 0x000000074ab00000, 0x000000074ac00000|  0%| F|  |TAMS 0x000000074ab00000, 0x000000074ab00000| Untracked 
| 172|0x000000074ac00000, 0x000000074ac00000, 0x000000074ad00000|  0%| F|  |TAMS 0x000000074ac00000, 0x000000074ac00000| Untracked 
| 173|0x000000074ad00000, 0x000000074ad00000, 0x000000074ae00000|  0%| F|  |TAMS 0x000000074ad00000, 0x000000074ad00000| Untracked 
| 174|0x000000074ae00000, 0x000000074ae00000, 0x000000074af00000|  0%| F|  |TAMS 0x000000074ae00000, 0x000000074ae00000| Untracked 
| 175|0x000000074af00000, 0x000000074af00000, 0x000000074b000000|  0%| F|  |TAMS 0x000000074af00000, 0x000000074af00000| Untracked 
| 176|0x000000074b000000, 0x000000074b000000, 0x000000074b100000|  0%| F|  |TAMS 0x000000074b000000, 0x000000074b000000| Untracked 
| 177|0x000000074b100000, 0x000000074b100000, 0x000000074b200000|  0%| F|  |TAMS 0x000000074b100000, 0x000000074b100000| Untracked 
| 178|0x000000074b200000, 0x000000074b200000, 0x000000074b300000|  0%| F|  |TAMS 0x000000074b200000, 0x000000074b200000| Untracked 
| 179|0x000000074b300000, 0x000000074b300000, 0x000000074b400000|  0%| F|  |TAMS 0x000000074b300000, 0x000000074b300000| Untracked 
| 180|0x000000074b400000, 0x000000074b400000, 0x000000074b500000|  0%| F|  |TAMS 0x000000074b400000, 0x000000074b400000| Untracked 
| 181|0x000000074b500000, 0x000000074b500000, 0x000000074b600000|  0%| F|  |TAMS 0x000000074b500000, 0x000000074b500000| Untracked 
| 182|0x000000074b600000, 0x000000074b600000, 0x000000074b700000|  0%| F|  |TAMS 0x000000074b600000, 0x000000074b600000| Untracked 
| 183|0x000000074b700000, 0x000000074b700000, 0x000000074b800000|  0%| F|  |TAMS 0x000000074b700000, 0x000000074b700000| Untracked 
| 184|0x000000074b800000, 0x000000074b800000, 0x000000074b900000|  0%| F|  |TAMS 0x000000074b800000, 0x000000074b800000| Untracked 
| 185|0x000000074b900000, 0x000000074b900000, 0x000000074ba00000|  0%| F|  |TAMS 0x000000074b900000, 0x000000074b900000| Untracked 
| 186|0x000000074ba00000, 0x000000074ba00000, 0x000000074bb00000|  0%| F|  |TAMS 0x000000074ba00000, 0x000000074ba00000| Untracked 
| 187|0x000000074bb00000, 0x000000074bb00000, 0x000000074bc00000|  0%| F|  |TAMS 0x000000074bb00000, 0x000000074bb00000| Untracked 
| 188|0x000000074bc00000, 0x000000074bc00000, 0x000000074bd00000|  0%| F|  |TAMS 0x000000074bc00000, 0x000000074bc00000| Untracked 
| 189|0x000000074bd00000, 0x000000074bd00000, 0x000000074be00000|  0%| F|  |TAMS 0x000000074bd00000, 0x000000074bd00000| Untracked 
| 190|0x000000074be00000, 0x000000074be00000, 0x000000074bf00000|  0%| F|  |TAMS 0x000000074be00000, 0x000000074be00000| Untracked 
| 191|0x000000074bf00000, 0x000000074bf00000, 0x000000074c000000|  0%| F|  |TAMS 0x000000074bf00000, 0x000000074bf00000| Untracked 
| 192|0x000000074c000000, 0x000000074c000000, 0x000000074c100000|  0%| F|  |TAMS 0x000000074c000000, 0x000000074c000000| Untracked 
| 193|0x000000074c100000, 0x000000074c100000, 0x000000074c200000|  0%| F|  |TAMS 0x000000074c100000, 0x000000074c100000| Untracked 
| 194|0x000000074c200000, 0x000000074c200000, 0x000000074c300000|  0%| F|  |TAMS 0x000000074c200000, 0x000000074c200000| Untracked 
| 195|0x000000074c300000, 0x000000074c3ee328, 0x000000074c400000| 93%| S|CS|TAMS 0x000000074c300000, 0x000000074c300000| Complete 
| 196|0x000000074c400000, 0x000000074c400000, 0x000000074c500000|  0%| F|  |TAMS 0x000000074c400000, 0x000000074c400000| Untracked 
| 197|0x000000074c500000, 0x000000074c500000, 0x000000074c600000|  0%| F|  |TAMS 0x000000074c500000, 0x000000074c500000| Untracked 
| 198|0x000000074c600000, 0x000000074c600000, 0x000000074c700000|  0%| F|  |TAMS 0x000000074c600000, 0x000000074c600000| Untracked 
| 199|0x000000074c700000, 0x000000074c700000, 0x000000074c800000|  0%| F|  |TAMS 0x000000074c700000, 0x000000074c700000| Untracked 
| 200|0x000000074c800000, 0x000000074c800000, 0x000000074c900000|  0%| F|  |TAMS 0x000000074c800000, 0x000000074c800000| Untracked 
| 201|0x000000074c900000, 0x000000074c900000, 0x000000074ca00000|  0%| F|  |TAMS 0x000000074c900000, 0x000000074c900000| Untracked 
| 202|0x000000074ca00000, 0x000000074ca00000, 0x000000074cb00000|  0%| F|  |TAMS 0x000000074ca00000, 0x000000074ca00000| Untracked 
| 203|0x000000074cb00000, 0x000000074cb00000, 0x000000074cc00000|  0%| F|  |TAMS 0x000000074cb00000, 0x000000074cb00000| Untracked 
| 204|0x000000074cc00000, 0x000000074cc00000, 0x000000074cd00000|  0%| F|  |TAMS 0x000000074cc00000, 0x000000074cc00000| Untracked 
| 205|0x000000074cd00000, 0x000000074cd00000, 0x000000074ce00000|  0%| F|  |TAMS 0x000000074cd00000, 0x000000074cd00000| Untracked 
| 206|0x000000074ce00000, 0x000000074ce00000, 0x000000074cf00000|  0%| F|  |TAMS 0x000000074ce00000, 0x000000074ce00000| Untracked 
| 207|0x000000074cf00000, 0x000000074cf00000, 0x000000074d000000|  0%| F|  |TAMS 0x000000074cf00000, 0x000000074cf00000| Untracked 
| 208|0x000000074d000000, 0x000000074d000000, 0x000000074d100000|  0%| F|  |TAMS 0x000000074d000000, 0x000000074d000000| Untracked 
| 209|0x000000074d100000, 0x000000074d100000, 0x000000074d200000|  0%| F|  |TAMS 0x000000074d100000, 0x000000074d100000| Untracked 
| 210|0x000000074d200000, 0x000000074d200000, 0x000000074d300000|  0%| F|  |TAMS 0x000000074d200000, 0x000000074d200000| Untracked 
| 211|0x000000074d300000, 0x000000074d300000, 0x000000074d400000|  0%| F|  |TAMS 0x000000074d300000, 0x000000074d300000| Untracked 
| 212|0x000000074d400000, 0x000000074d400000, 0x000000074d500000|  0%| F|  |TAMS 0x000000074d400000, 0x000000074d400000| Untracked 
| 213|0x000000074d500000, 0x000000074d500000, 0x000000074d600000|  0%| F|  |TAMS 0x000000074d500000, 0x000000074d500000| Untracked 
| 214|0x000000074d600000, 0x000000074d600000, 0x000000074d700000|  0%| F|  |TAMS 0x000000074d600000, 0x000000074d600000| Untracked 
| 215|0x000000074d700000, 0x000000074d700000, 0x000000074d800000|  0%| F|  |TAMS 0x000000074d700000, 0x000000074d700000| Untracked 
| 216|0x000000074d800000, 0x000000074d800000, 0x000000074d900000|  0%| F|  |TAMS 0x000000074d800000, 0x000000074d800000| Untracked 
| 217|0x000000074d900000, 0x000000074d900000, 0x000000074da00000|  0%| F|  |TAMS 0x000000074d900000, 0x000000074d900000| Untracked 
| 218|0x000000074da00000, 0x000000074da00000, 0x000000074db00000|  0%| F|  |TAMS 0x000000074da00000, 0x000000074da00000| Untracked 
| 219|0x000000074db00000, 0x000000074db00000, 0x000000074dc00000|  0%| F|  |TAMS 0x000000074db00000, 0x000000074db00000| Untracked 
| 220|0x000000074dc00000, 0x000000074dc00000, 0x000000074dd00000|  0%| F|  |TAMS 0x000000074dc00000, 0x000000074dc00000| Untracked 
| 221|0x000000074dd00000, 0x000000074dd00000, 0x000000074de00000|  0%| F|  |TAMS 0x000000074dd00000, 0x000000074dd00000| Untracked 
| 222|0x000000074de00000, 0x000000074de00000, 0x000000074df00000|  0%| F|  |TAMS 0x000000074de00000, 0x000000074de00000| Untracked 
| 223|0x000000074df00000, 0x000000074df00000, 0x000000074e000000|  0%| F|  |TAMS 0x000000074df00000, 0x000000074df00000| Untracked 
| 224|0x000000074e000000, 0x000000074e000000, 0x000000074e100000|  0%| F|  |TAMS 0x000000074e000000, 0x000000074e000000| Untracked 
| 225|0x000000074e100000, 0x000000074e100000, 0x000000074e200000|  0%| F|  |TAMS 0x000000074e100000, 0x000000074e100000| Untracked 
| 226|0x000000074e200000, 0x000000074e200000, 0x000000074e300000|  0%| F|  |TAMS 0x000000074e200000, 0x000000074e200000| Untracked 
| 227|0x000000074e300000, 0x000000074e300000, 0x000000074e400000|  0%| F|  |TAMS 0x000000074e300000, 0x000000074e300000| Untracked 
| 228|0x000000074e400000, 0x000000074e400000, 0x000000074e500000|  0%| F|  |TAMS 0x000000074e400000, 0x000000074e400000| Untracked 
| 229|0x000000074e500000, 0x000000074e500000, 0x000000074e600000|  0%| F|  |TAMS 0x000000074e500000, 0x000000074e500000| Untracked 
| 230|0x000000074e600000, 0x000000074e600000, 0x000000074e700000|  0%| F|  |TAMS 0x000000074e600000, 0x000000074e600000| Untracked 
| 231|0x000000074e700000, 0x000000074e700000, 0x000000074e800000|  0%| F|  |TAMS 0x000000074e700000, 0x000000074e700000| Untracked 
| 232|0x000000074e800000, 0x000000074e800000, 0x000000074e900000|  0%| F|  |TAMS 0x000000074e800000, 0x000000074e800000| Untracked 
| 233|0x000000074e900000, 0x000000074e900000, 0x000000074ea00000|  0%| F|  |TAMS 0x000000074e900000, 0x000000074e900000| Untracked 
| 234|0x000000074ea00000, 0x000000074ea00000, 0x000000074eb00000|  0%| F|  |TAMS 0x000000074ea00000, 0x000000074ea00000| Untracked 
| 235|0x000000074eb00000, 0x000000074eb00000, 0x000000074ec00000|  0%| F|  |TAMS 0x000000074eb00000, 0x000000074eb00000| Untracked 
| 236|0x000000074ec00000, 0x000000074ec00000, 0x000000074ed00000|  0%| F|  |TAMS 0x000000074ec00000, 0x000000074ec00000| Untracked 
| 237|0x000000074ed00000, 0x000000074ed00000, 0x000000074ee00000|  0%| F|  |TAMS 0x000000074ed00000, 0x000000074ed00000| Untracked 
| 238|0x000000074ee00000, 0x000000074ee00000, 0x000000074ef00000|  0%| F|  |TAMS 0x000000074ee00000, 0x000000074ee00000| Untracked 
| 239|0x000000074ef00000, 0x000000074ef00000, 0x000000074f000000|  0%| F|  |TAMS 0x000000074ef00000, 0x000000074ef00000| Untracked 
| 240|0x000000074f000000, 0x000000074f000000, 0x000000074f100000|  0%| F|  |TAMS 0x000000074f000000, 0x000000074f000000| Untracked 
| 241|0x000000074f100000, 0x000000074f100000, 0x000000074f200000|  0%| F|  |TAMS 0x000000074f100000, 0x000000074f100000| Untracked 
| 242|0x000000074f200000, 0x000000074f200000, 0x000000074f300000|  0%| F|  |TAMS 0x000000074f200000, 0x000000074f200000| Untracked 
| 243|0x000000074f300000, 0x000000074f300000, 0x000000074f400000|  0%| F|  |TAMS 0x000000074f300000, 0x000000074f300000| Untracked 
| 244|0x000000074f400000, 0x000000074f400000, 0x000000074f500000|  0%| F|  |TAMS 0x000000074f400000, 0x000000074f400000| Untracked 
| 245|0x000000074f500000, 0x000000074f500000, 0x000000074f600000|  0%| F|  |TAMS 0x000000074f500000, 0x000000074f500000| Untracked 
| 246|0x000000074f600000, 0x000000074f600000, 0x000000074f700000|  0%| F|  |TAMS 0x000000074f600000, 0x000000074f600000| Untracked 
| 247|0x000000074f700000, 0x000000074f700000, 0x000000074f800000|  0%| F|  |TAMS 0x000000074f700000, 0x000000074f700000| Untracked 
| 248|0x000000074f800000, 0x000000074f800000, 0x000000074f900000|  0%| F|  |TAMS 0x000000074f800000, 0x000000074f800000| Untracked 
| 249|0x000000074f900000, 0x000000074f900000, 0x000000074fa00000|  0%| F|  |TAMS 0x000000074f900000, 0x000000074f900000| Untracked 
| 250|0x000000074fa00000, 0x000000074fa00000, 0x000000074fb00000|  0%| F|  |TAMS 0x000000074fa00000, 0x000000074fa00000| Untracked 
| 251|0x000000074fb00000, 0x000000074fb00000, 0x000000074fc00000|  0%| F|  |TAMS 0x000000074fb00000, 0x000000074fb00000| Untracked 
| 252|0x000000074fc00000, 0x000000074fcb8840, 0x000000074fd00000| 72%| E|  |TAMS 0x000000074fc00000, 0x000000074fc00000| Complete 
| 253|0x000000074fd00000, 0x000000074fe00000, 0x000000074fe00000|100%| E|CS|TAMS 0x000000074fd00000, 0x000000074fd00000| Complete 
| 254|0x000000074fe00000, 0x000000074ff00000, 0x000000074ff00000|100%| E|CS|TAMS 0x000000074fe00000, 0x000000074fe00000| Complete 
| 255|0x000000074ff00000, 0x0000000750000000, 0x0000000750000000|100%| E|CS|TAMS 0x000000074ff00000, 0x000000074ff00000| Complete 

Card table byte_map: [0x000001a88a6f0000,0x000001a88acf0000] _byte_map_base: 0x000001a886cf0000

Marking Bits (Prev, Next): (CMBitMap*) 0x000001a890e81110, (CMBitMap*) 0x000001a890e810d8
 Prev Bits: [0x000001a8ab890000, 0x000001a8ae890000)
 Next Bits: [0x000001a8a8890000, 0x000001a8ab890000)

Polling page: 0x000001a8832d0000

Metaspace:

Usage:
  Non-class:     75.44 MB capacity,    74.64 MB ( 99%) used,   617.42 KB ( <1%) free+waste,   204.50 KB ( <1%) overhead. 
      Class:     11.45 MB capacity,    10.82 MB ( 94%) used,   552.17 KB (  5%) free+waste,    93.69 KB ( <1%) overhead. 
       Both:     86.89 MB capacity,    85.46 MB ( 98%) used,     1.14 MB (  1%) free+waste,   298.19 KB ( <1%) overhead. 

Virtual space:
  Non-class space:       78.00 MB reserved,      76.42 MB ( 98%) committed 
      Class space:        1.00 GB reserved,      11.94 MB (  1%) committed 
             Both:        1.08 GB reserved,      88.36 MB (  8%) committed 

Chunk freelists:
   Non-Class:  869.00 KB
       Class:  470.00 KB
        Both:  1.31 MB

MaxMetaspaceSize: 17179869184.00 GB
CompressedClassSpaceSize: 1.00 GB

CodeHeap 'non-profiled nmethods': size=120000Kb used=18932Kb max_used=18932Kb free=101067Kb
 bounds [0x000001a8a1360000, 0x000001a8a25e0000, 0x000001a8a8890000]
CodeHeap 'profiled nmethods': size=120000Kb used=41379Kb max_used=41379Kb free=78620Kb
 bounds [0x000001a899e30000, 0x000001a89c6d0000, 0x000001a8a1360000]
CodeHeap 'non-nmethods': size=5760Kb used=1621Kb max_used=1676Kb free=4138Kb
 bounds [0x000001a899890000, 0x000001a899b00000, 0x000001a899e30000]
 total_blobs=17478 nmethods=16310 adapters=1074
 compilation: enabled
              stopped_count=0, restarted_count=0
 full_count=0

Compilation events (20 events):
Event: 7178.561 Thread 0x000001a891163800 nmethod 19481 0x000001a8a25dc710 code [0x000001a8a25dc8e0, 0x000001a8a25dc9f8]
Event: 7178.673 Thread 0x000001a891165800 19482       1       javax.swing.JToolTip::getTipText (5 bytes)
Event: 7178.673 Thread 0x000001a891165800 nmethod 19482 0x000001a8a25dcb10 code [0x000001a8a25dccc0, 0x000001a8a25dcd78]
Event: 7178.740 Thread 0x000001a891165800 19483       1       javax.swing.JToolTip::getComponent (5 bytes)
Event: 7178.740 Thread 0x000001a891165800 nmethod 19483 0x000001a8a25dce10 code [0x000001a8a25dcfc0, 0x000001a8a25dd078]
Event: 7178.858 Thread 0x000001a891165800 19484       3       javax.swing.plaf.basic.BasicListUI::paintImpl (493 bytes)
Event: 7178.860 Thread 0x000001a891165800 nmethod 19484 0x000001a89c6bcb10 code [0x000001a89c6bcf20, 0x000001a89c6bf178]
Event: 7179.006 Thread 0x000001a891165800 19485       3       ui.views.x.b.ab::v (108 bytes)
Event: 7179.006 Thread 0x000001a891165800 nmethod 19485 0x000001a89c6bfd10 code [0x000001a89c6c0020, 0x000001a89c6c1418]
Event: 7179.135 Thread 0x000001a891165800 19486       3       javax.swing.DefaultListSelectionModel::contains (16 bytes)
Event: 7179.135 Thread 0x000001a891165800 nmethod 19486 0x000001a89bf9e910 code [0x000001a89bf9eac0, 0x000001a89bf9ec58]
Event: 7180.672 Thread 0x000001a891165800 19487       3       javax.swing.plaf.synth.SynthListUI::getContext (11 bytes)
Event: 7180.673 Thread 0x000001a891165800 nmethod 19487 0x000001a89c6c1b10 code [0x000001a89c6c1da0, 0x000001a89c6c2938]
Event: 7180.673 Thread 0x000001a891165800 19488       3       javax.swing.plaf.synth.SynthListUI::getComponentState (5 bytes)
Event: 7180.674 Thread 0x000001a891165800 nmethod 19488 0x000001a89c6c2d10 code [0x000001a89c6c2f20, 0x000001a89c6c3598]
Event: 7181.121 Thread 0x000001a891165800 19489       3       de.javasoft.plaf.synthetica.painter.ListPainter::getInstance (36 bytes)
Event: 7181.121 Thread 0x000001a891165800 nmethod 19489 0x000001a89c6c3790 code [0x000001a89c6c3980, 0x000001a89c6c3e28]
Event: 7181.665 Thread 0x000001a891163800 19490       4       com.jidesoft.list.StyledListCellRenderer::firePropertyChange (1 bytes)
Event: 7181.666 Thread 0x000001a891163800 nmethod 19490 0x000001a8a25dd110 code [0x000001a8a25dd2a0, 0x000001a8a25dd2f8]
Event: 7181.666 Thread 0x000001a891165800 19491       3       ui.views.waveform.executive.protobuf.WVPrefs$WVColoredObject::getSerializedSize (117 bytes)

GC Heap History (20 events):
Event: 7108.566 GC heap before
{Heap before GC invocations=98 (full 16):
 garbage-first heap   total 262144K, used 130565K [0x0000000740000000, 0x0000000800000000)
  region size 1024K, 60 young (61440K), 1 survivors (1024K)
 Metaspace       used 86220K, capacity 87370K, committed 89708K, reserved 1126400K
  class space    used 10862K, capacity 11353K, committed 12224K, reserved 1048576K
}
Event: 7108.568 GC heap after
{Heap after GC invocations=99 (full 16):
 garbage-first heap   total 262144K, used 72136K [0x0000000740000000, 0x0000000800000000)
  region size 1024K, 3 young (3072K), 3 survivors (3072K)
 Metaspace       used 86220K, capacity 87370K, committed 89708K, reserved 1126400K
  class space    used 10862K, capacity 11353K, committed 12224K, reserved 1048576K
}
Event: 7112.246 GC heap before
{Heap before GC invocations=99 (full 16):
 garbage-first heap   total 262144K, used 130504K [0x0000000740000000, 0x0000000800000000)
  region size 1024K, 60 young (61440K), 3 survivors (3072K)
 Metaspace       used 86326K, capacity 87434K, committed 89964K, reserved 1126400K
  class space    used 10862K, capacity 11353K, committed 12224K, reserved 1048576K
}
Event: 7112.250 GC heap after
{Heap after GC invocations=100 (full 16):
 garbage-first heap   total 262144K, used 74880K [0x0000000740000000, 0x0000000800000000)
  region size 1024K, 6 young (6144K), 6 survivors (6144K)
 Metaspace       used 86326K, capacity 87434K, committed 89964K, reserved 1126400K
  class space    used 10862K, capacity 11353K, committed 12224K, reserved 1048576K
}
Event: 7112.424 GC heap before
{Heap before GC invocations=100 (full 16):
 garbage-first heap   total 262144K, used 100480K [0x0000000740000000, 0x0000000800000000)
  region size 1024K, 24 young (24576K), 6 survivors (6144K)
 Metaspace       used 86406K, capacity 87516K, committed 89964K, reserved 1126400K
  class space    used 10864K, capacity 11357K, committed 12224K, reserved 1048576K
}
Event: 7112.473 GC heap after
{Heap after GC invocations=101 (full 17):
 garbage-first heap   total 262144K, used 72024K [0x0000000740000000, 0x0000000800000000)
  region size 1024K, 0 young (0K), 0 survivors (0K)
 Metaspace       used 86406K, capacity 87516K, committed 89964K, reserved 1126400K
  class space    used 10864K, capacity 11357K, committed 12224K, reserved 1048576K
}
Event: 7113.088 GC heap before
{Heap before GC invocations=101 (full 17):
 garbage-first heap   total 262144K, used 111960K [0x0000000740000000, 0x0000000800000000)
  region size 1024K, 37 young (37888K), 0 survivors (0K)
 Metaspace       used 86463K, capacity 87644K, committed 89964K, reserved 1126400K
  class space    used 10865K, capacity 11357K, committed 12224K, reserved 1048576K
}
Event: 7113.137 GC heap after
{Heap after GC invocations=102 (full 18):
 garbage-first heap   total 262144K, used 71914K [0x0000000740000000, 0x0000000800000000)
  region size 1024K, 0 young (0K), 0 survivors (0K)
 Metaspace       used 86463K, capacity 87644K, committed 89964K, reserved 1126400K
  class space    used 10865K, capacity 11357K, committed 12224K, reserved 1048576K
}
Event: 7115.539 GC heap before
{Heap before GC invocations=102 (full 18):
 garbage-first heap   total 262144K, used 111850K [0x0000000740000000, 0x0000000800000000)
  region size 1024K, 25 young (25600K), 0 survivors (0K)
 Metaspace       used 86545K, capacity 87708K, committed 90220K, reserved 1128448K
  class space    used 10865K, capacity 11357K, committed 12224K, reserved 1048576K
}
Event: 7115.587 GC heap after
{Heap after GC invocations=103 (full 19):
 garbage-first heap   total 262144K, used 72712K [0x0000000740000000, 0x0000000800000000)
  region size 1024K, 0 young (0K), 0 survivors (0K)
 Metaspace       used 86545K, capacity 87708K, committed 90220K, reserved 1128448K
  class space    used 10865K, capacity 11357K, committed 12224K, reserved 1048576K
}
Event: 7119.961 GC heap before
{Heap before GC invocations=103 (full 19):
 garbage-first heap   total 262144K, used 94216K [0x0000000740000000, 0x0000000800000000)
  region size 1024K, 16 young (16384K), 0 survivors (0K)
 Metaspace       used 86598K, capacity 87790K, committed 90220K, reserved 1128448K
  class space    used 10876K, capacity 11405K, committed 12224K, reserved 1048576K
}
Event: 7119.962 GC heap after
{Heap after GC invocations=104 (full 19):
 garbage-first heap   total 262144K, used 79799K [0x0000000740000000, 0x0000000800000000)
  region size 1024K, 1 young (1024K), 1 survivors (1024K)
 Metaspace       used 86598K, capacity 87790K, committed 90220K, reserved 1128448K
  class space    used 10876K, capacity 11405K, committed 12224K, reserved 1048576K
}
Event: 7126.766 GC heap before
{Heap before GC invocations=104 (full 19):
 garbage-first heap   total 262144K, used 117687K [0x0000000740000000, 0x0000000800000000)
  region size 1024K, 27 young (27648K), 1 survivors (1024K)
 Metaspace       used 87075K, capacity 88355K, committed 90220K, reserved 1128448K
  class space    used 10991K, capacity 11558K, committed 12224K, reserved 1048576K
}
Event: 7126.767 GC heap after
{Heap after GC invocations=105 (full 19):
 garbage-first heap   total 262144K, used 86140K [0x0000000740000000, 0x0000000800000000)
  region size 1024K, 2 young (2048K), 2 survivors (2048K)
 Metaspace       used 87075K, capacity 88355K, committed 90220K, reserved 1128448K
  class space    used 10991K, capacity 11558K, committed 12224K, reserved 1048576K
}
Event: 7133.791 GC heap before
{Heap before GC invocations=105 (full 19):
 garbage-first heap   total 262144K, used 106620K [0x0000000740000000, 0x0000000800000000)
  region size 1024K, 23 young (23552K), 2 survivors (2048K)
 Metaspace       used 87086K, capacity 88419K, committed 90476K, reserved 1128448K
  class space    used 10991K, capacity 11558K, committed 12224K, reserved 1048576K
}
Event: 7133.839 GC heap after
{Heap after GC invocations=106 (full 20):
 garbage-first heap   total 262144K, used 72405K [0x0000000740000000, 0x0000000800000000)
  region size 1024K, 0 young (0K), 0 survivors (0K)
 Metaspace       used 87086K, capacity 88419K, committed 90476K, reserved 1128448K
  class space    used 10991K, capacity 11558K, committed 12224K, reserved 1048576K
}
Event: 7135.428 GC heap before
{Heap before GC invocations=106 (full 20):
 garbage-first heap   total 262144K, used 78549K [0x0000000740000000, 0x0000000800000000)
  region size 1024K, 7 young (7168K), 0 survivors (0K)
 Metaspace       used 87086K, capacity 88419K, committed 90476K, reserved 1128448K
  class space    used 10991K, capacity 11558K, committed 12224K, reserved 1048576K
}
Event: 7135.475 GC heap after
{Heap after GC invocations=107 (full 21):
 garbage-first heap   total 262144K, used 72393K [0x0000000740000000, 0x0000000800000000)
  region size 1024K, 0 young (0K), 0 survivors (0K)
 Metaspace       used 87086K, capacity 88419K, committed 90476K, reserved 1128448K
  class space    used 10991K, capacity 11558K, committed 12224K, reserved 1048576K
}
Event: 7176.984 GC heap before
{Heap before GC invocations=107 (full 21):
 garbage-first heap   total 262144K, used 133833K [0x0000000740000000, 0x0000000800000000)
  region size 1024K, 60 young (61440K), 0 survivors (0K)
 Metaspace       used 87498K, capacity 88913K, committed 90476K, reserved 1128448K
  class space    used 11076K, capacity 11722K, committed 12224K, reserved 1048576K
}
Event: 7176.985 GC heap after
{Heap after GC invocations=108 (full 21):
 garbage-first heap   total 262144K, used 73346K [0x0000000740000000, 0x0000000800000000)
  region size 1024K, 1 young (1024K), 1 survivors (1024K)
 Metaspace       used 87498K, capacity 88913K, committed 90476K, reserved 1128448K
  class space    used 11076K, capacity 11722K, committed 12224K, reserved 1048576K
}

Deoptimization events (20 events):
Event: 7159.615 Thread 0x000001a89116f800 Uncommon trap: trap_request=0xffffff4d fr.pc=0x000001a8a1fee2a8 relative=0x0000000000000188
Event: 7159.615 Thread 0x000001a89116f800 Uncommon trap: reason=unstable_if action=reinterpret pc=0x000001a8a1fee2a8 method=java.lang.invoke.LambdaFormEditor$Transform.inRange(I)Z @ 27 c2
Event: 7159.615 Thread 0x000001a89116f800 DEOPT PACKING pc=0x000001a8a1fee2a8 sp=0x00000010fd6f92c0
Event: 7159.615 Thread 0x000001a89116f800 DEOPT UNPACKING pc=0x000001a8998b68af sp=0x00000010fd6f91d0 mode 2
Event: 7161.063 Thread 0x000001a89116f800 Uncommon trap: trap_request=0xffffffc6 fr.pc=0x000001a8a2146a84 relative=0x0000000000000324
Event: 7161.063 Thread 0x000001a89116f800 Uncommon trap: reason=bimorphic_or_optimized_type_check action=maybe_recompile pc=0x000001a8a2146a84 method=javax.swing.text.AbstractDocument.fireRemoveUpdate(Ljavax/swing/event/DocumentEvent;)V @ 39 c2
Event: 7161.063 Thread 0x000001a89116f800 DEOPT PACKING pc=0x000001a8a2146a84 sp=0x00000010fd6fae50
Event: 7161.063 Thread 0x000001a89116f800 DEOPT UNPACKING pc=0x000001a8998b68af sp=0x00000010fd6fadf0 mode 2
Event: 7163.845 Thread 0x000001a89116f800 Uncommon trap: trap_request=0xffffff4d fr.pc=0x000001a8a1a52478 relative=0x0000000000000858
Event: 7163.845 Thread 0x000001a89116f800 Uncommon trap: reason=unstable_if action=reinterpret pc=0x000001a8a1a52478 method=sun.java2d.marlin.DStroker.lineTo(DDZ)V @ 38 c2
Event: 7163.845 Thread 0x000001a89116f800 DEOPT PACKING pc=0x000001a8a1a52478 sp=0x00000010fd6f6b80
Event: 7163.845 Thread 0x000001a89116f800 DEOPT UNPACKING pc=0x000001a8998b68af sp=0x00000010fd6f6b08 mode 2
Event: 7163.845 Thread 0x000001a89116f800 Uncommon trap: trap_request=0xffffff4d fr.pc=0x000001a8a19fffe4 relative=0x0000000000000504
Event: 7163.845 Thread 0x000001a89116f800 Uncommon trap: reason=unstable_if action=reinterpret pc=0x000001a8a19fffe4 method=sun.java2d.marlin.DStroker.drawJoin(DDDDDDDDDDI)V @ 26 c2
Event: 7163.845 Thread 0x000001a89116f800 DEOPT PACKING pc=0x000001a8a19fffe4 sp=0x00000010fd6f6a00
Event: 7163.845 Thread 0x000001a89116f800 DEOPT UNPACKING pc=0x000001a8998b68af sp=0x00000010fd6f69d8 mode 2
Event: 7163.845 Thread 0x000001a89116f800 Uncommon trap: trap_request=0xffffff4d fr.pc=0x000001a8a1f208b8 relative=0x0000000000000218
Event: 7163.845 Thread 0x000001a89116f800 Uncommon trap: reason=unstable_if action=reinterpret pc=0x000001a8a1f208b8 method=sun.java2d.marlin.DHelpers$PolyStack.popAll(Lsun/java2d/marlin/DPathConsumer2D;)V @ 6 c2
Event: 7163.845 Thread 0x000001a89116f800 DEOPT PACKING pc=0x000001a8a1f208b8 sp=0x00000010fd6f6bd0
Event: 7163.845 Thread 0x000001a89116f800 DEOPT UNPACKING pc=0x000001a8998b68af sp=0x00000010fd6f6b70 mode 2

Classes redefined (0 events):
No events

Internal exceptions (20 events):
Event: 7146.719 Thread 0x000001a89116f800 Exception <a 'java/lang/NoSuchMethodError'{0x000000074e71c868}: 'java.lang.Object java.lang.invoke.DelegatingMethodHandle$Holder.reinvoke_L(java.lang.Object, int, int, java.lang.Object, java.lang.Object, java.lang.Object)'> (0x000000074e71c868) thrown at [./src/hotspot/share/interpreter/linkResolver.cpp, line 773]
Event: 7147.701 Thread 0x000001a89116f800 Exception <a 'java/io/FileNotFoundException'{0x000000074e4ad310}> (0x000000074e4ad310) thrown at [./src/hotspot/share/prims/jni.cpp, line 615]
Event: 7147.701 Thread 0x000001a89116f800 Exception <a 'java/io/FileNotFoundException'{0x000000074e4adb30}> (0x000000074e4adb30) thrown at [./src/hotspot/share/prims/jni.cpp, line 615]
Event: 7152.705 Thread 0x000001a89116f800 Exception <a 'java/io/FileNotFoundException'{0x000000074de108b0}> (0x000000074de108b0) thrown at [./src/hotspot/share/prims/jni.cpp, line 615]
Event: 7152.705 Thread 0x000001a89116f800 Exception <a 'java/io/FileNotFoundException'{0x000000074de11100}> (0x000000074de11100) thrown at [./src/hotspot/share/prims/jni.cpp, line 615]
Event: 7157.703 Thread 0x000001a89116f800 Exception <a 'java/io/FileNotFoundException'{0x000000074da39a40}> (0x000000074da39a40) thrown at [./src/hotspot/share/prims/jni.cpp, line 615]
Event: 7157.703 Thread 0x000001a89116f800 Exception <a 'java/io/FileNotFoundException'{0x000000074da3a260}> (0x000000074da3a260) thrown at [./src/hotspot/share/prims/jni.cpp, line 615]
Event: 7159.614 Thread 0x000001a89116f800 Exception <a 'java/lang/NoSuchMethodError'{0x000000074d697c68}: 'java.lang.Object java.lang.invoke.DelegatingMethodHandle$Holder.reinvoke_L(java.lang.Object, java.lang.Object, int, int, java.lang.Object, java.lang.Object, java.lang.Object, java.lang.Object, java.lang.Object, java.lang.Object, java.lang.Object, java.lang.Object, java.lang.Object, java.lang.Object, java.lang.Object, java.lang.Object, java.lang.Object)'> (0x000000074d697c68) thrown at [./src/hotspot/share/interpreter/linkResolver.cpp, line 77
Event: 7159.616 Thread 0x000001a89116f800 Exception <a 'java/lang/NoSuchMethodError'{0x000000074d593f88}: 'java.lang.Object java.lang.invoke.DirectMethodHandle$Holder.invokeSpecial(java.lang.Object, java.lang.Object, int, int, java.lang.Object, java.lang.Object, java.lang.Object, java.lang.Object, java.lang.Object, java.lang.Object, java.lang.Object, java.lang.Object, java.lang.Object, java.lang.Object, java.lang.Object, java.lang.Object, java.lang.Object)'> (0x000000074d593f88) thrown at [./src/hotspot/share/interpreter/linkResolver.cpp, line 773
Event: 7159.616 Thread 0x000001a89116f800 Exception <a 'java/lang/NoSuchMethodError'{0x000000074d598f78}: 'java.lang.Object java.lang.invoke.DelegatingMethodHandle$Holder.reinvoke_L(java.lang.Object, int, int, java.lang.Object, java.lang.Object, java.lang.Object, java.lang.Object, java.lang.Object, java.lang.Object, java.lang.Object, java.lang.Object, java.lang.Object, java.lang.Object, java.lang.Object, java.lang.Object, java.lang.Object)'> (0x000000074d598f78) thrown at [./src/hotspot/share/interpreter/linkResolver.cpp, line 773]
Event: 7159.618 Thread 0x000001a89116f800 Exception <a 'java/lang/NoSuchMethodError'{0x000000074d452390}: 'java.lang.Object java.lang.invoke.DirectMethodHandle$Holder.invokeSpecial(java.lang.Object, java.lang.Object, java.lang.Object, java.lang.Object, java.lang.Object, java.lang.Object, java.lang.Object, java.lang.Object, java.lang.Object, java.lang.Object, java.lang.Object, java.lang.Object, java.lang.Object, java.lang.Object, java.lang.Object)'> (0x000000074d452390) thrown at [./src/hotspot/share/interpreter/linkResolver.cpp, line 773]
Event: 7159.619 Thread 0x000001a89116f800 Exception <a 'java/lang/NoSuchMethodError'{0x000000074d47b568}: 'java.lang.Object java.lang.invoke.Invokers$Holder.linkToTargetMethod(java.lang.Object, java.lang.Object, java.lang.Object, java.lang.Object, java.lang.Object, java.lang.Object, java.lang.Object, java.lang.Object, java.lang.Object, java.lang.Object, java.lang.Object, java.lang.Object, java.lang.Object, java.lang.Object)'> (0x000000074d47b568) thrown at [./src/hotspot/share/interpreter/linkResolver.cpp, line 773]
Event: 7162.704 Thread 0x000001a89116f800 Exception <a 'java/io/FileNotFoundException'{0x000000074cd20388}> (0x000000074cd20388) thrown at [./src/hotspot/share/prims/jni.cpp, line 615]
Event: 7162.704 Thread 0x000001a89116f800 Exception <a 'java/io/FileNotFoundException'{0x000000074cd20ba8}> (0x000000074cd20ba8) thrown at [./src/hotspot/share/prims/jni.cpp, line 615]
Event: 7167.705 Thread 0x000001a89116f800 Exception <a 'java/io/FileNotFoundException'{0x000000074ca5c548}> (0x000000074ca5c548) thrown at [./src/hotspot/share/prims/jni.cpp, line 615]
Event: 7167.705 Thread 0x000001a89116f800 Exception <a 'java/io/FileNotFoundException'{0x000000074ca5cd68}> (0x000000074ca5cd68) thrown at [./src/hotspot/share/prims/jni.cpp, line 615]
Event: 7172.705 Thread 0x000001a89116f800 Exception <a 'java/io/FileNotFoundException'{0x000000074c63f930}> (0x000000074c63f930) thrown at [./src/hotspot/share/prims/jni.cpp, line 615]
Event: 7172.705 Thread 0x000001a89116f800 Exception <a 'java/io/FileNotFoundException'{0x000000074c640150}> (0x000000074c640150) thrown at [./src/hotspot/share/prims/jni.cpp, line 615]
Event: 7177.705 Thread 0x000001a89116f800 Exception <a 'java/io/FileNotFoundException'{0x000000074ff06f50}> (0x000000074ff06f50) thrown at [./src/hotspot/share/prims/jni.cpp, line 615]
Event: 7177.705 Thread 0x000001a89116f800 Exception <a 'java/io/FileNotFoundException'{0x000000074ff07770}> (0x000000074ff07770) thrown at [./src/hotspot/share/prims/jni.cpp, line 615]

Events (20 events):
Event: 7172.998 Thread 0x000001a8b89c6000 Thread added: 0x000001a8b89c6000
Event: 7173.002 Thread 0x000001a8b89c6000 Thread exited: 0x000001a8b89c6000
Event: 7173.998 Thread 0x000001a8b89c5800 Thread added: 0x000001a8b89c5800
Event: 7174.001 Thread 0x000001a8b89c5800 Thread exited: 0x000001a8b89c5800
Event: 7174.998 Thread 0x000001a8b89c2000 Thread added: 0x000001a8b89c2000
Event: 7175.002 Thread 0x000001a8b89c2000 Thread exited: 0x000001a8b89c2000
Event: 7175.999 Thread 0x000001a8b89c2000 Thread added: 0x000001a8b89c2000
Event: 7176.003 Thread 0x000001a8b89c2000 Thread exited: 0x000001a8b89c2000
Event: 7176.984 Executing VM operation: G1CollectForAllocation
Event: 7176.985 Executing VM operation: G1CollectForAllocation done
Event: 7177.000 Thread 0x000001a8b89c7000 Thread added: 0x000001a8b89c7000
Event: 7177.006 Thread 0x000001a8b89c7000 Thread exited: 0x000001a8b89c7000
Event: 7178.000 Thread 0x000001a8b89c7000 Thread added: 0x000001a8b89c7000
Event: 7178.005 Thread 0x000001a8b89c7000 Thread exited: 0x000001a8b89c7000
Event: 7179.002 Thread 0x000001a8b89c2000 Thread added: 0x000001a8b89c2000
Event: 7179.006 Thread 0x000001a8b89c2000 Thread exited: 0x000001a8b89c2000
Event: 7180.004 Thread 0x000001a8b89c2000 Thread added: 0x000001a8b89c2000
Event: 7180.007 Thread 0x000001a8b89c2000 Thread exited: 0x000001a8b89c2000
Event: 7181.004 Thread 0x000001a8b89c5800 Thread added: 0x000001a8b89c5800
Event: 7181.012 Thread 0x000001a8b89c5800 Thread exited: 0x000001a8b89c5800


Dynamic libraries:
0x00007ff7e41c0000 - 0x00007ff7e41f1000 	D:\App\xilinx1\Vivado\2022.2\bin\unwrapped\win64.o\vivado.exe
0x00007ffb0cc50000 - 0x00007ffb0ce48000 	C:\Windows\SYSTEM32\ntdll.dll
0x00007ffb0b980000 - 0x00007ffb0ba3d000 	C:\Windows\System32\KERNEL32.DLL
0x00007ffb0a540000 - 0x00007ffb0a836000 	C:\Windows\System32\KERNELBASE.dll
0x00007ffb0a410000 - 0x00007ffb0a510000 	C:\Windows\System32\ucrtbase.dll
0x00007ffaab8d0000 - 0x00007ffaab95e000 	C:\Windows\SYSTEM32\MSVCP140.dll
0x00007ffaab8b0000 - 0x00007ffaab8cb000 	C:\Windows\SYSTEM32\VCRUNTIME140.dll
0x00007ffac7060000 - 0x00007ffac8491000 	D:\App\xilinx1\Vivado\2022.2\lib\win64.o\librdi_common.dll
0x00007ffb0c860000 - 0x00007ffb0c9fe000 	C:\Windows\System32\USER32.dll
0x00007ffaab8a0000 - 0x00007ffaab8ac000 	C:\Windows\SYSTEM32\VCRUNTIME140_1.dll
0x00007ffb0a510000 - 0x00007ffb0a532000 	C:\Windows\System32\win32u.dll
0x00007ffb0b890000 - 0x00007ffb0b8bc000 	C:\Windows\System32\GDI32.dll
0x00007ffb0a8f0000 - 0x00007ffb0aa0a000 	C:\Windows\System32\gdi32full.dll
0x00007ffae4d30000 - 0x00007ffae509e000 	D:\App\xilinx1\Vivado\2022.2\lib\win64.o\libCOIN-all.dll
0x00007ffb0aa10000 - 0x00007ffb0aaad000 	C:\Windows\System32\msvcp_win.dll
0x00007ffb05e20000 - 0x00007ffb05e31000 	D:\App\xilinx1\Vivado\2022.2\lib\win64.o\libboost_date_time.dll
0x00007ffb0beb0000 - 0x00007ffb0bf5e000 	C:\Windows\System32\ADVAPI32.dll
0x00007ffb0b8c0000 - 0x00007ffb0b95e000 	C:\Windows\System32\msvcrt.dll
0x00007ffb0b760000 - 0x00007ffb0b7fc000 	C:\Windows\System32\sechost.dll
0x00007ffb0bfd0000 - 0x00007ffb0c0f6000 	C:\Windows\System32\RPCRT4.dll
0x00007ffb0aec0000 - 0x00007ffb0b605000 	C:\Windows\System32\SHELL32.dll
0x00007ffb04ee0000 - 0x00007ffb04f01000 	D:\App\xilinx1\Vivado\2022.2\lib\win64.o\libboost_filesystem.dll
0x00007ffb04db0000 - 0x00007ffb04e29000 	D:\App\xilinx1\Vivado\2022.2\lib\win64.o\libboost_program_options.dll
0x00007ffb0ac40000 - 0x00007ffb0aca7000 	C:\Windows\System32\WINTRUST.dll
0x00007ffb0c740000 - 0x00007ffb0c7ab000 	C:\Windows\System32\WS2_32.dll
0x00007ffb0aab0000 - 0x00007ffb0aad7000 	C:\Windows\System32\bcrypt.dll
0x00007ffb05d40000 - 0x00007ffb05d5c000 	D:\App\xilinx1\Vivado\2022.2\lib\win64.o\libboost_thread.dll
0x00007ffae7fe0000 - 0x00007ffae80f4000 	D:\App\xilinx1\Vivado\2022.2\lib\win64.o\libboost_regex.dll
0x00007ffaf5dc0000 - 0x00007ffaf5e42000 	D:\App\xilinx1\Vivado\2022.2\lib\win64.o\libhdlpsolve.dll
0x00007ffae7230000 - 0x00007ffae72d5000 	D:\App\xilinx1\Vivado\2022.2\lib\win64.o\libhdxml.dll
0x00007ffb05e50000 - 0x00007ffb05e5c000 	D:\App\xilinx1\Vivado\2022.2\lib\win64.o\libboost_xilinx.dll
0x00007ffac20e0000 - 0x00007ffac305d200 	D:\App\xilinx1\Vivado\2022.2\lib\win64.o\libisl_iostreams.dll
0x00007ffb04ea0000 - 0x00007ffb04eca000 	D:\App\xilinx1\Vivado\2022.2\lib\win64.o\libisl_sysinfo.dll
0x00007ffaf2f90000 - 0x00007ffaf2ff5000 	D:\App\xilinx1\Vivado\2022.2\lib\win64.o\liblmx6.0.dll
0x00007ffb05800000 - 0x00007ffb0581a000 	D:\App\xilinx1\Vivado\2022.2\lib\win64.o\pthreadVC2.dll
0x00007ffae7070000 - 0x00007ffae7225000 	D:\App\xilinx1\Vivado\2022.2\lib\win64.o\librdi_commonxillic.dll
0x00007ffb04e80000 - 0x00007ffb04e9c000 	D:\App\xilinx1\Vivado\2022.2\lib\win64.o\librdiconfig.dll
0x00007ffb0c6e0000 - 0x00007ffb0c735000 	C:\Windows\System32\SHLWAPI.dll
0x00007ffb03140000 - 0x00007ffb03161000 	D:\App\xilinx1\Vivado\2022.2\lib\win64.o\librdizlib.dll
0x000000006a410000 - 0x000000006a53b000 	D:\App\xilinx1\Vivado\2022.2\lib\win64.o\tcl85t.dll
0x00007ffae5250000 - 0x00007ffae5511000 	D:\App\xilinx1\Vivado\2022.2\lib\win64.o\xerces-c_3_2.dll
0x00007ffaf7680000 - 0x00007ffaf7b56000 	C:\Windows\SYSTEM32\WININET.dll
0x00007ffaedfc0000 - 0x00007ffaedfd9000 	C:\Windows\SYSTEM32\NETAPI32.dll
0x00007ffb01db0000 - 0x00007ffb01eba000 	C:\Windows\SYSTEM32\WINHTTP.dll
0x00007ffafa3f0000 - 0x00007ffafa5dd000 	C:\Windows\SYSTEM32\urlmon.dll
0x00007ffb05e40000 - 0x00007ffb05e49000 	C:\Windows\SYSTEM32\WSOCK32.dll
0x00007ffac01c0000 - 0x00007ffac20d7000 	D:\App\xilinx1\Vivado\2022.2\lib\win64.o\gurobi90.dll
0x00007ffb0aae0000 - 0x00007ffb0ac3e000 	C:\Windows\System32\CRYPT32.dll
0x00007ffafa180000 - 0x00007ffafa1b1000 	C:\Windows\SYSTEM32\VCOMP140.DLL
0x00007ffb0ca00000 - 0x00007ffb0ca56000 	C:\Windows\System32\WLDAP32.dll
0x00007ffb0b680000 - 0x00007ffb0b688000 	C:\Windows\System32\Normaliz.dll
0x00007ffaf99e0000 - 0x00007ffaf9a04000 	D:\App\xilinx1\Vivado\2022.2\lib\win64.o\libisl_iosutils.dll
0x00007ffafa130000 - 0x00007ffafa148000 	D:\App\xilinx1\Vivado\2022.2\lib\win64.o\libboost_iostreams.dll
0x00007ffae2920000 - 0x00007ffae2c36000 	D:\App\xilinx1\Vivado\2022.2\lib\win64.o\libXil_lmgr11.dll
0x00007ffb0ade0000 - 0x00007ffb0aeba000 	C:\Windows\System32\COMDLG32.dll
0x00007ffaf92b0000 - 0x00007ffaf956c000 	C:\Windows\SYSTEM32\iertutil.dll
0x00007ffb00510000 - 0x00007ffb00539000 	C:\Windows\SYSTEM32\srvcli.dll
0x00007ffb0c380000 - 0x00007ffb0c6d4000 	C:\Windows\System32\combase.dll
0x00007ffb0c220000 - 0x00007ffb0c2cd000 	C:\Windows\System32\shcore.dll
0x00007ffb09800000 - 0x00007ffb0980c000 	C:\Windows\SYSTEM32\netutils.dll
0x00007ffb0b690000 - 0x00007ffb0b75d000 	C:\Windows\System32\OLEAUT32.dll
0x00007ffb0acb0000 - 0x00007ffb0adda000 	C:\Windows\System32\ole32.dll
0x00007ffafa9c0000 - 0x00007ffafaa70000 	C:\Windows\WinSxS\amd64_microsoft.windows.common-controls_6595b64144ccf1df_5.82.19041.1110_none_792d1c772443f647\COMCTL32.dll
0x00007ffb03b20000 - 0x00007ffb03b3d000 	C:\Windows\SYSTEM32\dhcpcsvc.DLL
0x00007ffb0a220000 - 0x00007ffb0a24e000 	C:\Windows\SYSTEM32\USERENV.dll
0x00007ffb09a60000 - 0x00007ffb09aca000 	C:\Windows\SYSTEM32\MSWSOCK.DLL
0x00007ffaf9c30000 - 0x00007ffaf9c48000 	D:\App\xilinx1\Vivado\2022.2\lib\win64.o\librdi_commonmain.dll
0x00007ffb05740000 - 0x00007ffb05749000 	D:\App\xilinx1\Vivado\2022.2\lib\win64.o\librdi_commonversion.dll
0x00007ffb0c350000 - 0x00007ffb0c380000 	C:\Windows\System32\IMM32.DLL
0x00007ffb09f00000 - 0x00007ffb09f12000 	C:\Windows\SYSTEM32\MSASN1.dll
0x00007ffb09c60000 - 0x00007ffb09c78000 	C:\Windows\SYSTEM32\CRYPTSP.dll
0x00007ffb09310000 - 0x00007ffb09344000 	C:\Windows\system32\rsaenh.dll
0x00007ffb09c50000 - 0x00007ffb09c5c000 	C:\Windows\SYSTEM32\CRYPTBASE.dll
0x00007ffb0a380000 - 0x00007ffb0a402000 	C:\Windows\System32\bcryptPrimitives.dll
0x00007ffb081e0000 - 0x00007ffb081f2000 	C:\Windows\SYSTEM32\kernel.appcore.dll
0x00007ffb0b960000 - 0x00007ffb0b97d000 	C:\Windows\System32\imagehlp.dll
0x00007ffae23e0000 - 0x00007ffae2913000 	D:\App\xilinx1\Vivado\2022.2\lib\win64.o\librdi_commontasks.dll
0x00007ffb03f40000 - 0x00007ffb03f4a000 	C:\Windows\SYSTEM32\VERSION.dll
0x00007ffadffa0000 - 0x00007ffae02c5a00 	D:\App\xilinx1\Vivado\2022.2\lib\win64.o\librdi_sio.dll
0x00007ffb096f0000 - 0x00007ffb0972b000 	C:\Windows\SYSTEM32\IPHLPAPI.DLL
0x00007ffad8ba0000 - 0x00007ffad96ed000 	D:\App\xilinx1\Vivado\2022.2\tps\win64\jre11.0.11_9\bin\server\jvm.dll
0x00007ffb0b610000 - 0x00007ffb0b618000 	C:\Windows\System32\PSAPI.DLL
0x00007ffb00f80000 - 0x00007ffb00fa7000 	C:\Windows\SYSTEM32\WINMM.dll
0x00007ffb0a1e0000 - 0x00007ffb0a212000 	C:\Windows\SYSTEM32\SspiCli.dll
0x00007ffaaf800000 - 0x00007ffaaf817000 	C:\Windows\system32\napinsp.dll
0x00007ffaaf510000 - 0x00007ffaaf52b000 	C:\Windows\system32\pnrpnsp.dll
0x00007ffaf24e0000 - 0x00007ffaf24f5000 	C:\Windows\system32\wshbth.dll
0x00007ffb05cf0000 - 0x00007ffb05d0d000 	C:\Windows\system32\NLAapi.dll
0x00007ffb09730000 - 0x00007ffb097fa000 	C:\Windows\SYSTEM32\DNSAPI.dll
0x00007ffb0bf60000 - 0x00007ffb0bf68000 	C:\Windows\System32\NSI.dll
0x00007ffaaf4f0000 - 0x00007ffaaf502000 	C:\Windows\System32\winrnr.dll
0x00007ffb083e0000 - 0x00007ffb08b7b000 	C:\Windows\SYSTEM32\windows.storage.dll
0x00007ffb09d00000 - 0x00007ffb09d2e000 	C:\Windows\SYSTEM32\Wldp.dll
0x00007ffab14d0000 - 0x00007ffab41f5000 	D:\App\xilinx1\Vivado\2022.2\lib\win64.o\librdi_tcltasks.dll
0x00007ffaf5fc0000 - 0x00007ffaf6004000 	D:\App\xilinx1\Vivado\2022.2\lib\win64.o\libboost_serialization.dll
0x00007ffad6640000 - 0x00007ffad6b1d000 	D:\App\xilinx1\Vivado\2022.2\lib\win64.o\librdi_bitstream.dll
0x00007ffaebf30000 - 0x00007ffaebfb0000 	D:\App\xilinx1\Vivado\2022.2\lib\win64.o\librdi_boarddep.dll
0x00007ffae2030000 - 0x00007ffae2213000 	D:\App\xilinx1\Vivado\2022.2\lib\win64.o\librdi_board.dll
0x00007ffae4590000 - 0x00007ffae46b7000 	D:\App\xilinx1\Vivado\2022.2\lib\win64.o\librdi_chipscope.dll
0x00007ffadd560000 - 0x00007ffadd762000 	D:\App\xilinx1\Vivado\2022.2\lib\win64.o\librdi_chipscopeimpl.dll
0x00007ffae0380000 - 0x00007ffae04e5000 	D:\App\xilinx1\Vivado\2022.2\lib\win64.o\librdi_containers.dll
0x00007ffaa49c0000 - 0x00007ffaa69cd000 	D:\App\xilinx1\Vivado\2022.2\lib\win64.o\librdi_designutils.dll
0x00007ffad62b0000 - 0x00007ffad6633000 	D:\App\xilinx1\Vivado\2022.2\lib\win64.o\librdi_dlyest.dll
0x00007ffabfae0000 - 0x00007ffac01bb000 	D:\App\xilinx1\Vivado\2022.2\lib\win64.o\librdi_drc.dll
0x00007ffae6cb0000 - 0x00007ffae6d64000 	D:\App\xilinx1\Vivado\2022.2\lib\win64.o\librdi_dsp.dll
0x00007ffa8ea50000 - 0x00007ffa90c7c000 	D:\App\xilinx1\Vivado\2022.2\lib\win64.o\librdi_constraints.dll
0x00007ffaa97a0000 - 0x00007ffaaac85000 	D:\App\xilinx1\Vivado\2022.2\lib\win64.o\librdi_device.dll
0x00007ffabf440000 - 0x00007ffabfad5000 	D:\App\xilinx1\Vivado\2022.2\lib\win64.o\librdi_filemgmt.dll
0x00007ffaeabd0000 - 0x00007ffaeac3b000 	D:\App\xilinx1\Vivado\2022.2\lib\win64.o\librdi_hdf.dll
0x00007ffad5f80000 - 0x00007ffad62ab000 	D:\App\xilinx1\Vivado\2022.2\lib\win64.o\librdi_guitools.dll
0x00007ffacdc60000 - 0x00007ffacdf1d000 	D:\App\xilinx1\Vivado\2022.2\lib\win64.o\librdi_hip_devdesign.dll
0x00007ffa7a8c0000 - 0x00007ffa7cea5000 	D:\App\xilinx1\Vivado\2022.2\lib\win64.o\librdi_coregen.dll
0x00007ffadd410000 - 0x00007ffadd557000 	D:\App\xilinx1\Vivado\2022.2\lib\win64.o\librdi_hip_perf_analysis.dll
0x00007ffaad390000 - 0x00007ffaae2ab000 	D:\App\xilinx1\Vivado\2022.2\lib\win64.o\librdi_implflow.dll
0x00007ffaaf820000 - 0x00007ffab0653000 	D:\App\xilinx1\Vivado\2022.2\lib\win64.o\librdi_ippcw.dll
0x00007ffab0d20000 - 0x00007ffab14c1000 	D:\App\xilinx1\Vivado\2022.2\lib\win64.o\librdi_lopt.dll
0x00007ffab06c0000 - 0x00007ffab0d15000 	D:\App\xilinx1\Vivado\2022.2\lib\win64.o\librdi_memdata.dll
0x00007ffae9590000 - 0x00007ffae960d000 	D:\App\xilinx1\Vivado\2022.2\lib\win64.o\librdi_memoryarray.dll
0x00007ffaed470000 - 0x00007ffaed4cb000 	D:\App\xilinx1\Vivado\2022.2\lib\win64.o\librdi_pfi.dll
0x00007ffa9b930000 - 0x00007ffa9e1f5000 	D:\App\xilinx1\Vivado\2022.2\lib\win64.o\librdi_mig.dll
0x00007ffaaed80000 - 0x00007ffaaf4ed000 	D:\App\xilinx1\Vivado\2022.2\lib\win64.o\librdi_netlist.dll
0x00007ffaac520000 - 0x00007ffaacdf4000 	D:\App\xilinx1\Vivado\2022.2\lib\win64.o\librdi_power.dll
0x00007ffac6bf0000 - 0x00007ffac7060000 	D:\App\xilinx1\Vivado\2022.2\lib\win64.o\librdi_platform.dll
0x00007ffa7ceb0000 - 0x00007ffa7ffd0000 	D:\App\xilinx1\Vivado\2022.2\lib\win64.o\librdi_place.dll
0x00007ffaa9030000 - 0x00007ffaa9797000 	D:\App\xilinx1\Vivado\2022.2\lib\win64.o\librdi_project.dll
0x00007ffaa7d20000 - 0x00007ffaa8455000 	D:\App\xilinx1\Vivado\2022.2\lib\win64.o\librdi_psta.dll
0x00007ffaa73d0000 - 0x00007ffaa7d20000 	D:\App\xilinx1\Vivado\2022.2\lib\win64.o\librdi_rsb.dll
0x00007ffaa4450000 - 0x00007ffaa49b3000 	D:\App\xilinx1\Vivado\2022.2\lib\win64.o\librdi_runs.dll

dbghelp: loaded successfully - version: 4.0.5 - missing functions: none
symbol engine: initialized successfully - sym options: 0x614 - pdb path: .;D:\App\xilinx1\Vivado\2022.2\bin\unwrapped\win64.o;C:\Windows\SYSTEM32;D:\App\xilinx1\Vivado\2022.2\lib\win64.o;C:\Windows\WinSxS\amd64_microsoft.windows.common-controls_6595b64144ccf1df_5.82.19041.1110_none_792d1c772443f647;D:\App\xilinx1\Vivado\2022.2\tps\win64\jre11.0.11_9\bin\server;D:\App\xilinx1\Vivado\2022.2\tps\win64\python-3.8.3;D:\App\xilinx1\Vivado\2022.2\tps\win64\jre11.0.11_9\bin;C:\Users\smile\AppData\Local\youdao\dict\Application\10.1.1.0;C:\Windows\WinSxS\amd64_microsoft.windows.common-controls_6595b64144ccf1df_6.0.19041.1110_none_60b5254171f9507e;C:\Windows\System32\IME\IMEKR;C:\Windows\System32\IME\shared;C:\Windows\WinSxS\amd64_microsoft.windows.gdiplus_6595b64144ccf1df_1.1.19041.2251_none_91a40448cc8846c1

VM Arguments:
jvm_args: -Dsun.java2d.pmoffscreen=false -Dhttps.protocols=TLSv1,TLSv1.1,TLSv1.2 -Dsun.java2d.xrender=false -Dsun.java2d.d3d=false -Dsun.awt.nopixfmt=true -Dsun.java2d.dpiaware=true -Dsun.java2d.uiScale.enabled=false -Xverify:none -Dswing.aatext=true -XX:-UsePerfData -Djdk.map.althashing.threshold=512 -XX:StringTableSize=4072 --add-opens=java.desktop/com.sun.awt=ALL-UNNAMED --add-opens=java.desktop/javax.swing.plaf.synth=ALL-UNNAMED --add-opens=java.base/java.nio=ALL-UNNAMED --add-opens=java.desktop/sun.swing=ALL-UNNAMED --add-opens=java.desktop/javax.swing=ALL-UNNAMED --add-opens=java.desktop/javax.swing.tree=ALL-UNNAMED --add-opens=java.desktop/javax.swing.plaf.basic=ALL-UNNAMED --add-opens=java.desktop/javax.swing.plaf.synth=ALL-UNNAMED --add-opens=java.desktop/javax.swing.plaf.basic=ALL-UNNAMED --add-opens=java.desktop/javax.swing=ALL-UNNAMED --add-opens=java.desktop/javax.swing.tree=ALL-UNNAMED --add-opens=java.desktop/java.awt.event=ALL-UNNAMED --add-exports=java.desktop/javax.swing.plaf.synth=ALL-UNNAMED --add-exports=java.base/java.nio=ALL-UNNAMED --add-exports=java.desktop/sun.swing=ALL-UNNAMED --add-exports=java.desktop/javax.swing=ALL-UNNAMED --add-exports=java.desktop/javax.swing.tree=ALL-UNNAMED --add-exports=java.desktop/javax.swing.plaf.basic=ALL-UNNAMED --add-exports=java.desktop/sun.swing=ALL-UNNAMED --add-exports=java.desktop/sun.swing.table=ALL-UNNAMED --add-exports=java.desktop/sun.swing.plaf.synth=ALL-UNNAMED --add-exports=java.desktop/sun.awt.shell=ALL-UNNAMED --add-exports=java.base/sun.security.action=ALL-UNNAMED --add-exports=java.desktop/sun.font=ALL-UNNAMED -XX:NewSize=60m -XX:MaxNewSize=60m -Xms256m -Xmx3072m -Xss5m 
java_command: <unknown>
java_class_path (initial): D:/App/xilinx1/Vivado/2022.2\lib\classes\alloy.jar;D:/App/xilinx1/Vivado/2022.2\lib\classes\asm-9.3.jar;D:/App/xilinx1/Vivado/2022.2\lib\classes\asm-analysis-9.3.jar;D:/App/xilinx1/Vivado/2022.2\lib\classes\asm-commons-9.3.jar;D:/App/xilinx1/Vivado/2022.2\lib\classes\asm-tree-9.3.jar;D:/App/xilinx1/Vivado/2022.2\lib\classes\autoesl-models.jar;D:/App/xilinx1/Vivado/2022.2\lib\classes\batik-anim.jar;D:/App/xilinx1/Vivado/2022.2\lib\classes\batik-awt-util.jar;D:/App/xilinx1/Vivado/2022.2\lib\classes\batik-bridge.jar;D:/App/xilinx1/Vivado/2022.2\lib\classes\batik-codec.jar;D:/App/xilinx1/Vivado/2022.2\lib\classes\batik-css.jar;D:/App/xilinx1/Vivado/2022.2\lib\classes\batik-dom.jar;D:/App/xilinx1/Vivado/2022.2\lib\classes\batik-ext.jar;D:/App/xilinx1/Vivado/2022.2\lib\classes\batik-gui-util.jar;D:/App/xilinx1/Vivado/2022.2\lib\classes\batik-gvt.jar;D:/App/xilinx1/Vivado/2022.2\lib\classes\batik-parser.jar;D:/App/xilinx1/Vivado/2022.2\lib\classes\batik-script.jar;D:/App/xilinx1/Vivado/2022.2\lib\classes\batik-svg-dom.jar;D:/App/xilinx1/Vivado/2022.2\lib\classes\batik-svggen.jar;D:/App/xilinx1/Vivado/2022.2\lib\classes\batik-swing.jar;D:/App/xilinx1/Vivado/2022.2\lib\classes\batik-transcoder.jar;D:/App/xilinx1/Vivado/2022.2\lib\classes\batik-util.jar;D:/App/xilinx1/Vivado/2022.2\lib\classes\batik-xml.jar;D:/App/xilinx1/Vivado/2022.2\lib\classes\com.fasterxml.jackson.core.jackson-annotations_2.12.1.v20210128-1726.jar;D:/App/xilinx1/Vivado/2022.2\lib\classes\com.fasterxml.jackson.core.jackson-core_2.12.1.v20210128-1726.jar;D:/App/xilinx1/Vivado/2022.2\lib\classes\com.fasterxml.jackson.core.jackson-databind_2.12.1.v20210128-1726.jar;D:/App/xilinx1/Vivado/2022.2\lib\classes\com.google.gson_2.8.7.v20210624-1215.jar;D:/App/xilinx1/Vivado/2022.2\lib\classes\com.google.guava_30.1.0.v20210127-2300.jar;D:/App/xilinx1/Vivado/2022.2\lib\classes\com.sigasi.hdt.connection_4.15.0.202201101137.jar;D:/App/xilinx1/Vivado/2022.2\lib\classes\com.sigasi.hdt.epl_4.1
Launcher Type: generic

[Global flags]
     bool BytecodeVerificationLocal                = false                                     {product} {command line}
     bool BytecodeVerificationRemote               = false                                     {product} {command line}
     intx CICompilerCount                          = 4                                         {product} {ergonomic}
     uint ConcGCThreads                            = 3                                         {product} {ergonomic}
     uint G1ConcRefinementThreads                  = 10                                        {product} {ergonomic}
   size_t G1HeapRegionSize                         = 1048576                                   {product} {ergonomic}
    uintx GCDrainStackTargetSize                   = 64                                        {product} {ergonomic}
   size_t InitialHeapSize                          = 268435456                                 {product} {command line}
   size_t MarkStackSize                            = 4194304                                   {product} {ergonomic}
   size_t MaxHeapSize                              = 3221225472                                {product} {command line}
   size_t MaxNewSize                               = 62914560                                  {product} {command line}
   size_t MinHeapDeltaBytes                        = 1048576                                   {product} {ergonomic}
   size_t NewSize                                  = 62914560                                  {product} {command line}
    uintx NonNMethodCodeHeapSize                   = 5836300                                {pd product} {ergonomic}
    uintx NonProfiledCodeHeapSize                  = 122910970                              {pd product} {ergonomic}
    uintx ProfiledCodeHeapSize                     = 122910970                              {pd product} {ergonomic}
    uintx ReservedCodeCacheSize                    = 251658240                              {pd product} {ergonomic}
     bool SegmentedCodeCache                       = true                                      {product} {ergonomic}
    uintx StringTableSize                          = 4072                                      {product} {command line}
     intx ThreadStackSize                          = 5120                                   {pd product} {command line}
     bool UseCompressedClassPointers               = true                                 {lp64_product} {ergonomic}
     bool UseCompressedOops                        = true                                 {lp64_product} {ergonomic}
     bool UseG1GC                                  = true                                      {product} {ergonomic}
     bool UseLargePagesIndividualAllocation        = false                                  {pd product} {ergonomic}
     bool UsePerfData                              = false                                     {product} {command line}

Logging:
Log output configuration:
 #0: stdout all=warning uptime,level,tags
 #1: stderr all=off uptime,level,tags

Environment Variables:
PATH=D:/App/xilinx1/Vivado/2022.2/bin;D:/App/xilinx1/Vivado/2022.2/tps/win64/java-cef-95.0.4638.69/bin/lib/win64;D:/App/xilinx1/Vivado/2022.2/tps/win64/javafx-sdk-11.0.2/lib;D:/App/xilinx1/Vivado/2022.2/tps/win64/javafx-sdk-11.0.2/bin;D:/App/xilinx1/Vivado/2022.2/lib/win64.o;D:/App/xilinx1/Vivado/2022.2/tps/win64/jre11.0.11_9/bin/server;D:/App/xilinx1/Vivado/2022.2/tps/win64/jre11.0.11_9/bin;D:/App/xilinx1/Vivado/2022.2/ids_lite/ISE/bin/nt64;D:/App/xilinx1/Vivado/2022.2/ids_lite/ISE/lib/nt64;D:/App/xilinx1/Vitis_HLS/2022.2/bin;C:\Windows\system32;C:\Windows;C:\Windows\System32\Wbem;C:\Windows\System32\WindowsPowerShell\v1.0\;C:\Windows\System32\OpenSSH\;D:\App\git\Git\cmd;C:\Program Files\Git\cmd;C:\Program Files\TortoiseGit\bin;C:\Users\smile\AppData\Local\Microsoft\WindowsApps;;D:\App\FPGA\ModelSim_10.5se\win64;D:\App\FPGA\QuartusII_13.0\modelsim_ase\win32aloem;D:/App/xilinx1/Vivado/2022.2\tps\mingw\6.2.0\win64.o\nt\bin;D:/App/xilinx1/Vivado/2022.2\tps\mingw\6.2.0\win64.o\nt\libexec\gcc\x86_64-w64-mingw32\6.2.0;D:/App/xilinx1/Vivado/2022.2\tps\win64\python-3.8.3;D:/App/xilinx1/Vivado/2022.2\tps\win64\python-3.8.3\bin;D:/App/xilinx1/Vivado/2022.2\tps\win64\python-3.8.3\lib;D:/App/xilinx1/Vivado/2022.2\tps\win64\python-3.8.3\lib\site-packages
USERNAME=smile
OS=Windows_NT
PROCESSOR_IDENTIFIER=Intel64 Family 6 Model 165 Stepping 5, GenuineIntel



---------------  S Y S T E M  ---------------

OS: Windows 10 , 64 bit Build 19041 (10.0.19041.3393)
OS uptime: 2 days 4:17 hours

CPU:total 12 (initial active 12) (6 cores per cpu, 2 threads per core) family 6 model 165 stepping 5 microcode 0xc8, cmov, cx8, fxsr, mmx, sse, sse2, sse3, ssse3, sse4.1, sse4.2, popcnt, avx, avx2, aes, clmul, erms, 3dnowpref, lzcnt, ht, tsc, tscinvbit, bmi1, bmi2, adx, fma

Memory: 4k page, system-wide physical 16292M (8719M free)
TotalPageFile size 17316M (AvailPageFile size 4579M)
current process WorkingSet (physical memory assigned to process): 507M, peak: 1013M
current process commit charge ("private bytes"): 1148M, peak: 1172M

vm_info: OpenJDK 64-Bit Server VM (11.0.11+9) for windows-amd64 JRE (11.0.11+9), built on Apr  9 2021 19:32:08 by "" with MS VC++ 15.5 (VS2017)

END.
