C51 COMPILER V9.54   MAIN                                                                  07/13/2023 14:48:05 PAGE 1   


C51 COMPILER V9.54, COMPILATION OF MODULE MAIN
OBJECT MODULE PLACED IN .\Objects\main.obj
COMPILER INVOKED BY: D:\App\Keil5\C51\BIN\C51.EXE main.c OPTIMIZE(8,SPEED) BROWSE DEBUG OBJECTEXTEND PRINT(.\Listings\ma
                    -in.lst) TABS(2) OBJECT(.\Objects\main.obj)

line level    source

   1          #include <REGX52.H>
   2          
   3          sfr LED=0xA0;
   4          
   5          void Delay(unsigned char i)
   6          {
   7   1        while(i--);
   8   1      }
   9          
  10          void main()
  11          {
  12   1        unsigned char i,j=0;
  13   1        while(1)
  14   1        {
  15   2          for(i=0;i<100;i++)
  16   2          {
  17   3            for(j=0;j<20;j++)
  18   3          {
  19   4            LED=0x00;
  20   4            Delay(i);
  21   4            LED=0xFF;
  22   4            Delay(100-i);
  23   4            
  24   4          }
  25   3          }
  26   2          
  27   2          for(i=100;i>0;i--)
  28   2          {
  29   3            for(j=0;j<20;j++)
  30   3          {
  31   4            LED=0x00;
  32   4            Delay(i);
  33   4            LED=0xFF;
  34   4            Delay(100-i);
  35   4          }
  36   3          } 
  37   2        }
  38   1      }


MODULE INFORMATION:   STATIC OVERLAYABLE
   CODE SIZE        =     58    ----
   CONSTANT SIZE    =   ----    ----
   XDATA SIZE       =   ----    ----
   PDATA SIZE       =   ----    ----
   DATA SIZE        =   ----    ----
   IDATA SIZE       =   ----    ----
   BIT SIZE         =   ----    ----
END OF MODULE INFORMATION.


C51 COMPILATION COMPLETE.  0 WARNING(S),  0 ERROR(S)
