C51 COMPILER V9.54   MAIN                                                                  01/24/2023 10:53:57 PAGE 1   


C51 COMPILER V9.54, COMPILATION OF MODULE MAIN
OBJECT MODULE PLACED IN .\Objects\main.obj
COMPILER INVOKED BY: D:\1\C51\BIN\C51.EXE main.c OPTIMIZE(8,SPEED) BROWSE DEBUG OBJECTEXTEND PRINT(.\Listings\main.lst) 
                    -TABS(2) OBJECT(.\Objects\main.obj)

line level    source

   1          #include <REGX52.H>
   2          #include <INTRINS.H>
   3          
   4          void Delay1ms(unsigned int nms)   //@11.0592MHz
   5          {
   6   1        unsigned char i, j;
   7   1        
   8   1        while(nms--)
   9   1        {
  10   2        _nop_();
  11   2        i = 2;
  12   2        j = 199;
  13   2        do
  14   2        {
  15   3          while (--j);
  16   3        } while (--i);
  17   2        }
  18   1      }
  19          
  20          
  21          
  22          void main()
  23          {
  24   1        while(1)
  25   1        {
  26   2          P2=0xFE;
  27   2          Delay1ms(10000);
  28   2          P2=0xFD;
  29   2          Delay1ms(1);
  30   2          P2=0xFB;
  31   2          Delay1ms(1000);
  32   2          P2=0xF7;
  33   2          Delay1ms(100);
  34   2          P2=0xEF;
  35   2          Delay1ms(1000);
  36   2          P2=0xDF;
  37   2          Delay1ms(100);
  38   2          P2=0xBF;
  39   2          Delay1ms(1);
  40   2          P2=0x7F;
  41   2          Delay1ms(100);
  42   2        }
  43   1      }


MODULE INFORMATION:   STATIC OVERLAYABLE
   CODE SIZE        =     96    ----
   CONSTANT SIZE    =   ----    ----
   XDATA SIZE       =   ----    ----
   PDATA SIZE       =   ----    ----
   DATA SIZE        =   ----    ----
   IDATA SIZE       =   ----    ----
   BIT SIZE         =   ----    ----
END OF MODULE INFORMATION.

C51 COMPILER V9.54   MAIN                                                                  01/24/2023 10:53:57 PAGE 2   


C51 COMPILATION COMPLETE.  0 WARNING(S),  0 ERROR(S)
