C51 COMPILER V9.54   MAIN                                                                  01/28/2023 18:33:36 PAGE 1   


C51 COMPILER V9.54, COMPILATION OF MODULE MAIN
OBJECT MODULE PLACED IN .\Objects\main.obj
COMPILER INVOKED BY: D:\1\C51\BIN\C51.EXE main.c OPTIMIZE(8,SPEED) BROWSE DEBUG OBJECTEXTEND PRINT(.\Listings\main.lst) 
                    -OBJECT(.\Objects\main.obj)

line level    source

   1          #include <REGX52.H>
   2          #include <INTRINS.H>
   3          
   4          #define SECONDS 2
   5          
   6          unsigned char nixietable[]={0x3F,0x06,0x5B,0x4F,0x66,0x6D,0x7D,0x07,0x7F,0x6F};
   7          
   8          void Delay(unsigned int xms)            //@11.0592MHz
   9          {
  10   1              unsigned char i, j;
  11   1      
  12   1              while(xms--)
  13   1              {
  14   2              _nop_();
  15   2              i = 2;
  16   2              j = 199;
  17   2              do
  18   2              {
  19   3                      while (--j);
  20   3              } while (--i);
  21   2              }
  22   1              
  23   1      }
  24          
  25          void nixie(location,number)
  26          {
  27   1              switch(location)
  28   1              {
  29   2                      case 1: P2_4=1;P2_3=1;P2_2=1; break;
  30   2                      case 2: P2_4=1;P2_3=1;P2_2=0; break;
  31   2                      case 3: P2_4=1;P2_3=0;P2_2=1; break;
  32   2                      case 4: P2_4=1;P2_3=0;P2_2=0; break;
  33   2                      case 5: P2_4=0;P2_3=1;P2_2=1; break;
  34   2                      case 6: P2_4=0;P2_3=1;P2_2=0; break;
  35   2                      case 7: P2_4=0;P2_3=0;P2_2=1; break;
  36   2                      case 8: P2_4=0;P2_3=0;P2_2=0; break;
  37   2                      
  38   2              }
  39   1              P0=nixietable[number];
  40   1              //数码管的消影
  41   1              Delay(1);
  42   1              P0=0x00;
  43   1      }
  44          
  45          void main()
  46          {
  47   1              
  48   1              while(1)
  49   1              {
  50   2              nixie(1,5);
  51   2              Delay(SECONDS);
  52   2              nixie(2,2);
  53   2              Delay(SECONDS);
  54   2              nixie(3,0);
C51 COMPILER V9.54   MAIN                                                                  01/28/2023 18:33:36 PAGE 2   

  55   2              Delay(SECONDS);
  56   2              nixie(5,1);
  57   2              Delay(SECONDS);
  58   2              nixie(6,3);
  59   2              Delay(SECONDS);
  60   2              nixie(7,1);
  61   2              Delay(SECONDS);
  62   2              nixie(8,4);
  63   2              Delay(SECONDS);
  64   2              }
  65   1      }


MODULE INFORMATION:   STATIC OVERLAYABLE
   CODE SIZE        =    204    ----
   CONSTANT SIZE    =   ----    ----
   XDATA SIZE       =   ----    ----
   PDATA SIZE       =   ----    ----
   DATA SIZE        =     10    ----
   IDATA SIZE       =   ----    ----
   BIT SIZE         =   ----    ----
END OF MODULE INFORMATION.


C51 COMPILATION COMPLETE.  0 WARNING(S),  0 ERROR(S)
