
*** Running vivado
    with args -log UART_RXD_Ctrl_Led.vds -m64 -product Vivado -mode batch -messageDb vivado.pb -notrace -source UART_RXD_Ctrl_Led.tcl



****** Vivado v2022.2 (64-bit)
  **** SW Build 3671981 on Fri Oct 14 05:00:03 MDT 2022
  **** IP Build 3669848 on Fri Oct 14 08:30:02 MDT 2022
    ** Copyright 1986-2022 Xilinx, Inc. All Rights Reserved.

source UART_RXD_Ctrl_Led.tcl -notrace
Command: read_checkpoint -auto_incremental -incremental D:/Project/FPGA/028_UART_RS232_RXD_Ctrl_Led/028_UART_RS232_RXD_Ctrl_Led.srcs/utils_1/imports/synth_1/UART_RXD_Ctrl_Led.dcp
INFO: [Vivado 12-5825] Read reference checkpoint from D:/Project/FPGA/028_UART_RS232_RXD_Ctrl_Led/028_UART_RS232_RXD_Ctrl_Led.srcs/utils_1/imports/synth_1/UART_RXD_Ctrl_Led.dcp for incremental synthesis
INFO: [Vivado 12-7989] Please ensure there are no constraint changes
Command: synth_design -top UART_RXD_Ctrl_Led -part xc7a35tfgg484-2
Starting synth_design
Attempting to get a license for feature 'Synthesis' and/or device 'xc7a35t'
INFO: [Common 17-349] Got license for feature 'Synthesis' and/or device 'xc7a35t'
INFO: [Device 21-403] Loading part xc7a35tfgg484-2
INFO: [Designutils 20-5440] No compile time benefit to using incremental synthesis; A full resynthesis will be run
INFO: [Designutils 20-4379] Flow is switching to default flow due to incremental criteria not met. If you would like to alter this behaviour and have the flow terminate instead, please set the following parameter config_implementation {autoIncr.Synth.RejectBehavior Terminate}
INFO: [Synth 8-7079] Multithreading enabled for synth_design using a maximum of 2 processes.
INFO: [Synth 8-7078] Launching helper process for spawning children vivado processes
INFO: [Synth 8-7075] Helper process launched with PID 28900
INFO: [Synth 8-11241] undeclared symbol 'REGCCE', assumed default net type 'wire' [D:/App/Xilinx_Unified_2022.2_1014_8888_Win64.exe/Vivado/2022.2/data/verilog/src/unimacro/BRAM_SINGLE_MACRO.v:2170]
---------------------------------------------------------------------------------
Starting RTL Elaboration : Time (s): cpu = 00:00:02 ; elapsed = 00:00:03 . Memory (MB): peak = 1206.664 ; gain = 407.949
---------------------------------------------------------------------------------
INFO: [Synth 8-6157] synthesizing module 'UART_RXD_Ctrl_Led' [D:/Project/FPGA/028_UART_RS232_RXD_Ctrl_Led/028_UART_RS232_RXD_Ctrl_Led.srcs/sources_1/new/UART_RXD_Ctrl_Led.v:23]
INFO: [Synth 8-6157] synthesizing module 'UART_RXD' [D:/Project/FPGA/027_UART_RS232_RXD/027_UART_RS232_RXD.srcs/sources_1/new/UART_RXD.v:23]
INFO: [Synth 8-226] default block is never used [D:/Project/FPGA/027_UART_RS232_RXD/027_UART_RS232_RXD.srcs/sources_1/new/UART_RXD.v:69]
INFO: [Synth 8-6155] done synthesizing module 'UART_RXD' (0#1) [D:/Project/FPGA/027_UART_RS232_RXD/027_UART_RS232_RXD.srcs/sources_1/new/UART_RXD.v:23]
INFO: [Synth 8-6157] synthesizing module 'UART_RXD_Cmd' [D:/Project/FPGA/028_UART_RS232_RXD_Ctrl_Led/028_UART_RS232_RXD_Ctrl_Led.srcs/sources_1/new/UART_RXD_Cmd.v:23]
INFO: [Synth 8-6155] done synthesizing module 'UART_RXD_Cmd' (0#1) [D:/Project/FPGA/028_UART_RS232_RXD_Ctrl_Led/028_UART_RS232_RXD_Ctrl_Led.srcs/sources_1/new/UART_RXD_Cmd.v:23]
INFO: [Synth 8-6157] synthesizing module 'UART_Counter_Led' [D:/Project/FPGA/028_UART_RS232_RXD_Ctrl_Led/028_UART_RS232_RXD_Ctrl_Led.srcs/sources_1/new/UART_Counter_Led.v:23]
INFO: [Synth 8-226] default block is never used [D:/Project/FPGA/028_UART_RS232_RXD_Ctrl_Led/028_UART_RS232_RXD_Ctrl_Led.srcs/sources_1/new/UART_Counter_Led.v:50]
INFO: [Synth 8-6155] done synthesizing module 'UART_Counter_Led' (0#1) [D:/Project/FPGA/028_UART_RS232_RXD_Ctrl_Led/028_UART_RS232_RXD_Ctrl_Led.srcs/sources_1/new/UART_Counter_Led.v:23]
INFO: [Synth 8-6155] done synthesizing module 'UART_RXD_Ctrl_Led' (0#1) [D:/Project/FPGA/028_UART_RS232_RXD_Ctrl_Led/028_UART_RS232_RXD_Ctrl_Led.srcs/sources_1/new/UART_RXD_Ctrl_Led.v:23]
WARNING: [Synth 8-6014] Unused sequential element START_BIT_reg was removed.  [D:/Project/FPGA/027_UART_RS232_RXD/027_UART_RS232_RXD.srcs/sources_1/new/UART_RXD.v:137]
WARNING: [Synth 8-6014] Unused sequential element STOP_BIT_reg was removed.  [D:/Project/FPGA/027_UART_RS232_RXD/027_UART_RS232_RXD.srcs/sources_1/new/UART_RXD.v:138]
---------------------------------------------------------------------------------
Finished RTL Elaboration : Time (s): cpu = 00:00:03 ; elapsed = 00:00:04 . Memory (MB): peak = 1297.281 ; gain = 498.566
---------------------------------------------------------------------------------
---------------------------------------------------------------------------------
Start Handling Custom Attributes
---------------------------------------------------------------------------------
---------------------------------------------------------------------------------
Finished Handling Custom Attributes : Time (s): cpu = 00:00:03 ; elapsed = 00:00:05 . Memory (MB): peak = 1297.281 ; gain = 498.566
---------------------------------------------------------------------------------
---------------------------------------------------------------------------------
Finished RTL Optimization Phase 1 : Time (s): cpu = 00:00:03 ; elapsed = 00:00:05 . Memory (MB): peak = 1297.281 ; gain = 498.566
---------------------------------------------------------------------------------
Netlist sorting complete. Time (s): cpu = 00:00:00 ; elapsed = 00:00:00.003 . Memory (MB): peak = 1297.281 ; gain = 0.000
INFO: [Project 1-570] Preparing netlist for logic optimization

Processing XDC Constraints
Initializing timing engine
Parsing XDC File [D:/Project/FPGA/028_UART_RS232_RXD_Ctrl_Led/028_UART_RS232_RXD_Ctrl_Led.srcs/constrs_1/new/UART_RXD_Ctrl_Led.xdc]
Finished Parsing XDC File [D:/Project/FPGA/028_UART_RS232_RXD_Ctrl_Led/028_UART_RS232_RXD_Ctrl_Led.srcs/constrs_1/new/UART_RXD_Ctrl_Led.xdc]
INFO: [Project 1-236] Implementation specific constraints were found while reading constraint file [D:/Project/FPGA/028_UART_RS232_RXD_Ctrl_Led/028_UART_RS232_RXD_Ctrl_Led.srcs/constrs_1/new/UART_RXD_Ctrl_Led.xdc]. These constraints will be ignored for synthesis but will be used in implementation. Impacted constraints are listed in the file [.Xil/UART_RXD_Ctrl_Led_propImpl.xdc].
Resolution: To avoid this warning, move constraints listed in [.Xil/UART_RXD_Ctrl_Led_propImpl.xdc] to another XDC file and exclude this new file from synthesis with the used_in_synthesis property (File Properties dialog in GUI) and re-run elaboration/synthesis.
Completed Processing XDC Constraints

Netlist sorting complete. Time (s): cpu = 00:00:00 ; elapsed = 00:00:00 . Memory (MB): peak = 1398.082 ; gain = 0.000
INFO: [Project 1-111] Unisim Transformation Summary:
No Unisim elements were transformed.

Constraint Validation Runtime : Time (s): cpu = 00:00:00 ; elapsed = 00:00:00.001 . Memory (MB): peak = 1398.082 ; gain = 0.000
INFO: [Designutils 20-5440] No compile time benefit to using incremental synthesis; A full resynthesis will be run
INFO: [Designutils 20-4379] Flow is switching to default flow due to incremental criteria not met. If you would like to alter this behaviour and have the flow terminate instead, please set the following parameter config_implementation {autoIncr.Synth.RejectBehavior Terminate}
INFO: [Synth 8-11241] undeclared symbol 'REGCCE', assumed default net type 'wire' [D:/App/Xilinx_Unified_2022.2_1014_8888_Win64.exe/Vivado/2022.2/data/verilog/src/unimacro/BRAM_SINGLE_MACRO.v:2170]
---------------------------------------------------------------------------------
Finished Constraint Validation : Time (s): cpu = 00:00:07 ; elapsed = 00:00:09 . Memory (MB): peak = 1398.082 ; gain = 599.367
---------------------------------------------------------------------------------
---------------------------------------------------------------------------------
Start Loading Part and Timing Information
---------------------------------------------------------------------------------
Loading part: xc7a35tfgg484-2
---------------------------------------------------------------------------------
Finished Loading Part and Timing Information : Time (s): cpu = 00:00:07 ; elapsed = 00:00:09 . Memory (MB): peak = 1398.082 ; gain = 599.367
---------------------------------------------------------------------------------
---------------------------------------------------------------------------------
Start Applying 'set_property' XDC Constraints
---------------------------------------------------------------------------------
---------------------------------------------------------------------------------
Finished applying 'set_property' XDC Constraints : Time (s): cpu = 00:00:07 ; elapsed = 00:00:09 . Memory (MB): peak = 1398.082 ; gain = 599.367
---------------------------------------------------------------------------------
WARNING: [Synth 8-327] inferring latch for variable 'command_data_reg[1]' [D:/Project/FPGA/028_UART_RS232_RXD_Ctrl_Led/028_UART_RS232_RXD_Ctrl_Led.srcs/sources_1/new/UART_RXD_Cmd.v:48]
WARNING: [Synth 8-327] inferring latch for variable 'command_data_reg[7]' [D:/Project/FPGA/028_UART_RS232_RXD_Ctrl_Led/028_UART_RS232_RXD_Ctrl_Led.srcs/sources_1/new/UART_RXD_Cmd.v:48]
WARNING: [Synth 8-327] inferring latch for variable 'command_data_reg[0]' [D:/Project/FPGA/028_UART_RS232_RXD_Ctrl_Led/028_UART_RS232_RXD_Ctrl_Led.srcs/sources_1/new/UART_RXD_Cmd.v:48]
WARNING: [Synth 8-327] inferring latch for variable 'command_data_reg[6]' [D:/Project/FPGA/028_UART_RS232_RXD_Ctrl_Led/028_UART_RS232_RXD_Ctrl_Led.srcs/sources_1/new/UART_RXD_Cmd.v:48]
WARNING: [Synth 8-327] inferring latch for variable 'command_data_reg[2]' [D:/Project/FPGA/028_UART_RS232_RXD_Ctrl_Led/028_UART_RS232_RXD_Ctrl_Led.srcs/sources_1/new/UART_RXD_Cmd.v:48]
WARNING: [Synth 8-327] inferring latch for variable 'command_data_reg[3]' [D:/Project/FPGA/028_UART_RS232_RXD_Ctrl_Led/028_UART_RS232_RXD_Ctrl_Led.srcs/sources_1/new/UART_RXD_Cmd.v:48]
WARNING: [Synth 8-327] inferring latch for variable 'command_data_reg[4]' [D:/Project/FPGA/028_UART_RS232_RXD_Ctrl_Led/028_UART_RS232_RXD_Ctrl_Led.srcs/sources_1/new/UART_RXD_Cmd.v:48]
WARNING: [Synth 8-327] inferring latch for variable 'command_data_reg[5]' [D:/Project/FPGA/028_UART_RS232_RXD_Ctrl_Led/028_UART_RS232_RXD_Ctrl_Led.srcs/sources_1/new/UART_RXD_Cmd.v:48]
---------------------------------------------------------------------------------
Finished RTL Optimization Phase 2 : Time (s): cpu = 00:00:07 ; elapsed = 00:00:09 . Memory (MB): peak = 1398.082 ; gain = 599.367
---------------------------------------------------------------------------------
---------------------------------------------------------------------------------
Start RTL Component Statistics 
---------------------------------------------------------------------------------
Detailed RTL Component Info : 
+---Adders : 
	   2 Input   16 Bit       Adders := 1     
	   2 Input    8 Bit       Adders := 1     
	   2 Input    4 Bit       Adders := 1     
	   2 Input    3 Bit       Adders := 1     
+---Registers : 
	               32 Bit    Registers := 1     
	               16 Bit    Registers := 1     
	                8 Bit    Registers := 4     
	                4 Bit    Registers := 1     
	                3 Bit    Registers := 1     
	                1 Bit    Registers := 7     
+---Muxes : 
	   2 Input   16 Bit        Muxes := 2     
	   8 Input   12 Bit        Muxes := 1     
	   2 Input    8 Bit        Muxes := 2     
	  11 Input    8 Bit        Muxes := 1     
	   2 Input    4 Bit        Muxes := 1     
	   2 Input    1 Bit        Muxes := 4     
	   9 Input    1 Bit        Muxes := 8     
---------------------------------------------------------------------------------
Finished RTL Component Statistics 
---------------------------------------------------------------------------------
---------------------------------------------------------------------------------
Start Part Resource Summary
---------------------------------------------------------------------------------
Part Resources:
DSPs: 90 (col length:60)
BRAMs: 100 (col length: RAMB18 60 RAMB36 30)
---------------------------------------------------------------------------------
Finished Part Resource Summary
---------------------------------------------------------------------------------
---------------------------------------------------------------------------------
Start Cross Boundary and Area Optimization
---------------------------------------------------------------------------------
WARNING: [Synth 8-7080] Parallel synthesis criteria is not met
---------------------------------------------------------------------------------
Finished Cross Boundary and Area Optimization : Time (s): cpu = 00:00:08 ; elapsed = 00:00:11 . Memory (MB): peak = 1398.082 ; gain = 599.367
---------------------------------------------------------------------------------
---------------------------------------------------------------------------------
Start Applying XDC Timing Constraints
---------------------------------------------------------------------------------
---------------------------------------------------------------------------------
Finished Applying XDC Timing Constraints : Time (s): cpu = 00:00:12 ; elapsed = 00:00:14 . Memory (MB): peak = 1398.082 ; gain = 599.367
---------------------------------------------------------------------------------
---------------------------------------------------------------------------------
Start Timing Optimization
---------------------------------------------------------------------------------
---------------------------------------------------------------------------------
Finished Timing Optimization : Time (s): cpu = 00:00:12 ; elapsed = 00:00:14 . Memory (MB): peak = 1398.082 ; gain = 599.367
---------------------------------------------------------------------------------
---------------------------------------------------------------------------------
Start Technology Mapping
---------------------------------------------------------------------------------
---------------------------------------------------------------------------------
Finished Technology Mapping : Time (s): cpu = 00:00:12 ; elapsed = 00:00:14 . Memory (MB): peak = 1398.082 ; gain = 599.367
---------------------------------------------------------------------------------
---------------------------------------------------------------------------------
Start IO Insertion
---------------------------------------------------------------------------------
---------------------------------------------------------------------------------
Start Flattening Before IO Insertion
---------------------------------------------------------------------------------
---------------------------------------------------------------------------------
Finished Flattening Before IO Insertion
---------------------------------------------------------------------------------
---------------------------------------------------------------------------------
Start Final Netlist Cleanup
---------------------------------------------------------------------------------
---------------------------------------------------------------------------------
Finished Final Netlist Cleanup
---------------------------------------------------------------------------------
---------------------------------------------------------------------------------
Finished IO Insertion : Time (s): cpu = 00:00:14 ; elapsed = 00:00:17 . Memory (MB): peak = 1398.082 ; gain = 599.367
---------------------------------------------------------------------------------
---------------------------------------------------------------------------------
Start Renaming Generated Instances
---------------------------------------------------------------------------------
---------------------------------------------------------------------------------
Finished Renaming Generated Instances : Time (s): cpu = 00:00:14 ; elapsed = 00:00:17 . Memory (MB): peak = 1398.082 ; gain = 599.367
---------------------------------------------------------------------------------
---------------------------------------------------------------------------------
Start Rebuilding User Hierarchy
---------------------------------------------------------------------------------
---------------------------------------------------------------------------------
Finished Rebuilding User Hierarchy : Time (s): cpu = 00:00:14 ; elapsed = 00:00:17 . Memory (MB): peak = 1398.082 ; gain = 599.367
---------------------------------------------------------------------------------
---------------------------------------------------------------------------------
Start Renaming Generated Ports
---------------------------------------------------------------------------------
---------------------------------------------------------------------------------
Finished Renaming Generated Ports : Time (s): cpu = 00:00:14 ; elapsed = 00:00:17 . Memory (MB): peak = 1398.082 ; gain = 599.367
---------------------------------------------------------------------------------
---------------------------------------------------------------------------------
Start Handling Custom Attributes
---------------------------------------------------------------------------------
---------------------------------------------------------------------------------
Finished Handling Custom Attributes : Time (s): cpu = 00:00:14 ; elapsed = 00:00:17 . Memory (MB): peak = 1398.082 ; gain = 599.367
---------------------------------------------------------------------------------
---------------------------------------------------------------------------------
Start Renaming Generated Nets
---------------------------------------------------------------------------------
---------------------------------------------------------------------------------
Finished Renaming Generated Nets : Time (s): cpu = 00:00:14 ; elapsed = 00:00:17 . Memory (MB): peak = 1398.082 ; gain = 599.367
---------------------------------------------------------------------------------
---------------------------------------------------------------------------------
Start Writing Synthesis Report
---------------------------------------------------------------------------------

Report BlackBoxes: 
+-+--------------+----------+
| |BlackBox name |Instances |
+-+--------------+----------+
+-+--------------+----------+

Report Cell Usage: 
+------+-------+------+
|      |Cell   |Count |
+------+-------+------+
|1     |BUFG   |     1|
|2     |CARRY4 |    17|
|3     |LUT1   |     4|
|4     |LUT2   |    36|
|5     |LUT3   |    27|
|6     |LUT4   |    18|
|7     |LUT5   |     7|
|8     |LUT6   |    24|
|9     |MUXF7  |     1|
|10    |FDCE   |   122|
|11    |FDPE   |     4|
|12    |LD     |    64|
|13    |IBUF   |     3|
|14    |OBUF   |     1|
+------+-------+------+
---------------------------------------------------------------------------------
Finished Writing Synthesis Report : Time (s): cpu = 00:00:14 ; elapsed = 00:00:17 . Memory (MB): peak = 1398.082 ; gain = 599.367
---------------------------------------------------------------------------------
Synthesis finished with 0 errors, 0 critical warnings and 9 warnings.
Synthesis Optimization Runtime : Time (s): cpu = 00:00:10 ; elapsed = 00:00:16 . Memory (MB): peak = 1398.082 ; gain = 498.566
Synthesis Optimization Complete : Time (s): cpu = 00:00:14 ; elapsed = 00:00:17 . Memory (MB): peak = 1398.082 ; gain = 599.367
INFO: [Project 1-571] Translating synthesized netlist
Netlist sorting complete. Time (s): cpu = 00:00:00 ; elapsed = 00:00:00.002 . Memory (MB): peak = 1398.082 ; gain = 0.000
INFO: [Netlist 29-17] Analyzing 82 Unisim elements for replacement
INFO: [Netlist 29-28] Unisim Transformation completed in 0 CPU seconds
INFO: [Project 1-570] Preparing netlist for logic optimization
INFO: [Opt 31-138] Pushed 0 inverter(s) to 0 load pin(s).
Netlist sorting complete. Time (s): cpu = 00:00:00 ; elapsed = 00:00:00 . Memory (MB): peak = 1398.082 ; gain = 0.000
INFO: [Project 1-111] Unisim Transformation Summary:
  A total of 64 instances were transformed.
  LD => LDCE: 64 instances

Synth Design complete, checksum: c474ad69
INFO: [Common 17-83] Releasing license: Synthesis
33 Infos, 11 Warnings, 0 Critical Warnings and 0 Errors encountered.
synth_design completed successfully
synth_design: Time (s): cpu = 00:00:17 ; elapsed = 00:00:26 . Memory (MB): peak = 1398.082 ; gain = 978.102
INFO: [Common 17-1381] The checkpoint 'D:/Project/FPGA/028_UART_RS232_RXD_Ctrl_Led/028_UART_RS232_RXD_Ctrl_Led.runs/synth_1/UART_RXD_Ctrl_Led.dcp' has been generated.
INFO: [runtcl-4] Executing : report_utilization -file UART_RXD_Ctrl_Led_utilization_synth.rpt -pb UART_RXD_Ctrl_Led_utilization_synth.pb
INFO: [Common 17-206] Exiting Vivado at Fri Jan  5 20:31:46 2024...
