C51 COMPILER V9.54   MAIN                                                                  07/11/2023 11:48:34 PAGE 1   


C51 COMPILER V9.54, COMPILATION OF MODULE MAIN
OBJECT MODULE PLACED IN .\Objects\main.obj
COMPILER INVOKED BY: D:\App\Keil5\C51\BIN\C51.EXE main.c COMPACT OPTIMIZE(8,SPEED) BROWSE DEBUG OBJECTEXTEND PRINT(.\Lis
                    -tings\main.lst) TABS(2) OBJECT(.\Objects\main.obj)

line level    source

   1          #include <REGX52.H>
   2          #include "LCD1602.h"
   3          #include "Delay.h"
   4          
   5          unsigned char i=0;
   6          
   7          void main()
   8          {       
   9   1        LCD_Init();//LCD初始化
  10   1      //  LCD_ShowChar(1,1,'A');//在1行1列显示字符A
  11   1      //  LCD_ShowString(1,3,"Hello World! TANXUELIANG");//在1行3列显示字符串Hello
  12   1      //  LCD_ShowNum(1,9,66,2);//在1行9列显示数字66，长度为2
  13   1      //  LCD_ShowSignedNum(1,12,-88,2); //在1行12列显示有符号数字-88，长度为2
  14   1      //  LCD_ShowHexNum(2,1,0xA5,2); //在2行1列显示十六进制数字0xA5，长度为2
  15   1      //  LCD_ShowBinNum(2,4,0xA5,8);//在2行4列显示二进制数字0xA5，长度为8
  16   1      //  LCD_ShowChar(2,13,0xDF);//在2行13列显示编码为0xDF的字符
  17   1      //  LCD_ShowChar(2,14,'C');//在2行14列显示字符C
  18   1        for(i=0;i<8;i++)
  19   1        {
  20   2          LCD_ShowCGRAM(1,i+1,i);
  21   2        }
  22   1        
  23   1        while(1)
  24   1        {
  25   2      //    LCD_WriteCommand(0x07);
  26   2      //    Delay(500);
  27   2        }
  28   1      }


MODULE INFORMATION:   STATIC OVERLAYABLE
   CODE SIZE        =     31    ----
   CONSTANT SIZE    =   ----    ----
   XDATA SIZE       =   ----    ----
   PDATA SIZE       =    101    ----
   DATA SIZE        =   ----    ----
   IDATA SIZE       =   ----    ----
   BIT SIZE         =   ----    ----
END OF MODULE INFORMATION.


C51 COMPILATION COMPLETE.  0 WARNING(S),  0 ERROR(S)
