
*** Running vivado
    with args -log Dflipflop.vds -m64 -product Vivado -mode batch -messageDb vivado.pb -notrace -source Dflipflop.tcl



****** Vivado v2022.2 (64-bit)
  **** SW Build 3671981 on Fri Oct 14 05:00:03 MDT 2022
  **** IP Build 3669848 on Fri Oct 14 08:30:02 MDT 2022
    ** Copyright 1986-2022 Xilinx, Inc. All Rights Reserved.

source Dflipflop.tcl -notrace
Command: synth_design -top Dflipflop -part xc7a35tfgg484-2
Starting synth_design
Attempting to get a license for feature 'Synthesis' and/or device 'xc7a35t'
INFO: [Common 17-349] Got license for feature 'Synthesis' and/or device 'xc7a35t'
INFO: [Synth 8-7079] Multithreading enabled for synth_design using a maximum of 2 processes.
INFO: [Synth 8-7078] Launching helper process for spawning children vivado processes
INFO: [Synth 8-7075] Helper process launched with PID 6536
INFO: [Synth 8-11241] undeclared symbol 'REGCCE', assumed default net type 'wire' [D:/App/xilinx1/Vivado/2022.2/data/verilog/src/unimacro/BRAM_SINGLE_MACRO.v:2170]
---------------------------------------------------------------------------------
Starting Synthesize : Time (s): cpu = 00:00:05 ; elapsed = 00:00:06 . Memory (MB): peak = 832.965 ; gain = 413.891
---------------------------------------------------------------------------------
INFO: [Synth 8-6157] synthesizing module 'Dflipflop' [D:/Project/FPGA_XILINX/016_D_FlipFlop/016_D_FlipFlop.srcs/sources_1/new/D_FlipFlop.v:23]
ERROR: [Synth 8-439] module 'SR_Latch' not found [D:/Project/FPGA_XILINX/016_D_FlipFlop/016_D_FlipFlop.srcs/sources_1/new/D_FlipFlop.v:33]
ERROR: [Synth 8-6156] failed synthesizing module 'Dflipflop' [D:/Project/FPGA_XILINX/016_D_FlipFlop/016_D_FlipFlop.srcs/sources_1/new/D_FlipFlop.v:23]
---------------------------------------------------------------------------------
Finished Synthesize : Time (s): cpu = 00:00:07 ; elapsed = 00:00:08 . Memory (MB): peak = 921.496 ; gain = 502.422
---------------------------------------------------------------------------------
synthesize failed
INFO: [Common 17-83] Releasing license: Synthesis
7 Infos, 0 Warnings, 0 Critical Warnings and 3 Errors encountered.
synth_design failed
ERROR: [Common 17-69] Command failed: Vivado Synthesis failed
INFO: [Common 17-206] Exiting Vivado at Fri Nov  3 02:40:11 2023...
