C51 COMPILER V9.54   DS18B02                                                               07/08/2023 12:55:53 PAGE 1   


C51 COMPILER V9.54, COMPILATION OF MODULE DS18B02
OBJECT MODULE PLACED IN .\Objects\DS18B02.obj
COMPILER INVOKED BY: D:\App\Keil5\C51\BIN\C51.EXE DS18B02.c OPTIMIZE(8,SPEED) BROWSE DEBUG OBJECTEXTEND PRINT(.\Listings
                    -\DS18B02.lst) TABS(2) OBJECT(.\Objects\DS18B02.obj)

line level    source

   1          #include "OneWire.h"
   2          
   3          /**
   4            * @brief  DS18B20开始温度变换
   5            * @param  无
   6            * @retval 无
   7            */
   8          void TempConvert(void)
   9          {
  10   1        start();
  11   1        WriteByte(0xCC);
  12   1        WriteByte(0x44);
  13   1      }
  14          
  15          /**
  16            * @brief  DS18B20读取温度
  17            * @param  无
  18            * @retval 温度数值
  19            */
  20          float TempRead(void)
  21          {
  22   1        int temp=0;
  23   1        unsigned char LSB,MSB=0; 
  24   1        float T=0;
  25   1        start();
  26   1        WriteByte(0xCC);
  27   1        WriteByte(0xBE);
  28   1        LSB=ReadByte();
  29   1        MSB=ReadByte();
  30   1        temp=(MSB<<8)|LSB;
  31   1        T=temp/16.0;
  32   1        
  33   1        return T;
  34   1      }


MODULE INFORMATION:   STATIC OVERLAYABLE
   CODE SIZE        =     64    ----
   CONSTANT SIZE    =   ----    ----
   XDATA SIZE       =   ----    ----
   PDATA SIZE       =   ----    ----
   DATA SIZE        =   ----       1
   IDATA SIZE       =   ----    ----
   BIT SIZE         =   ----    ----
END OF MODULE INFORMATION.


C51 COMPILATION COMPLETE.  0 WARNING(S),  0 ERROR(S)
