C51 COMPILER V9.54   ONEWIRE                                                               07/08/2023 01:50:15 PAGE 1   


C51 COMPILER V9.54, COMPILATION OF MODULE ONEWIRE
OBJECT MODULE PLACED IN .\Objects\OneWire.obj
COMPILER INVOKED BY: D:\App\Keil5\C51\BIN\C51.EXE OneWire.c OPTIMIZE(8,SPEED) BROWSE DEBUG OBJECTEXTEND PRINT(.\Listings
                    -\OneWire.lst) TABS(2) OBJECT(.\Objects\OneWire.obj)

line level    source

   1          #include <REGX52.H>
   2          #include <INTRINS.H>
   3          
   4          //引脚定义
   5          sbit DQ=P3^7;
   6          
   7          /**
   8            * @brief  单总线初始化
   9            * @param  无
  10            * @retval 从机响应位，0为响应，1为未响应
  11            */
  12          unsigned char start(void)
  13          {
  14   1        unsigned char ack=0;
  15   1        unsigned char i=0;
  16   1        DQ=1;
  17   1        DQ=0;
  18   1        i = 227;while (--i);    //Delay 500us
  19   1        DQ=1;
  20   1        i = 29;while (--i);     //Delay 70us
  21   1        ack=DQ;
  22   1        i = 181;while (--i);    //Delay 400us
  23   1        
  24   1        return ack;
  25   1      }
  26          
  27          /**
  28            * @brief  单总线发送一位
  29            * @param  Bit 要发送的位
  30            * @retval 无
  31            */
  32          void SendBit(unsigned char Bit)
  33          {
  34   1        unsigned char i=0;
  35   1        DQ=1;
  36   1        DQ=0;
  37   1        i= 2;while (--i);     //Delay 10us
  38   1        DQ=Bit;
  39   1        i= 25;while (--i);    //Delay 60us
  40   1        DQ=1;
  41   1      }
  42          
  43          /**
  44            * @brief  单总线接收一位
  45            * @param  无
  46            * @retval 读取的位
  47            */
  48          unsigned char ReceiveBit(void)
  49          {
  50   1        unsigned char i=0;
  51   1        unsigned char Bit=0;
  52   1        DQ=1;
  53   1        DQ=0;
  54   1        i = 1;while (--i);     //Delay 8us
C51 COMPILER V9.54   ONEWIRE                                                               07/08/2023 01:50:15 PAGE 2   

  55   1        DQ=1;
  56   1        _nop_();               //Delay 6us
  57   1        Bit=DQ;
  58   1        i = 20;while (--i);     //Delay 50us
  59   1        
  60   1        return Bit;
  61   1      }
  62          
  63          /**
  64            * @brief  单总线发送一个字节
  65            * @param  Byte 要发送的字节
  66            * @retval 无
  67            */
  68          void WriteByte(unsigned char Data)
  69          {
  70   1        unsigned char i=0; 
  71   1        for(i=0;i<8;i++)
  72   1        {
  73   2          SendBit(Data&(0x01<<i));
  74   2        }
  75   1      }
  76          
  77          /**
  78            * @brief  单总线接收一个字节
  79            * @param  无
  80            * @retval 接收的一个字节
  81            */
  82          unsigned char ReadByte(void)
  83          {
  84   1        unsigned char Data=0;
  85   1        unsigned char i=0; 
  86   1        for(i=0;i<8;i++)
  87   1        {
  88   2          if(ReceiveBit())Data|=(0x01<<i);
  89   2        }
  90   1        return Data;  
  91   1      }
  92            


MODULE INFORMATION:   STATIC OVERLAYABLE
   CODE SIZE        =    126    ----
   CONSTANT SIZE    =   ----    ----
   XDATA SIZE       =   ----    ----
   PDATA SIZE       =   ----    ----
   DATA SIZE        =   ----    ----
   IDATA SIZE       =   ----    ----
   BIT SIZE         =   ----    ----
END OF MODULE INFORMATION.


C51 COMPILATION COMPLETE.  0 WARNING(S),  0 ERROR(S)
