C51 COMPILER V9.54   MAIN                                                                  06/25/2023 12:18:26 PAGE 1   


C51 COMPILER V9.54, COMPILATION OF MODULE MAIN
OBJECT MODULE PLACED IN .\Objects\main.obj
COMPILER INVOKED BY: D:\App\Keil5\C51\BIN\C51.EXE main.c OPTIMIZE(8,SPEED) BROWSE DEBUG OBJECTEXTEND PRINT(.\Listings\ma
                    -in.lst) TABS(2) OBJECT(.\Objects\main.obj)

line level    source

   1          #include <REGX52.H>
   2          #include "LCD1602.h"
   3          #include "DS1302.h"
   4          
   5          
   6          void main()
   7          {
   8   1        LCD_Init();
   9   1        DS1302_Init();
  10   1        
  11   1        LCD_ShowString(1,1,"  -  -  ");//静态字符初始化显示
  12   1        LCD_ShowString(2,1,"  :  :  ");
  13   1      
  14   1        Set_time();
  15   1        
  16   1        while(1)
  17   1        {
  18   2          Read_time();
  19   2          LCD_ShowNum(1,1,time[0],2);
  20   2          LCD_ShowNum(1,4,time[2],2);
  21   2          LCD_ShowNum(1,7,time[3],2);
  22   2          LCD_ShowNum(2,1,time[4],2);
  23   2          LCD_ShowNum(2,4,time[5],2);
  24   2          LCD_ShowNum(2,7,time[6],2);
  25   2        } 
  26   1      }


MODULE INFORMATION:   STATIC OVERLAYABLE
   CODE SIZE        =    130    ----
   CONSTANT SIZE    =     18    ----
   XDATA SIZE       =   ----    ----
   PDATA SIZE       =   ----    ----
   DATA SIZE        =   ----    ----
   IDATA SIZE       =   ----    ----
   BIT SIZE         =   ----    ----
END OF MODULE INFORMATION.


C51 COMPILATION COMPLETE.  0 WARNING(S),  0 ERROR(S)
