#-----------------------------------------------------------
# Vivado v2022.2 (64-bit)
# SW Build 3671981 on Fri Oct 14 05:00:03 MDT 2022
# IP Build 3669848 on Fri Oct 14 08:30:02 MDT 2022
# Start of session at: Mon Jan  1 16:47:25 2024
# Process ID: 25124
# Current directory: D:/Project/FPGA/023_UART_RS232
# Command line: vivado.exe -gui_launcher_event rodinguilauncherevent11580 D:\Project\FPGA\023_UART_RS232\023_UART_RS232.xpr
# Log file: D:/Project/FPGA/023_UART_RS232/vivado.log
# Journal file: D:/Project/FPGA/023_UART_RS232\vivado.jou
# Running On: Smile, OS: Windows, CPU Frequency: 2803 MHz, CPU Physical cores: 14, Host memory: 16849 MB
#-----------------------------------------------------------
start_gui
open_project D:/Project/FPGA/023_UART_RS232/023_UART_RS232.xpr
WARNING: [Board 49-26] cannot add Board Part xilinx.com:kc705:part0:1.6 available at D:/App/Xilinx_Unified_2022.2_1014_8888_Win64.exe/Vivado/2022.2/data/xhub/boards/XilinxBoardStore/boards/Xilinx/kc705/1.6/board.xml as part xc7k325tffg900-2 specified in board_part file is either invalid or not available
WARNING: [Board 49-26] cannot add Board Part xilinx.com:kcu105:part0:1.6 available at D:/App/Xilinx_Unified_2022.2_1014_8888_Win64.exe/Vivado/2022.2/data/xhub/boards/XilinxBoardStore/boards/Xilinx/kcu105/1.6/board.xml as part xcku040-ffva1156-2-e specified in board_part file is either invalid or not available
WARNING: [Board 49-26] cannot add Board Part xilinx.com:kcu105:part0:1.7 available at D:/App/Xilinx_Unified_2022.2_1014_8888_Win64.exe/Vivado/2022.2/data/xhub/boards/XilinxBoardStore/boards/Xilinx/kcu105/1.7/board.xml as part xcku040-ffva1156-2-e specified in board_part file is either invalid or not available
WARNING: [Board 49-26] cannot add Board Part xilinx.com:kcu1500:part0:1.2 available at D:/App/Xilinx_Unified_2022.2_1014_8888_Win64.exe/Vivado/2022.2/data/xhub/boards/XilinxBoardStore/boards/Xilinx/kcu1500/1.2/board.xml as part xcku115-flvb2104-2-e specified in board_part file is either invalid or not available
WARNING: [Board 49-26] cannot add Board Part xilinx.com:vc707:part0:1.4 available at D:/App/Xilinx_Unified_2022.2_1014_8888_Win64.exe/Vivado/2022.2/data/xhub/boards/XilinxBoardStore/boards/Xilinx/vc707/1.4/board.xml as part xc7vx485tffg1761-2 specified in board_part file is either invalid or not available
WARNING: [Board 49-26] cannot add Board Part xilinx.com:vc709:part0:1.8 available at D:/App/Xilinx_Unified_2022.2_1014_8888_Win64.exe/Vivado/2022.2/data/xhub/boards/XilinxBoardStore/boards/Xilinx/vc709/1.8/board.xml as part xc7vx690tffg1761-2 specified in board_part file is either invalid or not available
WARNING: [Board 49-26] cannot add Board Part xilinx.com:vck190:part0:2.2 available at D:/App/Xilinx_Unified_2022.2_1014_8888_Win64.exe/Vivado/2022.2/data/xhub/boards/XilinxBoardStore/boards/Xilinx/vck190/production/2.2/board.xml as part xcvc1902-vsva2197-2mp-e-s specified in board_part file is either invalid or not available
WARNING: [Board 49-26] cannot add Board Part xilinx.com:vck190:part0:3.0 available at D:/App/Xilinx_Unified_2022.2_1014_8888_Win64.exe/Vivado/2022.2/data/xhub/boards/XilinxBoardStore/boards/Xilinx/vck190/production/3.0/board.xml as part xcvc1902-vsva2197-2mp-e-s specified in board_part file is either invalid or not available
WARNING: [Board 49-26] cannot add Board Part xilinx.com:vck190:part0:3.1 available at D:/App/Xilinx_Unified_2022.2_1014_8888_Win64.exe/Vivado/2022.2/data/xhub/boards/XilinxBoardStore/boards/Xilinx/vck190/production/3.1/board.xml as part xcvc1902-vsva2197-2mp-e-s specified in board_part file is either invalid or not available
WARNING: [Board 49-26] cannot add Board Part xilinx.com:vck190_newl:part0:1.0 available at D:/App/Xilinx_Unified_2022.2_1014_8888_Win64.exe/Vivado/2022.2/data/xhub/boards/XilinxBoardStore/boards/Xilinx/vck190_newl/production/1.0/board.xml as part xcvc1902-vsva2197-2mp-e-s specified in board_part file is either invalid or not available
WARNING: [Board 49-26] cannot add Board Part xilinx.com:vcu108:part0:1.6 available at D:/App/Xilinx_Unified_2022.2_1014_8888_Win64.exe/Vivado/2022.2/data/xhub/boards/XilinxBoardStore/boards/Xilinx/vcu108/1.6/board.xml as part xcvu095-ffva2104-2-e specified in board_part file is either invalid or not available
WARNING: [Board 49-26] cannot add Board Part xilinx.com:vcu108:part0:1.7 available at D:/App/Xilinx_Unified_2022.2_1014_8888_Win64.exe/Vivado/2022.2/data/xhub/boards/XilinxBoardStore/boards/Xilinx/vcu108/1.7/board.xml as part xcvu095-ffva2104-2-e specified in board_part file is either invalid or not available
WARNING: [Board 49-26] cannot add Board Part xilinx.com:vcu110:part0:1.4 available at D:/App/Xilinx_Unified_2022.2_1014_8888_Win64.exe/Vivado/2022.2/data/xhub/boards/XilinxBoardStore/boards/Xilinx/vcu110/1.4/board.xml as part xcvu190-flgc2104-2-e specified in board_part file is either invalid or not available
WARNING: [Board 49-26] cannot add Board Part xilinx.com:vcu118:part0:2.0 available at D:/App/Xilinx_Unified_2022.2_1014_8888_Win64.exe/Vivado/2022.2/data/xhub/boards/XilinxBoardStore/boards/Xilinx/vcu118/2.0/board.xml as part xcvu9p-flga2104-2l-e specified in board_part file is either invalid or not available
WARNING: [Board 49-26] cannot add Board Part xilinx.com:vcu118:part0:2.3 available at D:/App/Xilinx_Unified_2022.2_1014_8888_Win64.exe/Vivado/2022.2/data/xhub/boards/XilinxBoardStore/boards/Xilinx/vcu118/2.3/board.xml as part xcvu9p-flga2104-2l-e specified in board_part file is either invalid or not available
WARNING: [Board 49-26] cannot add Board Part xilinx.com:vcu118:part0:2.4 available at D:/App/Xilinx_Unified_2022.2_1014_8888_Win64.exe/Vivado/2022.2/data/xhub/boards/XilinxBoardStore/boards/Xilinx/vcu118/2.4/board.xml as part xcvu9p-flga2104-2l-e specified in board_part file is either invalid or not available
WARNING: [Board 49-26] cannot add Board Part xilinx.com:vcu128:part0:1.0 available at D:/App/Xilinx_Unified_2022.2_1014_8888_Win64.exe/Vivado/2022.2/data/xhub/boards/XilinxBoardStore/boards/Xilinx/vcu128/production/1.0/board.xml as part xcvu37p-fsvh2892-2l-e specified in board_part file is either invalid or not available
WARNING: [Board 49-26] cannot add Board Part xilinx.com:vcu129:part0:1.0 available at D:/App/Xilinx_Unified_2022.2_1014_8888_Win64.exe/Vivado/2022.2/data/xhub/boards/XilinxBoardStore/boards/Xilinx/vcu129/production/1.0/board.xml as part xcvu29p-fsga2577-2l-e specified in board_part file is either invalid or not available
WARNING: [Board 49-26] cannot add Board Part xilinx.com:vcu1525:part0:1.3 available at D:/App/Xilinx_Unified_2022.2_1014_8888_Win64.exe/Vivado/2022.2/data/xhub/boards/XilinxBoardStore/boards/Xilinx/vcu1525/1.3/board.xml as part xcvu9p-fsgd2104-2l-e specified in board_part file is either invalid or not available
WARNING: [Board 49-26] cannot add Board Part xilinx.com:vek280_es:part0:1.0 available at D:/App/Xilinx_Unified_2022.2_1014_8888_Win64.exe/Vivado/2022.2/data/xhub/boards/XilinxBoardStore/boards/Xilinx/vek280/es/1.0/board.xml as part xcve2802-vsvh1760-2lp-e-s-es1 specified in board_part file is either invalid or not available
WARNING: [Board 49-26] cannot add Board Part xilinx.com:vermeo_t1_mpsoc:part0:1.0 available at D:/App/Xilinx_Unified_2022.2_1014_8888_Win64.exe/Vivado/2022.2/data/xhub/boards/XilinxBoardStore/boards/Xilinx/vermeo_t1_mpsoc/1.0/board.xml as part xczu19eg-ffvd1760-2l-e specified in board_part file is either invalid or not available
WARNING: [Board 49-26] cannot add Board Part xilinx.com:vermeo_t1_rfsoc:part0:1.0 available at D:/App/Xilinx_Unified_2022.2_1014_8888_Win64.exe/Vivado/2022.2/data/xhub/boards/XilinxBoardStore/boards/Xilinx/vermeo_t1_rfsoc/1.0/board.xml as part xczu21dr-ffvd1156-2l-e specified in board_part file is either invalid or not available
WARNING: [Board 49-26] cannot add Board Part xilinx.com:vhk158_es:part0:1.0 available at D:/App/Xilinx_Unified_2022.2_1014_8888_Win64.exe/Vivado/2022.2/data/xhub/boards/XilinxBoardStore/boards/Xilinx/vhk158/es/1.0/board.xml as part xcvh1582-vsva3697-2mp-e-s-es1 specified in board_part file is either invalid or not available
WARNING: [Board 49-26] cannot add Board Part xilinx.com:vmk180:part0:2.2 available at D:/App/Xilinx_Unified_2022.2_1014_8888_Win64.exe/Vivado/2022.2/data/xhub/boards/XilinxBoardStore/boards/Xilinx/vmk180/production/2.2/board.xml as part xcvm1802-vsva2197-2mp-e-s specified in board_part file is either invalid or not available
WARNING: [Board 49-26] cannot add Board Part xilinx.com:vmk180:part0:3.0 available at D:/App/Xilinx_Unified_2022.2_1014_8888_Win64.exe/Vivado/2022.2/data/xhub/boards/XilinxBoardStore/boards/Xilinx/vmk180/production/3.0/board.xml as part xcvm1802-vsva2197-2mp-e-s specified in board_part file is either invalid or not available
WARNING: [Board 49-26] cannot add Board Part xilinx.com:vmk180:part0:3.1 available at D:/App/Xilinx_Unified_2022.2_1014_8888_Win64.exe/Vivado/2022.2/data/xhub/boards/XilinxBoardStore/boards/Xilinx/vmk180/production/3.1/board.xml as part xcvm1802-vsva2197-2mp-e-s specified in board_part file is either invalid or not available
WARNING: [Board 49-26] cannot add Board Part xilinx.com:vmk180_newl:part0:1.0 available at D:/App/Xilinx_Unified_2022.2_1014_8888_Win64.exe/Vivado/2022.2/data/xhub/boards/XilinxBoardStore/boards/Xilinx/vmk180_newl/production/1.0/board.xml as part xcvm1802-vsva2197-2mp-e-s specified in board_part file is either invalid or not available
WARNING: [Board 49-26] cannot add Board Part xilinx.com:vpk120:part0:1.0 available at D:/App/Xilinx_Unified_2022.2_1014_8888_Win64.exe/Vivado/2022.2/data/xhub/boards/XilinxBoardStore/boards/Xilinx/vpk120/production/1.0/board.xml as part xcvp1202-vsva2785-2mp-e-s specified in board_part file is either invalid or not available
WARNING: [Board 49-26] cannot add Board Part xilinx.com:vpk120_es:part0:1.2 available at D:/App/Xilinx_Unified_2022.2_1014_8888_Win64.exe/Vivado/2022.2/data/xhub/boards/XilinxBoardStore/boards/Xilinx/vpk120/es/1.2/board.xml as part xcvp1202-vsva2785-2mp-e-s-es1 specified in board_part file is either invalid or not available
WARNING: [Board 49-26] cannot add Board Part xilinx.com:vpk120_es_revb:part0:1.0 available at D:/App/Xilinx_Unified_2022.2_1014_8888_Win64.exe/Vivado/2022.2/data/xhub/boards/XilinxBoardStore/boards/Xilinx/vpk120_revb/es/1.0/board.xml as part xcvp1202-vsva2785-2mp-e-s-es1 specified in board_part file is either invalid or not available
WARNING: [Board 49-26] cannot add Board Part xilinx.com:vpk180_es:part0:1.0 available at D:/App/Xilinx_Unified_2022.2_1014_8888_Win64.exe/Vivado/2022.2/data/xhub/boards/XilinxBoardStore/boards/Xilinx/vpk180/es/1.0/board.xml as part xcvp1802-lsvc4072-2mp-e-s-es1 specified in board_part file is either invalid or not available
WARNING: [Board 49-26] cannot add Board Part xilinx.com:zc706:part0:1.4 available at D:/App/Xilinx_Unified_2022.2_1014_8888_Win64.exe/Vivado/2022.2/data/xhub/boards/XilinxBoardStore/boards/Xilinx/zc706/1.4/board.xml as part xc7z045ffg900-2 specified in board_part file is either invalid or not available
WARNING: [Board 49-26] cannot add Board Part xilinx.com:zcu102:part0:3.3 available at D:/App/Xilinx_Unified_2022.2_1014_8888_Win64.exe/Vivado/2022.2/data/xhub/boards/XilinxBoardStore/boards/Xilinx/zcu102/3.3/board.xml as part xczu9eg-ffvb1156-2-e specified in board_part file is either invalid or not available
WARNING: [Board 49-26] cannot add Board Part xilinx.com:zcu102:part0:3.4 available at D:/App/Xilinx_Unified_2022.2_1014_8888_Win64.exe/Vivado/2022.2/data/xhub/boards/XilinxBoardStore/boards/Xilinx/zcu102/3.4/board.xml as part xczu9eg-ffvb1156-2-e specified in board_part file is either invalid or not available
WARNING: [Board 49-26] cannot add Board Part xilinx.com:zcu111:part0:1.2 available at D:/App/Xilinx_Unified_2022.2_1014_8888_Win64.exe/Vivado/2022.2/data/xhub/boards/XilinxBoardStore/boards/Xilinx/zcu111/1.2/board.xml as part xczu28dr-ffvg1517-2-e specified in board_part file is either invalid or not available
WARNING: [Board 49-26] cannot add Board Part xilinx.com:zcu111:part0:1.3 available at D:/App/Xilinx_Unified_2022.2_1014_8888_Win64.exe/Vivado/2022.2/data/xhub/boards/XilinxBoardStore/boards/Xilinx/zcu111/1.3/board.xml as part xczu28dr-ffvg1517-2-e specified in board_part file is either invalid or not available
WARNING: [Board 49-26] cannot add Board Part xilinx.com:zcu111:part0:1.4 available at D:/App/Xilinx_Unified_2022.2_1014_8888_Win64.exe/Vivado/2022.2/data/xhub/boards/XilinxBoardStore/boards/Xilinx/zcu111/1.4/board.xml as part xczu28dr-ffvg1517-2-e specified in board_part file is either invalid or not available
WARNING: [Board 49-26] cannot add Board Part xilinx.com:zcu1275:part0:1.0 available at D:/App/Xilinx_Unified_2022.2_1014_8888_Win64.exe/Vivado/2022.2/data/xhub/boards/XilinxBoardStore/boards/Xilinx/zcu1275/1.0/board.xml as part xczu29dr-ffvf1760-2-e specified in board_part file is either invalid or not available
WARNING: [Board 49-26] cannot add Board Part xilinx.com:zcu1285:part0:1.0 available at D:/App/Xilinx_Unified_2022.2_1014_8888_Win64.exe/Vivado/2022.2/data/xhub/boards/XilinxBoardStore/boards/Xilinx/zcu1285/1.0/board.xml as part xczu39dr-ffvf1760-2-i specified in board_part file is either invalid or not available
WARNING: [Board 49-26] cannot add Board Part xilinx.com:zcu208:part0:2.0 available at D:/App/Xilinx_Unified_2022.2_1014_8888_Win64.exe/Vivado/2022.2/data/xhub/boards/XilinxBoardStore/boards/Xilinx/zcu208/production/2.0/board.xml as part xczu48dr-fsvg1517-2-e specified in board_part file is either invalid or not available
WARNING: [Board 49-26] cannot add Board Part xilinx.com:zcu208ld:part0:2.0 available at D:/App/Xilinx_Unified_2022.2_1014_8888_Win64.exe/Vivado/2022.2/data/xhub/boards/XilinxBoardStore/boards/Xilinx/zcu208ld/production/2.0/board.xml as part xczu58dr-fsvg1517-2-i specified in board_part file is either invalid or not available
WARNING: [Board 49-26] cannot add Board Part xilinx.com:zcu216:part0:2.0 available at D:/App/Xilinx_Unified_2022.2_1014_8888_Win64.exe/Vivado/2022.2/data/xhub/boards/XilinxBoardStore/boards/Xilinx/zcu216/production/2.0/board.xml as part xczu49dr-ffvf1760-2-e specified in board_part file is either invalid or not available
WARNING: [Board 49-26] cannot add Board Part xilinx.com:zcu216ld:part0:2.0 available at D:/App/Xilinx_Unified_2022.2_1014_8888_Win64.exe/Vivado/2022.2/data/xhub/boards/XilinxBoardStore/boards/Xilinx/zcu216ld/production/2.0/board.xml as part xczu59dr-ffvf1760-2-i specified in board_part file is either invalid or not available
WARNING: [Board 49-26] cannot add Board Part xilinx.com:zcu670:part0:2.0 available at D:/App/Xilinx_Unified_2022.2_1014_8888_Win64.exe/Vivado/2022.2/data/xhub/boards/XilinxBoardStore/boards/Xilinx/zcu670/2.0/board.xml as part xczu67dr-fsve1156-2-i specified in board_part file is either invalid or not available
WARNING: [Board 49-26] cannot add Board Part xilinx.com:zcu670ld:part0:1.0 available at D:/App/Xilinx_Unified_2022.2_1014_8888_Win64.exe/Vivado/2022.2/data/xhub/boards/XilinxBoardStore/boards/Xilinx/zcu670ld/1.0/board.xml as part xczu57dr-fsve1156-2-i specified in board_part file is either invalid or not available
Scanning sources...
Finished scanning sources
INFO: [IP_Flow 19-234] Refreshing IP repositories
INFO: [IP_Flow 19-1704] No user IP repositories specified
INFO: [IP_Flow 19-2313] Loaded Vivado IP repository 'D:/App/Xilinx_Unified_2022.2_1014_8888_Win64.exe/Vivado/2022.2/data/ip'.
open_project: Time (s): cpu = 00:00:06 ; elapsed = 00:00:06 . Memory (MB): peak = 1154.164 ; gain = 308.184
update_compile_order -fileset sources_1
reset_run impl_1 -prev_step 
launch_runs impl_1 -to_step write_bitstream -jobs 15
[Mon Jan  1 16:48:35 2024] Launched impl_1...
Run output will be captured here: D:/Project/FPGA/023_UART_RS232/023_UART_RS232.runs/impl_1/runme.log
open_hw_manager
connect_hw_server -allow_non_jtag
INFO: [Labtools 27-2285] Connecting to hw_server url TCP:localhost:3121
INFO: [Labtools 27-2222] Launching hw_server...
INFO: [Labtools 27-2221] Launch Output:

****** Xilinx hw_server v2022.2
  **** Build date : Oct 14 2022 at 05:18:10
    ** Copyright 1986-2022 Xilinx, Inc. All Rights Reserved.


INFO: [Labtools 27-3415] Connecting to cs_server url TCP:localhost:0
INFO: [Labtools 27-3417] Launching cs_server...
INFO: [Labtools 27-2221] Launch Output:


******** Xilinx cs_server v2022.2.0
  ****** Build date   : Oct 05 2022-08:25:37
    **** Build number : 2022.2.1664925937
      ** Copyright 2017-2024 Xilinx, Inc. All Rights Reserved.



open_hw_target
INFO: [Labtoolstcl 44-466] Opening hw_target localhost:3121/xilinx_tcf/Digilent/C305939AABCD
set_property PROGRAM.FILE {D:/Project/FPGA/023_UART_RS232/023_UART_RS232.runs/impl_1/uart_tx_test.bit} [get_hw_devices xc7a35t_0]
set_property PROBES.FILE {D:/Project/FPGA/023_UART_RS232/023_UART_RS232.runs/impl_1/uart_tx_test.ltx} [get_hw_devices xc7a35t_0]
set_property FULL_PROBES.FILE {D:/Project/FPGA/023_UART_RS232/023_UART_RS232.runs/impl_1/uart_tx_test.ltx} [get_hw_devices xc7a35t_0]
current_hw_device [get_hw_devices xc7a35t_0]
refresh_hw_device [lindex [get_hw_devices xc7a35t_0] 0]
INFO: [Labtools 27-2302] Device xc7a35t (JTAG device index = 0) is programmed with a design that has 1 VIO core(s).
startgroup
set_property OUTPUT_VALUE 0 [get_hw_probes test_en -of_objects [get_hw_vios -of_objects [get_hw_devices xc7a35t_0] -filter {CELL_NAME=~"uart_tx_test"}]]
commit_hw_vio [get_hw_probes {test_en} -of_objects [get_hw_vios -of_objects [get_hw_devices xc7a35t_0] -filter {CELL_NAME=~"uart_tx_test"}]]
endgroup
startgroup
set_property OUTPUT_VALUE 1 [get_hw_probes test_en -of_objects [get_hw_vios -of_objects [get_hw_devices xc7a35t_0] -filter {CELL_NAME=~"uart_tx_test"}]]
commit_hw_vio [get_hw_probes {test_en} -of_objects [get_hw_vios -of_objects [get_hw_devices xc7a35t_0] -filter {CELL_NAME=~"uart_tx_test"}]]
endgroup
startgroup
set_property OUTPUT_VALUE 0 [get_hw_probes test_en -of_objects [get_hw_vios -of_objects [get_hw_devices xc7a35t_0] -filter {CELL_NAME=~"uart_tx_test"}]]
commit_hw_vio [get_hw_probes {test_en} -of_objects [get_hw_vios -of_objects [get_hw_devices xc7a35t_0] -filter {CELL_NAME=~"uart_tx_test"}]]
endgroup
startgroup
set_property OUTPUT_VALUE 1 [get_hw_probes test_en -of_objects [get_hw_vios -of_objects [get_hw_devices xc7a35t_0] -filter {CELL_NAME=~"uart_tx_test"}]]
commit_hw_vio [get_hw_probes {test_en} -of_objects [get_hw_vios -of_objects [get_hw_devices xc7a35t_0] -filter {CELL_NAME=~"uart_tx_test"}]]
endgroup
startgroup
set_property OUTPUT_VALUE 0 [get_hw_probes test_en -of_objects [get_hw_vios -of_objects [get_hw_devices xc7a35t_0] -filter {CELL_NAME=~"uart_tx_test"}]]
commit_hw_vio [get_hw_probes {test_en} -of_objects [get_hw_vios -of_objects [get_hw_devices xc7a35t_0] -filter {CELL_NAME=~"uart_tx_test"}]]
endgroup
startgroup
set_property OUTPUT_VALUE 1 [get_hw_probes test_en -of_objects [get_hw_vios -of_objects [get_hw_devices xc7a35t_0] -filter {CELL_NAME=~"uart_tx_test"}]]
commit_hw_vio [get_hw_probes {test_en} -of_objects [get_hw_vios -of_objects [get_hw_devices xc7a35t_0] -filter {CELL_NAME=~"uart_tx_test"}]]
endgroup
startgroup
set_property OUTPUT_VALUE 0 [get_hw_probes test_en -of_objects [get_hw_vios -of_objects [get_hw_devices xc7a35t_0] -filter {CELL_NAME=~"uart_tx_test"}]]
commit_hw_vio [get_hw_probes {test_en} -of_objects [get_hw_vios -of_objects [get_hw_devices xc7a35t_0] -filter {CELL_NAME=~"uart_tx_test"}]]
endgroup
startgroup
set_property OUTPUT_VALUE 1 [get_hw_probes test_en -of_objects [get_hw_vios -of_objects [get_hw_devices xc7a35t_0] -filter {CELL_NAME=~"uart_tx_test"}]]
commit_hw_vio [get_hw_probes {test_en} -of_objects [get_hw_vios -of_objects [get_hw_devices xc7a35t_0] -filter {CELL_NAME=~"uart_tx_test"}]]
endgroup
set_property PROBES.FILE {D:/Project/FPGA/023_UART_RS232/023_UART_RS232.runs/impl_1/uart_tx_test.ltx} [get_hw_devices xc7a35t_0]
set_property FULL_PROBES.FILE {D:/Project/FPGA/023_UART_RS232/023_UART_RS232.runs/impl_1/uart_tx_test.ltx} [get_hw_devices xc7a35t_0]
set_property PROGRAM.FILE {D:/Project/FPGA/023_UART_RS232/023_UART_RS232.runs/impl_1/uart_tx_test.bit} [get_hw_devices xc7a35t_0]
program_hw_devices [get_hw_devices xc7a35t_0]
INFO: [Labtools 27-3164] End of startup status: HIGH
refresh_hw_device [lindex [get_hw_devices xc7a35t_0] 0]
INFO: [Labtools 27-2302] Device xc7a35t (JTAG device index = 0) is programmed with a design that has 1 VIO core(s).
WARNING: [Labtools 27-1952] VIO hw_probe OUTPUT_VALUE properties for hw_vio(s) [hw_vio_1] differ from output values in the VIO core(s).
Resolution: 
To synchronize the hw_probes properties and the VIO core outputs choose one of the following alternatives:
  1) Execute the command 'Commit Output Values to VIO Core', to write down the hw_probe values to the core.
  2) Execute the command 'Refresh Input and Output Values from VIO Core', to update the hw_probe properties with the core values.
  3) First restore initial values in the core with the command 'Reset VIO Core Outputs', and then execute the command 'Refresh Input and Output Values from VIO Core'.
startgroup
set_property OUTPUT_VALUE 0 [get_hw_probes test_en -of_objects [get_hw_vios -of_objects [get_hw_devices xc7a35t_0] -filter {CELL_NAME=~"uart_tx_test"}]]
commit_hw_vio [get_hw_probes {test_en} -of_objects [get_hw_vios -of_objects [get_hw_devices xc7a35t_0] -filter {CELL_NAME=~"uart_tx_test"}]]
endgroup
startgroup
set_property OUTPUT_VALUE 1 [get_hw_probes test_en -of_objects [get_hw_vios -of_objects [get_hw_devices xc7a35t_0] -filter {CELL_NAME=~"uart_tx_test"}]]
commit_hw_vio [get_hw_probes {test_en} -of_objects [get_hw_vios -of_objects [get_hw_devices xc7a35t_0] -filter {CELL_NAME=~"uart_tx_test"}]]
endgroup
set_property OUTPUT_VALUE 47 [get_hw_probes data -of_objects [get_hw_vios -of_objects [get_hw_devices xc7a35t_0] -filter {CELL_NAME=~"uart_tx_test"}]]
commit_hw_vio [get_hw_probes {data} -of_objects [get_hw_vios -of_objects [get_hw_devices xc7a35t_0] -filter {CELL_NAME=~"uart_tx_test"}]]
startgroup
set_property OUTPUT_VALUE 0 [get_hw_probes test_en -of_objects [get_hw_vios -of_objects [get_hw_devices xc7a35t_0] -filter {CELL_NAME=~"uart_tx_test"}]]
commit_hw_vio [get_hw_probes {test_en} -of_objects [get_hw_vios -of_objects [get_hw_devices xc7a35t_0] -filter {CELL_NAME=~"uart_tx_test"}]]
endgroup
startgroup
set_property OUTPUT_VALUE 1 [get_hw_probes test_en -of_objects [get_hw_vios -of_objects [get_hw_devices xc7a35t_0] -filter {CELL_NAME=~"uart_tx_test"}]]
commit_hw_vio [get_hw_probes {test_en} -of_objects [get_hw_vios -of_objects [get_hw_devices xc7a35t_0] -filter {CELL_NAME=~"uart_tx_test"}]]
endgroup
set_property OUTPUT_VALUE 0 [get_hw_probes test_en -of_objects [get_hw_vios -of_objects [get_hw_devices xc7a35t_0] -filter {CELL_NAME=~"uart_tx_test"}]]
commit_hw_vio [get_hw_probes {test_en} -of_objects [get_hw_vios -of_objects [get_hw_devices xc7a35t_0] -filter {CELL_NAME=~"uart_tx_test"}]]
startgroup
set_property OUTPUT_VALUE 1 [get_hw_probes test_en -of_objects [get_hw_vios -of_objects [get_hw_devices xc7a35t_0] -filter {CELL_NAME=~"uart_tx_test"}]]
commit_hw_vio [get_hw_probes {test_en} -of_objects [get_hw_vios -of_objects [get_hw_devices xc7a35t_0] -filter {CELL_NAME=~"uart_tx_test"}]]
endgroup
startgroup
set_property OUTPUT_VALUE 0 [get_hw_probes test_en -of_objects [get_hw_vios -of_objects [get_hw_devices xc7a35t_0] -filter {CELL_NAME=~"uart_tx_test"}]]
commit_hw_vio [get_hw_probes {test_en} -of_objects [get_hw_vios -of_objects [get_hw_devices xc7a35t_0] -filter {CELL_NAME=~"uart_tx_test"}]]
endgroup
startgroup
set_property OUTPUT_VALUE 1 [get_hw_probes test_en -of_objects [get_hw_vios -of_objects [get_hw_devices xc7a35t_0] -filter {CELL_NAME=~"uart_tx_test"}]]
commit_hw_vio [get_hw_probes {test_en} -of_objects [get_hw_vios -of_objects [get_hw_devices xc7a35t_0] -filter {CELL_NAME=~"uart_tx_test"}]]
endgroup
startgroup
set_property OUTPUT_VALUE 0 [get_hw_probes test_en -of_objects [get_hw_vios -of_objects [get_hw_devices xc7a35t_0] -filter {CELL_NAME=~"uart_tx_test"}]]
commit_hw_vio [get_hw_probes {test_en} -of_objects [get_hw_vios -of_objects [get_hw_devices xc7a35t_0] -filter {CELL_NAME=~"uart_tx_test"}]]
endgroup
startgroup
set_property OUTPUT_VALUE 1 [get_hw_probes test_en -of_objects [get_hw_vios -of_objects [get_hw_devices xc7a35t_0] -filter {CELL_NAME=~"uart_tx_test"}]]
commit_hw_vio [get_hw_probes {test_en} -of_objects [get_hw_vios -of_objects [get_hw_devices xc7a35t_0] -filter {CELL_NAME=~"uart_tx_test"}]]
endgroup
startgroup
set_property OUTPUT_VALUE 0 [get_hw_probes test_en -of_objects [get_hw_vios -of_objects [get_hw_devices xc7a35t_0] -filter {CELL_NAME=~"uart_tx_test"}]]
commit_hw_vio [get_hw_probes {test_en} -of_objects [get_hw_vios -of_objects [get_hw_devices xc7a35t_0] -filter {CELL_NAME=~"uart_tx_test"}]]
endgroup
startgroup
set_property OUTPUT_VALUE 1 [get_hw_probes test_en -of_objects [get_hw_vios -of_objects [get_hw_devices xc7a35t_0] -filter {CELL_NAME=~"uart_tx_test"}]]
commit_hw_vio [get_hw_probes {test_en} -of_objects [get_hw_vios -of_objects [get_hw_devices xc7a35t_0] -filter {CELL_NAME=~"uart_tx_test"}]]
endgroup
startgroup
set_property OUTPUT_VALUE 0 [get_hw_probes test_en -of_objects [get_hw_vios -of_objects [get_hw_devices xc7a35t_0] -filter {CELL_NAME=~"uart_tx_test"}]]
commit_hw_vio [get_hw_probes {test_en} -of_objects [get_hw_vios -of_objects [get_hw_devices xc7a35t_0] -filter {CELL_NAME=~"uart_tx_test"}]]
endgroup
set_property OUTPUT_VALUE 86 [get_hw_probes data -of_objects [get_hw_vios -of_objects [get_hw_devices xc7a35t_0] -filter {CELL_NAME=~"uart_tx_test"}]]
commit_hw_vio [get_hw_probes {data} -of_objects [get_hw_vios -of_objects [get_hw_devices xc7a35t_0] -filter {CELL_NAME=~"uart_tx_test"}]]
startgroup
set_property OUTPUT_VALUE 1 [get_hw_probes test_en -of_objects [get_hw_vios -of_objects [get_hw_devices xc7a35t_0] -filter {CELL_NAME=~"uart_tx_test"}]]
commit_hw_vio [get_hw_probes {test_en} -of_objects [get_hw_vios -of_objects [get_hw_devices xc7a35t_0] -filter {CELL_NAME=~"uart_tx_test"}]]
endgroup
startgroup
set_property OUTPUT_VALUE 0 [get_hw_probes test_en -of_objects [get_hw_vios -of_objects [get_hw_devices xc7a35t_0] -filter {CELL_NAME=~"uart_tx_test"}]]
commit_hw_vio [get_hw_probes {test_en} -of_objects [get_hw_vios -of_objects [get_hw_devices xc7a35t_0] -filter {CELL_NAME=~"uart_tx_test"}]]
endgroup
set_property OUTPUT_VALUE 96 [get_hw_probes data -of_objects [get_hw_vios -of_objects [get_hw_devices xc7a35t_0] -filter {CELL_NAME=~"uart_tx_test"}]]
commit_hw_vio [get_hw_probes {data} -of_objects [get_hw_vios -of_objects [get_hw_devices xc7a35t_0] -filter {CELL_NAME=~"uart_tx_test"}]]
startgroup
set_property OUTPUT_VALUE 1 [get_hw_probes test_en -of_objects [get_hw_vios -of_objects [get_hw_devices xc7a35t_0] -filter {CELL_NAME=~"uart_tx_test"}]]
commit_hw_vio [get_hw_probes {test_en} -of_objects [get_hw_vios -of_objects [get_hw_devices xc7a35t_0] -filter {CELL_NAME=~"uart_tx_test"}]]
endgroup
startgroup
set_property OUTPUT_VALUE 0 [get_hw_probes test_en -of_objects [get_hw_vios -of_objects [get_hw_devices xc7a35t_0] -filter {CELL_NAME=~"uart_tx_test"}]]
commit_hw_vio [get_hw_probes {test_en} -of_objects [get_hw_vios -of_objects [get_hw_devices xc7a35t_0] -filter {CELL_NAME=~"uart_tx_test"}]]
endgroup
startgroup
set_property OUTPUT_VALUE 1 [get_hw_probes test_en -of_objects [get_hw_vios -of_objects [get_hw_devices xc7a35t_0] -filter {CELL_NAME=~"uart_tx_test"}]]
commit_hw_vio [get_hw_probes {test_en} -of_objects [get_hw_vios -of_objects [get_hw_devices xc7a35t_0] -filter {CELL_NAME=~"uart_tx_test"}]]
endgroup
startgroup
set_property OUTPUT_VALUE 0 [get_hw_probes test_en -of_objects [get_hw_vios -of_objects [get_hw_devices xc7a35t_0] -filter {CELL_NAME=~"uart_tx_test"}]]
commit_hw_vio [get_hw_probes {test_en} -of_objects [get_hw_vios -of_objects [get_hw_devices xc7a35t_0] -filter {CELL_NAME=~"uart_tx_test"}]]
endgroup
startgroup
set_property OUTPUT_VALUE 1 [get_hw_probes test_en -of_objects [get_hw_vios -of_objects [get_hw_devices xc7a35t_0] -filter {CELL_NAME=~"uart_tx_test"}]]
commit_hw_vio [get_hw_probes {test_en} -of_objects [get_hw_vios -of_objects [get_hw_devices xc7a35t_0] -filter {CELL_NAME=~"uart_tx_test"}]]
endgroup
startgroup
set_property OUTPUT_VALUE 0 [get_hw_probes test_en -of_objects [get_hw_vios -of_objects [get_hw_devices xc7a35t_0] -filter {CELL_NAME=~"uart_tx_test"}]]
commit_hw_vio [get_hw_probes {test_en} -of_objects [get_hw_vios -of_objects [get_hw_devices xc7a35t_0] -filter {CELL_NAME=~"uart_tx_test"}]]
endgroup
startgroup
set_property OUTPUT_VALUE 1 [get_hw_probes test_en -of_objects [get_hw_vios -of_objects [get_hw_devices xc7a35t_0] -filter {CELL_NAME=~"uart_tx_test"}]]
commit_hw_vio [get_hw_probes {test_en} -of_objects [get_hw_vios -of_objects [get_hw_devices xc7a35t_0] -filter {CELL_NAME=~"uart_tx_test"}]]
endgroup
startgroup
set_property OUTPUT_VALUE 0 [get_hw_probes test_en -of_objects [get_hw_vios -of_objects [get_hw_devices xc7a35t_0] -filter {CELL_NAME=~"uart_tx_test"}]]
commit_hw_vio [get_hw_probes {test_en} -of_objects [get_hw_vios -of_objects [get_hw_devices xc7a35t_0] -filter {CELL_NAME=~"uart_tx_test"}]]
endgroup
startgroup
set_property OUTPUT_VALUE 1 [get_hw_probes test_en -of_objects [get_hw_vios -of_objects [get_hw_devices xc7a35t_0] -filter {CELL_NAME=~"uart_tx_test"}]]
commit_hw_vio [get_hw_probes {test_en} -of_objects [get_hw_vios -of_objects [get_hw_devices xc7a35t_0] -filter {CELL_NAME=~"uart_tx_test"}]]
endgroup
startgroup
set_property OUTPUT_VALUE 0 [get_hw_probes test_en -of_objects [get_hw_vios -of_objects [get_hw_devices xc7a35t_0] -filter {CELL_NAME=~"uart_tx_test"}]]
commit_hw_vio [get_hw_probes {test_en} -of_objects [get_hw_vios -of_objects [get_hw_devices xc7a35t_0] -filter {CELL_NAME=~"uart_tx_test"}]]
endgroup
reset_run impl_1 -prev_step 
launch_runs impl_1 -to_step write_bitstream -jobs 15
WARNING: [Vivado 12-872] Run step 'Design Initialization' is out-of-date.
[Mon Jan  1 16:58:56 2024] Launched impl_1...
Run output will be captured here: D:/Project/FPGA/023_UART_RS232/023_UART_RS232.runs/impl_1/runme.log
set_property PROBES.FILE {D:/Project/FPGA/023_UART_RS232/023_UART_RS232.runs/impl_1/uart_tx_test.ltx} [get_hw_devices xc7a35t_0]
set_property FULL_PROBES.FILE {D:/Project/FPGA/023_UART_RS232/023_UART_RS232.runs/impl_1/uart_tx_test.ltx} [get_hw_devices xc7a35t_0]
set_property PROGRAM.FILE {D:/Project/FPGA/023_UART_RS232/023_UART_RS232.runs/impl_1/uart_tx_test.bit} [get_hw_devices xc7a35t_0]
program_hw_devices [get_hw_devices xc7a35t_0]
INFO: [Labtools 27-3164] End of startup status: HIGH
refresh_hw_device [lindex [get_hw_devices xc7a35t_0] 0]
INFO: [Labtools 27-2302] Device xc7a35t (JTAG device index = 0) is programmed with a design that has 1 VIO core(s).
WARNING: [Labtools 27-1952] VIO hw_probe OUTPUT_VALUE properties for hw_vio(s) [hw_vio_1] differ from output values in the VIO core(s).
Resolution: 
To synchronize the hw_probes properties and the VIO core outputs choose one of the following alternatives:
  1) Execute the command 'Commit Output Values to VIO Core', to write down the hw_probe values to the core.
  2) Execute the command 'Refresh Input and Output Values from VIO Core', to update the hw_probe properties with the core values.
  3) First restore initial values in the core with the command 'Reset VIO Core Outputs', and then execute the command 'Refresh Input and Output Values from VIO Core'.
startgroup
set_property OUTPUT_VALUE 1 [get_hw_probes test_en -of_objects [get_hw_vios -of_objects [get_hw_devices xc7a35t_0] -filter {CELL_NAME=~"uart_tx_test"}]]
commit_hw_vio [get_hw_probes {test_en} -of_objects [get_hw_vios -of_objects [get_hw_devices xc7a35t_0] -filter {CELL_NAME=~"uart_tx_test"}]]
endgroup
startgroup
set_property OUTPUT_VALUE 0 [get_hw_probes test_en -of_objects [get_hw_vios -of_objects [get_hw_devices xc7a35t_0] -filter {CELL_NAME=~"uart_tx_test"}]]
commit_hw_vio [get_hw_probes {test_en} -of_objects [get_hw_vios -of_objects [get_hw_devices xc7a35t_0] -filter {CELL_NAME=~"uart_tx_test"}]]
endgroup
startgroup
set_property OUTPUT_VALUE 1 [get_hw_probes test_en -of_objects [get_hw_vios -of_objects [get_hw_devices xc7a35t_0] -filter {CELL_NAME=~"uart_tx_test"}]]
commit_hw_vio [get_hw_probes {test_en} -of_objects [get_hw_vios -of_objects [get_hw_devices xc7a35t_0] -filter {CELL_NAME=~"uart_tx_test"}]]
endgroup
startgroup
set_property OUTPUT_VALUE 0 [get_hw_probes test_en -of_objects [get_hw_vios -of_objects [get_hw_devices xc7a35t_0] -filter {CELL_NAME=~"uart_tx_test"}]]
commit_hw_vio [get_hw_probes {test_en} -of_objects [get_hw_vios -of_objects [get_hw_devices xc7a35t_0] -filter {CELL_NAME=~"uart_tx_test"}]]
endgroup
set_property OUTPUT_VALUE 78 [get_hw_probes data -of_objects [get_hw_vios -of_objects [get_hw_devices xc7a35t_0] -filter {CELL_NAME=~"uart_tx_test"}]]
commit_hw_vio [get_hw_probes {data} -of_objects [get_hw_vios -of_objects [get_hw_devices xc7a35t_0] -filter {CELL_NAME=~"uart_tx_test"}]]
startgroup
set_property OUTPUT_VALUE 1 [get_hw_probes test_en -of_objects [get_hw_vios -of_objects [get_hw_devices xc7a35t_0] -filter {CELL_NAME=~"uart_tx_test"}]]
commit_hw_vio [get_hw_probes {test_en} -of_objects [get_hw_vios -of_objects [get_hw_devices xc7a35t_0] -filter {CELL_NAME=~"uart_tx_test"}]]
endgroup
startgroup
set_property OUTPUT_VALUE 0 [get_hw_probes test_en -of_objects [get_hw_vios -of_objects [get_hw_devices xc7a35t_0] -filter {CELL_NAME=~"uart_tx_test"}]]
commit_hw_vio [get_hw_probes {test_en} -of_objects [get_hw_vios -of_objects [get_hw_devices xc7a35t_0] -filter {CELL_NAME=~"uart_tx_test"}]]
endgroup
startgroup
set_property OUTPUT_VALUE 1 [get_hw_probes test_en -of_objects [get_hw_vios -of_objects [get_hw_devices xc7a35t_0] -filter {CELL_NAME=~"uart_tx_test"}]]
commit_hw_vio [get_hw_probes {test_en} -of_objects [get_hw_vios -of_objects [get_hw_devices xc7a35t_0] -filter {CELL_NAME=~"uart_tx_test"}]]
endgroup
startgroup
set_property OUTPUT_VALUE 0 [get_hw_probes test_en -of_objects [get_hw_vios -of_objects [get_hw_devices xc7a35t_0] -filter {CELL_NAME=~"uart_tx_test"}]]
commit_hw_vio [get_hw_probes {test_en} -of_objects [get_hw_vios -of_objects [get_hw_devices xc7a35t_0] -filter {CELL_NAME=~"uart_tx_test"}]]
endgroup
startgroup
set_property OUTPUT_VALUE 1 [get_hw_probes test_en -of_objects [get_hw_vios -of_objects [get_hw_devices xc7a35t_0] -filter {CELL_NAME=~"uart_tx_test"}]]
commit_hw_vio [get_hw_probes {test_en} -of_objects [get_hw_vios -of_objects [get_hw_devices xc7a35t_0] -filter {CELL_NAME=~"uart_tx_test"}]]
endgroup
startgroup
set_property OUTPUT_VALUE 0 [get_hw_probes test_en -of_objects [get_hw_vios -of_objects [get_hw_devices xc7a35t_0] -filter {CELL_NAME=~"uart_tx_test"}]]
commit_hw_vio [get_hw_probes {test_en} -of_objects [get_hw_vios -of_objects [get_hw_devices xc7a35t_0] -filter {CELL_NAME=~"uart_tx_test"}]]
endgroup
set_property OUTPUT_VALUE 89 [get_hw_probes data -of_objects [get_hw_vios -of_objects [get_hw_devices xc7a35t_0] -filter {CELL_NAME=~"uart_tx_test"}]]
commit_hw_vio [get_hw_probes {data} -of_objects [get_hw_vios -of_objects [get_hw_devices xc7a35t_0] -filter {CELL_NAME=~"uart_tx_test"}]]
startgroup
set_property OUTPUT_VALUE 1 [get_hw_probes test_en -of_objects [get_hw_vios -of_objects [get_hw_devices xc7a35t_0] -filter {CELL_NAME=~"uart_tx_test"}]]
commit_hw_vio [get_hw_probes {test_en} -of_objects [get_hw_vios -of_objects [get_hw_devices xc7a35t_0] -filter {CELL_NAME=~"uart_tx_test"}]]
endgroup
startgroup
set_property OUTPUT_VALUE 0 [get_hw_probes test_en -of_objects [get_hw_vios -of_objects [get_hw_devices xc7a35t_0] -filter {CELL_NAME=~"uart_tx_test"}]]
commit_hw_vio [get_hw_probes {test_en} -of_objects [get_hw_vios -of_objects [get_hw_devices xc7a35t_0] -filter {CELL_NAME=~"uart_tx_test"}]]
endgroup
startgroup
set_property OUTPUT_VALUE 1 [get_hw_probes test_en -of_objects [get_hw_vios -of_objects [get_hw_devices xc7a35t_0] -filter {CELL_NAME=~"uart_tx_test"}]]
commit_hw_vio [get_hw_probes {test_en} -of_objects [get_hw_vios -of_objects [get_hw_devices xc7a35t_0] -filter {CELL_NAME=~"uart_tx_test"}]]
endgroup
startgroup
set_property OUTPUT_VALUE 0 [get_hw_probes test_en -of_objects [get_hw_vios -of_objects [get_hw_devices xc7a35t_0] -filter {CELL_NAME=~"uart_tx_test"}]]
commit_hw_vio [get_hw_probes {test_en} -of_objects [get_hw_vios -of_objects [get_hw_devices xc7a35t_0] -filter {CELL_NAME=~"uart_tx_test"}]]
endgroup
set_property OUTPUT_VALUE 82 [get_hw_probes data -of_objects [get_hw_vios -of_objects [get_hw_devices xc7a35t_0] -filter {CELL_NAME=~"uart_tx_test"}]]
commit_hw_vio [get_hw_probes {data} -of_objects [get_hw_vios -of_objects [get_hw_devices xc7a35t_0] -filter {CELL_NAME=~"uart_tx_test"}]]
startgroup
set_property OUTPUT_VALUE 1 [get_hw_probes test_en -of_objects [get_hw_vios -of_objects [get_hw_devices xc7a35t_0] -filter {CELL_NAME=~"uart_tx_test"}]]
commit_hw_vio [get_hw_probes {test_en} -of_objects [get_hw_vios -of_objects [get_hw_devices xc7a35t_0] -filter {CELL_NAME=~"uart_tx_test"}]]
endgroup
startgroup
set_property OUTPUT_VALUE 0 [get_hw_probes test_en -of_objects [get_hw_vios -of_objects [get_hw_devices xc7a35t_0] -filter {CELL_NAME=~"uart_tx_test"}]]
commit_hw_vio [get_hw_probes {test_en} -of_objects [get_hw_vios -of_objects [get_hw_devices xc7a35t_0] -filter {CELL_NAME=~"uart_tx_test"}]]
endgroup
startgroup
set_property OUTPUT_VALUE 1 [get_hw_probes test_en -of_objects [get_hw_vios -of_objects [get_hw_devices xc7a35t_0] -filter {CELL_NAME=~"uart_tx_test"}]]
commit_hw_vio [get_hw_probes {test_en} -of_objects [get_hw_vios -of_objects [get_hw_devices xc7a35t_0] -filter {CELL_NAME=~"uart_tx_test"}]]
endgroup
startgroup
set_property OUTPUT_VALUE 0 [get_hw_probes test_en -of_objects [get_hw_vios -of_objects [get_hw_devices xc7a35t_0] -filter {CELL_NAME=~"uart_tx_test"}]]
commit_hw_vio [get_hw_probes {test_en} -of_objects [get_hw_vios -of_objects [get_hw_devices xc7a35t_0] -filter {CELL_NAME=~"uart_tx_test"}]]
endgroup
reset_run impl_1
reset_run synth_1
INFO: [Project 1-1161] Replacing file D:/Project/FPGA/023_UART_RS232/023_UART_RS232.srcs/utils_1/imports/synth_1/Top_UART_RS232.dcp with file D:/Project/FPGA/023_UART_RS232/023_UART_RS232.runs/synth_1/uart_tx_test.dcp
launch_runs synth_1 -jobs 15
[Mon Jan  1 17:03:42 2024] Launched synth_1...
Run output will be captured here: D:/Project/FPGA/023_UART_RS232/023_UART_RS232.runs/synth_1/runme.log
open_run synth_1 -name synth_1
Design is defaulting to impl run constrset: constrs_1
Design is defaulting to synth run part: xc7a35tfgg484-2
INFO: [Device 21-403] Loading part xc7a35tfgg484-2
INFO: [Project 1-454] Reading design checkpoint 'd:/Project/FPGA/023_UART_RS232/023_UART_RS232.gen/sources_1/ip/vio_0/vio_0.dcp' for cell 'uart_tx_test'
Netlist sorting complete. Time (s): cpu = 00:00:00 ; elapsed = 00:00:00.004 . Memory (MB): peak = 3809.117 ; gain = 0.000
INFO: [Netlist 29-17] Analyzing 7 Unisim elements for replacement
INFO: [Netlist 29-28] Unisim Transformation completed in 0 CPU seconds
INFO: [Project 1-479] Netlist was created with Vivado 2022.2
INFO: [Project 1-570] Preparing netlist for logic optimization
INFO: [Chipscope 16-324] Core: uart_tx_test UUID: e1e56852-a151-5b82-92ca-6634751b3c0e 
Parsing XDC File [d:/Project/FPGA/023_UART_RS232/023_UART_RS232.gen/sources_1/ip/vio_0/vio_0.xdc] for cell 'uart_tx_test'
Finished Parsing XDC File [d:/Project/FPGA/023_UART_RS232/023_UART_RS232.gen/sources_1/ip/vio_0/vio_0.xdc] for cell 'uart_tx_test'
Parsing XDC File [D:/Project/FPGA/023_UART_RS232/023_UART_RS232.srcs/constrs_1/new/uart_tx_test.xdc]
Finished Parsing XDC File [D:/Project/FPGA/023_UART_RS232/023_UART_RS232.srcs/constrs_1/new/uart_tx_test.xdc]
INFO: [Opt 31-138] Pushed 0 inverter(s) to 0 load pin(s).
Netlist sorting complete. Time (s): cpu = 00:00:00 ; elapsed = 00:00:00 . Memory (MB): peak = 3886.078 ; gain = 0.000
INFO: [Project 1-111] Unisim Transformation Summary:
No Unisim elements were transformed.

open_run: Time (s): cpu = 00:00:04 ; elapsed = 00:00:05 . Memory (MB): peak = 4057.598 ; gain = 615.934
launch_runs impl_1 -jobs 15
INFO: [Timing 38-480] Writing timing data to binary archive.
Writing XDEF routing.
Writing XDEF routing logical nets.
Writing XDEF routing special nets.
Write XDEF Complete: Time (s): cpu = 00:00:00 ; elapsed = 00:00:00.020 . Memory (MB): peak = 4480.094 ; gain = 12.855
[Mon Jan  1 17:04:45 2024] Launched impl_1...
Run output will be captured here: D:/Project/FPGA/023_UART_RS232/023_UART_RS232.runs/impl_1/runme.log
launch_runs impl_1 -to_step write_bitstream -jobs 15
[Mon Jan  1 17:11:42 2024] Launched impl_1...
Run output will be captured here: D:/Project/FPGA/023_UART_RS232/023_UART_RS232.runs/impl_1/runme.log
set_property PROBES.FILE {D:/Project/FPGA/023_UART_RS232/023_UART_RS232.runs/impl_1/uart_tx_test.ltx} [get_hw_devices xc7a35t_0]
set_property FULL_PROBES.FILE {D:/Project/FPGA/023_UART_RS232/023_UART_RS232.runs/impl_1/uart_tx_test.ltx} [get_hw_devices xc7a35t_0]
set_property PROGRAM.FILE {D:/Project/FPGA/023_UART_RS232/023_UART_RS232.runs/impl_1/uart_tx_test.bit} [get_hw_devices xc7a35t_0]
program_hw_devices [get_hw_devices xc7a35t_0]
INFO: [Labtools 27-3164] End of startup status: HIGH
refresh_hw_device [lindex [get_hw_devices xc7a35t_0] 0]
INFO: [Labtools 27-2302] Device xc7a35t (JTAG device index = 0) is programmed with a design that has 1 VIO core(s).
WARNING: [Labtools 27-1952] VIO hw_probe OUTPUT_VALUE properties for hw_vio(s) [hw_vio_1] differ from output values in the VIO core(s).
Resolution: 
To synchronize the hw_probes properties and the VIO core outputs choose one of the following alternatives:
  1) Execute the command 'Commit Output Values to VIO Core', to write down the hw_probe values to the core.
  2) Execute the command 'Refresh Input and Output Values from VIO Core', to update the hw_probe properties with the core values.
  3) First restore initial values in the core with the command 'Reset VIO Core Outputs', and then execute the command 'Refresh Input and Output Values from VIO Core'.
startgroup
set_property OUTPUT_VALUE 1 [get_hw_probes test_en -of_objects [get_hw_vios -of_objects [get_hw_devices xc7a35t_0] -filter {CELL_NAME=~"uart_tx_test"}]]
commit_hw_vio [get_hw_probes {test_en} -of_objects [get_hw_vios -of_objects [get_hw_devices xc7a35t_0] -filter {CELL_NAME=~"uart_tx_test"}]]
endgroup
startgroup
set_property OUTPUT_VALUE 0 [get_hw_probes test_en -of_objects [get_hw_vios -of_objects [get_hw_devices xc7a35t_0] -filter {CELL_NAME=~"uart_tx_test"}]]
commit_hw_vio [get_hw_probes {test_en} -of_objects [get_hw_vios -of_objects [get_hw_devices xc7a35t_0] -filter {CELL_NAME=~"uart_tx_test"}]]
endgroup
startgroup
set_property OUTPUT_VALUE 1 [get_hw_probes test_en -of_objects [get_hw_vios -of_objects [get_hw_devices xc7a35t_0] -filter {CELL_NAME=~"uart_tx_test"}]]
commit_hw_vio [get_hw_probes {test_en} -of_objects [get_hw_vios -of_objects [get_hw_devices xc7a35t_0] -filter {CELL_NAME=~"uart_tx_test"}]]
endgroup
startgroup
set_property OUTPUT_VALUE 0 [get_hw_probes test_en -of_objects [get_hw_vios -of_objects [get_hw_devices xc7a35t_0] -filter {CELL_NAME=~"uart_tx_test"}]]
commit_hw_vio [get_hw_probes {test_en} -of_objects [get_hw_vios -of_objects [get_hw_devices xc7a35t_0] -filter {CELL_NAME=~"uart_tx_test"}]]
endgroup
startgroup
set_property OUTPUT_VALUE 1 [get_hw_probes test_en -of_objects [get_hw_vios -of_objects [get_hw_devices xc7a35t_0] -filter {CELL_NAME=~"uart_tx_test"}]]
commit_hw_vio [get_hw_probes {test_en} -of_objects [get_hw_vios -of_objects [get_hw_devices xc7a35t_0] -filter {CELL_NAME=~"uart_tx_test"}]]
endgroup
startgroup
set_property OUTPUT_VALUE 0 [get_hw_probes test_en -of_objects [get_hw_vios -of_objects [get_hw_devices xc7a35t_0] -filter {CELL_NAME=~"uart_tx_test"}]]
commit_hw_vio [get_hw_probes {test_en} -of_objects [get_hw_vios -of_objects [get_hw_devices xc7a35t_0] -filter {CELL_NAME=~"uart_tx_test"}]]
endgroup
startgroup
set_property OUTPUT_VALUE 1 [get_hw_probes test_en -of_objects [get_hw_vios -of_objects [get_hw_devices xc7a35t_0] -filter {CELL_NAME=~"uart_tx_test"}]]
commit_hw_vio [get_hw_probes {test_en} -of_objects [get_hw_vios -of_objects [get_hw_devices xc7a35t_0] -filter {CELL_NAME=~"uart_tx_test"}]]
endgroup
startgroup
set_property OUTPUT_VALUE 0 [get_hw_probes test_en -of_objects [get_hw_vios -of_objects [get_hw_devices xc7a35t_0] -filter {CELL_NAME=~"uart_tx_test"}]]
commit_hw_vio [get_hw_probes {test_en} -of_objects [get_hw_vios -of_objects [get_hw_devices xc7a35t_0] -filter {CELL_NAME=~"uart_tx_test"}]]
endgroup
startgroup
set_property OUTPUT_VALUE 1 [get_hw_probes test_en -of_objects [get_hw_vios -of_objects [get_hw_devices xc7a35t_0] -filter {CELL_NAME=~"uart_tx_test"}]]
commit_hw_vio [get_hw_probes {test_en} -of_objects [get_hw_vios -of_objects [get_hw_devices xc7a35t_0] -filter {CELL_NAME=~"uart_tx_test"}]]
endgroup
startgroup
set_property OUTPUT_VALUE 0 [get_hw_probes test_en -of_objects [get_hw_vios -of_objects [get_hw_devices xc7a35t_0] -filter {CELL_NAME=~"uart_tx_test"}]]
commit_hw_vio [get_hw_probes {test_en} -of_objects [get_hw_vios -of_objects [get_hw_devices xc7a35t_0] -filter {CELL_NAME=~"uart_tx_test"}]]
endgroup
startgroup
set_property OUTPUT_VALUE 1 [get_hw_probes test_en -of_objects [get_hw_vios -of_objects [get_hw_devices xc7a35t_0] -filter {CELL_NAME=~"uart_tx_test"}]]
commit_hw_vio [get_hw_probes {test_en} -of_objects [get_hw_vios -of_objects [get_hw_devices xc7a35t_0] -filter {CELL_NAME=~"uart_tx_test"}]]
endgroup
startgroup
set_property OUTPUT_VALUE 0 [get_hw_probes test_en -of_objects [get_hw_vios -of_objects [get_hw_devices xc7a35t_0] -filter {CELL_NAME=~"uart_tx_test"}]]
commit_hw_vio [get_hw_probes {test_en} -of_objects [get_hw_vios -of_objects [get_hw_devices xc7a35t_0] -filter {CELL_NAME=~"uart_tx_test"}]]
endgroup
startgroup
set_property OUTPUT_VALUE 1 [get_hw_probes test_en -of_objects [get_hw_vios -of_objects [get_hw_devices xc7a35t_0] -filter {CELL_NAME=~"uart_tx_test"}]]
commit_hw_vio [get_hw_probes {test_en} -of_objects [get_hw_vios -of_objects [get_hw_devices xc7a35t_0] -filter {CELL_NAME=~"uart_tx_test"}]]
endgroup
startgroup
set_property OUTPUT_VALUE 0 [get_hw_probes test_en -of_objects [get_hw_vios -of_objects [get_hw_devices xc7a35t_0] -filter {CELL_NAME=~"uart_tx_test"}]]
commit_hw_vio [get_hw_probes {test_en} -of_objects [get_hw_vios -of_objects [get_hw_devices xc7a35t_0] -filter {CELL_NAME=~"uart_tx_test"}]]
endgroup
startgroup
set_property OUTPUT_VALUE 1 [get_hw_probes test_en -of_objects [get_hw_vios -of_objects [get_hw_devices xc7a35t_0] -filter {CELL_NAME=~"uart_tx_test"}]]
commit_hw_vio [get_hw_probes {test_en} -of_objects [get_hw_vios -of_objects [get_hw_devices xc7a35t_0] -filter {CELL_NAME=~"uart_tx_test"}]]
endgroup
startgroup
set_property OUTPUT_VALUE 0 [get_hw_probes test_en -of_objects [get_hw_vios -of_objects [get_hw_devices xc7a35t_0] -filter {CELL_NAME=~"uart_tx_test"}]]
commit_hw_vio [get_hw_probes {test_en} -of_objects [get_hw_vios -of_objects [get_hw_devices xc7a35t_0] -filter {CELL_NAME=~"uart_tx_test"}]]
endgroup
startgroup
set_property OUTPUT_VALUE 1 [get_hw_probes test_en -of_objects [get_hw_vios -of_objects [get_hw_devices xc7a35t_0] -filter {CELL_NAME=~"uart_tx_test"}]]
commit_hw_vio [get_hw_probes {test_en} -of_objects [get_hw_vios -of_objects [get_hw_devices xc7a35t_0] -filter {CELL_NAME=~"uart_tx_test"}]]
endgroup
startgroup
set_property OUTPUT_VALUE 0 [get_hw_probes test_en -of_objects [get_hw_vios -of_objects [get_hw_devices xc7a35t_0] -filter {CELL_NAME=~"uart_tx_test"}]]
commit_hw_vio [get_hw_probes {test_en} -of_objects [get_hw_vios -of_objects [get_hw_devices xc7a35t_0] -filter {CELL_NAME=~"uart_tx_test"}]]
endgroup
startgroup
set_property OUTPUT_VALUE 1 [get_hw_probes test_en -of_objects [get_hw_vios -of_objects [get_hw_devices xc7a35t_0] -filter {CELL_NAME=~"uart_tx_test"}]]
commit_hw_vio [get_hw_probes {test_en} -of_objects [get_hw_vios -of_objects [get_hw_devices xc7a35t_0] -filter {CELL_NAME=~"uart_tx_test"}]]
endgroup
startgroup
set_property OUTPUT_VALUE 0 [get_hw_probes test_en -of_objects [get_hw_vios -of_objects [get_hw_devices xc7a35t_0] -filter {CELL_NAME=~"uart_tx_test"}]]
commit_hw_vio [get_hw_probes {test_en} -of_objects [get_hw_vios -of_objects [get_hw_devices xc7a35t_0] -filter {CELL_NAME=~"uart_tx_test"}]]
endgroup
set_property OUTPUT_VALUE 31 [get_hw_probes data -of_objects [get_hw_vios -of_objects [get_hw_devices xc7a35t_0] -filter {CELL_NAME=~"uart_tx_test"}]]
commit_hw_vio [get_hw_probes {data} -of_objects [get_hw_vios -of_objects [get_hw_devices xc7a35t_0] -filter {CELL_NAME=~"uart_tx_test"}]]
startgroup
set_property OUTPUT_VALUE 1 [get_hw_probes test_en -of_objects [get_hw_vios -of_objects [get_hw_devices xc7a35t_0] -filter {CELL_NAME=~"uart_tx_test"}]]
commit_hw_vio [get_hw_probes {test_en} -of_objects [get_hw_vios -of_objects [get_hw_devices xc7a35t_0] -filter {CELL_NAME=~"uart_tx_test"}]]
endgroup
startgroup
set_property OUTPUT_VALUE 0 [get_hw_probes test_en -of_objects [get_hw_vios -of_objects [get_hw_devices xc7a35t_0] -filter {CELL_NAME=~"uart_tx_test"}]]
commit_hw_vio [get_hw_probes {test_en} -of_objects [get_hw_vios -of_objects [get_hw_devices xc7a35t_0] -filter {CELL_NAME=~"uart_tx_test"}]]
endgroup
set_property OUTPUT_VALUE 85 [get_hw_probes data -of_objects [get_hw_vios -of_objects [get_hw_devices xc7a35t_0] -filter {CELL_NAME=~"uart_tx_test"}]]
commit_hw_vio [get_hw_probes {data} -of_objects [get_hw_vios -of_objects [get_hw_devices xc7a35t_0] -filter {CELL_NAME=~"uart_tx_test"}]]
startgroup
set_property OUTPUT_VALUE 1 [get_hw_probes test_en -of_objects [get_hw_vios -of_objects [get_hw_devices xc7a35t_0] -filter {CELL_NAME=~"uart_tx_test"}]]
commit_hw_vio [get_hw_probes {test_en} -of_objects [get_hw_vios -of_objects [get_hw_devices xc7a35t_0] -filter {CELL_NAME=~"uart_tx_test"}]]
endgroup
startgroup
set_property OUTPUT_VALUE 0 [get_hw_probes test_en -of_objects [get_hw_vios -of_objects [get_hw_devices xc7a35t_0] -filter {CELL_NAME=~"uart_tx_test"}]]
commit_hw_vio [get_hw_probes {test_en} -of_objects [get_hw_vios -of_objects [get_hw_devices xc7a35t_0] -filter {CELL_NAME=~"uart_tx_test"}]]
endgroup
set_property OUTPUT_VALUE 78 [get_hw_probes data -of_objects [get_hw_vios -of_objects [get_hw_devices xc7a35t_0] -filter {CELL_NAME=~"uart_tx_test"}]]
commit_hw_vio [get_hw_probes {data} -of_objects [get_hw_vios -of_objects [get_hw_devices xc7a35t_0] -filter {CELL_NAME=~"uart_tx_test"}]]
startgroup
set_property OUTPUT_VALUE 1 [get_hw_probes test_en -of_objects [get_hw_vios -of_objects [get_hw_devices xc7a35t_0] -filter {CELL_NAME=~"uart_tx_test"}]]
commit_hw_vio [get_hw_probes {test_en} -of_objects [get_hw_vios -of_objects [get_hw_devices xc7a35t_0] -filter {CELL_NAME=~"uart_tx_test"}]]
endgroup
startgroup
set_property OUTPUT_VALUE 0 [get_hw_probes test_en -of_objects [get_hw_vios -of_objects [get_hw_devices xc7a35t_0] -filter {CELL_NAME=~"uart_tx_test"}]]
commit_hw_vio [get_hw_probes {test_en} -of_objects [get_hw_vios -of_objects [get_hw_devices xc7a35t_0] -filter {CELL_NAME=~"uart_tx_test"}]]
endgroup
startgroup
set_property OUTPUT_VALUE 1 [get_hw_probes test_en -of_objects [get_hw_vios -of_objects [get_hw_devices xc7a35t_0] -filter {CELL_NAME=~"uart_tx_test"}]]
commit_hw_vio [get_hw_probes {test_en} -of_objects [get_hw_vios -of_objects [get_hw_devices xc7a35t_0] -filter {CELL_NAME=~"uart_tx_test"}]]
endgroup
startgroup
set_property OUTPUT_VALUE 0 [get_hw_probes test_en -of_objects [get_hw_vios -of_objects [get_hw_devices xc7a35t_0] -filter {CELL_NAME=~"uart_tx_test"}]]
commit_hw_vio [get_hw_probes {test_en} -of_objects [get_hw_vios -of_objects [get_hw_devices xc7a35t_0] -filter {CELL_NAME=~"uart_tx_test"}]]
endgroup
startgroup
set_property OUTPUT_VALUE 1 [get_hw_probes test_en -of_objects [get_hw_vios -of_objects [get_hw_devices xc7a35t_0] -filter {CELL_NAME=~"uart_tx_test"}]]
commit_hw_vio [get_hw_probes {test_en} -of_objects [get_hw_vios -of_objects [get_hw_devices xc7a35t_0] -filter {CELL_NAME=~"uart_tx_test"}]]
endgroup
startgroup
set_property OUTPUT_VALUE 0 [get_hw_probes test_en -of_objects [get_hw_vios -of_objects [get_hw_devices xc7a35t_0] -filter {CELL_NAME=~"uart_tx_test"}]]
commit_hw_vio [get_hw_probes {test_en} -of_objects [get_hw_vios -of_objects [get_hw_devices xc7a35t_0] -filter {CELL_NAME=~"uart_tx_test"}]]
endgroup
startgroup
set_property OUTPUT_VALUE 1 [get_hw_probes test_en -of_objects [get_hw_vios -of_objects [get_hw_devices xc7a35t_0] -filter {CELL_NAME=~"uart_tx_test"}]]
commit_hw_vio [get_hw_probes {test_en} -of_objects [get_hw_vios -of_objects [get_hw_devices xc7a35t_0] -filter {CELL_NAME=~"uart_tx_test"}]]
endgroup
startgroup
set_property OUTPUT_VALUE 0 [get_hw_probes test_en -of_objects [get_hw_vios -of_objects [get_hw_devices xc7a35t_0] -filter {CELL_NAME=~"uart_tx_test"}]]
commit_hw_vio [get_hw_probes {test_en} -of_objects [get_hw_vios -of_objects [get_hw_devices xc7a35t_0] -filter {CELL_NAME=~"uart_tx_test"}]]
endgroup
startgroup
set_property OUTPUT_VALUE 1 [get_hw_probes test_en -of_objects [get_hw_vios -of_objects [get_hw_devices xc7a35t_0] -filter {CELL_NAME=~"uart_tx_test"}]]
commit_hw_vio [get_hw_probes {test_en} -of_objects [get_hw_vios -of_objects [get_hw_devices xc7a35t_0] -filter {CELL_NAME=~"uart_tx_test"}]]
endgroup
startgroup
set_property OUTPUT_VALUE 0 [get_hw_probes test_en -of_objects [get_hw_vios -of_objects [get_hw_devices xc7a35t_0] -filter {CELL_NAME=~"uart_tx_test"}]]
commit_hw_vio [get_hw_probes {test_en} -of_objects [get_hw_vios -of_objects [get_hw_devices xc7a35t_0] -filter {CELL_NAME=~"uart_tx_test"}]]
endgroup
startgroup
set_property OUTPUT_VALUE 1 [get_hw_probes test_en -of_objects [get_hw_vios -of_objects [get_hw_devices xc7a35t_0] -filter {CELL_NAME=~"uart_tx_test"}]]
commit_hw_vio [get_hw_probes {test_en} -of_objects [get_hw_vios -of_objects [get_hw_devices xc7a35t_0] -filter {CELL_NAME=~"uart_tx_test"}]]
endgroup
startgroup
set_property OUTPUT_VALUE 0 [get_hw_probes test_en -of_objects [get_hw_vios -of_objects [get_hw_devices xc7a35t_0] -filter {CELL_NAME=~"uart_tx_test"}]]
commit_hw_vio [get_hw_probes {test_en} -of_objects [get_hw_vios -of_objects [get_hw_devices xc7a35t_0] -filter {CELL_NAME=~"uart_tx_test"}]]
endgroup
startgroup
set_property OUTPUT_VALUE 1 [get_hw_probes test_en -of_objects [get_hw_vios -of_objects [get_hw_devices xc7a35t_0] -filter {CELL_NAME=~"uart_tx_test"}]]
commit_hw_vio [get_hw_probes {test_en} -of_objects [get_hw_vios -of_objects [get_hw_devices xc7a35t_0] -filter {CELL_NAME=~"uart_tx_test"}]]
endgroup
startgroup
set_property OUTPUT_VALUE 0 [get_hw_probes test_en -of_objects [get_hw_vios -of_objects [get_hw_devices xc7a35t_0] -filter {CELL_NAME=~"uart_tx_test"}]]
commit_hw_vio [get_hw_probes {test_en} -of_objects [get_hw_vios -of_objects [get_hw_devices xc7a35t_0] -filter {CELL_NAME=~"uart_tx_test"}]]
endgroup
startgroup
set_property OUTPUT_VALUE 1 [get_hw_probes test_en -of_objects [get_hw_vios -of_objects [get_hw_devices xc7a35t_0] -filter {CELL_NAME=~"uart_tx_test"}]]
commit_hw_vio [get_hw_probes {test_en} -of_objects [get_hw_vios -of_objects [get_hw_devices xc7a35t_0] -filter {CELL_NAME=~"uart_tx_test"}]]
endgroup
startgroup
set_property OUTPUT_VALUE 0 [get_hw_probes test_en -of_objects [get_hw_vios -of_objects [get_hw_devices xc7a35t_0] -filter {CELL_NAME=~"uart_tx_test"}]]
commit_hw_vio [get_hw_probes {test_en} -of_objects [get_hw_vios -of_objects [get_hw_devices xc7a35t_0] -filter {CELL_NAME=~"uart_tx_test"}]]
endgroup
startgroup
set_property OUTPUT_VALUE 1 [get_hw_probes test_en -of_objects [get_hw_vios -of_objects [get_hw_devices xc7a35t_0] -filter {CELL_NAME=~"uart_tx_test"}]]
commit_hw_vio [get_hw_probes {test_en} -of_objects [get_hw_vios -of_objects [get_hw_devices xc7a35t_0] -filter {CELL_NAME=~"uart_tx_test"}]]
endgroup
startgroup
set_property OUTPUT_VALUE 0 [get_hw_probes test_en -of_objects [get_hw_vios -of_objects [get_hw_devices xc7a35t_0] -filter {CELL_NAME=~"uart_tx_test"}]]
commit_hw_vio [get_hw_probes {test_en} -of_objects [get_hw_vios -of_objects [get_hw_devices xc7a35t_0] -filter {CELL_NAME=~"uart_tx_test"}]]
endgroup
startgroup
set_property OUTPUT_VALUE 1 [get_hw_probes test_en -of_objects [get_hw_vios -of_objects [get_hw_devices xc7a35t_0] -filter {CELL_NAME=~"uart_tx_test"}]]
commit_hw_vio [get_hw_probes {test_en} -of_objects [get_hw_vios -of_objects [get_hw_devices xc7a35t_0] -filter {CELL_NAME=~"uart_tx_test"}]]
endgroup
startgroup
set_property OUTPUT_VALUE 0 [get_hw_probes test_en -of_objects [get_hw_vios -of_objects [get_hw_devices xc7a35t_0] -filter {CELL_NAME=~"uart_tx_test"}]]
commit_hw_vio [get_hw_probes {test_en} -of_objects [get_hw_vios -of_objects [get_hw_devices xc7a35t_0] -filter {CELL_NAME=~"uart_tx_test"}]]
endgroup
startgroup
set_property OUTPUT_VALUE 1 [get_hw_probes test_en -of_objects [get_hw_vios -of_objects [get_hw_devices xc7a35t_0] -filter {CELL_NAME=~"uart_tx_test"}]]
commit_hw_vio [get_hw_probes {test_en} -of_objects [get_hw_vios -of_objects [get_hw_devices xc7a35t_0] -filter {CELL_NAME=~"uart_tx_test"}]]
endgroup
startgroup
set_property OUTPUT_VALUE 0 [get_hw_probes test_en -of_objects [get_hw_vios -of_objects [get_hw_devices xc7a35t_0] -filter {CELL_NAME=~"uart_tx_test"}]]
commit_hw_vio [get_hw_probes {test_en} -of_objects [get_hw_vios -of_objects [get_hw_devices xc7a35t_0] -filter {CELL_NAME=~"uart_tx_test"}]]
endgroup
ERROR: [Labtoolstcl 44-513] HW Target shutdown. Closing target: localhost:3121/xilinx_tcf/Digilent/C305939AABCD
INFO: [Labtoolstcl 44-466] Opening hw_target localhost:3121/xilinx_tcf/Digilent/C305939AABCD
INFO: [Labtools 27-2302] Device xc7a35t (JTAG device index = 0) is programmed with a design that has 1 VIO core(s).
WARNING: [Labtoolstcl 44-129] No matching hw_ila_data was found.
startgroup
set_property OUTPUT_VALUE 1 [get_hw_probes test_en -of_objects [get_hw_vios -of_objects [get_hw_devices xc7a35t_0] -filter {CELL_NAME=~"uart_tx_test"}]]
commit_hw_vio [get_hw_probes {test_en} -of_objects [get_hw_vios -of_objects [get_hw_devices xc7a35t_0] -filter {CELL_NAME=~"uart_tx_test"}]]
endgroup
startgroup
set_property OUTPUT_VALUE 0 [get_hw_probes test_en -of_objects [get_hw_vios -of_objects [get_hw_devices xc7a35t_0] -filter {CELL_NAME=~"uart_tx_test"}]]
commit_hw_vio [get_hw_probes {test_en} -of_objects [get_hw_vios -of_objects [get_hw_devices xc7a35t_0] -filter {CELL_NAME=~"uart_tx_test"}]]
endgroup
startgroup
set_property OUTPUT_VALUE 1 [get_hw_probes test_en -of_objects [get_hw_vios -of_objects [get_hw_devices xc7a35t_0] -filter {CELL_NAME=~"uart_tx_test"}]]
commit_hw_vio [get_hw_probes {test_en} -of_objects [get_hw_vios -of_objects [get_hw_devices xc7a35t_0] -filter {CELL_NAME=~"uart_tx_test"}]]
endgroup
startgroup
set_property OUTPUT_VALUE 0 [get_hw_probes test_en -of_objects [get_hw_vios -of_objects [get_hw_devices xc7a35t_0] -filter {CELL_NAME=~"uart_tx_test"}]]
commit_hw_vio [get_hw_probes {test_en} -of_objects [get_hw_vios -of_objects [get_hw_devices xc7a35t_0] -filter {CELL_NAME=~"uart_tx_test"}]]
endgroup
startgroup
set_property OUTPUT_VALUE 1 [get_hw_probes test_en -of_objects [get_hw_vios -of_objects [get_hw_devices xc7a35t_0] -filter {CELL_NAME=~"uart_tx_test"}]]
commit_hw_vio [get_hw_probes {test_en} -of_objects [get_hw_vios -of_objects [get_hw_devices xc7a35t_0] -filter {CELL_NAME=~"uart_tx_test"}]]
endgroup
startgroup
set_property OUTPUT_VALUE 0 [get_hw_probes test_en -of_objects [get_hw_vios -of_objects [get_hw_devices xc7a35t_0] -filter {CELL_NAME=~"uart_tx_test"}]]
commit_hw_vio [get_hw_probes {test_en} -of_objects [get_hw_vios -of_objects [get_hw_devices xc7a35t_0] -filter {CELL_NAME=~"uart_tx_test"}]]
endgroup
startgroup
set_property OUTPUT_VALUE 1 [get_hw_probes test_en -of_objects [get_hw_vios -of_objects [get_hw_devices xc7a35t_0] -filter {CELL_NAME=~"uart_tx_test"}]]
commit_hw_vio [get_hw_probes {test_en} -of_objects [get_hw_vios -of_objects [get_hw_devices xc7a35t_0] -filter {CELL_NAME=~"uart_tx_test"}]]
endgroup
startgroup
set_property OUTPUT_VALUE 0 [get_hw_probes test_en -of_objects [get_hw_vios -of_objects [get_hw_devices xc7a35t_0] -filter {CELL_NAME=~"uart_tx_test"}]]
commit_hw_vio [get_hw_probes {test_en} -of_objects [get_hw_vios -of_objects [get_hw_devices xc7a35t_0] -filter {CELL_NAME=~"uart_tx_test"}]]
endgroup
startgroup
set_property OUTPUT_VALUE 1 [get_hw_probes test_en -of_objects [get_hw_vios -of_objects [get_hw_devices xc7a35t_0] -filter {CELL_NAME=~"uart_tx_test"}]]
commit_hw_vio [get_hw_probes {test_en} -of_objects [get_hw_vios -of_objects [get_hw_devices xc7a35t_0] -filter {CELL_NAME=~"uart_tx_test"}]]
endgroup
startgroup
set_property OUTPUT_VALUE 0 [get_hw_probes test_en -of_objects [get_hw_vios -of_objects [get_hw_devices xc7a35t_0] -filter {CELL_NAME=~"uart_tx_test"}]]
commit_hw_vio [get_hw_probes {test_en} -of_objects [get_hw_vios -of_objects [get_hw_devices xc7a35t_0] -filter {CELL_NAME=~"uart_tx_test"}]]
endgroup
startgroup
set_property OUTPUT_VALUE 1 [get_hw_probes test_en -of_objects [get_hw_vios -of_objects [get_hw_devices xc7a35t_0] -filter {CELL_NAME=~"uart_tx_test"}]]
commit_hw_vio [get_hw_probes {test_en} -of_objects [get_hw_vios -of_objects [get_hw_devices xc7a35t_0] -filter {CELL_NAME=~"uart_tx_test"}]]
endgroup
startgroup
set_property OUTPUT_VALUE 0 [get_hw_probes test_en -of_objects [get_hw_vios -of_objects [get_hw_devices xc7a35t_0] -filter {CELL_NAME=~"uart_tx_test"}]]
commit_hw_vio [get_hw_probes {test_en} -of_objects [get_hw_vios -of_objects [get_hw_devices xc7a35t_0] -filter {CELL_NAME=~"uart_tx_test"}]]
endgroup
startgroup
set_property OUTPUT_VALUE 1 [get_hw_probes test_en -of_objects [get_hw_vios -of_objects [get_hw_devices xc7a35t_0] -filter {CELL_NAME=~"uart_tx_test"}]]
commit_hw_vio [get_hw_probes {test_en} -of_objects [get_hw_vios -of_objects [get_hw_devices xc7a35t_0] -filter {CELL_NAME=~"uart_tx_test"}]]
endgroup
startgroup
set_property OUTPUT_VALUE 0 [get_hw_probes test_en -of_objects [get_hw_vios -of_objects [get_hw_devices xc7a35t_0] -filter {CELL_NAME=~"uart_tx_test"}]]
commit_hw_vio [get_hw_probes {test_en} -of_objects [get_hw_vios -of_objects [get_hw_devices xc7a35t_0] -filter {CELL_NAME=~"uart_tx_test"}]]
endgroup
startgroup
set_property OUTPUT_VALUE 1 [get_hw_probes test_en -of_objects [get_hw_vios -of_objects [get_hw_devices xc7a35t_0] -filter {CELL_NAME=~"uart_tx_test"}]]
commit_hw_vio [get_hw_probes {test_en} -of_objects [get_hw_vios -of_objects [get_hw_devices xc7a35t_0] -filter {CELL_NAME=~"uart_tx_test"}]]
endgroup
startgroup
set_property OUTPUT_VALUE 0 [get_hw_probes test_en -of_objects [get_hw_vios -of_objects [get_hw_devices xc7a35t_0] -filter {CELL_NAME=~"uart_tx_test"}]]
commit_hw_vio [get_hw_probes {test_en} -of_objects [get_hw_vios -of_objects [get_hw_devices xc7a35t_0] -filter {CELL_NAME=~"uart_tx_test"}]]
endgroup
startgroup
set_property OUTPUT_VALUE 1 [get_hw_probes test_en -of_objects [get_hw_vios -of_objects [get_hw_devices xc7a35t_0] -filter {CELL_NAME=~"uart_tx_test"}]]
commit_hw_vio [get_hw_probes {test_en} -of_objects [get_hw_vios -of_objects [get_hw_devices xc7a35t_0] -filter {CELL_NAME=~"uart_tx_test"}]]
endgroup
startgroup
set_property OUTPUT_VALUE 0 [get_hw_probes test_en -of_objects [get_hw_vios -of_objects [get_hw_devices xc7a35t_0] -filter {CELL_NAME=~"uart_tx_test"}]]
commit_hw_vio [get_hw_probes {test_en} -of_objects [get_hw_vios -of_objects [get_hw_devices xc7a35t_0] -filter {CELL_NAME=~"uart_tx_test"}]]
endgroup
startgroup
set_property OUTPUT_VALUE 1 [get_hw_probes test_en -of_objects [get_hw_vios -of_objects [get_hw_devices xc7a35t_0] -filter {CELL_NAME=~"uart_tx_test"}]]
commit_hw_vio [get_hw_probes {test_en} -of_objects [get_hw_vios -of_objects [get_hw_devices xc7a35t_0] -filter {CELL_NAME=~"uart_tx_test"}]]
endgroup
startgroup
set_property OUTPUT_VALUE 0 [get_hw_probes test_en -of_objects [get_hw_vios -of_objects [get_hw_devices xc7a35t_0] -filter {CELL_NAME=~"uart_tx_test"}]]
commit_hw_vio [get_hw_probes {test_en} -of_objects [get_hw_vios -of_objects [get_hw_devices xc7a35t_0] -filter {CELL_NAME=~"uart_tx_test"}]]
endgroup
startgroup
set_property OUTPUT_VALUE 1 [get_hw_probes test_en -of_objects [get_hw_vios -of_objects [get_hw_devices xc7a35t_0] -filter {CELL_NAME=~"uart_tx_test"}]]
commit_hw_vio [get_hw_probes {test_en} -of_objects [get_hw_vios -of_objects [get_hw_devices xc7a35t_0] -filter {CELL_NAME=~"uart_tx_test"}]]
endgroup
startgroup
set_property OUTPUT_VALUE 0 [get_hw_probes test_en -of_objects [get_hw_vios -of_objects [get_hw_devices xc7a35t_0] -filter {CELL_NAME=~"uart_tx_test"}]]
commit_hw_vio [get_hw_probes {test_en} -of_objects [get_hw_vios -of_objects [get_hw_devices xc7a35t_0] -filter {CELL_NAME=~"uart_tx_test"}]]
endgroup
startgroup
set_property OUTPUT_VALUE 1 [get_hw_probes test_en -of_objects [get_hw_vios -of_objects [get_hw_devices xc7a35t_0] -filter {CELL_NAME=~"uart_tx_test"}]]
commit_hw_vio [get_hw_probes {test_en} -of_objects [get_hw_vios -of_objects [get_hw_devices xc7a35t_0] -filter {CELL_NAME=~"uart_tx_test"}]]
endgroup
startgroup
set_property OUTPUT_VALUE 0 [get_hw_probes test_en -of_objects [get_hw_vios -of_objects [get_hw_devices xc7a35t_0] -filter {CELL_NAME=~"uart_tx_test"}]]
commit_hw_vio [get_hw_probes {test_en} -of_objects [get_hw_vios -of_objects [get_hw_devices xc7a35t_0] -filter {CELL_NAME=~"uart_tx_test"}]]
endgroup
startgroup
set_property OUTPUT_VALUE 1 [get_hw_probes test_en -of_objects [get_hw_vios -of_objects [get_hw_devices xc7a35t_0] -filter {CELL_NAME=~"uart_tx_test"}]]
commit_hw_vio [get_hw_probes {test_en} -of_objects [get_hw_vios -of_objects [get_hw_devices xc7a35t_0] -filter {CELL_NAME=~"uart_tx_test"}]]
endgroup
startgroup
set_property OUTPUT_VALUE 0 [get_hw_probes test_en -of_objects [get_hw_vios -of_objects [get_hw_devices xc7a35t_0] -filter {CELL_NAME=~"uart_tx_test"}]]
commit_hw_vio [get_hw_probes {test_en} -of_objects [get_hw_vios -of_objects [get_hw_devices xc7a35t_0] -filter {CELL_NAME=~"uart_tx_test"}]]
endgroup
startgroup
set_property OUTPUT_VALUE 1 [get_hw_probes test_en -of_objects [get_hw_vios -of_objects [get_hw_devices xc7a35t_0] -filter {CELL_NAME=~"uart_tx_test"}]]
commit_hw_vio [get_hw_probes {test_en} -of_objects [get_hw_vios -of_objects [get_hw_devices xc7a35t_0] -filter {CELL_NAME=~"uart_tx_test"}]]
endgroup
startgroup
set_property OUTPUT_VALUE 0 [get_hw_probes test_en -of_objects [get_hw_vios -of_objects [get_hw_devices xc7a35t_0] -filter {CELL_NAME=~"uart_tx_test"}]]
commit_hw_vio [get_hw_probes {test_en} -of_objects [get_hw_vios -of_objects [get_hw_devices xc7a35t_0] -filter {CELL_NAME=~"uart_tx_test"}]]
endgroup
startgroup
set_property OUTPUT_VALUE 1 [get_hw_probes test_en -of_objects [get_hw_vios -of_objects [get_hw_devices xc7a35t_0] -filter {CELL_NAME=~"uart_tx_test"}]]
commit_hw_vio [get_hw_probes {test_en} -of_objects [get_hw_vios -of_objects [get_hw_devices xc7a35t_0] -filter {CELL_NAME=~"uart_tx_test"}]]
endgroup
startgroup
set_property OUTPUT_VALUE 0 [get_hw_probes test_en -of_objects [get_hw_vios -of_objects [get_hw_devices xc7a35t_0] -filter {CELL_NAME=~"uart_tx_test"}]]
commit_hw_vio [get_hw_probes {test_en} -of_objects [get_hw_vios -of_objects [get_hw_devices xc7a35t_0] -filter {CELL_NAME=~"uart_tx_test"}]]
endgroup
startgroup
set_property OUTPUT_VALUE 1 [get_hw_probes test_en -of_objects [get_hw_vios -of_objects [get_hw_devices xc7a35t_0] -filter {CELL_NAME=~"uart_tx_test"}]]
commit_hw_vio [get_hw_probes {test_en} -of_objects [get_hw_vios -of_objects [get_hw_devices xc7a35t_0] -filter {CELL_NAME=~"uart_tx_test"}]]
endgroup
startgroup
set_property OUTPUT_VALUE 0 [get_hw_probes test_en -of_objects [get_hw_vios -of_objects [get_hw_devices xc7a35t_0] -filter {CELL_NAME=~"uart_tx_test"}]]
commit_hw_vio [get_hw_probes {test_en} -of_objects [get_hw_vios -of_objects [get_hw_devices xc7a35t_0] -filter {CELL_NAME=~"uart_tx_test"}]]
endgroup
set_property OUTPUT_VALUE a'a00 [get_hw_probes data -of_objects [get_hw_vios -of_objects [get_hw_devices xc7a35t_0] -filter {CELL_NAME=~"uart_tx_test"}]]
ERROR: [Designutils 20-1474] The hw_probe VIO value [a'a00] has [5] value characters. The required number of value characters for radix [HEX], is [2].
set_property OUTPUT_VALUE AA [get_hw_probes data -of_objects [get_hw_vios -of_objects [get_hw_devices xc7a35t_0] -filter {CELL_NAME=~"uart_tx_test"}]]
commit_hw_vio [get_hw_probes {data} -of_objects [get_hw_vios -of_objects [get_hw_devices xc7a35t_0] -filter {CELL_NAME=~"uart_tx_test"}]]
startgroup
set_property OUTPUT_VALUE 1 [get_hw_probes test_en -of_objects [get_hw_vios -of_objects [get_hw_devices xc7a35t_0] -filter {CELL_NAME=~"uart_tx_test"}]]
commit_hw_vio [get_hw_probes {test_en} -of_objects [get_hw_vios -of_objects [get_hw_devices xc7a35t_0] -filter {CELL_NAME=~"uart_tx_test"}]]
endgroup
startgroup
set_property OUTPUT_VALUE 0 [get_hw_probes test_en -of_objects [get_hw_vios -of_objects [get_hw_devices xc7a35t_0] -filter {CELL_NAME=~"uart_tx_test"}]]
commit_hw_vio [get_hw_probes {test_en} -of_objects [get_hw_vios -of_objects [get_hw_devices xc7a35t_0] -filter {CELL_NAME=~"uart_tx_test"}]]
endgroup
startgroup
set_property OUTPUT_VALUE 1 [get_hw_probes test_en -of_objects [get_hw_vios -of_objects [get_hw_devices xc7a35t_0] -filter {CELL_NAME=~"uart_tx_test"}]]
commit_hw_vio [get_hw_probes {test_en} -of_objects [get_hw_vios -of_objects [get_hw_devices xc7a35t_0] -filter {CELL_NAME=~"uart_tx_test"}]]
endgroup
startgroup
set_property OUTPUT_VALUE 0 [get_hw_probes test_en -of_objects [get_hw_vios -of_objects [get_hw_devices xc7a35t_0] -filter {CELL_NAME=~"uart_tx_test"}]]
commit_hw_vio [get_hw_probes {test_en} -of_objects [get_hw_vios -of_objects [get_hw_devices xc7a35t_0] -filter {CELL_NAME=~"uart_tx_test"}]]
endgroup
set_property OUTPUT_VALUE AA [get_hw_probes data -of_objects [get_hw_vios -of_objects [get_hw_devices xc7a35t_0] -filter {CELL_NAME=~"uart_tx_test"}]]
commit_hw_vio [get_hw_probes {data} -of_objects [get_hw_vios -of_objects [get_hw_devices xc7a35t_0] -filter {CELL_NAME=~"uart_tx_test"}]]
startgroup
set_property OUTPUT_VALUE 1 [get_hw_probes test_en -of_objects [get_hw_vios -of_objects [get_hw_devices xc7a35t_0] -filter {CELL_NAME=~"uart_tx_test"}]]
commit_hw_vio [get_hw_probes {test_en} -of_objects [get_hw_vios -of_objects [get_hw_devices xc7a35t_0] -filter {CELL_NAME=~"uart_tx_test"}]]
endgroup
startgroup
set_property OUTPUT_VALUE 0 [get_hw_probes test_en -of_objects [get_hw_vios -of_objects [get_hw_devices xc7a35t_0] -filter {CELL_NAME=~"uart_tx_test"}]]
commit_hw_vio [get_hw_probes {test_en} -of_objects [get_hw_vios -of_objects [get_hw_devices xc7a35t_0] -filter {CELL_NAME=~"uart_tx_test"}]]
endgroup
startgroup
set_property OUTPUT_VALUE 1 [get_hw_probes test_en -of_objects [get_hw_vios -of_objects [get_hw_devices xc7a35t_0] -filter {CELL_NAME=~"uart_tx_test"}]]
commit_hw_vio [get_hw_probes {test_en} -of_objects [get_hw_vios -of_objects [get_hw_devices xc7a35t_0] -filter {CELL_NAME=~"uart_tx_test"}]]
endgroup
startgroup
set_property OUTPUT_VALUE 0 [get_hw_probes test_en -of_objects [get_hw_vios -of_objects [get_hw_devices xc7a35t_0] -filter {CELL_NAME=~"uart_tx_test"}]]
commit_hw_vio [get_hw_probes {test_en} -of_objects [get_hw_vios -of_objects [get_hw_devices xc7a35t_0] -filter {CELL_NAME=~"uart_tx_test"}]]
endgroup
startgroup
set_property OUTPUT_VALUE 1 [get_hw_probes test_en -of_objects [get_hw_vios -of_objects [get_hw_devices xc7a35t_0] -filter {CELL_NAME=~"uart_tx_test"}]]
commit_hw_vio [get_hw_probes {test_en} -of_objects [get_hw_vios -of_objects [get_hw_devices xc7a35t_0] -filter {CELL_NAME=~"uart_tx_test"}]]
endgroup
startgroup
set_property OUTPUT_VALUE 0 [get_hw_probes test_en -of_objects [get_hw_vios -of_objects [get_hw_devices xc7a35t_0] -filter {CELL_NAME=~"uart_tx_test"}]]
commit_hw_vio [get_hw_probes {test_en} -of_objects [get_hw_vios -of_objects [get_hw_devices xc7a35t_0] -filter {CELL_NAME=~"uart_tx_test"}]]
endgroup
startgroup
set_property OUTPUT_VALUE 1 [get_hw_probes test_en -of_objects [get_hw_vios -of_objects [get_hw_devices xc7a35t_0] -filter {CELL_NAME=~"uart_tx_test"}]]
commit_hw_vio [get_hw_probes {test_en} -of_objects [get_hw_vios -of_objects [get_hw_devices xc7a35t_0] -filter {CELL_NAME=~"uart_tx_test"}]]
endgroup
startgroup
set_property OUTPUT_VALUE 0 [get_hw_probes test_en -of_objects [get_hw_vios -of_objects [get_hw_devices xc7a35t_0] -filter {CELL_NAME=~"uart_tx_test"}]]
commit_hw_vio [get_hw_probes {test_en} -of_objects [get_hw_vios -of_objects [get_hw_devices xc7a35t_0] -filter {CELL_NAME=~"uart_tx_test"}]]
endgroup
startgroup
set_property OUTPUT_VALUE 1 [get_hw_probes test_en -of_objects [get_hw_vios -of_objects [get_hw_devices xc7a35t_0] -filter {CELL_NAME=~"uart_tx_test"}]]
commit_hw_vio [get_hw_probes {test_en} -of_objects [get_hw_vios -of_objects [get_hw_devices xc7a35t_0] -filter {CELL_NAME=~"uart_tx_test"}]]
endgroup
startgroup
set_property OUTPUT_VALUE 0 [get_hw_probes test_en -of_objects [get_hw_vios -of_objects [get_hw_devices xc7a35t_0] -filter {CELL_NAME=~"uart_tx_test"}]]
commit_hw_vio [get_hw_probes {test_en} -of_objects [get_hw_vios -of_objects [get_hw_devices xc7a35t_0] -filter {CELL_NAME=~"uart_tx_test"}]]
endgroup
startgroup
set_property OUTPUT_VALUE 1 [get_hw_probes test_en -of_objects [get_hw_vios -of_objects [get_hw_devices xc7a35t_0] -filter {CELL_NAME=~"uart_tx_test"}]]
commit_hw_vio [get_hw_probes {test_en} -of_objects [get_hw_vios -of_objects [get_hw_devices xc7a35t_0] -filter {CELL_NAME=~"uart_tx_test"}]]
endgroup
startgroup
set_property OUTPUT_VALUE 0 [get_hw_probes test_en -of_objects [get_hw_vios -of_objects [get_hw_devices xc7a35t_0] -filter {CELL_NAME=~"uart_tx_test"}]]
commit_hw_vio [get_hw_probes {test_en} -of_objects [get_hw_vios -of_objects [get_hw_devices xc7a35t_0] -filter {CELL_NAME=~"uart_tx_test"}]]
endgroup
startgroup
set_property OUTPUT_VALUE 1 [get_hw_probes test_en -of_objects [get_hw_vios -of_objects [get_hw_devices xc7a35t_0] -filter {CELL_NAME=~"uart_tx_test"}]]
commit_hw_vio [get_hw_probes {test_en} -of_objects [get_hw_vios -of_objects [get_hw_devices xc7a35t_0] -filter {CELL_NAME=~"uart_tx_test"}]]
endgroup
startgroup
set_property OUTPUT_VALUE 0 [get_hw_probes test_en -of_objects [get_hw_vios -of_objects [get_hw_devices xc7a35t_0] -filter {CELL_NAME=~"uart_tx_test"}]]
commit_hw_vio [get_hw_probes {test_en} -of_objects [get_hw_vios -of_objects [get_hw_devices xc7a35t_0] -filter {CELL_NAME=~"uart_tx_test"}]]
endgroup
ERROR: [Labtoolstcl 44-513] HW Target shutdown. Closing target: localhost:3121/xilinx_tcf/Digilent/C305939AABCD
exit
INFO: [Common 17-206] Exiting Vivado at Mon Jan  1 17:34:43 2024...
