C51 COMPILER V9.54   MATRIXKEY                                                             01/29/2023 16:39:54 PAGE 1   


C51 COMPILER V9.54, COMPILATION OF MODULE MATRIXKEY
OBJECT MODULE PLACED IN .\Objects\MatrixKey.obj
COMPILER INVOKED BY: D:\1\C51\BIN\C51.EXE MatrixKey.c OPTIMIZE(8,SPEED) BROWSE DEBUG OBJECTEXTEND PRINT(.\Listings\Matri
                    -xKey.lst) OBJECT(.\Objects\MatrixKey.obj)

line level    source

   1          #include <REGX52.H>
   2          #include "Delay.h"
   3          
   4          
   5          unsigned int MatrixKey()
   6          {
   7   1              unsigned int KeyNumber=0;
   8   1              P1=0xFF;
   9   1              P1_3=0;
  10   1              if(P1_7==0)
  11   1              {Delay(20); while(P1_7==0);Delay(20);KeyNumber=1;}
  12   1              if(P1_6==0)
  13   1              {Delay(20); while(P1_6==0);Delay(20);KeyNumber=5;}
  14   1              if(P1_5==0)
  15   1              {Delay(20); while(P1_5==0);Delay(20);KeyNumber=9;}
  16   1              if(P1_4==0)
  17   1              {Delay(20); while(P1_4==0);Delay(20);KeyNumber=13;}
  18   1              
  19   1              P1=0xFF;
  20   1              P1_2=0;
  21   1              if(P1_7==0)
  22   1              {Delay(20); while(P1_7==0);Delay(20);KeyNumber=2;}
  23   1              if(P1_6==0)
  24   1              {Delay(20); while(P1_6==0);Delay(20);KeyNumber=6;}
  25   1              if(P1_5==0)
  26   1              {Delay(20); while(P1_5==0);Delay(20);KeyNumber=10;}
  27   1              if(P1_4==0)
  28   1              {Delay(20); while(P1_4==0);Delay(20);KeyNumber=14;}
  29   1              
  30   1              P1=0xFF;
  31   1              P1_1=0;
  32   1              if(P1_7==0)
  33   1              {Delay(20); while(P1_7==0);Delay(20);KeyNumber=3;}
  34   1              if(P1_6==0)
  35   1              {Delay(20); while(P1_6==0);Delay(20);KeyNumber=7;}
  36   1              if(P1_5==0)
  37   1              {Delay(20); while(P1_5==0);Delay(20);KeyNumber=11;}
  38   1              if(P1_4==0)
  39   1              {Delay(20); while(P1_4==0);Delay(20);KeyNumber=15;}
  40   1              
  41   1              P1=0xFF;
  42   1              P1_0=0;
  43   1              if(P1_7==0)
  44   1              {Delay(20); while(P1_7==0);Delay(20);KeyNumber=4;}
  45   1              if(P1_6==0)
  46   1              {Delay(20); while(P1_6==0);Delay(20);KeyNumber=8;}
  47   1              if(P1_5==0)
  48   1              {Delay(20); while(P1_5==0);Delay(20);KeyNumber=12;}
  49   1              if(P1_4==0)
  50   1              {Delay(20); while(P1_4==0);Delay(20);KeyNumber=16;}
  51   1              
  52   1              return KeyNumber;
  53   1              
  54   1      }
C51 COMPILER V9.54   MATRIXKEY                                                             01/29/2023 16:39:54 PAGE 2   



MODULE INFORMATION:   STATIC OVERLAYABLE
   CODE SIZE        =    445    ----
   CONSTANT SIZE    =   ----    ----
   XDATA SIZE       =   ----    ----
   PDATA SIZE       =   ----    ----
   DATA SIZE        =   ----       2
   IDATA SIZE       =   ----    ----
   BIT SIZE         =   ----    ----
END OF MODULE INFORMATION.


C51 COMPILATION COMPLETE.  0 WARNING(S),  0 ERROR(S)
