C51 COMPILER V9.54   MAIN                                                                  01/29/2023 15:33:05 PAGE 1   


C51 COMPILER V9.54, COMPILATION OF MODULE MAIN
OBJECT MODULE PLACED IN .\Objects\main.obj
COMPILER INVOKED BY: D:\1\C51\BIN\C51.EXE main.c OPTIMIZE(8,SPEED) BROWSE DEBUG OBJECTEXTEND PRINT(.\Listings\main.lst) 
                    -OBJECT(.\Objects\main.obj)

line level    source

   1          #include "LCD1602.h"
   2          #include "Delay.h"      
   3          
   4          #define INITI 1
   5          
   6          void main()
   7          {
   8   1              int seconds=30;
   9   1              int minunte=48;
  10   1              int hour=19;
  11   1              int day=28;
  12   1              int month=1;
  13   1              int year=2023;
  14   1              LCD_Init();
  15   1      //      LCD_ShowChar(1,1,'A');
  16   1      //      LCD_ShowString(1,4,"TXL 520 ZYJ");
  17   1      //      LCD_ShowString(2,8,"LOVE");
  18   1      //      LCD_ShowString(2,5,"520 1314");
  19   1      //      LCD_ShowString(1,1,"You are");
  20   1      //      LCD_ShowNum(1,9,250,3);
  21   1      //      LCD_ShowSignedNum(2,1,-250,5);
  22   1      //      LCD_ShowChar(1,12,'!');
  23   1      //      LCD_ShowHexNum(1,1,0x2,2);
  24   1      //      LCD_ShowBinNum(2,1,0x3,3);
  25   1              
  26   1              
  27   1              
  28   1              
  29   1              
  30   1              while(1)
  31   1              {
  32   2                      LCD_ShowNum(1,INITI,year,4);
  33   2                      LCD_ShowChar(1,INITI+4,'-');
  34   2                      LCD_ShowNum(1,INITI+5,month,2);
  35   2                      LCD_ShowChar(1,INITI+7,'-');
  36   2                      LCD_ShowNum(1,INITI+8,day,2);
  37   2                      LCD_ShowNum(1,INITI+11,hour,2);
  38   2                      LCD_ShowChar(1,INITI+13,':');
  39   2                      LCD_ShowNum(1,INITI+14,minunte,2);
  40   2                      LCD_ShowNum(2,9,seconds,2);
  41   2                      
  42   2                      Delay(1000);
  43   2                      seconds++;
  44   2                      
  45   2                      if(seconds>=60)
  46   2                      {       
  47   3                              seconds=0;
  48   3                              minunte+=1;
  49   3                      }
  50   2                      if(minunte>=60)
  51   2                      {       
  52   3                              minunte=0;
  53   3                              hour+=1;
  54   3                      }
C51 COMPILER V9.54   MAIN                                                                  01/29/2023 15:33:05 PAGE 2   

  55   2                      if(hour>=24)
  56   2                      {       
  57   3                              hour=0;
  58   3                              day+=1;
  59   3                      }
  60   2                      switch(month)
  61   2                      {
  62   3                              case 1:
  63   3                              case 3:
  64   3                              case 5:
  65   3                              case 7:
  66   3                              case 8:
  67   3                              case 10:
  68   3                              case 12: 
  69   3                                      if(day>31)
  70   3                                      {       
  71   4                                              day=1;
  72   4                                              month+=1;
  73   4                                      }
  74   3                              case 2:
  75   3                                      if(year%4==0&&year%4!=0||year%400==0)
  76   3                                              {
  77   4                                                      if(day>28)
  78   4                                                      {       
  79   5                                                      day=1;
  80   5                                                      month+=1;
  81   5                                                      }
  82   4                                              }
  83   3                                      else
  84   3                                      {
  85   4                                              if(day>29)
  86   4                                                      {       
  87   5                                                      day=1;
  88   5                                                      month+=1;
  89   5                                                      }
  90   4                                      }       
  91   3                              case 4:
  92   3                              case 6:
  93   3                              case 9:
  94   3                              case 11:
  95   3                                      if(day>30)
  96   3                                      {       
  97   4                                              day=1;
  98   4                                              month+=1;
  99   4                                      }
 100   3                      if(month>12)
 101   3                      {       
 102   4                              month=1;
 103   4                              year+=1;
 104   4                      }       
 105   3                      }
 106   2              }
 107   1      }
 108                  


MODULE INFORMATION:   STATIC OVERLAYABLE
   CODE SIZE        =    486    ----
   CONSTANT SIZE    =   ----    ----
   XDATA SIZE       =   ----    ----
   PDATA SIZE       =   ----    ----
   DATA SIZE        =   ----      12
C51 COMPILER V9.54   MAIN                                                                  01/29/2023 15:33:05 PAGE 3   

   IDATA SIZE       =   ----    ----
   BIT SIZE         =   ----    ----
END OF MODULE INFORMATION.


C51 COMPILATION COMPLETE.  0 WARNING(S),  0 ERROR(S)
