
*** Running vivado
    with args -log UART_Sendonebyte.vds -m64 -product Vivado -mode batch -messageDb vivado.pb -notrace -source UART_Sendonebyte.tcl



****** Vivado v2022.2 (64-bit)
  **** SW Build 3671981 on Fri Oct 14 05:00:03 MDT 2022
  **** IP Build 3669848 on Fri Oct 14 08:30:02 MDT 2022
    ** Copyright 1986-2022 Xilinx, Inc. All Rights Reserved.

source UART_Sendonebyte.tcl -notrace
Command: read_checkpoint -auto_incremental -incremental D:/Project/FPGA/024_UART_RS232_Sendonebyte/UART_RS232_Sendonebyte/UART_RS232_Sendonebyte.srcs/utils_1/imports/synth_1/UART_Sendonebyte.dcp
INFO: [Vivado 12-5825] Read reference checkpoint from D:/Project/FPGA/024_UART_RS232_Sendonebyte/UART_RS232_Sendonebyte/UART_RS232_Sendonebyte.srcs/utils_1/imports/synth_1/UART_Sendonebyte.dcp for incremental synthesis
INFO: [Vivado 12-7989] Please ensure there are no constraint changes
Command: synth_design -top UART_Sendonebyte -part xc7a35tfgg484-2
Starting synth_design
Attempting to get a license for feature 'Synthesis' and/or device 'xc7a35t'
INFO: [Common 17-349] Got license for feature 'Synthesis' and/or device 'xc7a35t'
INFO: [Device 21-403] Loading part xc7a35tfgg484-2
INFO: [Designutils 20-5440] No compile time benefit to using incremental synthesis; A full resynthesis will be run
INFO: [Designutils 20-4379] Flow is switching to default flow due to incremental criteria not met. If you would like to alter this behaviour and have the flow terminate instead, please set the following parameter config_implementation {autoIncr.Synth.RejectBehavior Terminate}
INFO: [Synth 8-7079] Multithreading enabled for synth_design using a maximum of 2 processes.
INFO: [Synth 8-7078] Launching helper process for spawning children vivado processes
INFO: [Synth 8-7075] Helper process launched with PID 30676
INFO: [Synth 8-11241] undeclared symbol 'REGCCE', assumed default net type 'wire' [D:/App/Xilinx_Unified_2022.2_1014_8888_Win64.exe/Vivado/2022.2/data/verilog/src/unimacro/BRAM_SINGLE_MACRO.v:2170]
---------------------------------------------------------------------------------
Starting RTL Elaboration : Time (s): cpu = 00:00:02 ; elapsed = 00:00:06 . Memory (MB): peak = 1206.957 ; gain = 409.203
---------------------------------------------------------------------------------
INFO: [Synth 8-6157] synthesizing module 'UART_Sendonebyte' [D:/Project/FPGA/024_UART_RS232_Sendonebyte/UART_RS232_Sendonebyte/UART_RS232_Sendonebyte.srcs/sources_1/new/UART_Sendonebyte.v:23]
INFO: [Synth 8-6157] synthesizing module 'Top_UART_RS232' [D:/Project/FPGA/023_UART_RS232/023_UART_RS232.srcs/sources_1/new/Top_UART_RS232.v:23]
INFO: [Synth 8-6157] synthesizing module 'DR_LUT' [D:/Project/FPGA/023_UART_RS232/023_UART_RS232.srcs/sources_1/new/DR_LUT.v:23]
INFO: [Synth 8-226] default block is never used [D:/Project/FPGA/023_UART_RS232/023_UART_RS232.srcs/sources_1/new/DR_LUT.v:30]
INFO: [Synth 8-6155] done synthesizing module 'DR_LUT' (0#1) [D:/Project/FPGA/023_UART_RS232/023_UART_RS232.srcs/sources_1/new/DR_LUT.v:23]
INFO: [Synth 8-6157] synthesizing module 'div_cnt' [D:/Project/FPGA/023_UART_RS232/023_UART_RS232.srcs/sources_1/new/div_cnt.v:23]
INFO: [Synth 8-6155] done synthesizing module 'div_cnt' (0#1) [D:/Project/FPGA/023_UART_RS232/023_UART_RS232.srcs/sources_1/new/div_cnt.v:23]
INFO: [Synth 8-6157] synthesizing module 'bps_cnt' [D:/Project/FPGA/023_UART_RS232/023_UART_RS232.srcs/sources_1/new/bps_cnt.v:23]
INFO: [Synth 8-6155] done synthesizing module 'bps_cnt' (0#1) [D:/Project/FPGA/023_UART_RS232/023_UART_RS232.srcs/sources_1/new/bps_cnt.v:23]
INFO: [Synth 8-6157] synthesizing module 'data_reg' [D:/Project/FPGA/023_UART_RS232/023_UART_RS232.srcs/sources_1/new/data_reg.v:23]
INFO: [Synth 8-6155] done synthesizing module 'data_reg' (0#1) [D:/Project/FPGA/023_UART_RS232/023_UART_RS232.srcs/sources_1/new/data_reg.v:23]
INFO: [Synth 8-6157] synthesizing module 'MUX' [D:/Project/FPGA/023_UART_RS232/023_UART_RS232.srcs/sources_1/new/MUX.v:23]
INFO: [Synth 8-6155] done synthesizing module 'MUX' (0#1) [D:/Project/FPGA/023_UART_RS232/023_UART_RS232.srcs/sources_1/new/MUX.v:23]
INFO: [Synth 8-6157] synthesizing module 'REG' [D:/Project/FPGA/023_UART_RS232/023_UART_RS232.srcs/sources_1/new/REG.v:23]
INFO: [Synth 8-6155] done synthesizing module 'REG' (0#1) [D:/Project/FPGA/023_UART_RS232/023_UART_RS232.srcs/sources_1/new/REG.v:23]
INFO: [Synth 8-6155] done synthesizing module 'Top_UART_RS232' (0#1) [D:/Project/FPGA/023_UART_RS232/023_UART_RS232.srcs/sources_1/new/Top_UART_RS232.v:23]
INFO: [Synth 8-6155] done synthesizing module 'UART_Sendonebyte' (0#1) [D:/Project/FPGA/024_UART_RS232_Sendonebyte/UART_RS232_Sendonebyte/UART_RS232_Sendonebyte.srcs/sources_1/new/UART_Sendonebyte.v:23]
WARNING: [Synth 8-7137] Register uart_tx_reg in module REG has both Set and reset with same priority. This may cause simulation mismatches. Consider rewriting code  [D:/Project/FPGA/023_UART_RS232/023_UART_RS232.srcs/sources_1/new/REG.v:33]
WARNING: [Synth 8-7129] Port send_en in module data_reg is either unconnected or has no load
WARNING: [Synth 8-7129] Port clk in module DR_LUT is either unconnected or has no load
WARNING: [Synth 8-7129] Port rst in module DR_LUT is either unconnected or has no load
---------------------------------------------------------------------------------
Finished RTL Elaboration : Time (s): cpu = 00:00:03 ; elapsed = 00:00:08 . Memory (MB): peak = 1296.191 ; gain = 498.438
---------------------------------------------------------------------------------
---------------------------------------------------------------------------------
Start Handling Custom Attributes
---------------------------------------------------------------------------------
---------------------------------------------------------------------------------
Finished Handling Custom Attributes : Time (s): cpu = 00:00:03 ; elapsed = 00:00:08 . Memory (MB): peak = 1296.191 ; gain = 498.438
---------------------------------------------------------------------------------
---------------------------------------------------------------------------------
Finished RTL Optimization Phase 1 : Time (s): cpu = 00:00:03 ; elapsed = 00:00:08 . Memory (MB): peak = 1296.191 ; gain = 498.438
---------------------------------------------------------------------------------
Netlist sorting complete. Time (s): cpu = 00:00:00 ; elapsed = 00:00:00.002 . Memory (MB): peak = 1296.191 ; gain = 0.000
INFO: [Project 1-570] Preparing netlist for logic optimization

Processing XDC Constraints
Initializing timing engine
Parsing XDC File [D:/Project/FPGA/024_UART_RS232_Sendonebyte/UART_RS232_Sendonebyte/UART_RS232_Sendonebyte.srcs/constrs_1/new/UART_Sendonebyte.xdc]
Finished Parsing XDC File [D:/Project/FPGA/024_UART_RS232_Sendonebyte/UART_RS232_Sendonebyte/UART_RS232_Sendonebyte.srcs/constrs_1/new/UART_Sendonebyte.xdc]
INFO: [Project 1-236] Implementation specific constraints were found while reading constraint file [D:/Project/FPGA/024_UART_RS232_Sendonebyte/UART_RS232_Sendonebyte/UART_RS232_Sendonebyte.srcs/constrs_1/new/UART_Sendonebyte.xdc]. These constraints will be ignored for synthesis but will be used in implementation. Impacted constraints are listed in the file [.Xil/UART_Sendonebyte_propImpl.xdc].
Resolution: To avoid this warning, move constraints listed in [.Xil/UART_Sendonebyte_propImpl.xdc] to another XDC file and exclude this new file from synthesis with the used_in_synthesis property (File Properties dialog in GUI) and re-run elaboration/synthesis.
Completed Processing XDC Constraints

Netlist sorting complete. Time (s): cpu = 00:00:00 ; elapsed = 00:00:00 . Memory (MB): peak = 1392.094 ; gain = 0.000
INFO: [Project 1-111] Unisim Transformation Summary:
No Unisim elements were transformed.

Constraint Validation Runtime : Time (s): cpu = 00:00:00 ; elapsed = 00:00:00.006 . Memory (MB): peak = 1392.094 ; gain = 0.000
INFO: [Designutils 20-5440] No compile time benefit to using incremental synthesis; A full resynthesis will be run
INFO: [Designutils 20-4379] Flow is switching to default flow due to incremental criteria not met. If you would like to alter this behaviour and have the flow terminate instead, please set the following parameter config_implementation {autoIncr.Synth.RejectBehavior Terminate}
INFO: [Synth 8-11241] undeclared symbol 'REGCCE', assumed default net type 'wire' [D:/App/Xilinx_Unified_2022.2_1014_8888_Win64.exe/Vivado/2022.2/data/verilog/src/unimacro/BRAM_SINGLE_MACRO.v:2170]
---------------------------------------------------------------------------------
Finished Constraint Validation : Time (s): cpu = 00:00:11 ; elapsed = 00:00:22 . Memory (MB): peak = 1392.094 ; gain = 594.340
---------------------------------------------------------------------------------
---------------------------------------------------------------------------------
Start Loading Part and Timing Information
---------------------------------------------------------------------------------
Loading part: xc7a35tfgg484-2
---------------------------------------------------------------------------------
Finished Loading Part and Timing Information : Time (s): cpu = 00:00:11 ; elapsed = 00:00:22 . Memory (MB): peak = 1392.094 ; gain = 594.340
---------------------------------------------------------------------------------
---------------------------------------------------------------------------------
Start Applying 'set_property' XDC Constraints
---------------------------------------------------------------------------------
---------------------------------------------------------------------------------
Finished applying 'set_property' XDC Constraints : Time (s): cpu = 00:00:11 ; elapsed = 00:00:22 . Memory (MB): peak = 1392.094 ; gain = 594.340
---------------------------------------------------------------------------------
WARNING: [Synth 8-327] inferring latch for variable 'data_tx_reg' [D:/Project/FPGA/023_UART_RS232/023_UART_RS232.srcs/sources_1/new/MUX.v:34]
---------------------------------------------------------------------------------
Finished RTL Optimization Phase 2 : Time (s): cpu = 00:00:11 ; elapsed = 00:00:22 . Memory (MB): peak = 1392.094 ; gain = 594.340
---------------------------------------------------------------------------------
---------------------------------------------------------------------------------
Start RTL Component Statistics 
---------------------------------------------------------------------------------
Detailed RTL Component Info : 
+---Adders : 
	   2 Input   32 Bit       Adders := 1     
	   2 Input   16 Bit       Adders := 1     
	   2 Input    8 Bit       Adders := 1     
	   2 Input    4 Bit       Adders := 1     
+---Registers : 
	               32 Bit    Registers := 1     
	               16 Bit    Registers := 1     
	                8 Bit    Registers := 2     
	                4 Bit    Registers := 1     
	                1 Bit    Registers := 7     
+---Muxes : 
	   2 Input   32 Bit        Muxes := 1     
	   8 Input   16 Bit        Muxes := 1     
	   2 Input   16 Bit        Muxes := 2     
	   2 Input    4 Bit        Muxes := 1     
	   2 Input    1 Bit        Muxes := 5     
	   3 Input    1 Bit        Muxes := 1     
---------------------------------------------------------------------------------
Finished RTL Component Statistics 
---------------------------------------------------------------------------------
---------------------------------------------------------------------------------
Start Part Resource Summary
---------------------------------------------------------------------------------
Part Resources:
DSPs: 90 (col length:60)
BRAMs: 100 (col length: RAMB18 60 RAMB36 30)
---------------------------------------------------------------------------------
Finished Part Resource Summary
---------------------------------------------------------------------------------
---------------------------------------------------------------------------------
Start Cross Boundary and Area Optimization
---------------------------------------------------------------------------------
WARNING: [Synth 8-7080] Parallel synthesis criteria is not met
WARNING: [Synth 8-3332] Sequential element (t1/m1/data_tx_reg) is unused and will be removed from module UART_Sendonebyte.
---------------------------------------------------------------------------------
Finished Cross Boundary and Area Optimization : Time (s): cpu = 00:00:13 ; elapsed = 00:00:25 . Memory (MB): peak = 1392.094 ; gain = 594.340
---------------------------------------------------------------------------------
---------------------------------------------------------------------------------
Start Applying XDC Timing Constraints
---------------------------------------------------------------------------------
---------------------------------------------------------------------------------
Finished Applying XDC Timing Constraints : Time (s): cpu = 00:00:17 ; elapsed = 00:00:32 . Memory (MB): peak = 1392.094 ; gain = 594.340
---------------------------------------------------------------------------------
---------------------------------------------------------------------------------
Start Timing Optimization
---------------------------------------------------------------------------------
---------------------------------------------------------------------------------
Finished Timing Optimization : Time (s): cpu = 00:00:17 ; elapsed = 00:00:32 . Memory (MB): peak = 1392.094 ; gain = 594.340
---------------------------------------------------------------------------------
---------------------------------------------------------------------------------
Start Technology Mapping
---------------------------------------------------------------------------------
---------------------------------------------------------------------------------
Finished Technology Mapping : Time (s): cpu = 00:00:17 ; elapsed = 00:00:32 . Memory (MB): peak = 1392.094 ; gain = 594.340
---------------------------------------------------------------------------------
---------------------------------------------------------------------------------
Start IO Insertion
---------------------------------------------------------------------------------
---------------------------------------------------------------------------------
Start Flattening Before IO Insertion
---------------------------------------------------------------------------------
---------------------------------------------------------------------------------
Finished Flattening Before IO Insertion
---------------------------------------------------------------------------------
---------------------------------------------------------------------------------
Start Final Netlist Cleanup
---------------------------------------------------------------------------------
---------------------------------------------------------------------------------
Finished Final Netlist Cleanup
---------------------------------------------------------------------------------
---------------------------------------------------------------------------------
Finished IO Insertion : Time (s): cpu = 00:00:20 ; elapsed = 00:00:39 . Memory (MB): peak = 1392.094 ; gain = 594.340
---------------------------------------------------------------------------------
---------------------------------------------------------------------------------
Start Renaming Generated Instances
---------------------------------------------------------------------------------
---------------------------------------------------------------------------------
Finished Renaming Generated Instances : Time (s): cpu = 00:00:20 ; elapsed = 00:00:39 . Memory (MB): peak = 1392.094 ; gain = 594.340
---------------------------------------------------------------------------------
---------------------------------------------------------------------------------
Start Rebuilding User Hierarchy
---------------------------------------------------------------------------------
---------------------------------------------------------------------------------
Finished Rebuilding User Hierarchy : Time (s): cpu = 00:00:20 ; elapsed = 00:00:39 . Memory (MB): peak = 1392.094 ; gain = 594.340
---------------------------------------------------------------------------------
---------------------------------------------------------------------------------
Start Renaming Generated Ports
---------------------------------------------------------------------------------
---------------------------------------------------------------------------------
Finished Renaming Generated Ports : Time (s): cpu = 00:00:20 ; elapsed = 00:00:39 . Memory (MB): peak = 1392.094 ; gain = 594.340
---------------------------------------------------------------------------------
---------------------------------------------------------------------------------
Start Handling Custom Attributes
---------------------------------------------------------------------------------
---------------------------------------------------------------------------------
Finished Handling Custom Attributes : Time (s): cpu = 00:00:20 ; elapsed = 00:00:39 . Memory (MB): peak = 1392.094 ; gain = 594.340
---------------------------------------------------------------------------------
---------------------------------------------------------------------------------
Start Renaming Generated Nets
---------------------------------------------------------------------------------
---------------------------------------------------------------------------------
Finished Renaming Generated Nets : Time (s): cpu = 00:00:20 ; elapsed = 00:00:39 . Memory (MB): peak = 1392.094 ; gain = 594.340
---------------------------------------------------------------------------------
---------------------------------------------------------------------------------
Start Writing Synthesis Report
---------------------------------------------------------------------------------

Report BlackBoxes: 
+-+--------------+----------+
| |BlackBox name |Instances |
+-+--------------+----------+
+-+--------------+----------+

Report Cell Usage: 
+------+-------+------+
|      |Cell   |Count |
+------+-------+------+
|1     |BUFG   |     1|
|2     |CARRY4 |    14|
|3     |LUT1   |     4|
|4     |LUT2   |     3|
|5     |LUT3   |    27|
|6     |LUT4   |    42|
|7     |LUT5   |     3|
|8     |LUT6   |    13|
|9     |MUXF7  |     1|
|10    |FDCE   |    75|
|11    |FDPE   |     1|
|12    |LDC    |     1|
|13    |IBUF   |     2|
|14    |OBUF   |     3|
+------+-------+------+
---------------------------------------------------------------------------------
Finished Writing Synthesis Report : Time (s): cpu = 00:00:20 ; elapsed = 00:00:39 . Memory (MB): peak = 1392.094 ; gain = 594.340
---------------------------------------------------------------------------------
Synthesis finished with 0 errors, 0 critical warnings and 3 warnings.
Synthesis Optimization Runtime : Time (s): cpu = 00:00:16 ; elapsed = 00:00:37 . Memory (MB): peak = 1392.094 ; gain = 498.438
Synthesis Optimization Complete : Time (s): cpu = 00:00:20 ; elapsed = 00:00:39 . Memory (MB): peak = 1392.094 ; gain = 594.340
INFO: [Project 1-571] Translating synthesized netlist
Netlist sorting complete. Time (s): cpu = 00:00:00 ; elapsed = 00:00:00.002 . Memory (MB): peak = 1392.094 ; gain = 0.000
INFO: [Netlist 29-17] Analyzing 16 Unisim elements for replacement
INFO: [Netlist 29-28] Unisim Transformation completed in 0 CPU seconds
INFO: [Project 1-570] Preparing netlist for logic optimization
INFO: [Opt 31-138] Pushed 0 inverter(s) to 0 load pin(s).
Netlist sorting complete. Time (s): cpu = 00:00:00 ; elapsed = 00:00:00 . Memory (MB): peak = 1392.094 ; gain = 0.000
INFO: [Project 1-111] Unisim Transformation Summary:
  A total of 1 instances were transformed.
  LDC => LDCE: 1 instance 

Synth Design complete, checksum: 9579b1bf
INFO: [Common 17-83] Releasing license: Synthesis
40 Infos, 7 Warnings, 0 Critical Warnings and 0 Errors encountered.
synth_design completed successfully
synth_design: Time (s): cpu = 00:00:23 ; elapsed = 00:00:43 . Memory (MB): peak = 1392.094 ; gain = 972.480
INFO: [Common 17-1381] The checkpoint 'D:/Project/FPGA/024_UART_RS232_Sendonebyte/UART_RS232_Sendonebyte/UART_RS232_Sendonebyte.runs/synth_1/UART_Sendonebyte.dcp' has been generated.
INFO: [runtcl-4] Executing : report_utilization -file UART_Sendonebyte_utilization_synth.rpt -pb UART_Sendonebyte_utilization_synth.pb
INFO: [Common 17-206] Exiting Vivado at Tue Jan  2 01:32:41 2024...
