Vivado Simulator v2022.2
Copyright 1986-1999, 2001-2022 Xilinx, Inc. All Rights Reserved.
Running: D:/Vivado/2022.2/bin/unwrapped/win64.o/xelab.exe --incr --debug typical --relax --mt 2 --maxdelay -L xil_defaultlib -L simprims_ver -L secureip --snapshot decoder2to4_tb_time_impl -transport_int_delays -pulse_r 0 -pulse_int_r 0 -pulse_e 0 -pulse_int_e 0 xil_defaultlib.decoder2to4_tb xil_defaultlib.glbl -log elaborate.log 
Using 2 slave threads.
Starting static elaboration
Pass Through NonSizing Optimizer
Completed static elaboration
Starting simulation data flow analysis
Completed simulation data flow analysis
INFO: [XSIM 43-3451] SDF backannotation process started with SDF file "decoder2to4_tb_time_impl.sdf", for root module "decoder2to4_tb/decoder2to4_tb".
INFO: [XSIM 43-3452] SDF backannotation was successful for SDF file "decoder2to4_tb_time_impl.sdf", for root module "decoder2to4_tb/decoder2to4_tb".
Time Resolution for simulation is 1ps
Compiling module simprims_ver.IBUF
Compiling module simprims_ver.OBUF
Compiling module simprims_ver.x_lut2_mux4
Compiling module simprims_ver.LUT2
Compiling module xil_defaultlib.decoder2to4
Compiling module xil_defaultlib.decoder2to4_tb
Compiling module xil_defaultlib.glbl
Built simulation snapshot decoder2to4_tb_time_impl
