C51 COMPILER V9.54   DELAY                                                                 01/29/2023 19:05:10 PAGE 1   


C51 COMPILER V9.54, COMPILATION OF MODULE DELAY
OBJECT MODULE PLACED IN .\Objects\Delay.obj
COMPILER INVOKED BY: D:\1\C51\BIN\C51.EXE Delay.c OPTIMIZE(8,SPEED) BROWSE DEBUG OBJECTEXTEND PRINT(.\Listings\Delay.lst
                    -) OBJECT(.\Objects\Delay.obj)

line level    source

   1          #include <INTRINS.H>
   2          void Delay(unsigned int xms)            //@11.0592MHz
   3          {
   4   1              unsigned char i, j;
   5   1              
   6   1              while(xms--)
   7   1              {
   8   2              _nop_();
   9   2              i = 2;
  10   2              j = 199;
  11   2              do
  12   2              {
  13   3                      while (--j);
  14   3              } while (--i);
  15   2              }
  16   1      }


MODULE INFORMATION:   STATIC OVERLAYABLE
   CODE SIZE        =     22    ----
   CONSTANT SIZE    =   ----    ----
   XDATA SIZE       =   ----    ----
   PDATA SIZE       =   ----    ----
   DATA SIZE        =   ----    ----
   IDATA SIZE       =   ----    ----
   BIT SIZE         =   ----    ----
END OF MODULE INFORMATION.


C51 COMPILATION COMPLETE.  0 WARNING(S),  0 ERROR(S)
