C51 COMPILER V9.54   MAIN                                                                  01/29/2023 19:11:41 PAGE 1   


C51 COMPILER V9.54, COMPILATION OF MODULE MAIN
OBJECT MODULE PLACED IN .\Objects\main.obj
COMPILER INVOKED BY: D:\1\C51\BIN\C51.EXE main.c OPTIMIZE(8,SPEED) BROWSE DEBUG OBJECTEXTEND PRINT(.\Listings\main.lst) 
                    -OBJECT(.\Objects\main.obj)

line level    source

   1          #include <REGX52.H>
   2          #include "LCD1602.h"
   3          #include "Delay.h"
   4          #include "MatrixKey.h"
   5          
   6          void main()
   7          {
   8   1              unsigned int number=0;
   9   1              unsigned int password =0;
  10   1              unsigned int count=1;
  11   1              LCD_Init();
  12   1              LCD_ShowString(1,1,"Password:");
  13   1              while(1)
  14   1              {
  15   2      //              number=MatrixKey();
  16   2      //              if(number)
  17   2      //              {
  18   2      //                      if(number<=10)
  19   2      //                      {
  20   2      //                              if(count<4)
  21   2      //                              {
  22   2      //                                      password*=10;              //密码向左移一位
  23   2      //                                      password+=number%10;       //存入密码  
  24   2      //                                      count++;
  25   2      //                              }
  26   2      //                              LCD_ShowNum(2,1,password,4);
  27   2      //                      }
  28   2      //                      
  29   2      //              }
  30   2      //              if(number==11)
  31   2      //              {
  32   2      //                      if(password==1234)
  33   2      //                      {
  34   2      //                              LCD_ShowString(1,14,"OK ");
  35   2      //                              password=0;
  36   2      //                              count=0;
  37   2      //                              LCD_ShowNum(2,1,password,4);
  38   2      //                      }
  39   2      //                      else
  40   2      //                      {
  41   2      //                              LCD_ShowString(1,14,"ERR");
  42   2      //                              password=0;
  43   2      //                              count=0;
  44   2      //                              LCD_ShowNum(2,1,password,4);
  45   2      //                      }
  46   2      //              }
  47   2      //              if(number==12)
  48   2      //              {
  49   2      //                      password=0;
  50   2      //                      count=0;
  51   2      //                      LCD_ShowNum(2,1,password,4);
  52   2      //              }       
  53   2      //      }
  54   2      
C51 COMPILER V9.54   MAIN                                                                  01/29/2023 19:11:41 PAGE 2   

  55   2                      number=MatrixKey();
  56   2                      if(number)
  57   2                      {
  58   3                              if(number<=10)
  59   3                              {
  60   4                                      password=number%10;     
  61   4                                      while(count<=4&&number!=0)
  62   4                                      {
  63   5                                      LCD_ShowNum(2,count,password,1);
  64   5                                      count++;
  65   5                                      number=0;
  66   5                                      }
  67   4                              }
  68   3                      }
  69   2              }       
  70   1      }


MODULE INFORMATION:   STATIC OVERLAYABLE
   CODE SIZE        =    111    ----
   CONSTANT SIZE    =     10    ----
   XDATA SIZE       =   ----    ----
   PDATA SIZE       =   ----    ----
   DATA SIZE        =   ----       6
   IDATA SIZE       =   ----    ----
   BIT SIZE         =   ----    ----
END OF MODULE INFORMATION.


C51 COMPILATION COMPLETE.  0 WARNING(S),  0 ERROR(S)
