C51 COMPILER V9.54   MATRIXKEY                                                             01/29/2023 19:05:11 PAGE 1   


C51 COMPILER V9.54, COMPILATION OF MODULE MATRIXKEY
OBJECT MODULE PLACED IN .\Objects\MatrixKey.obj
COMPILER INVOKED BY: D:\1\C51\BIN\C51.EXE MatrixKey.c OPTIMIZE(8,SPEED) BROWSE DEBUG OBJECTEXTEND PRINT(.\Listings\Matri
                    -xKey.lst) OBJECT(.\Objects\MatrixKey.obj)

line level    source

   1          #include <REGX52.H>
   2          #include "Delay.h"
   3          
   4          /**
   5            * @brief  çŸ©é˜µé”®ç›˜è¯»å–æŒ‰é”®é”®ç 
   6            * @param  æ— 
   7            * @retval KeyNumber æŒ‰ä¸‹æŒ‰é”®çš„é”®ç å€¼
   8                                  å¦‚æœæŒ‰é”®æŒ‰ä¸‹ä¸æ”¾ï¼Œç¨‹åºä¼šåœç•™åœ¨æ­¤å‡½æ•°ï¼Œæ¾æ‰‹çš„ä¸€ç¬é—´ï¼Œè¿”å›æŒ‰é”®é”®ç ï¼Œæ²¡æ
             -œ‰æŒ‰é”®æŒ‰ä¸‹æ—¶ï¼Œè¿”å›0
   9          
  10            */
  11          
  12          unsigned int MatrixKey()
  13          {
  14   1              unsigned int KeyNumber=0;
  15   1              P1=0xFF;
  16   1              P1_3=0;
  17   1              if(P1_7==0)
  18   1              {Delay(20); while(P1_7==0);Delay(20);KeyNumber=1;}
  19   1              if(P1_6==0)
  20   1              {Delay(20); while(P1_6==0);Delay(20);KeyNumber=5;}
  21   1              if(P1_5==0)
  22   1              {Delay(20); while(P1_5==0);Delay(20);KeyNumber=9;}
  23   1              if(P1_4==0)
  24   1              {Delay(20); while(P1_4==0);Delay(20);KeyNumber=13;}
  25   1              
  26   1              P1=0xFF;
  27   1              P1_2=0;
  28   1              if(P1_7==0)
  29   1              {Delay(20); while(P1_7==0);Delay(20);KeyNumber=2;}
  30   1              if(P1_6==0)
  31   1              {Delay(20); while(P1_6==0);Delay(20);KeyNumber=6;}
  32   1              if(P1_5==0)
  33   1              {Delay(20); while(P1_5==0);Delay(20);KeyNumber=10;}
  34   1              if(P1_4==0)
  35   1              {Delay(20); while(P1_4==0);Delay(20);KeyNumber=14;}
  36   1              
  37   1              P1=0xFF;
  38   1              P1_1=0;
  39   1              if(P1_7==0)
  40   1              {Delay(20); while(P1_7==0);Delay(20);KeyNumber=3;}
  41   1              if(P1_6==0)
  42   1              {Delay(20); while(P1_6==0);Delay(20);KeyNumber=7;}
  43   1              if(P1_5==0)
  44   1              {Delay(20); while(P1_5==0);Delay(20);KeyNumber=11;}
  45   1              if(P1_4==0)
  46   1              {Delay(20); while(P1_4==0);Delay(20);KeyNumber=15;}
  47   1              
  48   1              P1=0xFF;
  49   1              P1_0=0;
  50   1              if(P1_7==0)
  51   1              {Delay(20); while(P1_7==0);Delay(20);KeyNumber=4;}
  52   1              if(P1_6==0)
  53   1              {Delay(20); while(P1_6==0);Delay(20);KeyNumber=8;}
C51 COMPILER V9.54   MATRIXKEY                                                             01/29/2023 19:05:11 PAGE 2   

  54   1              if(P1_5==0)
  55   1              {Delay(20); while(P1_5==0);Delay(20);KeyNumber=12;}
  56   1              if(P1_4==0)
  57   1              {Delay(20); while(P1_4==0);Delay(20);KeyNumber=16;}
  58   1              
  59   1              return KeyNumber;
  60   1              
  61   1      }


MODULE INFORMATION:   STATIC OVERLAYABLE
   CODE SIZE        =    445    ----
   CONSTANT SIZE    =   ----    ----
   XDATA SIZE       =   ----    ----
   PDATA SIZE       =   ----    ----
   DATA SIZE        =   ----       2
   IDATA SIZE       =   ----    ----
   BIT SIZE         =   ----    ----
END OF MODULE INFORMATION.


C51 COMPILATION COMPLETE.  0 WARNING(S),  0 ERROR(S)
