C51 COMPILER V9.54   TIMER0                                                                07/17/2023 20:20:33 PAGE 1   


C51 COMPILER V9.54, COMPILATION OF MODULE TIMER0
OBJECT MODULE PLACED IN .\Objects\Timer0.obj
COMPILER INVOKED BY: D:\App\Keil5\C51\BIN\C51.EXE Timer0.c OPTIMIZE(8,SPEED) BROWSE DEBUG OBJECTEXTEND PRINT(.\Listings\
                    -Timer0.lst) TABS(2) OBJECT(.\Objects\Timer0.obj)

line level    source

   1          #include <REGX52.H>
   2          
   3          /**
   4            * @brief  定时器0初始化
   5            * @param  无
   6            * @retval 无
   7            */
   8          void Timer0Init(void)
   9          {
  10   1        TMOD &= 0xF0;   //设置定时器模式
  11   1        TMOD |= 0x01;   //设置定时器模式
  12   1        TL0 = 0;    //设置定时初值
  13   1        TH0 = 0;    //设置定时初值
  14   1        TF0 = 0;    //清除TF0标志
  15   1        TR0 = 0;    //定时器0不计时
  16   1      }
  17          
  18          /**
  19            * @brief  定时器置0，重新计时
  20            * @retval 无
  21            */
  22          void TimeClear(void)
  23          {
  24   1        TH0=0;
  25   1        TL0=0;  
  26   1      }
  27          
  28          /**
  29            * @brief  定时器0获取计数器值
  30            * @param  无
  31            * @retval 计数器值，范围：0~65535
  32            */
  33          unsigned int TimeGet(void)
  34          {
  35   1        return (TH0<<8)|TL0;
  36   1      }
  37          
  38          /**
  39            * @brief  定时器0启动停止控制
  40            * @param  Flag 启动停止标志，1为启动，0为停止
  41            * @retval 无
  42            */
  43          void TimeRun(unsigned char TimeFlag)
  44          {
  45   1        TR0 = TimeFlag;
  46   1      }


MODULE INFORMATION:   STATIC OVERLAYABLE
   CODE SIZE        =     37    ----
   CONSTANT SIZE    =   ----    ----
   XDATA SIZE       =   ----    ----
   PDATA SIZE       =   ----    ----
   DATA SIZE        =   ----    ----
C51 COMPILER V9.54   TIMER0                                                                07/17/2023 20:20:33 PAGE 2   

   IDATA SIZE       =   ----    ----
   BIT SIZE         =   ----    ----
END OF MODULE INFORMATION.


C51 COMPILATION COMPLETE.  0 WARNING(S),  0 ERROR(S)
