#-----------------------------------------------------------
# Vivado v2022.2 (64-bit)
# SW Build 3671981 on Fri Oct 14 05:00:03 MDT 2022
# IP Build 3669848 on Fri Oct 14 08:30:02 MDT 2022
# Start of session at: Fri Dec 15 12:29:36 2023
# Process ID: 37724
# Current directory: D:/Project/FPGA/Whac_A_Mole_Verilog/project
# Command line: vivado.exe -gui_launcher_event rodinguilauncherevent19816 D:\Project\FPGA\Whac_A_Mole_Verilog\project\project.xpr
# Log file: D:/Project/FPGA/Whac_A_Mole_Verilog/project/vivado.log
# Journal file: D:/Project/FPGA/Whac_A_Mole_Verilog/project\vivado.jou
# Running On: Smile, OS: Windows, CPU Frequency: 2803 MHz, CPU Physical cores: 14, Host memory: 16849 MB
#-----------------------------------------------------------
start_gui
open_project D:/Project/FPGA/Whac_A_Mole_Verilog/project/project.xpr
WARNING: [Board 49-26] cannot add Board Part xilinx.com:kc705:part0:1.6 available at D:/App/Xilinx_Unified_2022.2_1014_8888_Win64.exe/Vivado/2022.2/data/xhub/boards/XilinxBoardStore/boards/Xilinx/kc705/1.6/board.xml as part xc7k325tffg900-2 specified in board_part file is either invalid or not available
WARNING: [Board 49-26] cannot add Board Part xilinx.com:kcu105:part0:1.6 available at D:/App/Xilinx_Unified_2022.2_1014_8888_Win64.exe/Vivado/2022.2/data/xhub/boards/XilinxBoardStore/boards/Xilinx/kcu105/1.6/board.xml as part xcku040-ffva1156-2-e specified in board_part file is either invalid or not available
WARNING: [Board 49-26] cannot add Board Part xilinx.com:kcu105:part0:1.7 available at D:/App/Xilinx_Unified_2022.2_1014_8888_Win64.exe/Vivado/2022.2/data/xhub/boards/XilinxBoardStore/boards/Xilinx/kcu105/1.7/board.xml as part xcku040-ffva1156-2-e specified in board_part file is either invalid or not available
WARNING: [Board 49-26] cannot add Board Part xilinx.com:kcu1500:part0:1.2 available at D:/App/Xilinx_Unified_2022.2_1014_8888_Win64.exe/Vivado/2022.2/data/xhub/boards/XilinxBoardStore/boards/Xilinx/kcu1500/1.2/board.xml as part xcku115-flvb2104-2-e specified in board_part file is either invalid or not available
WARNING: [Board 49-26] cannot add Board Part xilinx.com:vc707:part0:1.4 available at D:/App/Xilinx_Unified_2022.2_1014_8888_Win64.exe/Vivado/2022.2/data/xhub/boards/XilinxBoardStore/boards/Xilinx/vc707/1.4/board.xml as part xc7vx485tffg1761-2 specified in board_part file is either invalid or not available
WARNING: [Board 49-26] cannot add Board Part xilinx.com:vc709:part0:1.8 available at D:/App/Xilinx_Unified_2022.2_1014_8888_Win64.exe/Vivado/2022.2/data/xhub/boards/XilinxBoardStore/boards/Xilinx/vc709/1.8/board.xml as part xc7vx690tffg1761-2 specified in board_part file is either invalid or not available
WARNING: [Board 49-26] cannot add Board Part xilinx.com:vck190:part0:2.2 available at D:/App/Xilinx_Unified_2022.2_1014_8888_Win64.exe/Vivado/2022.2/data/xhub/boards/XilinxBoardStore/boards/Xilinx/vck190/production/2.2/board.xml as part xcvc1902-vsva2197-2mp-e-s specified in board_part file is either invalid or not available
WARNING: [Board 49-26] cannot add Board Part xilinx.com:vck190:part0:3.0 available at D:/App/Xilinx_Unified_2022.2_1014_8888_Win64.exe/Vivado/2022.2/data/xhub/boards/XilinxBoardStore/boards/Xilinx/vck190/production/3.0/board.xml as part xcvc1902-vsva2197-2mp-e-s specified in board_part file is either invalid or not available
WARNING: [Board 49-26] cannot add Board Part xilinx.com:vck190:part0:3.1 available at D:/App/Xilinx_Unified_2022.2_1014_8888_Win64.exe/Vivado/2022.2/data/xhub/boards/XilinxBoardStore/boards/Xilinx/vck190/production/3.1/board.xml as part xcvc1902-vsva2197-2mp-e-s specified in board_part file is either invalid or not available
WARNING: [Board 49-26] cannot add Board Part xilinx.com:vck190_newl:part0:1.0 available at D:/App/Xilinx_Unified_2022.2_1014_8888_Win64.exe/Vivado/2022.2/data/xhub/boards/XilinxBoardStore/boards/Xilinx/vck190_newl/production/1.0/board.xml as part xcvc1902-vsva2197-2mp-e-s specified in board_part file is either invalid or not available
WARNING: [Board 49-26] cannot add Board Part xilinx.com:vcu108:part0:1.6 available at D:/App/Xilinx_Unified_2022.2_1014_8888_Win64.exe/Vivado/2022.2/data/xhub/boards/XilinxBoardStore/boards/Xilinx/vcu108/1.6/board.xml as part xcvu095-ffva2104-2-e specified in board_part file is either invalid or not available
WARNING: [Board 49-26] cannot add Board Part xilinx.com:vcu108:part0:1.7 available at D:/App/Xilinx_Unified_2022.2_1014_8888_Win64.exe/Vivado/2022.2/data/xhub/boards/XilinxBoardStore/boards/Xilinx/vcu108/1.7/board.xml as part xcvu095-ffva2104-2-e specified in board_part file is either invalid or not available
WARNING: [Board 49-26] cannot add Board Part xilinx.com:vcu110:part0:1.4 available at D:/App/Xilinx_Unified_2022.2_1014_8888_Win64.exe/Vivado/2022.2/data/xhub/boards/XilinxBoardStore/boards/Xilinx/vcu110/1.4/board.xml as part xcvu190-flgc2104-2-e specified in board_part file is either invalid or not available
WARNING: [Board 49-26] cannot add Board Part xilinx.com:vcu118:part0:2.0 available at D:/App/Xilinx_Unified_2022.2_1014_8888_Win64.exe/Vivado/2022.2/data/xhub/boards/XilinxBoardStore/boards/Xilinx/vcu118/2.0/board.xml as part xcvu9p-flga2104-2l-e specified in board_part file is either invalid or not available
WARNING: [Board 49-26] cannot add Board Part xilinx.com:vcu118:part0:2.3 available at D:/App/Xilinx_Unified_2022.2_1014_8888_Win64.exe/Vivado/2022.2/data/xhub/boards/XilinxBoardStore/boards/Xilinx/vcu118/2.3/board.xml as part xcvu9p-flga2104-2l-e specified in board_part file is either invalid or not available
WARNING: [Board 49-26] cannot add Board Part xilinx.com:vcu118:part0:2.4 available at D:/App/Xilinx_Unified_2022.2_1014_8888_Win64.exe/Vivado/2022.2/data/xhub/boards/XilinxBoardStore/boards/Xilinx/vcu118/2.4/board.xml as part xcvu9p-flga2104-2l-e specified in board_part file is either invalid or not available
WARNING: [Board 49-26] cannot add Board Part xilinx.com:vcu128:part0:1.0 available at D:/App/Xilinx_Unified_2022.2_1014_8888_Win64.exe/Vivado/2022.2/data/xhub/boards/XilinxBoardStore/boards/Xilinx/vcu128/production/1.0/board.xml as part xcvu37p-fsvh2892-2l-e specified in board_part file is either invalid or not available
WARNING: [Board 49-26] cannot add Board Part xilinx.com:vcu129:part0:1.0 available at D:/App/Xilinx_Unified_2022.2_1014_8888_Win64.exe/Vivado/2022.2/data/xhub/boards/XilinxBoardStore/boards/Xilinx/vcu129/production/1.0/board.xml as part xcvu29p-fsga2577-2l-e specified in board_part file is either invalid or not available
WARNING: [Board 49-26] cannot add Board Part xilinx.com:vcu1525:part0:1.3 available at D:/App/Xilinx_Unified_2022.2_1014_8888_Win64.exe/Vivado/2022.2/data/xhub/boards/XilinxBoardStore/boards/Xilinx/vcu1525/1.3/board.xml as part xcvu9p-fsgd2104-2l-e specified in board_part file is either invalid or not available
WARNING: [Board 49-26] cannot add Board Part xilinx.com:vek280_es:part0:1.0 available at D:/App/Xilinx_Unified_2022.2_1014_8888_Win64.exe/Vivado/2022.2/data/xhub/boards/XilinxBoardStore/boards/Xilinx/vek280/es/1.0/board.xml as part xcve2802-vsvh1760-2lp-e-s-es1 specified in board_part file is either invalid or not available
WARNING: [Board 49-26] cannot add Board Part xilinx.com:vermeo_t1_mpsoc:part0:1.0 available at D:/App/Xilinx_Unified_2022.2_1014_8888_Win64.exe/Vivado/2022.2/data/xhub/boards/XilinxBoardStore/boards/Xilinx/vermeo_t1_mpsoc/1.0/board.xml as part xczu19eg-ffvd1760-2l-e specified in board_part file is either invalid or not available
WARNING: [Board 49-26] cannot add Board Part xilinx.com:vermeo_t1_rfsoc:part0:1.0 available at D:/App/Xilinx_Unified_2022.2_1014_8888_Win64.exe/Vivado/2022.2/data/xhub/boards/XilinxBoardStore/boards/Xilinx/vermeo_t1_rfsoc/1.0/board.xml as part xczu21dr-ffvd1156-2l-e specified in board_part file is either invalid or not available
WARNING: [Board 49-26] cannot add Board Part xilinx.com:vhk158_es:part0:1.0 available at D:/App/Xilinx_Unified_2022.2_1014_8888_Win64.exe/Vivado/2022.2/data/xhub/boards/XilinxBoardStore/boards/Xilinx/vhk158/es/1.0/board.xml as part xcvh1582-vsva3697-2mp-e-s-es1 specified in board_part file is either invalid or not available
WARNING: [Board 49-26] cannot add Board Part xilinx.com:vmk180:part0:2.2 available at D:/App/Xilinx_Unified_2022.2_1014_8888_Win64.exe/Vivado/2022.2/data/xhub/boards/XilinxBoardStore/boards/Xilinx/vmk180/production/2.2/board.xml as part xcvm1802-vsva2197-2mp-e-s specified in board_part file is either invalid or not available
WARNING: [Board 49-26] cannot add Board Part xilinx.com:vmk180:part0:3.0 available at D:/App/Xilinx_Unified_2022.2_1014_8888_Win64.exe/Vivado/2022.2/data/xhub/boards/XilinxBoardStore/boards/Xilinx/vmk180/production/3.0/board.xml as part xcvm1802-vsva2197-2mp-e-s specified in board_part file is either invalid or not available
WARNING: [Board 49-26] cannot add Board Part xilinx.com:vmk180:part0:3.1 available at D:/App/Xilinx_Unified_2022.2_1014_8888_Win64.exe/Vivado/2022.2/data/xhub/boards/XilinxBoardStore/boards/Xilinx/vmk180/production/3.1/board.xml as part xcvm1802-vsva2197-2mp-e-s specified in board_part file is either invalid or not available
WARNING: [Board 49-26] cannot add Board Part xilinx.com:vmk180_newl:part0:1.0 available at D:/App/Xilinx_Unified_2022.2_1014_8888_Win64.exe/Vivado/2022.2/data/xhub/boards/XilinxBoardStore/boards/Xilinx/vmk180_newl/production/1.0/board.xml as part xcvm1802-vsva2197-2mp-e-s specified in board_part file is either invalid or not available
WARNING: [Board 49-26] cannot add Board Part xilinx.com:vpk120:part0:1.0 available at D:/App/Xilinx_Unified_2022.2_1014_8888_Win64.exe/Vivado/2022.2/data/xhub/boards/XilinxBoardStore/boards/Xilinx/vpk120/production/1.0/board.xml as part xcvp1202-vsva2785-2mp-e-s specified in board_part file is either invalid or not available
WARNING: [Board 49-26] cannot add Board Part xilinx.com:vpk120_es:part0:1.2 available at D:/App/Xilinx_Unified_2022.2_1014_8888_Win64.exe/Vivado/2022.2/data/xhub/boards/XilinxBoardStore/boards/Xilinx/vpk120/es/1.2/board.xml as part xcvp1202-vsva2785-2mp-e-s-es1 specified in board_part file is either invalid or not available
WARNING: [Board 49-26] cannot add Board Part xilinx.com:vpk120_es_revb:part0:1.0 available at D:/App/Xilinx_Unified_2022.2_1014_8888_Win64.exe/Vivado/2022.2/data/xhub/boards/XilinxBoardStore/boards/Xilinx/vpk120_revb/es/1.0/board.xml as part xcvp1202-vsva2785-2mp-e-s-es1 specified in board_part file is either invalid or not available
WARNING: [Board 49-26] cannot add Board Part xilinx.com:vpk180_es:part0:1.0 available at D:/App/Xilinx_Unified_2022.2_1014_8888_Win64.exe/Vivado/2022.2/data/xhub/boards/XilinxBoardStore/boards/Xilinx/vpk180/es/1.0/board.xml as part xcvp1802-lsvc4072-2mp-e-s-es1 specified in board_part file is either invalid or not available
WARNING: [Board 49-26] cannot add Board Part xilinx.com:zc706:part0:1.4 available at D:/App/Xilinx_Unified_2022.2_1014_8888_Win64.exe/Vivado/2022.2/data/xhub/boards/XilinxBoardStore/boards/Xilinx/zc706/1.4/board.xml as part xc7z045ffg900-2 specified in board_part file is either invalid or not available
WARNING: [Board 49-26] cannot add Board Part xilinx.com:zcu102:part0:3.3 available at D:/App/Xilinx_Unified_2022.2_1014_8888_Win64.exe/Vivado/2022.2/data/xhub/boards/XilinxBoardStore/boards/Xilinx/zcu102/3.3/board.xml as part xczu9eg-ffvb1156-2-e specified in board_part file is either invalid or not available
WARNING: [Board 49-26] cannot add Board Part xilinx.com:zcu102:part0:3.4 available at D:/App/Xilinx_Unified_2022.2_1014_8888_Win64.exe/Vivado/2022.2/data/xhub/boards/XilinxBoardStore/boards/Xilinx/zcu102/3.4/board.xml as part xczu9eg-ffvb1156-2-e specified in board_part file is either invalid or not available
WARNING: [Board 49-26] cannot add Board Part xilinx.com:zcu111:part0:1.2 available at D:/App/Xilinx_Unified_2022.2_1014_8888_Win64.exe/Vivado/2022.2/data/xhub/boards/XilinxBoardStore/boards/Xilinx/zcu111/1.2/board.xml as part xczu28dr-ffvg1517-2-e specified in board_part file is either invalid or not available
WARNING: [Board 49-26] cannot add Board Part xilinx.com:zcu111:part0:1.3 available at D:/App/Xilinx_Unified_2022.2_1014_8888_Win64.exe/Vivado/2022.2/data/xhub/boards/XilinxBoardStore/boards/Xilinx/zcu111/1.3/board.xml as part xczu28dr-ffvg1517-2-e specified in board_part file is either invalid or not available
WARNING: [Board 49-26] cannot add Board Part xilinx.com:zcu111:part0:1.4 available at D:/App/Xilinx_Unified_2022.2_1014_8888_Win64.exe/Vivado/2022.2/data/xhub/boards/XilinxBoardStore/boards/Xilinx/zcu111/1.4/board.xml as part xczu28dr-ffvg1517-2-e specified in board_part file is either invalid or not available
WARNING: [Board 49-26] cannot add Board Part xilinx.com:zcu1275:part0:1.0 available at D:/App/Xilinx_Unified_2022.2_1014_8888_Win64.exe/Vivado/2022.2/data/xhub/boards/XilinxBoardStore/boards/Xilinx/zcu1275/1.0/board.xml as part xczu29dr-ffvf1760-2-e specified in board_part file is either invalid or not available
WARNING: [Board 49-26] cannot add Board Part xilinx.com:zcu1285:part0:1.0 available at D:/App/Xilinx_Unified_2022.2_1014_8888_Win64.exe/Vivado/2022.2/data/xhub/boards/XilinxBoardStore/boards/Xilinx/zcu1285/1.0/board.xml as part xczu39dr-ffvf1760-2-i specified in board_part file is either invalid or not available
WARNING: [Board 49-26] cannot add Board Part xilinx.com:zcu208:part0:2.0 available at D:/App/Xilinx_Unified_2022.2_1014_8888_Win64.exe/Vivado/2022.2/data/xhub/boards/XilinxBoardStore/boards/Xilinx/zcu208/production/2.0/board.xml as part xczu48dr-fsvg1517-2-e specified in board_part file is either invalid or not available
WARNING: [Board 49-26] cannot add Board Part xilinx.com:zcu208ld:part0:2.0 available at D:/App/Xilinx_Unified_2022.2_1014_8888_Win64.exe/Vivado/2022.2/data/xhub/boards/XilinxBoardStore/boards/Xilinx/zcu208ld/production/2.0/board.xml as part xczu58dr-fsvg1517-2-i specified in board_part file is either invalid or not available
WARNING: [Board 49-26] cannot add Board Part xilinx.com:zcu216:part0:2.0 available at D:/App/Xilinx_Unified_2022.2_1014_8888_Win64.exe/Vivado/2022.2/data/xhub/boards/XilinxBoardStore/boards/Xilinx/zcu216/production/2.0/board.xml as part xczu49dr-ffvf1760-2-e specified in board_part file is either invalid or not available
WARNING: [Board 49-26] cannot add Board Part xilinx.com:zcu216ld:part0:2.0 available at D:/App/Xilinx_Unified_2022.2_1014_8888_Win64.exe/Vivado/2022.2/data/xhub/boards/XilinxBoardStore/boards/Xilinx/zcu216ld/production/2.0/board.xml as part xczu59dr-ffvf1760-2-i specified in board_part file is either invalid or not available
WARNING: [Board 49-26] cannot add Board Part xilinx.com:zcu670:part0:2.0 available at D:/App/Xilinx_Unified_2022.2_1014_8888_Win64.exe/Vivado/2022.2/data/xhub/boards/XilinxBoardStore/boards/Xilinx/zcu670/2.0/board.xml as part xczu67dr-fsve1156-2-i specified in board_part file is either invalid or not available
WARNING: [Board 49-26] cannot add Board Part xilinx.com:zcu670ld:part0:1.0 available at D:/App/Xilinx_Unified_2022.2_1014_8888_Win64.exe/Vivado/2022.2/data/xhub/boards/XilinxBoardStore/boards/Xilinx/zcu670ld/1.0/board.xml as part xczu57dr-fsve1156-2-i specified in board_part file is either invalid or not available
INFO: [filemgmt 56-3] Default IP Output Path : Could not find the directory 'D:/Project/FPGA/Whac_A_Mole_Verilog/project/project.gen/sources_1'.
Scanning sources...
Finished scanning sources
INFO: [IP_Flow 19-234] Refreshing IP repositories
INFO: [IP_Flow 19-1704] No user IP repositories specified
INFO: [IP_Flow 19-2313] Loaded Vivado IP repository 'D:/App/Xilinx_Unified_2022.2_1014_8888_Win64.exe/Vivado/2022.2/data/ip'.
open_project: Time (s): cpu = 00:00:05 ; elapsed = 00:00:08 . Memory (MB): peak = 1172.137 ; gain = 337.645
update_compile_order -fileset sources_1
reset_run synth_1
INFO: [Project 1-1161] Replacing file D:/Project/FPGA/Whac_A_Mole_Verilog/project/project.srcs/utils_1/imports/synth_1/sevensegment.dcp with file D:/Project/FPGA/Whac_A_Mole_Verilog/project/project.runs/synth_1/game_of_whack_a_mole.dcp
launch_runs impl_1 -to_step write_bitstream -jobs 10
[Fri Dec 15 13:58:28 2023] Launched synth_1...
Run output will be captured here: D:/Project/FPGA/Whac_A_Mole_Verilog/project/project.runs/synth_1/runme.log
[Fri Dec 15 13:58:28 2023] Launched impl_1...
Run output will be captured here: D:/Project/FPGA/Whac_A_Mole_Verilog/project/project.runs/impl_1/runme.log
reset_run synth_1
INFO: [Project 1-1161] Replacing file D:/Project/FPGA/Whac_A_Mole_Verilog/project/project.srcs/utils_1/imports/synth_1/sevensegment.dcp with file D:/Project/FPGA/Whac_A_Mole_Verilog/project/project.runs/synth_1/game_of_whack_a_mole.dcp
launch_runs impl_1 -to_step write_bitstream -jobs 10
[Fri Dec 15 14:00:50 2023] Launched synth_1...
Run output will be captured here: D:/Project/FPGA/Whac_A_Mole_Verilog/project/project.runs/synth_1/runme.log
[Fri Dec 15 14:00:50 2023] Launched impl_1...
Run output will be captured here: D:/Project/FPGA/Whac_A_Mole_Verilog/project/project.runs/impl_1/runme.log
open_hw_manager
connect_hw_server -allow_non_jtag
INFO: [Labtools 27-2285] Connecting to hw_server url TCP:localhost:3121
INFO: [Labtools 27-2222] Launching hw_server...
INFO: [Labtools 27-2221] Launch Output:

****** Xilinx hw_server v2022.2
  **** Build date : Oct 14 2022 at 05:18:10
    ** Copyright 1986-2022 Xilinx, Inc. All Rights Reserved.


INFO: [Common 17-41] Interrupt caught. Command should exit soon.
INFO: [Labtools 27-2058] connect_hw_server command cancelled.
connect_hw_server: Time (s): cpu = 00:00:01 ; elapsed = 00:00:11 . Memory (MB): peak = 1206.820 ; gain = 0.000
INFO: [Common 17-344] 'connect_hw_server' was cancelled
connect_hw_server -allow_non_jtag
INFO: [Labtools 27-2285] Connecting to hw_server url TCP:localhost:3121
ERROR: [Labtools 27-3461] Cannot support an older version of hw_server.
ERROR: [Common 17-39] 'connect_hw_server' failed due to earlier errors.
connect_hw_server -allow_non_jtag
INFO: [Labtools 27-2285] Connecting to hw_server url TCP:localhost:3121
INFO: [Labtools 27-2222] Launching hw_server...
INFO: [Labtools 27-2221] Launch Output:

****** Xilinx hw_server v2022.2
  **** Build date : Oct 14 2022 at 05:18:10
    ** Copyright 1986-2022 Xilinx, Inc. All Rights Reserved.


INFO: [Labtools 27-3415] Connecting to cs_server url TCP:localhost:0
INFO: [Labtools 27-3417] Launching cs_server...
INFO: [Labtools 27-2221] Launch Output:


******** Xilinx cs_server v2022.2.0
  ****** Build date   : Oct 05 2022-08:25:37
    **** Build number : 2022.2.1664925937
      ** Copyright 2017-2023 Xilinx, Inc. All Rights Reserved.



connect_hw_server: Time (s): cpu = 00:00:00 ; elapsed = 00:00:06 . Memory (MB): peak = 1206.820 ; gain = 0.000
open_hw_target
INFO: [Labtoolstcl 44-466] Opening hw_target localhost:3121/xilinx_tcf/Xilinx/13724327082d01
set_property PROGRAM.FILE {D:/Project/FPGA/Whac_A_Mole_Verilog/project/project.runs/impl_1/game_of_whack_a_mole.bit} [get_hw_devices xc7s75_0]
current_hw_device [get_hw_devices xc7s75_0]
refresh_hw_device -update_hw_probes false [lindex [get_hw_devices xc7s75_0] 0]
INFO: [Labtools 27-1434] Device xc7s75 (JTAG device index = 0) is programmed with a design that has no supported debug core(s) in it.
set_property PROBES.FILE {} [get_hw_devices xc7s75_0]
set_property FULL_PROBES.FILE {} [get_hw_devices xc7s75_0]
set_property PROGRAM.FILE {D:/Project/FPGA/Whac_A_Mole_Verilog/project/project.runs/impl_1/game_of_whack_a_mole.bit} [get_hw_devices xc7s75_0]
program_hw_devices [get_hw_devices xc7s75_0]
INFO: [Labtools 27-3164] End of startup status: HIGH
program_hw_devices: Time (s): cpu = 00:00:10 ; elapsed = 00:00:10 . Memory (MB): peak = 3396.008 ; gain = 0.000
refresh_hw_device [lindex [get_hw_devices xc7s75_0] 0]
INFO: [Labtools 27-1434] Device xc7s75 (JTAG device index = 0) is programmed with a design that has no supported debug core(s) in it.
reset_run synth_1
INFO: [Project 1-1161] Replacing file D:/Project/FPGA/Whac_A_Mole_Verilog/project/project.srcs/utils_1/imports/synth_1/sevensegment.dcp with file D:/Project/FPGA/Whac_A_Mole_Verilog/project/project.runs/synth_1/game_of_whack_a_mole.dcp
launch_runs impl_1 -to_step write_bitstream -jobs 10
[Fri Dec 15 14:22:49 2023] Launched synth_1...
Run output will be captured here: D:/Project/FPGA/Whac_A_Mole_Verilog/project/project.runs/synth_1/runme.log
[Fri Dec 15 14:22:49 2023] Launched impl_1...
Run output will be captured here: D:/Project/FPGA/Whac_A_Mole_Verilog/project/project.runs/impl_1/runme.log
open_run impl_1
INFO: [Device 21-403] Loading part xc7s75fgga484-1
Netlist sorting complete. Time (s): cpu = 00:00:00 ; elapsed = 00:00:00.004 . Memory (MB): peak = 3781.973 ; gain = 0.000
INFO: [Netlist 29-17] Analyzing 60 Unisim elements for replacement
INFO: [Netlist 29-28] Unisim Transformation completed in 0 CPU seconds
INFO: [Project 1-479] Netlist was created with Vivado 2022.2
INFO: [Project 1-570] Preparing netlist for logic optimization
INFO: [Timing 38-478] Restoring timing data from binary archive.
INFO: [Timing 38-479] Binary timing data restore complete.
INFO: [Project 1-856] Restoring constraints from binary archive.
INFO: [Project 1-853] Binary constraint restore complete.
Reading XDEF placement.
Reading placer database...
Reading XDEF routing.
Read XDEF Files: Time (s): cpu = 00:00:00 ; elapsed = 00:00:00.043 . Memory (MB): peak = 4383.512 ; gain = 0.000
Restored from archive | CPU: 0.000000 secs | Memory: 0.000000 MB |
Finished XDEF File Restore: Time (s): cpu = 00:00:00 ; elapsed = 00:00:00.043 . Memory (MB): peak = 4383.512 ; gain = 0.000
Netlist sorting complete. Time (s): cpu = 00:00:00 ; elapsed = 00:00:00 . Memory (MB): peak = 4383.512 ; gain = 0.000
INFO: [Project 1-111] Unisim Transformation Summary:
No Unisim elements were transformed.

open_run: Time (s): cpu = 00:00:07 ; elapsed = 00:00:09 . Memory (MB): peak = 4518.648 ; gain = 1107.750
WARNING: [Timing 38-313] There are no user specified timing constraints. Timing constraints are needed for proper timing analysis.
reset_run impl_1 -prev_step 
launch_runs impl_1 -to_step write_bitstream -jobs 10
WARNING: [Vivado 12-872] Run step 'Design Initialization' is out-of-date.
[Fri Dec 15 14:25:07 2023] Launched impl_1...
Run output will be captured here: D:/Project/FPGA/Whac_A_Mole_Verilog/project/project.runs/impl_1/runme.log
set_property PROBES.FILE {} [get_hw_devices xc7s75_0]
set_property FULL_PROBES.FILE {} [get_hw_devices xc7s75_0]
set_property PROGRAM.FILE {D:/Project/FPGA/Whac_A_Mole_Verilog/project/project.runs/impl_1/game_of_whack_a_mole.bit} [get_hw_devices xc7s75_0]
program_hw_devices [get_hw_devices xc7s75_0]
INFO: [Labtools 27-3164] End of startup status: HIGH
program_hw_devices: Time (s): cpu = 00:00:10 ; elapsed = 00:00:10 . Memory (MB): peak = 4556.578 ; gain = 0.000
refresh_hw_device [lindex [get_hw_devices xc7s75_0] 0]
INFO: [Labtools 27-1434] Device xc7s75 (JTAG device index = 0) is programmed with a design that has no supported debug core(s) in it.
reset_run synth_1
INFO: [Project 1-1161] Replacing file D:/Project/FPGA/Whac_A_Mole_Verilog/project/project.srcs/utils_1/imports/synth_1/sevensegment.dcp with file D:/Project/FPGA/Whac_A_Mole_Verilog/project/project.runs/synth_1/game_of_whack_a_mole.dcp
launch_runs impl_1 -to_step write_bitstream -jobs 10
[Fri Dec 15 14:31:44 2023] Launched synth_1...
Run output will be captured here: D:/Project/FPGA/Whac_A_Mole_Verilog/project/project.runs/synth_1/runme.log
[Fri Dec 15 14:31:44 2023] Launched impl_1...
Run output will be captured here: D:/Project/FPGA/Whac_A_Mole_Verilog/project/project.runs/impl_1/runme.log
set_property PROBES.FILE {} [get_hw_devices xc7s75_0]
set_property FULL_PROBES.FILE {} [get_hw_devices xc7s75_0]
set_property PROGRAM.FILE {D:/Project/FPGA/Whac_A_Mole_Verilog/project/project.runs/impl_1/game_of_whack_a_mole.bit} [get_hw_devices xc7s75_0]
program_hw_devices [get_hw_devices xc7s75_0]
INFO: [Labtools 27-3164] End of startup status: HIGH
program_hw_devices: Time (s): cpu = 00:00:11 ; elapsed = 00:00:10 . Memory (MB): peak = 4558.199 ; gain = 0.000
refresh_hw_device [lindex [get_hw_devices xc7s75_0] 0]
INFO: [Labtools 27-1434] Device xc7s75 (JTAG device index = 0) is programmed with a design that has no supported debug core(s) in it.
reset_run synth_1
INFO: [Project 1-1161] Replacing file D:/Project/FPGA/Whac_A_Mole_Verilog/project/project.srcs/utils_1/imports/synth_1/sevensegment.dcp with file D:/Project/FPGA/Whac_A_Mole_Verilog/project/project.runs/synth_1/game_of_whack_a_mole.dcp
launch_runs impl_1 -to_step write_bitstream -jobs 10
[Fri Dec 15 14:42:02 2023] Launched synth_1...
Run output will be captured here: D:/Project/FPGA/Whac_A_Mole_Verilog/project/project.runs/synth_1/runme.log
[Fri Dec 15 14:42:02 2023] Launched impl_1...
Run output will be captured here: D:/Project/FPGA/Whac_A_Mole_Verilog/project/project.runs/impl_1/runme.log
reset_run impl_1 -prev_step 
launch_runs impl_1 -to_step write_bitstream -jobs 10
[Fri Dec 15 14:44:20 2023] Launched impl_1...
Run output will be captured here: D:/Project/FPGA/Whac_A_Mole_Verilog/project/project.runs/impl_1/runme.log
set_property PROBES.FILE {} [get_hw_devices xc7s75_0]
set_property FULL_PROBES.FILE {} [get_hw_devices xc7s75_0]
set_property PROGRAM.FILE {D:/Project/FPGA/Whac_A_Mole_Verilog/project/project.runs/impl_1/game_of_whack_a_mole.bit} [get_hw_devices xc7s75_0]
program_hw_devices [get_hw_devices xc7s75_0]
INFO: [Labtools 27-3164] End of startup status: HIGH
program_hw_devices: Time (s): cpu = 00:00:08 ; elapsed = 00:00:11 . Memory (MB): peak = 4558.199 ; gain = 0.000
refresh_hw_device [lindex [get_hw_devices xc7s75_0] 0]
INFO: [Labtools 27-1434] Device xc7s75 (JTAG device index = 0) is programmed with a design that has no supported debug core(s) in it.
set_property PROBES.FILE {} [get_hw_devices xc7s75_0]
set_property FULL_PROBES.FILE {} [get_hw_devices xc7s75_0]
set_property PROGRAM.FILE {D:/Project/FPGA/Whac_A_Mole_Verilog/project/project.runs/impl_1/game_of_whack_a_mole.bit} [get_hw_devices xc7s75_0]
program_hw_devices [get_hw_devices xc7s75_0]
INFO: [Labtools 27-3164] End of startup status: HIGH
program_hw_devices: Time (s): cpu = 00:00:10 ; elapsed = 00:00:10 . Memory (MB): peak = 4558.199 ; gain = 0.000
refresh_hw_device [lindex [get_hw_devices xc7s75_0] 0]
INFO: [Labtools 27-1434] Device xc7s75 (JTAG device index = 0) is programmed with a design that has no supported debug core(s) in it.
reset_run synth_1
INFO: [Project 1-1161] Replacing file D:/Project/FPGA/Whac_A_Mole_Verilog/project/project.srcs/utils_1/imports/synth_1/sevensegment.dcp with file D:/Project/FPGA/Whac_A_Mole_Verilog/project/project.runs/synth_1/game_of_whack_a_mole.dcp
launch_runs impl_1 -to_step write_bitstream -jobs 10
[Fri Dec 15 15:05:52 2023] Launched synth_1...
Run output will be captured here: D:/Project/FPGA/Whac_A_Mole_Verilog/project/project.runs/synth_1/runme.log
[Fri Dec 15 15:05:52 2023] Launched impl_1...
Run output will be captured here: D:/Project/FPGA/Whac_A_Mole_Verilog/project/project.runs/impl_1/runme.log
set_property PROBES.FILE {} [get_hw_devices xc7s75_0]
set_property FULL_PROBES.FILE {} [get_hw_devices xc7s75_0]
set_property PROGRAM.FILE {D:/Project/FPGA/Whac_A_Mole_Verilog/project/project.runs/impl_1/game_of_whack_a_mole.bit} [get_hw_devices xc7s75_0]
program_hw_devices [get_hw_devices xc7s75_0]
INFO: [Labtools 27-3164] End of startup status: HIGH
program_hw_devices: Time (s): cpu = 00:00:10 ; elapsed = 00:00:10 . Memory (MB): peak = 4561.875 ; gain = 0.000
refresh_hw_device [lindex [get_hw_devices xc7s75_0] 0]
INFO: [Labtools 27-1434] Device xc7s75 (JTAG device index = 0) is programmed with a design that has no supported debug core(s) in it.
reset_run synth_1
INFO: [Project 1-1161] Replacing file D:/Project/FPGA/Whac_A_Mole_Verilog/project/project.srcs/utils_1/imports/synth_1/sevensegment.dcp with file D:/Project/FPGA/Whac_A_Mole_Verilog/project/project.runs/synth_1/game_of_whack_a_mole.dcp
launch_runs impl_1 -to_step write_bitstream -jobs 10
[Fri Dec 15 15:22:15 2023] Launched synth_1...
Run output will be captured here: D:/Project/FPGA/Whac_A_Mole_Verilog/project/project.runs/synth_1/runme.log
[Fri Dec 15 15:22:15 2023] Launched impl_1...
Run output will be captured here: D:/Project/FPGA/Whac_A_Mole_Verilog/project/project.runs/impl_1/runme.log
reset_run impl_1
reset_run synth_1
INFO: [Project 1-1161] Replacing file D:/Project/FPGA/Whac_A_Mole_Verilog/project/project.srcs/utils_1/imports/synth_1/sevensegment.dcp with file D:/Project/FPGA/Whac_A_Mole_Verilog/project/project.runs/synth_1/game_of_whack_a_mole.dcp
launch_runs impl_1 -to_step write_bitstream -jobs 10
[Fri Dec 15 15:24:33 2023] Launched synth_1...
Run output will be captured here: D:/Project/FPGA/Whac_A_Mole_Verilog/project/project.runs/synth_1/runme.log
[Fri Dec 15 15:24:33 2023] Launched impl_1...
Run output will be captured here: D:/Project/FPGA/Whac_A_Mole_Verilog/project/project.runs/impl_1/runme.log
set_property PROBES.FILE {} [get_hw_devices xc7s75_0]
set_property FULL_PROBES.FILE {} [get_hw_devices xc7s75_0]
set_property PROGRAM.FILE {D:/Project/FPGA/Whac_A_Mole_Verilog/project/project.runs/impl_1/game_of_whack_a_mole.bit} [get_hw_devices xc7s75_0]
program_hw_devices [get_hw_devices xc7s75_0]
INFO: [Labtools 27-3164] End of startup status: HIGH
program_hw_devices: Time (s): cpu = 00:00:08 ; elapsed = 00:00:10 . Memory (MB): peak = 4563.523 ; gain = 0.000
refresh_hw_device [lindex [get_hw_devices xc7s75_0] 0]
INFO: [Labtools 27-1434] Device xc7s75 (JTAG device index = 0) is programmed with a design that has no supported debug core(s) in it.
reset_run synth_1
INFO: [Project 1-1161] Replacing file D:/Project/FPGA/Whac_A_Mole_Verilog/project/project.srcs/utils_1/imports/synth_1/sevensegment.dcp with file D:/Project/FPGA/Whac_A_Mole_Verilog/project/project.runs/synth_1/game_of_whack_a_mole.dcp
launch_runs impl_1 -to_step write_bitstream -jobs 10
[Fri Dec 15 15:32:31 2023] Launched synth_1...
Run output will be captured here: D:/Project/FPGA/Whac_A_Mole_Verilog/project/project.runs/synth_1/runme.log
[Fri Dec 15 15:32:31 2023] Launched impl_1...
Run output will be captured here: D:/Project/FPGA/Whac_A_Mole_Verilog/project/project.runs/impl_1/runme.log
set_property dataflow_viewer_settings "min_width=16"   [current_fileset]
WARNING: [filemgmt 56-199] Attempt to get parsing info during refresh. "On-the-fly" syntax checking information may be incorrect. [D:\Project\FPGA\Whac_A_Mole_Verilog\project\project.srcs\sources_1\new\key.v:]
WARNING: [filemgmt 56-199] Attempt to get parsing info during refresh. "On-the-fly" syntax checking information may be incorrect. [D:\Project\FPGA\Whac_A_Mole_Verilog\project\project.srcs\sources_1\new\game_of_whack_a_mole.v:]
WARNING: [filemgmt 56-199] Attempt to get parsing info during refresh. "On-the-fly" syntax checking information may be incorrect. [D:\Project\FPGA\Whac_A_Mole_Verilog\project\project.srcs\sources_1\new\keyll.v:]
WARNING: [filemgmt 56-199] Attempt to get parsing info during refresh. "On-the-fly" syntax checking information may be incorrect. [D:\Project\FPGA\Whac_A_Mole_Verilog\project\project.srcs\sources_1\new\key.v:]
WARNING: [filemgmt 56-199] Attempt to get parsing info during refresh. "On-the-fly" syntax checking information may be incorrect. [D:\Project\FPGA\Whac_A_Mole_Verilog\project\project.srcs\sources_1\new\game_of_whack_a_mole.v:]
WARNING: [filemgmt 56-199] Attempt to get parsing info during refresh. "On-the-fly" syntax checking information may be incorrect. [D:\Project\FPGA\Whac_A_Mole_Verilog\project\project.srcs\sources_1\new\keyll.v:]
ERROR: [Common 17-180] Spawn failed: No error
set_property PROBES.FILE {} [get_hw_devices xc7s75_0]
set_property FULL_PROBES.FILE {} [get_hw_devices xc7s75_0]
set_property PROGRAM.FILE {D:/Project/FPGA/Whac_A_Mole_Verilog/project/project.runs/impl_1/game_of_whack_a_mole.bit} [get_hw_devices xc7s75_0]
program_hw_devices [get_hw_devices xc7s75_0]
INFO: [Labtools 27-3164] End of startup status: HIGH
program_hw_devices: Time (s): cpu = 00:00:10 ; elapsed = 00:00:10 . Memory (MB): peak = 4563.523 ; gain = 0.000
refresh_hw_device [lindex [get_hw_devices xc7s75_0] 0]
INFO: [Labtools 27-1434] Device xc7s75 (JTAG device index = 0) is programmed with a design that has no supported debug core(s) in it.
reset_run synth_1
INFO: [Project 1-1161] Replacing file D:/Project/FPGA/Whac_A_Mole_Verilog/project/project.srcs/utils_1/imports/synth_1/sevensegment.dcp with file D:/Project/FPGA/Whac_A_Mole_Verilog/project/project.runs/synth_1/game_of_whack_a_mole.dcp
launch_runs impl_1 -to_step write_bitstream -jobs 10
[Fri Dec 15 15:36:01 2023] Launched synth_1...
Run output will be captured here: D:/Project/FPGA/Whac_A_Mole_Verilog/project/project.runs/synth_1/runme.log
[Fri Dec 15 15:36:01 2023] Launched impl_1...
Run output will be captured here: D:/Project/FPGA/Whac_A_Mole_Verilog/project/project.runs/impl_1/runme.log
set_property PROBES.FILE {} [get_hw_devices xc7s75_0]
set_property FULL_PROBES.FILE {} [get_hw_devices xc7s75_0]
set_property PROGRAM.FILE {D:/Project/FPGA/Whac_A_Mole_Verilog/project/project.runs/impl_1/game_of_whack_a_mole.bit} [get_hw_devices xc7s75_0]
program_hw_devices [get_hw_devices xc7s75_0]
INFO: [Labtools 27-3164] End of startup status: HIGH
program_hw_devices: Time (s): cpu = 00:00:08 ; elapsed = 00:00:10 . Memory (MB): peak = 4563.523 ; gain = 0.000
refresh_hw_device [lindex [get_hw_devices xc7s75_0] 0]
INFO: [Labtools 27-1434] Device xc7s75 (JTAG device index = 0) is programmed with a design that has no supported debug core(s) in it.
launch_simulation
Command: launch_simulation 
INFO: [Vivado 12-12493] Simulation top is 'game_of_whack_a_mole_tb'
WARNING: [Vivado 12-13340] Unable to auto find GCC executables from simulator install path! (path not set)
WARNING: [Vivado 12-13277] Compiled library path does not exist: ''
INFO: [Vivado 12-5682] Launching behavioral simulation in 'D:/Project/FPGA/Whac_A_Mole_Verilog/project/project.sim/sim_1/behav/xsim'
INFO: [SIM-utils-51] Simulation object is 'sim_1'
INFO: [SIM-utils-72] Using boost library from 'D:/App/Xilinx_Unified_2022.2_1014_8888_Win64.exe/Vivado/2022.2/tps/boost_1_72_0'
INFO: [SIM-utils-54] Inspecting design source files for 'game_of_whack_a_mole_tb' in fileset 'sim_1'...
INFO: [USF-XSim-97] Finding global include files...
INFO: [USF-XSim-98] Fetching design files from 'sim_1'...
INFO: [USF-XSim-2] XSim::Compile design
INFO: [USF-XSim-61] Executing 'COMPILE and ANALYZE' step in 'D:/Project/FPGA/Whac_A_Mole_Verilog/project/project.sim/sim_1/behav/xsim'
"xvlog --incr --relax -prj game_of_whack_a_mole_tb_vlog.prj"
INFO: [VRFC 10-2263] Analyzing Verilog file "D:/Project/FPGA/Whac_A_Mole_Verilog/project/project.srcs/sources_1/new/BCD_to_7segment.v" into library xil_defaultlib
INFO: [VRFC 10-311] analyzing module BCD_to_7segment
INFO: [VRFC 10-2263] Analyzing Verilog file "D:/Project/FPGA/Whac_A_Mole_Verilog/randomled/randomled.srcs/sources_1/new/LedRandom.v" into library xil_defaultlib
INFO: [VRFC 10-311] analyzing module LedRandom
INFO: [VRFC 10-2263] Analyzing Verilog file "D:/Project/FPGA/Whac_A_Mole_Verilog/project/SevenSeg_CTRL.v" into library xil_defaultlib
INFO: [VRFC 10-311] analyzing module SevenSeg_CTRL
INFO: [VRFC 10-2263] Analyzing Verilog file "D:/Project/FPGA/Whac_A_Mole_Verilog/project/project.srcs/sources_1/new/binary_to_bcd.v" into library xil_defaultlib
INFO: [VRFC 10-311] analyzing module binary_to_bcd
INFO: [VRFC 10-2263] Analyzing Verilog file "D:/Project/FPGA/Whac_A_Mole_Verilog/project/project.srcs/sources_1/new/game_of_whack_a_mole.v" into library xil_defaultlib
INFO: [VRFC 10-311] analyzing module game_of_whack_a_mole
INFO: [VRFC 10-2263] Analyzing Verilog file "D:/Project/FPGA/Whac_A_Mole_Verilog/project/project.srcs/sources_1/new/key.v" into library xil_defaultlib
INFO: [VRFC 10-311] analyzing module key
INFO: [VRFC 10-2263] Analyzing Verilog file "D:/Project/FPGA/Whac_A_Mole_Verilog/project/project.srcs/sources_1/new/keyll.v" into library xil_defaultlib
INFO: [VRFC 10-311] analyzing module keyll
INFO: [VRFC 10-2263] Analyzing Verilog file "D:/Project/FPGA/Whac_A_Mole_Verilog/project/project.srcs/sources_1/new/linedecoder.v" into library xil_defaultlib
INFO: [VRFC 10-311] analyzing module linedecoder
INFO: [VRFC 10-2263] Analyzing Verilog file "D:/Project/FPGA/Whac_A_Mole_Verilog/randomled/randomled.srcs/sources_1/new/randomled.v" into library xil_defaultlib
INFO: [VRFC 10-311] analyzing module randomled
INFO: [VRFC 10-2263] Analyzing Verilog file "D:/Project/FPGA/Whac_A_Mole_Verilog/project/project.srcs/sources_1/new/sevensegment.v" into library xil_defaultlib
INFO: [VRFC 10-311] analyzing module sevensegment
INFO: [VRFC 10-2263] Analyzing Verilog file "D:/Project/FPGA/Whac_A_Mole_Verilog/project/project.srcs/sim_1/new/game_of_whack_a_mole_tb.v" into library xil_defaultlib
INFO: [VRFC 10-311] analyzing module game_of_whack_a_mole_tb
INFO: [VRFC 10-2263] Analyzing Verilog file "D:/Project/FPGA/Whac_A_Mole_Verilog/project/project.sim/sim_1/behav/xsim/glbl.v" into library xil_defaultlib
INFO: [VRFC 10-311] analyzing module glbl
INFO: [USF-XSim-69] 'compile' step finished in '1' seconds
INFO: [USF-XSim-3] XSim::Elaborate design
INFO: [USF-XSim-61] Executing 'ELABORATE' step in 'D:/Project/FPGA/Whac_A_Mole_Verilog/project/project.sim/sim_1/behav/xsim'
"xelab --incr --debug typical --relax --mt 2 -L xil_defaultlib -L unisims_ver -L unimacro_ver -L secureip --snapshot game_of_whack_a_mole_tb_behav xil_defaultlib.game_of_whack_a_mole_tb xil_defaultlib.glbl -log elaborate.log"
Vivado Simulator v2022.2
Copyright 1986-1999, 2001-2022 Xilinx, Inc. All Rights Reserved.
Running: D:/App/Xilinx_Unified_2022.2_1014_8888_Win64.exe/Vivado/2022.2/bin/unwrapped/win64.o/xelab.exe --incr --debug typical --relax --mt 2 -L xil_defaultlib -L unisims_ver -L unimacro_ver -L secureip --snapshot game_of_whack_a_mole_tb_behav xil_defaultlib.game_of_whack_a_mole_tb xil_defaultlib.glbl -log elaborate.log 
Using 2 slave threads.
Starting static elaboration
Pass Through NonSizing Optimizer
Completed static elaboration
Starting simulation data flow analysis
WARNING: [XSIM 43-4099] "D:/Project/FPGA/Whac_A_Mole_Verilog/randomled/randomled.srcs/sources_1/new/LedRandom.v" Line 1. Module LedRandom doesn't have a timescale but at least one module in design has a timescale.
WARNING: [XSIM 43-4099] "D:/Project/FPGA/Whac_A_Mole_Verilog/project/project.srcs/sources_1/new/BCD_to_7segment.v" Line 1. Module BCD_to_7segment doesn't have a timescale but at least one module in design has a timescale.
WARNING: [XSIM 43-4099] "D:/Project/FPGA/Whac_A_Mole_Verilog/project/project.srcs/sources_1/new/BCD_to_7segment.v" Line 1. Module BCD_to_7segment doesn't have a timescale but at least one module in design has a timescale.
WARNING: [XSIM 43-4099] "D:/Project/FPGA/Whac_A_Mole_Verilog/project/SevenSeg_CTRL.v" Line 1. Module SevenSeg_CTRL doesn't have a timescale but at least one module in design has a timescale.
WARNING: [XSIM 43-4099] "D:/Project/FPGA/Whac_A_Mole_Verilog/randomled/randomled.srcs/sources_1/new/LedRandom.v" Line 1. Module LedRandom doesn't have a timescale but at least one module in design has a timescale.
WARNING: [XSIM 43-4099] "D:/Project/FPGA/Whac_A_Mole_Verilog/project/project.srcs/sources_1/new/BCD_to_7segment.v" Line 1. Module BCD_to_7segment doesn't have a timescale but at least one module in design has a timescale.
WARNING: [XSIM 43-4099] "D:/Project/FPGA/Whac_A_Mole_Verilog/project/project.srcs/sources_1/new/BCD_to_7segment.v" Line 1. Module BCD_to_7segment doesn't have a timescale but at least one module in design has a timescale.
WARNING: [XSIM 43-4099] "D:/Project/FPGA/Whac_A_Mole_Verilog/project/SevenSeg_CTRL.v" Line 1. Module SevenSeg_CTRL doesn't have a timescale but at least one module in design has a timescale.
Completed simulation data flow analysis
Time Resolution for simulation is 1ps
Compiling module xil_defaultlib.LedRandom
Compiling module xil_defaultlib.randomled
Compiling module xil_defaultlib.keyll
Compiling module xil_defaultlib.key
Compiling module xil_defaultlib.linedecoder
Compiling module xil_defaultlib.binary_to_bcd
Compiling module xil_defaultlib.BCD_to_7segment
Compiling module xil_defaultlib.SevenSeg_CTRL
Compiling module xil_defaultlib.sevensegment
Compiling module xil_defaultlib.game_of_whack_a_mole
Compiling module xil_defaultlib.game_of_whack_a_mole_tb
Compiling module xil_defaultlib.glbl
Built simulation snapshot game_of_whack_a_mole_tb_behav
INFO: [USF-XSim-69] 'elaborate' step finished in '2' seconds
INFO: [USF-XSim-4] XSim::Simulate design
INFO: [USF-XSim-61] Executing 'SIMULATE' step in 'D:/Project/FPGA/Whac_A_Mole_Verilog/project/project.sim/sim_1/behav/xsim'
INFO: [USF-XSim-98] *** Running xsim
   with args "game_of_whack_a_mole_tb_behav -key {Behavioral:sim_1:Functional:game_of_whack_a_mole_tb} -tclbatch {game_of_whack_a_mole_tb.tcl} -log {simulate.log}"
INFO: [USF-XSim-8] Loading simulator feature
Time resolution is 1 ps
source game_of_whack_a_mole_tb.tcl
# set curr_wave [current_wave_config]
# if { [string length $curr_wave] == 0 } {
#   if { [llength [get_objects]] > 0} {
#     add_wave /
#     set_property needs_save false [current_wave_config]
#   } else {
#      send_msg_id Add_Wave-1 WARNING "No top level signals found. Simulator will start without a wave window. If you want to open a wave window go to 'File->New Waveform Configuration' or type 'create_wave_config' in the TCL console."
#   }
# }
# run 1000ns
INFO: [USF-XSim-96] XSim completed. Design snapshot 'game_of_whack_a_mole_tb_behav' loaded.
INFO: [USF-XSim-97] XSim simulation ran for 1000ns
launch_simulation: Time (s): cpu = 00:00:00 ; elapsed = 00:00:06 . Memory (MB): peak = 4582.793 ; gain = 19.270
run all
run: Time (s): cpu = 00:00:01 ; elapsed = 00:00:07 . Memory (MB): peak = 4604.516 ; gain = 0.188
reset_run synth_1
INFO: [Project 1-1161] Replacing file D:/Project/FPGA/Whac_A_Mole_Verilog/project/project.srcs/utils_1/imports/synth_1/sevensegment.dcp with file D:/Project/FPGA/Whac_A_Mole_Verilog/project/project.runs/synth_1/game_of_whack_a_mole.dcp
WARNING: [Vivado 12-1017] Problems encountered:
1. Failed to delete one or more files in run directory D:/Project/FPGA/Whac_A_Mole_Verilog/project/project.runs/synth_1

launch_runs impl_1 -to_step write_bitstream -jobs 10
[Fri Dec 15 15:42:20 2023] Launched synth_1...
Run output will be captured here: D:/Project/FPGA/Whac_A_Mole_Verilog/project/project.runs/synth_1/runme.log
[Fri Dec 15 15:42:20 2023] Launched impl_1...
Run output will be captured here: D:/Project/FPGA/Whac_A_Mole_Verilog/project/project.runs/impl_1/runme.log
set_property PROBES.FILE {} [get_hw_devices xc7s75_0]
set_property FULL_PROBES.FILE {} [get_hw_devices xc7s75_0]
set_property PROGRAM.FILE {D:/Project/FPGA/Whac_A_Mole_Verilog/project/project.runs/impl_1/game_of_whack_a_mole.bit} [get_hw_devices xc7s75_0]
program_hw_devices [get_hw_devices xc7s75_0]
INFO: [Labtools 27-3164] End of startup status: HIGH
program_hw_devices: Time (s): cpu = 00:00:10 ; elapsed = 00:00:10 . Memory (MB): peak = 4608.098 ; gain = 0.000
refresh_hw_device [lindex [get_hw_devices xc7s75_0] 0]
INFO: [Labtools 27-1434] Device xc7s75 (JTAG device index = 0) is programmed with a design that has no supported debug core(s) in it.
reset_run impl_1 -prev_step 
launch_runs impl_1 -to_step write_bitstream -jobs 15
WARNING: [Vivado 12-872] Run step 'Design Initialization' is out-of-date.
[Fri Dec 15 15:49:16 2023] Launched impl_1...
Run output will be captured here: D:/Project/FPGA/Whac_A_Mole_Verilog/project/project.runs/impl_1/runme.log
set_property PROBES.FILE {} [get_hw_devices xc7s75_0]
set_property FULL_PROBES.FILE {} [get_hw_devices xc7s75_0]
set_property PROGRAM.FILE {D:/Project/FPGA/Whac_A_Mole_Verilog/project/project.runs/impl_1/game_of_whack_a_mole.bit} [get_hw_devices xc7s75_0]
program_hw_devices [get_hw_devices xc7s75_0]
INFO: [Labtools 27-3164] End of startup status: HIGH
program_hw_devices: Time (s): cpu = 00:00:10 ; elapsed = 00:00:10 . Memory (MB): peak = 4608.098 ; gain = 0.000
refresh_hw_device [lindex [get_hw_devices xc7s75_0] 0]
INFO: [Labtools 27-1434] Device xc7s75 (JTAG device index = 0) is programmed with a design that has no supported debug core(s) in it.
reset_project
launch_runs impl_1 -to_step write_bitstream -jobs 15
[Fri Dec 15 16:04:12 2023] Launched synth_1...
Run output will be captured here: D:/Project/FPGA/Whac_A_Mole_Verilog/project/project.runs/synth_1/runme.log
[Fri Dec 15 16:04:12 2023] Launched impl_1...
Run output will be captured here: D:/Project/FPGA/Whac_A_Mole_Verilog/project/project.runs/impl_1/runme.log
set_property PROBES.FILE {} [get_hw_devices xc7s75_0]
set_property FULL_PROBES.FILE {} [get_hw_devices xc7s75_0]
set_property PROGRAM.FILE {D:/Project/FPGA/Whac_A_Mole_Verilog/project/project.runs/impl_1/game_of_whack_a_mole.bit} [get_hw_devices xc7s75_0]
program_hw_devices [get_hw_devices xc7s75_0]
INFO: [Labtools 27-3164] End of startup status: HIGH
program_hw_devices: Time (s): cpu = 00:00:10 ; elapsed = 00:00:10 . Memory (MB): peak = 4608.098 ; gain = 0.000
refresh_hw_device [lindex [get_hw_devices xc7s75_0] 0]
INFO: [Labtools 27-1434] Device xc7s75 (JTAG device index = 0) is programmed with a design that has no supported debug core(s) in it.
update_compile_order -fileset sources_1
synth_design -rtl -rtl_skip_mlo -name rtl_1
Command: synth_design -rtl -rtl_skip_mlo -name rtl_1
Starting synth_design
Using part: xc7s75fgga484-1
Top: game_of_whack_a_mole
INFO: [Synth 8-11241] undeclared symbol 'REGCCE', assumed default net type 'wire' [D:/App/Xilinx_Unified_2022.2_1014_8888_Win64.exe/Vivado/2022.2/data/verilog/src/unimacro/BRAM_SINGLE_MACRO.v:2170]
---------------------------------------------------------------------------------
Starting RTL Elaboration : Time (s): cpu = 00:00:02 ; elapsed = 00:00:03 . Memory (MB): peak = 4938.156 ; gain = 329.273
---------------------------------------------------------------------------------
INFO: [Synth 8-6157] synthesizing module 'game_of_whack_a_mole' [D:/Project/FPGA/Whac_A_Mole_Verilog/project/project.srcs/sources_1/new/game_of_whack_a_mole.v:23]
INFO: [Synth 8-6157] synthesizing module 'randomled' [D:/Project/FPGA/Whac_A_Mole_Verilog/randomled/randomled.srcs/sources_1/new/randomled.v:23]
INFO: [Synth 8-6157] synthesizing module 'LedRandom' [D:/Project/FPGA/Whac_A_Mole_Verilog/randomled/randomled.srcs/sources_1/new/LedRandom.v:1]
INFO: [Synth 8-6155] done synthesizing module 'LedRandom' (0#1) [D:/Project/FPGA/Whac_A_Mole_Verilog/randomled/randomled.srcs/sources_1/new/LedRandom.v:1]
INFO: [Synth 8-6155] done synthesizing module 'randomled' (0#1) [D:/Project/FPGA/Whac_A_Mole_Verilog/randomled/randomled.srcs/sources_1/new/randomled.v:23]
INFO: [Synth 8-6157] synthesizing module 'keyll' [D:/Project/FPGA/Whac_A_Mole_Verilog/project/project.srcs/sources_1/new/keyll.v:5]
INFO: [Synth 8-6155] done synthesizing module 'keyll' (0#1) [D:/Project/FPGA/Whac_A_Mole_Verilog/project/project.srcs/sources_1/new/keyll.v:5]
INFO: [Synth 8-6157] synthesizing module 'key' [D:/Project/FPGA/Whac_A_Mole_Verilog/project/project.srcs/sources_1/new/key.v:23]
INFO: [Synth 8-6155] done synthesizing module 'key' (0#1) [D:/Project/FPGA/Whac_A_Mole_Verilog/project/project.srcs/sources_1/new/key.v:23]
WARNING: [Synth 8-4446] all outputs are unconnected for this instance and logic may be removed [D:/Project/FPGA/Whac_A_Mole_Verilog/project/project.srcs/sources_1/new/game_of_whack_a_mole.v:76]
INFO: [Synth 8-6157] synthesizing module 'sevensegment' [D:/Project/FPGA/Whac_A_Mole_Verilog/project/project.srcs/sources_1/new/sevensegment.v:1]
ERROR: [Synth 8-439] module 'binary_bcd' not found [D:/Project/FPGA/Whac_A_Mole_Verilog/project/project.srcs/sources_1/new/sevensegment.v:14]
ERROR: [Synth 8-6156] failed synthesizing module 'sevensegment' [D:/Project/FPGA/Whac_A_Mole_Verilog/project/project.srcs/sources_1/new/sevensegment.v:1]
ERROR: [Synth 8-6156] failed synthesizing module 'game_of_whack_a_mole' [D:/Project/FPGA/Whac_A_Mole_Verilog/project/project.srcs/sources_1/new/game_of_whack_a_mole.v:23]
---------------------------------------------------------------------------------
Finished RTL Elaboration : Time (s): cpu = 00:00:03 ; elapsed = 00:00:04 . Memory (MB): peak = 5020.512 ; gain = 411.629
---------------------------------------------------------------------------------
RTL Elaboration failed
11 Infos, 1 Warnings, 0 Critical Warnings and 4 Errors encountered.
synth_design failed
ERROR: [Vivado_Tcl 4-5] Elaboration failed - please see the console for details
synth_design -rtl -rtl_skip_mlo -name rtl_1
Command: synth_design -rtl -rtl_skip_mlo -name rtl_1
Starting synth_design
Using part: xc7s75fgga484-1
Top: game_of_whack_a_mole
INFO: [Synth 8-11241] undeclared symbol 'REGCCE', assumed default net type 'wire' [D:/App/Xilinx_Unified_2022.2_1014_8888_Win64.exe/Vivado/2022.2/data/verilog/src/unimacro/BRAM_SINGLE_MACRO.v:2170]
---------------------------------------------------------------------------------
Starting RTL Elaboration : Time (s): cpu = 00:00:03 ; elapsed = 00:00:03 . Memory (MB): peak = 5038.578 ; gain = 17.859
---------------------------------------------------------------------------------
INFO: [Synth 8-6157] synthesizing module 'game_of_whack_a_mole' [D:/Project/FPGA/Whac_A_Mole_Verilog/project/project.srcs/sources_1/new/game_of_whack_a_mole.v:23]
INFO: [Synth 8-6157] synthesizing module 'randomled' [D:/Project/FPGA/Whac_A_Mole_Verilog/randomled/randomled.srcs/sources_1/new/randomled.v:23]
INFO: [Synth 8-6157] synthesizing module 'LedRandom' [D:/Project/FPGA/Whac_A_Mole_Verilog/randomled/randomled.srcs/sources_1/new/LedRandom.v:1]
INFO: [Synth 8-6155] done synthesizing module 'LedRandom' (0#1) [D:/Project/FPGA/Whac_A_Mole_Verilog/randomled/randomled.srcs/sources_1/new/LedRandom.v:1]
INFO: [Synth 8-6155] done synthesizing module 'randomled' (0#1) [D:/Project/FPGA/Whac_A_Mole_Verilog/randomled/randomled.srcs/sources_1/new/randomled.v:23]
INFO: [Synth 8-6157] synthesizing module 'keyll' [D:/Project/FPGA/Whac_A_Mole_Verilog/project/project.srcs/sources_1/new/keyll.v:5]
INFO: [Synth 8-6155] done synthesizing module 'keyll' (0#1) [D:/Project/FPGA/Whac_A_Mole_Verilog/project/project.srcs/sources_1/new/keyll.v:5]
INFO: [Synth 8-6157] synthesizing module 'key' [D:/Project/FPGA/Whac_A_Mole_Verilog/project/project.srcs/sources_1/new/key.v:23]
INFO: [Synth 8-6155] done synthesizing module 'key' (0#1) [D:/Project/FPGA/Whac_A_Mole_Verilog/project/project.srcs/sources_1/new/key.v:23]
WARNING: [Synth 8-4446] all outputs are unconnected for this instance and logic may be removed [D:/Project/FPGA/Whac_A_Mole_Verilog/project/project.srcs/sources_1/new/game_of_whack_a_mole.v:76]
INFO: [Synth 8-6157] synthesizing module 'sevensegment' [D:/Project/FPGA/Whac_A_Mole_Verilog/project/project.srcs/sources_1/new/sevensegment.v:1]
ERROR: [Synth 8-439] module 'binary_bcd' not found [D:/Project/FPGA/Whac_A_Mole_Verilog/project/project.srcs/sources_1/new/sevensegment.v:14]
ERROR: [Synth 8-6156] failed synthesizing module 'sevensegment' [D:/Project/FPGA/Whac_A_Mole_Verilog/project/project.srcs/sources_1/new/sevensegment.v:1]
ERROR: [Synth 8-6156] failed synthesizing module 'game_of_whack_a_mole' [D:/Project/FPGA/Whac_A_Mole_Verilog/project/project.srcs/sources_1/new/game_of_whack_a_mole.v:23]
---------------------------------------------------------------------------------
Finished RTL Elaboration : Time (s): cpu = 00:00:03 ; elapsed = 00:00:04 . Memory (MB): peak = 5038.578 ; gain = 17.859
---------------------------------------------------------------------------------
RTL Elaboration failed
11 Infos, 1 Warnings, 0 Critical Warnings and 4 Errors encountered.
synth_design failed
ERROR: [Vivado_Tcl 4-5] Elaboration failed - please see the console for details
update_compile_order -fileset sources_1
synth_design -rtl -rtl_skip_mlo -name rtl_1
Command: synth_design -rtl -rtl_skip_mlo -name rtl_1
Starting synth_design
Using part: xc7s75fgga484-1
Top: game_of_whack_a_mole
INFO: [Synth 8-11241] undeclared symbol 'REGCCE', assumed default net type 'wire' [D:/App/Xilinx_Unified_2022.2_1014_8888_Win64.exe/Vivado/2022.2/data/verilog/src/unimacro/BRAM_SINGLE_MACRO.v:2170]
---------------------------------------------------------------------------------
Starting RTL Elaboration : Time (s): cpu = 00:00:03 ; elapsed = 00:00:03 . Memory (MB): peak = 5046.906 ; gain = 8.328
---------------------------------------------------------------------------------
INFO: [Synth 8-6157] synthesizing module 'game_of_whack_a_mole' [D:/Project/FPGA/Whac_A_Mole_Verilog/project/project.srcs/sources_1/new/game_of_whack_a_mole.v:23]
INFO: [Synth 8-6157] synthesizing module 'randomled' [D:/Project/FPGA/Whac_A_Mole_Verilog/randomled/randomled.srcs/sources_1/new/randomled.v:23]
INFO: [Synth 8-6157] synthesizing module 'LedRandom' [D:/Project/FPGA/Whac_A_Mole_Verilog/randomled/randomled.srcs/sources_1/new/LedRandom.v:1]
INFO: [Synth 8-6155] done synthesizing module 'LedRandom' (0#1) [D:/Project/FPGA/Whac_A_Mole_Verilog/randomled/randomled.srcs/sources_1/new/LedRandom.v:1]
INFO: [Synth 8-6155] done synthesizing module 'randomled' (0#1) [D:/Project/FPGA/Whac_A_Mole_Verilog/randomled/randomled.srcs/sources_1/new/randomled.v:23]
INFO: [Synth 8-6157] synthesizing module 'keyll' [D:/Project/FPGA/Whac_A_Mole_Verilog/project/project.srcs/sources_1/new/keyll.v:5]
INFO: [Synth 8-6155] done synthesizing module 'keyll' (0#1) [D:/Project/FPGA/Whac_A_Mole_Verilog/project/project.srcs/sources_1/new/keyll.v:5]
INFO: [Synth 8-6157] synthesizing module 'key' [D:/Project/FPGA/Whac_A_Mole_Verilog/project/project.srcs/sources_1/new/key.v:23]
INFO: [Synth 8-6155] done synthesizing module 'key' (0#1) [D:/Project/FPGA/Whac_A_Mole_Verilog/project/project.srcs/sources_1/new/key.v:23]
INFO: [Synth 8-6157] synthesizing module 'sevensegment' [D:/Project/FPGA/Whac_A_Mole_Verilog/project/project.srcs/sources_1/new/sevensegment.v:1]
INFO: [Synth 8-6157] synthesizing module 'binary_to_bcd' [D:/Project/FPGA/Whac_A_Mole_Verilog/project/project.srcs/sources_1/new/binary_to_bcd.v:2]
INFO: [Synth 8-6157] synthesizing module 'linedecoder' [D:/Project/FPGA/Whac_A_Mole_Verilog/project/project.srcs/sources_1/new/linedecoder.v:1]
INFO: [Synth 8-6155] done synthesizing module 'linedecoder' (0#1) [D:/Project/FPGA/Whac_A_Mole_Verilog/project/project.srcs/sources_1/new/linedecoder.v:1]
INFO: [Synth 8-6155] done synthesizing module 'binary_to_bcd' (0#1) [D:/Project/FPGA/Whac_A_Mole_Verilog/project/project.srcs/sources_1/new/binary_to_bcd.v:2]
INFO: [Synth 8-6157] synthesizing module 'BCD_to_7segment' [D:/Project/FPGA/Whac_A_Mole_Verilog/project/project.srcs/sources_1/new/BCD_to_7segment.v:1]
INFO: [Synth 8-6155] done synthesizing module 'BCD_to_7segment' (0#1) [D:/Project/FPGA/Whac_A_Mole_Verilog/project/project.srcs/sources_1/new/BCD_to_7segment.v:1]
INFO: [Synth 8-6157] synthesizing module 'SevenSeg_CTRL' [D:/Project/FPGA/Whac_A_Mole_Verilog/project/SevenSeg_CTRL.v:1]
INFO: [Synth 8-6155] done synthesizing module 'SevenSeg_CTRL' (0#1) [D:/Project/FPGA/Whac_A_Mole_Verilog/project/SevenSeg_CTRL.v:1]
INFO: [Synth 8-6155] done synthesizing module 'sevensegment' (0#1) [D:/Project/FPGA/Whac_A_Mole_Verilog/project/project.srcs/sources_1/new/sevensegment.v:1]
INFO: [Synth 8-6155] done synthesizing module 'game_of_whack_a_mole' (0#1) [D:/Project/FPGA/Whac_A_Mole_Verilog/project/project.srcs/sources_1/new/game_of_whack_a_mole.v:23]
WARNING: [Synth 8-7137] Register index_reg in module randomled has both Set and reset with same priority. This may cause simulation mismatches. Consider rewriting code  [D:/Project/FPGA/Whac_A_Mole_Verilog/randomled/randomled.srcs/sources_1/new/randomled.v:54]
WARNING: [Synth 8-6014] Unused sequential element Counter_reg was removed.  [D:/Project/FPGA/Whac_A_Mole_Verilog/project/project.srcs/sources_1/new/game_of_whack_a_mole.v:45]
WARNING: [Synth 8-6014] Unused sequential element Tim_reg was removed.  [D:/Project/FPGA/Whac_A_Mole_Verilog/project/project.srcs/sources_1/new/game_of_whack_a_mole.v:56]
---------------------------------------------------------------------------------
Finished RTL Elaboration : Time (s): cpu = 00:00:04 ; elapsed = 00:00:04 . Memory (MB): peak = 5046.906 ; gain = 8.328
---------------------------------------------------------------------------------
---------------------------------------------------------------------------------
Start Handling Custom Attributes
---------------------------------------------------------------------------------
---------------------------------------------------------------------------------
Finished Handling Custom Attributes : Time (s): cpu = 00:00:04 ; elapsed = 00:00:04 . Memory (MB): peak = 5056.879 ; gain = 18.301
---------------------------------------------------------------------------------
---------------------------------------------------------------------------------
Finished RTL Optimization Phase 1 : Time (s): cpu = 00:00:04 ; elapsed = 00:00:04 . Memory (MB): peak = 5056.879 ; gain = 18.301
---------------------------------------------------------------------------------
Netlist sorting complete. Time (s): cpu = 00:00:00 ; elapsed = 00:00:00.005 . Memory (MB): peak = 5056.879 ; gain = 0.000
INFO: [Project 1-570] Preparing netlist for logic optimization

Processing XDC Constraints
Initializing timing engine
Parsing XDC File [D:/Project/FPGA/Whac_A_Mole_Verilog/project/project.srcs/constrs_1/new/game_of_whack_a_mole.xdc]
Finished Parsing XDC File [D:/Project/FPGA/Whac_A_Mole_Verilog/project/project.srcs/constrs_1/new/game_of_whack_a_mole.xdc]
Completed Processing XDC Constraints

Netlist sorting complete. Time (s): cpu = 00:00:00 ; elapsed = 00:00:00 . Memory (MB): peak = 5173.574 ; gain = 0.000
INFO: [Project 1-111] Unisim Transformation Summary:
No Unisim elements were transformed.

RTL Elaboration Complete:  : Time (s): cpu = 00:00:05 ; elapsed = 00:00:06 . Memory (MB): peak = 5185.988 ; gain = 147.410
23 Infos, 3 Warnings, 0 Critical Warnings and 0 Errors encountered.
synth_design completed successfully
synth_design: Time (s): cpu = 00:00:05 ; elapsed = 00:00:06 . Memory (MB): peak = 5185.988 ; gain = 147.410
update_compile_order -fileset sources_1
close_design
close_design
update_compile_order -fileset sources_1
synth_design -rtl -rtl_skip_mlo -name rtl_1
Command: synth_design -rtl -rtl_skip_mlo -name rtl_1
Starting synth_design
Using part: xc7s75fgga484-1
Top: game_of_whack_a_mole
INFO: [Synth 8-11241] undeclared symbol 'REGCCE', assumed default net type 'wire' [D:/App/Xilinx_Unified_2022.2_1014_8888_Win64.exe/Vivado/2022.2/data/verilog/src/unimacro/BRAM_SINGLE_MACRO.v:2170]
---------------------------------------------------------------------------------
Starting RTL Elaboration : Time (s): cpu = 00:00:03 ; elapsed = 00:00:03 . Memory (MB): peak = 5203.969 ; gain = 0.000
---------------------------------------------------------------------------------
INFO: [Synth 8-6157] synthesizing module 'game_of_whack_a_mole' [D:/Project/FPGA/Whac_A_Mole_Verilog/project/project.srcs/sources_1/new/game_of_whack_a_mole.v:23]
INFO: [Synth 8-6157] synthesizing module 'randomled' [D:/Project/FPGA/Whac_A_Mole_Verilog/randomled/randomled.srcs/sources_1/new/randomled.v:23]
INFO: [Synth 8-6157] synthesizing module 'LedRandom' [D:/Project/FPGA/Whac_A_Mole_Verilog/randomled/randomled.srcs/sources_1/new/LedRandom.v:1]
INFO: [Synth 8-6155] done synthesizing module 'LedRandom' (0#1) [D:/Project/FPGA/Whac_A_Mole_Verilog/randomled/randomled.srcs/sources_1/new/LedRandom.v:1]
INFO: [Synth 8-6155] done synthesizing module 'randomled' (0#1) [D:/Project/FPGA/Whac_A_Mole_Verilog/randomled/randomled.srcs/sources_1/new/randomled.v:23]
INFO: [Synth 8-6157] synthesizing module 'keyll' [D:/Project/FPGA/Whac_A_Mole_Verilog/project/project.srcs/sources_1/new/keyll.v:5]
INFO: [Synth 8-6155] done synthesizing module 'keyll' (0#1) [D:/Project/FPGA/Whac_A_Mole_Verilog/project/project.srcs/sources_1/new/keyll.v:5]
INFO: [Synth 8-6157] synthesizing module 'key' [D:/Project/FPGA/Whac_A_Mole_Verilog/project/project.srcs/sources_1/new/key.v:23]
INFO: [Synth 8-6155] done synthesizing module 'key' (0#1) [D:/Project/FPGA/Whac_A_Mole_Verilog/project/project.srcs/sources_1/new/key.v:23]
WARNING: [Synth 8-4446] all outputs are unconnected for this instance and logic may be removed [D:/Project/FPGA/Whac_A_Mole_Verilog/project/project.srcs/sources_1/new/game_of_whack_a_mole.v:76]
INFO: [Synth 8-6157] synthesizing module 'sevensegment' [D:/Project/FPGA/Whac_A_Mole_Verilog/project/project.srcs/sources_1/new/sevensegment.v:1]
INFO: [Synth 8-6157] synthesizing module 'binary_to_bcd' [D:/Project/FPGA/Whac_A_Mole_Verilog/project/project.srcs/sources_1/new/binary_to_bcd.v:2]
INFO: [Synth 8-6157] synthesizing module 'linedecoder' [D:/Project/FPGA/Whac_A_Mole_Verilog/project/project.srcs/sources_1/new/linedecoder.v:1]
INFO: [Synth 8-6155] done synthesizing module 'linedecoder' (0#1) [D:/Project/FPGA/Whac_A_Mole_Verilog/project/project.srcs/sources_1/new/linedecoder.v:1]
INFO: [Synth 8-6155] done synthesizing module 'binary_to_bcd' (0#1) [D:/Project/FPGA/Whac_A_Mole_Verilog/project/project.srcs/sources_1/new/binary_to_bcd.v:2]
INFO: [Synth 8-6157] synthesizing module 'BCD_to_7segment' [D:/Project/FPGA/Whac_A_Mole_Verilog/project/project.srcs/sources_1/new/BCD_to_7segment.v:1]
INFO: [Synth 8-6155] done synthesizing module 'BCD_to_7segment' (0#1) [D:/Project/FPGA/Whac_A_Mole_Verilog/project/project.srcs/sources_1/new/BCD_to_7segment.v:1]
INFO: [Synth 8-6157] synthesizing module 'SevenSeg_CTRL' [D:/Project/FPGA/Whac_A_Mole_Verilog/project/SevenSeg_CTRL.v:1]
INFO: [Synth 8-6155] done synthesizing module 'SevenSeg_CTRL' (0#1) [D:/Project/FPGA/Whac_A_Mole_Verilog/project/SevenSeg_CTRL.v:1]
INFO: [Synth 8-6155] done synthesizing module 'sevensegment' (0#1) [D:/Project/FPGA/Whac_A_Mole_Verilog/project/project.srcs/sources_1/new/sevensegment.v:1]
WARNING: [Synth 8-689] width (8) of port connection 'I2' does not match port width (1) of module 'sevensegment' [D:/Project/FPGA/Whac_A_Mole_Verilog/project/project.srcs/sources_1/new/game_of_whack_a_mole.v:76]
WARNING: [Synth 8-689] width (7) of port connection 'I1' does not match port width (1) of module 'sevensegment' [D:/Project/FPGA/Whac_A_Mole_Verilog/project/project.srcs/sources_1/new/game_of_whack_a_mole.v:76]
WARNING: [Synth 8-7071] port 'I0' of module 'sevensegment' is unconnected for instance 'seven1' [D:/Project/FPGA/Whac_A_Mole_Verilog/project/project.srcs/sources_1/new/game_of_whack_a_mole.v:76]
WARNING: [Synth 8-7071] port 'N_Reset' of module 'sevensegment' is unconnected for instance 'seven1' [D:/Project/FPGA/Whac_A_Mole_Verilog/project/project.srcs/sources_1/new/game_of_whack_a_mole.v:76]
WARNING: [Synth 8-7071] port 'SEG_COM' of module 'sevensegment' is unconnected for instance 'seven1' [D:/Project/FPGA/Whac_A_Mole_Verilog/project/project.srcs/sources_1/new/game_of_whack_a_mole.v:76]
WARNING: [Synth 8-7071] port 'SEG_DATA' of module 'sevensegment' is unconnected for instance 'seven1' [D:/Project/FPGA/Whac_A_Mole_Verilog/project/project.srcs/sources_1/new/game_of_whack_a_mole.v:76]
WARNING: [Synth 8-7023] instance 'seven1' of module 'sevensegment' has 12 connections declared, but only 8 given [D:/Project/FPGA/Whac_A_Mole_Verilog/project/project.srcs/sources_1/new/game_of_whack_a_mole.v:76]
INFO: [Synth 8-6155] done synthesizing module 'game_of_whack_a_mole' (0#1) [D:/Project/FPGA/Whac_A_Mole_Verilog/project/project.srcs/sources_1/new/game_of_whack_a_mole.v:23]
WARNING: [Synth 8-7137] Register index_reg in module randomled has both Set and reset with same priority. This may cause simulation mismatches. Consider rewriting code  [D:/Project/FPGA/Whac_A_Mole_Verilog/randomled/randomled.srcs/sources_1/new/randomled.v:54]
WARNING: [Synth 8-6014] Unused sequential element Counter_reg was removed.  [D:/Project/FPGA/Whac_A_Mole_Verilog/project/project.srcs/sources_1/new/game_of_whack_a_mole.v:45]
WARNING: [Synth 8-6014] Unused sequential element Tim_reg was removed.  [D:/Project/FPGA/Whac_A_Mole_Verilog/project/project.srcs/sources_1/new/game_of_whack_a_mole.v:56]
WARNING: [Synth 8-3848] Net seg_com in module/entity game_of_whack_a_mole does not have driver. [D:/Project/FPGA/Whac_A_Mole_Verilog/project/project.srcs/sources_1/new/game_of_whack_a_mole.v:27]
WARNING: [Synth 8-3848] Net seg_data in module/entity game_of_whack_a_mole does not have driver. [D:/Project/FPGA/Whac_A_Mole_Verilog/project/project.srcs/sources_1/new/game_of_whack_a_mole.v:28]
WARNING: [Synth 8-7129] Port I7 in module sevensegment is either unconnected or has no load
WARNING: [Synth 8-7129] Port I6 in module sevensegment is either unconnected or has no load
WARNING: [Synth 8-7129] Port I5 in module sevensegment is either unconnected or has no load
WARNING: [Synth 8-7129] Port I4 in module sevensegment is either unconnected or has no load
WARNING: [Synth 8-7129] Port seg_com[7] in module game_of_whack_a_mole is either unconnected or has no load
WARNING: [Synth 8-7129] Port seg_com[6] in module game_of_whack_a_mole is either unconnected or has no load
WARNING: [Synth 8-7129] Port seg_com[5] in module game_of_whack_a_mole is either unconnected or has no load
WARNING: [Synth 8-7129] Port seg_com[4] in module game_of_whack_a_mole is either unconnected or has no load
WARNING: [Synth 8-7129] Port seg_com[3] in module game_of_whack_a_mole is either unconnected or has no load
WARNING: [Synth 8-7129] Port seg_com[2] in module game_of_whack_a_mole is either unconnected or has no load
WARNING: [Synth 8-7129] Port seg_com[1] in module game_of_whack_a_mole is either unconnected or has no load
WARNING: [Synth 8-7129] Port seg_data[6] in module game_of_whack_a_mole is either unconnected or has no load
WARNING: [Synth 8-7129] Port seg_data[5] in module game_of_whack_a_mole is either unconnected or has no load
WARNING: [Synth 8-7129] Port seg_data[4] in module game_of_whack_a_mole is either unconnected or has no load
WARNING: [Synth 8-7129] Port seg_data[3] in module game_of_whack_a_mole is either unconnected or has no load
WARNING: [Synth 8-7129] Port seg_data[2] in module game_of_whack_a_mole is either unconnected or has no load
WARNING: [Synth 8-7129] Port seg_data[1] in module game_of_whack_a_mole is either unconnected or has no load
---------------------------------------------------------------------------------
Finished RTL Elaboration : Time (s): cpu = 00:00:04 ; elapsed = 00:00:04 . Memory (MB): peak = 5203.969 ; gain = 0.000
---------------------------------------------------------------------------------
---------------------------------------------------------------------------------
Start Handling Custom Attributes
---------------------------------------------------------------------------------
---------------------------------------------------------------------------------
Finished Handling Custom Attributes : Time (s): cpu = 00:00:04 ; elapsed = 00:00:04 . Memory (MB): peak = 5203.969 ; gain = 0.000
---------------------------------------------------------------------------------
---------------------------------------------------------------------------------
Finished RTL Optimization Phase 1 : Time (s): cpu = 00:00:04 ; elapsed = 00:00:04 . Memory (MB): peak = 5203.969 ; gain = 0.000
---------------------------------------------------------------------------------
Netlist sorting complete. Time (s): cpu = 00:00:00 ; elapsed = 00:00:00.005 . Memory (MB): peak = 5203.969 ; gain = 0.000
INFO: [Project 1-570] Preparing netlist for logic optimization

Processing XDC Constraints
Initializing timing engine
Parsing XDC File [D:/Project/FPGA/Whac_A_Mole_Verilog/project/project.srcs/constrs_1/new/game_of_whack_a_mole.xdc]
Finished Parsing XDC File [D:/Project/FPGA/Whac_A_Mole_Verilog/project/project.srcs/constrs_1/new/game_of_whack_a_mole.xdc]
Completed Processing XDC Constraints

Netlist sorting complete. Time (s): cpu = 00:00:00 ; elapsed = 00:00:00 . Memory (MB): peak = 5203.969 ; gain = 0.000
INFO: [Project 1-111] Unisim Transformation Summary:
No Unisim elements were transformed.

RTL Elaboration Complete:  : Time (s): cpu = 00:00:05 ; elapsed = 00:00:05 . Memory (MB): peak = 5203.969 ; gain = 0.000
23 Infos, 30 Warnings, 0 Critical Warnings and 0 Errors encountered.
synth_design completed successfully
synth_design: Time (s): cpu = 00:00:05 ; elapsed = 00:00:05 . Memory (MB): peak = 5203.969 ; gain = 0.000
update_compile_order -fileset sources_1
export_ip_user_files -of_objects  [get_files D:/Project/FPGA/Whac_A_Mole_Verilog/project/project.srcs/sources_1/new/binary_to_bcd.v] -no_script -reset -force -quiet
remove_files  D:/Project/FPGA/Whac_A_Mole_Verilog/project/project.srcs/sources_1/new/binary_to_bcd.v
close [ open D:/Project/FPGA/Whac_A_Mole_Verilog/project/project.srcs/sources_1/new/binary_bcd.v w ]
add_files D:/Project/FPGA/Whac_A_Mole_Verilog/project/project.srcs/sources_1/new/binary_bcd.v
update_compile_order -fileset sources_1
export_ip_user_files -of_objects  [get_files D:/Project/FPGA/Whac_A_Mole_Verilog/project/project.srcs/sources_1/new/linedecoder.v] -no_script -reset -force -quiet
remove_files  D:/Project/FPGA/Whac_A_Mole_Verilog/project/project.srcs/sources_1/new/linedecoder.v
refresh_design
INFO: [Synth 8-11241] undeclared symbol 'REGCCE', assumed default net type 'wire' [D:/App/Xilinx_Unified_2022.2_1014_8888_Win64.exe/Vivado/2022.2/data/verilog/src/unimacro/BRAM_SINGLE_MACRO.v:2170]
---------------------------------------------------------------------------------
Starting RTL Elaboration : Time (s): cpu = 00:00:02 ; elapsed = 00:00:03 . Memory (MB): peak = 5203.969 ; gain = 0.000
---------------------------------------------------------------------------------
INFO: [Synth 8-6157] synthesizing module 'game_of_whack_a_mole' [D:/Project/FPGA/Whac_A_Mole_Verilog/project/project.srcs/sources_1/new/game_of_whack_a_mole.v:23]
INFO: [Synth 8-6157] synthesizing module 'randomled' [D:/Project/FPGA/Whac_A_Mole_Verilog/randomled/randomled.srcs/sources_1/new/randomled.v:23]
INFO: [Synth 8-6157] synthesizing module 'LedRandom' [D:/Project/FPGA/Whac_A_Mole_Verilog/randomled/randomled.srcs/sources_1/new/LedRandom.v:1]
INFO: [Synth 8-6155] done synthesizing module 'LedRandom' (0#1) [D:/Project/FPGA/Whac_A_Mole_Verilog/randomled/randomled.srcs/sources_1/new/LedRandom.v:1]
INFO: [Synth 8-6155] done synthesizing module 'randomled' (0#1) [D:/Project/FPGA/Whac_A_Mole_Verilog/randomled/randomled.srcs/sources_1/new/randomled.v:23]
INFO: [Synth 8-6157] synthesizing module 'keyll' [D:/Project/FPGA/Whac_A_Mole_Verilog/project/project.srcs/sources_1/new/keyll.v:5]
INFO: [Synth 8-6155] done synthesizing module 'keyll' (0#1) [D:/Project/FPGA/Whac_A_Mole_Verilog/project/project.srcs/sources_1/new/keyll.v:5]
INFO: [Synth 8-6157] synthesizing module 'key' [D:/Project/FPGA/Whac_A_Mole_Verilog/project/project.srcs/sources_1/new/key.v:23]
INFO: [Synth 8-6155] done synthesizing module 'key' (0#1) [D:/Project/FPGA/Whac_A_Mole_Verilog/project/project.srcs/sources_1/new/key.v:23]
WARNING: [Synth 8-4446] all outputs are unconnected for this instance and logic may be removed [D:/Project/FPGA/Whac_A_Mole_Verilog/project/project.srcs/sources_1/new/game_of_whack_a_mole.v:76]
INFO: [Synth 8-6157] synthesizing module 'sevensegment' [D:/Project/FPGA/Whac_A_Mole_Verilog/project/project.srcs/sources_1/new/sevensegment.v:1]
INFO: [Synth 8-6157] synthesizing module 'binary_bcd' [D:/Project/FPGA/Whac_A_Mole_Verilog/project/project.srcs/sources_1/new/binary_bcd.v:1]
INFO: [Synth 8-6155] done synthesizing module 'binary_bcd' (0#1) [D:/Project/FPGA/Whac_A_Mole_Verilog/project/project.srcs/sources_1/new/binary_bcd.v:1]
INFO: [Synth 8-6157] synthesizing module 'BCD_to_7segment' [D:/Project/FPGA/Whac_A_Mole_Verilog/project/project.srcs/sources_1/new/BCD_to_7segment.v:1]
INFO: [Synth 8-6155] done synthesizing module 'BCD_to_7segment' (0#1) [D:/Project/FPGA/Whac_A_Mole_Verilog/project/project.srcs/sources_1/new/BCD_to_7segment.v:1]
INFO: [Synth 8-6157] synthesizing module 'SevenSeg_CTRL' [D:/Project/FPGA/Whac_A_Mole_Verilog/project/SevenSeg_CTRL.v:1]
INFO: [Synth 8-6155] done synthesizing module 'SevenSeg_CTRL' (0#1) [D:/Project/FPGA/Whac_A_Mole_Verilog/project/SevenSeg_CTRL.v:1]
INFO: [Synth 8-6155] done synthesizing module 'sevensegment' (0#1) [D:/Project/FPGA/Whac_A_Mole_Verilog/project/project.srcs/sources_1/new/sevensegment.v:1]
WARNING: [Synth 8-689] width (8) of port connection 'I2' does not match port width (1) of module 'sevensegment' [D:/Project/FPGA/Whac_A_Mole_Verilog/project/project.srcs/sources_1/new/game_of_whack_a_mole.v:76]
WARNING: [Synth 8-689] width (7) of port connection 'I1' does not match port width (1) of module 'sevensegment' [D:/Project/FPGA/Whac_A_Mole_Verilog/project/project.srcs/sources_1/new/game_of_whack_a_mole.v:76]
WARNING: [Synth 8-7071] port 'I0' of module 'sevensegment' is unconnected for instance 'seven1' [D:/Project/FPGA/Whac_A_Mole_Verilog/project/project.srcs/sources_1/new/game_of_whack_a_mole.v:76]
WARNING: [Synth 8-7071] port 'N_Reset' of module 'sevensegment' is unconnected for instance 'seven1' [D:/Project/FPGA/Whac_A_Mole_Verilog/project/project.srcs/sources_1/new/game_of_whack_a_mole.v:76]
WARNING: [Synth 8-7071] port 'SEG_COM' of module 'sevensegment' is unconnected for instance 'seven1' [D:/Project/FPGA/Whac_A_Mole_Verilog/project/project.srcs/sources_1/new/game_of_whack_a_mole.v:76]
WARNING: [Synth 8-7071] port 'SEG_DATA' of module 'sevensegment' is unconnected for instance 'seven1' [D:/Project/FPGA/Whac_A_Mole_Verilog/project/project.srcs/sources_1/new/game_of_whack_a_mole.v:76]
WARNING: [Synth 8-7023] instance 'seven1' of module 'sevensegment' has 12 connections declared, but only 8 given [D:/Project/FPGA/Whac_A_Mole_Verilog/project/project.srcs/sources_1/new/game_of_whack_a_mole.v:76]
INFO: [Synth 8-6155] done synthesizing module 'game_of_whack_a_mole' (0#1) [D:/Project/FPGA/Whac_A_Mole_Verilog/project/project.srcs/sources_1/new/game_of_whack_a_mole.v:23]
WARNING: [Synth 8-7137] Register index_reg in module randomled has both Set and reset with same priority. This may cause simulation mismatches. Consider rewriting code  [D:/Project/FPGA/Whac_A_Mole_Verilog/randomled/randomled.srcs/sources_1/new/randomled.v:54]
WARNING: [Synth 8-6014] Unused sequential element Counter_reg was removed.  [D:/Project/FPGA/Whac_A_Mole_Verilog/project/project.srcs/sources_1/new/game_of_whack_a_mole.v:45]
WARNING: [Synth 8-6014] Unused sequential element Tim_reg was removed.  [D:/Project/FPGA/Whac_A_Mole_Verilog/project/project.srcs/sources_1/new/game_of_whack_a_mole.v:56]
WARNING: [Synth 8-3848] Net seg_com in module/entity game_of_whack_a_mole does not have driver. [D:/Project/FPGA/Whac_A_Mole_Verilog/project/project.srcs/sources_1/new/game_of_whack_a_mole.v:27]
WARNING: [Synth 8-3848] Net seg_data in module/entity game_of_whack_a_mole does not have driver. [D:/Project/FPGA/Whac_A_Mole_Verilog/project/project.srcs/sources_1/new/game_of_whack_a_mole.v:28]
WARNING: [Synth 8-7129] Port seg_com[7] in module game_of_whack_a_mole is either unconnected or has no load
WARNING: [Synth 8-7129] Port seg_com[6] in module game_of_whack_a_mole is either unconnected or has no load
WARNING: [Synth 8-7129] Port seg_com[5] in module game_of_whack_a_mole is either unconnected or has no load
WARNING: [Synth 8-7129] Port seg_com[4] in module game_of_whack_a_mole is either unconnected or has no load
WARNING: [Synth 8-7129] Port seg_com[3] in module game_of_whack_a_mole is either unconnected or has no load
WARNING: [Synth 8-7129] Port seg_com[2] in module game_of_whack_a_mole is either unconnected or has no load
WARNING: [Synth 8-7129] Port seg_com[1] in module game_of_whack_a_mole is either unconnected or has no load
WARNING: [Synth 8-7129] Port seg_data[6] in module game_of_whack_a_mole is either unconnected or has no load
WARNING: [Synth 8-7129] Port seg_data[5] in module game_of_whack_a_mole is either unconnected or has no load
WARNING: [Synth 8-7129] Port seg_data[4] in module game_of_whack_a_mole is either unconnected or has no load
WARNING: [Synth 8-7129] Port seg_data[3] in module game_of_whack_a_mole is either unconnected or has no load
WARNING: [Synth 8-7129] Port seg_data[2] in module game_of_whack_a_mole is either unconnected or has no load
WARNING: [Synth 8-7129] Port seg_data[1] in module game_of_whack_a_mole is either unconnected or has no load
---------------------------------------------------------------------------------
Finished RTL Elaboration : Time (s): cpu = 00:00:03 ; elapsed = 00:00:04 . Memory (MB): peak = 5203.969 ; gain = 0.000
---------------------------------------------------------------------------------
---------------------------------------------------------------------------------
Start Handling Custom Attributes
---------------------------------------------------------------------------------
---------------------------------------------------------------------------------
Finished Handling Custom Attributes : Time (s): cpu = 00:00:03 ; elapsed = 00:00:04 . Memory (MB): peak = 5203.969 ; gain = 0.000
---------------------------------------------------------------------------------
---------------------------------------------------------------------------------
Finished RTL Optimization Phase 1 : Time (s): cpu = 00:00:03 ; elapsed = 00:00:04 . Memory (MB): peak = 5203.969 ; gain = 0.000
---------------------------------------------------------------------------------
Netlist sorting complete. Time (s): cpu = 00:00:00 ; elapsed = 00:00:00.005 . Memory (MB): peak = 5203.969 ; gain = 0.000
INFO: [Project 1-570] Preparing netlist for logic optimization

Processing XDC Constraints
Initializing timing engine
Parsing XDC File [D:/Project/FPGA/Whac_A_Mole_Verilog/project/project.srcs/constrs_1/new/game_of_whack_a_mole.xdc]
Finished Parsing XDC File [D:/Project/FPGA/Whac_A_Mole_Verilog/project/project.srcs/constrs_1/new/game_of_whack_a_mole.xdc]
Completed Processing XDC Constraints

refresh_design: Time (s): cpu = 00:00:04 ; elapsed = 00:00:06 . Memory (MB): peak = 5203.969 ; gain = 0.000
reset_run synth_1
INFO: [Project 1-1161] Replacing file D:/Project/FPGA/Whac_A_Mole_Verilog/project/project.srcs/utils_1/imports/synth_1/sevensegment.dcp with file D:/Project/FPGA/Whac_A_Mole_Verilog/project/project.runs/synth_1/game_of_whack_a_mole.dcp
WARNING: [Vivado 12-1017] Problems encountered:
1. Failed to delete one or more files in run directory D:/Project/FPGA/Whac_A_Mole_Verilog/project/project.runs/synth_1

launch_runs impl_1 -to_step write_bitstream -jobs 15
[Fri Dec 15 17:15:03 2023] Launched synth_1...
Run output will be captured here: D:/Project/FPGA/Whac_A_Mole_Verilog/project/project.runs/synth_1/runme.log
[Fri Dec 15 17:15:03 2023] Launched impl_1...
Run output will be captured here: D:/Project/FPGA/Whac_A_Mole_Verilog/project/project.runs/impl_1/runme.log
reset_run synth_1
INFO: [Project 1-1161] Replacing file D:/Project/FPGA/Whac_A_Mole_Verilog/project/project.srcs/utils_1/imports/synth_1/sevensegment.dcp with file D:/Project/FPGA/Whac_A_Mole_Verilog/project/project.runs/synth_1/game_of_whack_a_mole.dcp
WARNING: [Vivado 12-1017] Problems encountered:
1. Failed to delete one or more files in run directory D:/Project/FPGA/Whac_A_Mole_Verilog/project/project.runs/synth_1

launch_runs impl_1 -to_step write_bitstream -jobs 15
[Fri Dec 15 17:16:43 2023] Launched synth_1...
Run output will be captured here: D:/Project/FPGA/Whac_A_Mole_Verilog/project/project.runs/synth_1/runme.log
[Fri Dec 15 17:16:44 2023] Launched impl_1...
Run output will be captured here: D:/Project/FPGA/Whac_A_Mole_Verilog/project/project.runs/impl_1/runme.log
reset_run synth_1
INFO: [Project 1-1161] Replacing file D:/Project/FPGA/Whac_A_Mole_Verilog/project/project.srcs/utils_1/imports/synth_1/sevensegment.dcp with file D:/Project/FPGA/Whac_A_Mole_Verilog/project/project.runs/synth_1/game_of_whack_a_mole.dcp
WARNING: [Vivado 12-1017] Problems encountered:
1. Failed to delete one or more files in run directory D:/Project/FPGA/Whac_A_Mole_Verilog/project/project.runs/synth_1

launch_runs impl_1 -to_step write_bitstream -jobs 15
[Fri Dec 15 17:20:13 2023] Launched synth_1...
Run output will be captured here: D:/Project/FPGA/Whac_A_Mole_Verilog/project/project.runs/synth_1/runme.log
[Fri Dec 15 17:20:13 2023] Launched impl_1...
Run output will be captured here: D:/Project/FPGA/Whac_A_Mole_Verilog/project/project.runs/impl_1/runme.log
set_property PROBES.FILE {} [get_hw_devices xc7s75_0]
set_property FULL_PROBES.FILE {} [get_hw_devices xc7s75_0]
set_property PROGRAM.FILE {D:/Project/FPGA/Whac_A_Mole_Verilog/project/project.runs/impl_1/game_of_whack_a_mole.bit} [get_hw_devices xc7s75_0]
program_hw_devices [get_hw_devices xc7s75_0]
INFO: [Labtools 27-3164] End of startup status: HIGH
program_hw_devices: Time (s): cpu = 00:00:11 ; elapsed = 00:00:10 . Memory (MB): peak = 5203.969 ; gain = 0.000
refresh_hw_device [lindex [get_hw_devices xc7s75_0] 0]
INFO: [Labtools 27-1434] Device xc7s75 (JTAG device index = 0) is programmed with a design that has no supported debug core(s) in it.
reset_run synth_1
INFO: [Project 1-1161] Replacing file D:/Project/FPGA/Whac_A_Mole_Verilog/project/project.srcs/utils_1/imports/synth_1/sevensegment.dcp with file D:/Project/FPGA/Whac_A_Mole_Verilog/project/project.runs/synth_1/game_of_whack_a_mole.dcp
WARNING: [Vivado 12-1017] Problems encountered:
1. Failed to delete one or more files in run directory D:/Project/FPGA/Whac_A_Mole_Verilog/project/project.runs/synth_1

launch_runs impl_1 -to_step write_bitstream -jobs 15
[Fri Dec 15 17:28:42 2023] Launched synth_1...
Run output will be captured here: D:/Project/FPGA/Whac_A_Mole_Verilog/project/project.runs/synth_1/runme.log
[Fri Dec 15 17:28:42 2023] Launched impl_1...
Run output will be captured here: D:/Project/FPGA/Whac_A_Mole_Verilog/project/project.runs/impl_1/runme.log
open_run impl_1
Netlist sorting complete. Time (s): cpu = 00:00:00 ; elapsed = 00:00:00.003 . Memory (MB): peak = 5203.969 ; gain = 0.000
INFO: [Netlist 29-17] Analyzing 60 Unisim elements for replacement
INFO: [Netlist 29-28] Unisim Transformation completed in 0 CPU seconds
INFO: [Project 1-479] Netlist was created with Vivado 2022.2
INFO: [Project 1-570] Preparing netlist for logic optimization
INFO: [Timing 38-478] Restoring timing data from binary archive.
INFO: [Timing 38-479] Binary timing data restore complete.
INFO: [Project 1-856] Restoring constraints from binary archive.
INFO: [Project 1-853] Binary constraint restore complete.
Reading XDEF placement.
Reading placer database...
Reading XDEF routing.
Read XDEF Files: Time (s): cpu = 00:00:00 ; elapsed = 00:00:00.125 . Memory (MB): peak = 5203.969 ; gain = 0.000
Restored from archive | CPU: 0.000000 secs | Memory: 0.000000 MB |
Finished XDEF File Restore: Time (s): cpu = 00:00:00 ; elapsed = 00:00:00.125 . Memory (MB): peak = 5203.969 ; gain = 0.000
Netlist sorting complete. Time (s): cpu = 00:00:00 ; elapsed = 00:00:00 . Memory (MB): peak = 5203.969 ; gain = 0.000
INFO: [Project 1-111] Unisim Transformation Summary:
No Unisim elements were transformed.

WARNING: [Timing 38-313] There are no user specified timing constraints. Timing constraints are needed for proper timing analysis.
reset_run impl_1 -prev_step 
launch_runs impl_1 -to_step write_bitstream -jobs 15
[Fri Dec 15 17:30:55 2023] Launched impl_1...
Run output will be captured here: D:/Project/FPGA/Whac_A_Mole_Verilog/project/project.runs/impl_1/runme.log
reset_run impl_1 -prev_step 
WARNING: [Vivado 12-1017] Problems encountered:
1. PID not specified

launch_runs impl_1 -to_step write_bitstream -jobs 15
[Fri Dec 15 17:31:20 2023] Launched impl_1...
Run output will be captured here: D:/Project/FPGA/Whac_A_Mole_Verilog/project/project.runs/impl_1/runme.log
reset_run impl_1 -prev_step 
launch_runs impl_1 -to_step write_bitstream -jobs 15
[Fri Dec 15 17:31:39 2023] Launched impl_1...
Run output will be captured here: D:/Project/FPGA/Whac_A_Mole_Verilog/project/project.runs/impl_1/runme.log
set_property PROBES.FILE {} [get_hw_devices xc7s75_0]
set_property FULL_PROBES.FILE {} [get_hw_devices xc7s75_0]
set_property PROGRAM.FILE {D:/Project/FPGA/Whac_A_Mole_Verilog/project/project.runs/impl_1/game_of_whack_a_mole.bit} [get_hw_devices xc7s75_0]
program_hw_devices [get_hw_devices xc7s75_0]
INFO: [Labtools 27-3164] End of startup status: HIGH
program_hw_devices: Time (s): cpu = 00:00:10 ; elapsed = 00:00:10 . Memory (MB): peak = 5241.172 ; gain = 0.000
refresh_hw_device [lindex [get_hw_devices xc7s75_0] 0]
INFO: [Labtools 27-1434] Device xc7s75 (JTAG device index = 0) is programmed with a design that has no supported debug core(s) in it.
reset_run synth_1
INFO: [Project 1-1161] Replacing file D:/Project/FPGA/Whac_A_Mole_Verilog/project/project.srcs/utils_1/imports/synth_1/sevensegment.dcp with file D:/Project/FPGA/Whac_A_Mole_Verilog/project/project.runs/synth_1/game_of_whack_a_mole.dcp
WARNING: [Vivado 12-1017] Problems encountered:
1. Failed to delete one or more files in run directory D:/Project/FPGA/Whac_A_Mole_Verilog/project/project.runs/synth_1

launch_runs impl_1 -to_step write_bitstream -jobs 15
[Fri Dec 15 17:40:41 2023] Launched synth_1...
Run output will be captured here: D:/Project/FPGA/Whac_A_Mole_Verilog/project/project.runs/synth_1/runme.log
[Fri Dec 15 17:40:41 2023] Launched impl_1...
Run output will be captured here: D:/Project/FPGA/Whac_A_Mole_Verilog/project/project.runs/impl_1/runme.log
set_property PROBES.FILE {} [get_hw_devices xc7s75_0]
set_property FULL_PROBES.FILE {} [get_hw_devices xc7s75_0]
set_property PROGRAM.FILE {D:/Project/FPGA/Whac_A_Mole_Verilog/project/project.runs/impl_1/game_of_whack_a_mole.bit} [get_hw_devices xc7s75_0]
program_hw_devices [get_hw_devices xc7s75_0]
INFO: [Labtools 27-3164] End of startup status: HIGH
program_hw_devices: Time (s): cpu = 00:00:10 ; elapsed = 00:00:10 . Memory (MB): peak = 5241.172 ; gain = 0.000
refresh_hw_device [lindex [get_hw_devices xc7s75_0] 0]
INFO: [Labtools 27-1434] Device xc7s75 (JTAG device index = 0) is programmed with a design that has no supported debug core(s) in it.
reset_run synth_1
INFO: [Project 1-1161] Replacing file D:/Project/FPGA/Whac_A_Mole_Verilog/project/project.srcs/utils_1/imports/synth_1/sevensegment.dcp with file D:/Project/FPGA/Whac_A_Mole_Verilog/project/project.runs/synth_1/game_of_whack_a_mole.dcp
WARNING: [Vivado 12-1017] Problems encountered:
1. Failed to delete one or more files in run directory D:/Project/FPGA/Whac_A_Mole_Verilog/project/project.runs/synth_1

launch_runs impl_1 -to_step write_bitstream -jobs 15
[Fri Dec 15 17:47:48 2023] Launched synth_1...
Run output will be captured here: D:/Project/FPGA/Whac_A_Mole_Verilog/project/project.runs/synth_1/runme.log
[Fri Dec 15 17:47:48 2023] Launched impl_1...
Run output will be captured here: D:/Project/FPGA/Whac_A_Mole_Verilog/project/project.runs/impl_1/runme.log
set_property PROBES.FILE {} [get_hw_devices xc7s75_0]
set_property FULL_PROBES.FILE {} [get_hw_devices xc7s75_0]
set_property PROGRAM.FILE {D:/Project/FPGA/Whac_A_Mole_Verilog/project/project.runs/impl_1/game_of_whack_a_mole.bit} [get_hw_devices xc7s75_0]
program_hw_devices [get_hw_devices xc7s75_0]
INFO: [Labtools 27-3164] End of startup status: HIGH
program_hw_devices: Time (s): cpu = 00:00:10 ; elapsed = 00:00:10 . Memory (MB): peak = 5241.172 ; gain = 0.000
refresh_hw_device [lindex [get_hw_devices xc7s75_0] 0]
INFO: [Labtools 27-1434] Device xc7s75 (JTAG device index = 0) is programmed with a design that has no supported debug core(s) in it.
reset_run synth_1
INFO: [Project 1-1161] Replacing file D:/Project/FPGA/Whac_A_Mole_Verilog/project/project.srcs/utils_1/imports/synth_1/sevensegment.dcp with file D:/Project/FPGA/Whac_A_Mole_Verilog/project/project.runs/synth_1/game_of_whack_a_mole.dcp
WARNING: [Vivado 12-1017] Problems encountered:
1. Failed to delete one or more files in run directory D:/Project/FPGA/Whac_A_Mole_Verilog/project/project.runs/synth_1

launch_runs impl_1 -to_step write_bitstream -jobs 15
[Fri Dec 15 18:00:38 2023] Launched synth_1...
Run output will be captured here: D:/Project/FPGA/Whac_A_Mole_Verilog/project/project.runs/synth_1/runme.log
[Fri Dec 15 18:00:38 2023] Launched impl_1...
Run output will be captured here: D:/Project/FPGA/Whac_A_Mole_Verilog/project/project.runs/impl_1/runme.log
set_property PROBES.FILE {} [get_hw_devices xc7s75_0]
set_property FULL_PROBES.FILE {} [get_hw_devices xc7s75_0]
set_property PROGRAM.FILE {D:/Project/FPGA/Whac_A_Mole_Verilog/project/project.runs/impl_1/game_of_whack_a_mole.bit} [get_hw_devices xc7s75_0]
program_hw_devices [get_hw_devices xc7s75_0]
INFO: [Labtools 27-3164] End of startup status: HIGH
program_hw_devices: Time (s): cpu = 00:00:10 ; elapsed = 00:00:10 . Memory (MB): peak = 5243.875 ; gain = 0.000
refresh_hw_device [lindex [get_hw_devices xc7s75_0] 0]
INFO: [Labtools 27-1434] Device xc7s75 (JTAG device index = 0) is programmed with a design that has no supported debug core(s) in it.
close_sim
INFO: [Simtcl 6-16] Simulation closed
exit
INFO: [Common 17-206] Exiting Vivado at Fri Dec 15 18:15:23 2023...
