C51 COMPILER V9.54   KEY                                                                   07/08/2023 13:10:51 PAGE 1   


C51 COMPILER V9.54, COMPILATION OF MODULE KEY
OBJECT MODULE PLACED IN .\Objects\Key.obj
COMPILER INVOKED BY: D:\App\Keil5\C51\BIN\C51.EXE Key.c OPTIMIZE(8,SPEED) BROWSE DEBUG OBJECTEXTEND PRINT(.\Listings\Key
                    -.lst) TABS(2) OBJECT(.\Objects\Key.obj)

line level    source

   1          #include <REGX52.H>
   2          #include "Delay.h"
   3          
   4          unsigned char Key_number=0;
   5          
   6          unsigned char Key(void)
   7          {
   8   1        unsigned char tmp=0;
   9   1        tmp=Key_number;
  10   1        Key_number=0;
  11   1        
  12   1        return tmp;
  13   1      }
  14          
  15          unsigned char check(void)
  16          {
  17   1        unsigned char Number=0;
  18   1        
  19   1        if(P3_1==0)Number=1;
  20   1        if(P3_0==0)Number=2;
  21   1        if(P3_2==0)Number=3;
  22   1        if(P3_3==0)Number=4;
  23   1        
  24   1        return Number;
  25   1      }
  26          
  27          void KeyLoop(void)
  28          {
  29   1        static unsigned char Nowstate,Laststate=0;
  30   1        Laststate=Nowstate;
  31   1        Nowstate=check();
  32   1        if(Nowstate==0&&Laststate==1)
  33   1        {
  34   2          Key_number=1;
  35   2        }
  36   1        if(Nowstate==0&&Laststate==2)
  37   1        {
  38   2          Key_number=2;
  39   2        }
  40   1        if(Nowstate==0&&Laststate==3)
  41   1        {
  42   2          Key_number=3;
  43   2        }
  44   1        if(Nowstate==0&&Laststate==4)
  45   1        {
  46   2          Key_number=4;
  47   2        }
  48   1      }


MODULE INFORMATION:   STATIC OVERLAYABLE
   CODE SIZE        =     85    ----
   CONSTANT SIZE    =   ----    ----
   XDATA SIZE       =   ----    ----
C51 COMPILER V9.54   KEY                                                                   07/08/2023 13:10:51 PAGE 2   

   PDATA SIZE       =   ----    ----
   DATA SIZE        =      3    ----
   IDATA SIZE       =   ----    ----
   BIT SIZE         =   ----    ----
END OF MODULE INFORMATION.


C51 COMPILATION COMPLETE.  0 WARNING(S),  0 ERROR(S)
