C51 COMPILER V9.54   I2C                                                                   07/05/2023 18:11:08 PAGE 1   


C51 COMPILER V9.54, COMPILATION OF MODULE I2C
OBJECT MODULE PLACED IN .\Objects\I2C.obj
COMPILER INVOKED BY: D:\App\Keil5\C51\BIN\C51.EXE I2C.c OPTIMIZE(8,SPEED) BROWSE DEBUG OBJECTEXTEND PRINT(.\Listings\I2C
                    -.lst) TABS(2) OBJECT(.\Objects\I2C.obj)

line level    source

   1          #include <REGX52.H>
   2          
   3          sbit SCL=P2^1;
   4          sbit SDA=P2^0;
   5          
   6          void start(void)
   7          {
   8   1        SCL=1;
   9   1        SDA=1;
  10   1        SDA=0;
  11   1        SCL=0;
  12   1      }
  13          
  14          void stop(void)
  15          {
  16   1        SDA=0;
  17   1        SCL=1;
  18   1        SDA=1;
  19   1      }
  20          
  21          void Send_Byte(unsigned char Data)
  22          {
  23   1        unsigned char i=0;
  24   1        for(i=0;i<8;i++)
  25   1        {
  26   2          SDA=(Data&(0x80>>i));
  27   2          SCL=1;
  28   2          SCL=0;
  29   2        }
  30   1      }
  31          
  32          unsigned char Receive_Byte(void)
  33          {
  34   1        unsigned char i,Data=0;
  35   1        SDA=1;
  36   1        for(i=0;i<8;i++)
  37   1        {
  38   2          SCL=1;
  39   2          if(SDA) Data|=(0x80>>i);
  40   2          SCL=0;
  41   2        }
  42   1        return Data;
  43   1      }
  44          
  45          void Send_ACK(unsigned char Ack)
  46          {
  47   1          SDA=Ack;
  48   1          SCL=1;
  49   1          SCL=0;
  50   1          
  51   1      }
  52          unsigned char Receive_Ack(void)
  53          {
  54   1        unsigned char Ack=0;
C51 COMPILER V9.54   I2C                                                                   07/05/2023 18:11:08 PAGE 2   

  55   1        SDA=1;
  56   1        SCL=1;
  57   1        Ack=SDA;
  58   1        SCL=0;
  59   1        
  60   1        return Ack;
  61   1      }


MODULE INFORMATION:   STATIC OVERLAYABLE
   CODE SIZE        =    109    ----
   CONSTANT SIZE    =   ----    ----
   XDATA SIZE       =   ----    ----
   PDATA SIZE       =   ----    ----
   DATA SIZE        =   ----    ----
   IDATA SIZE       =   ----    ----
   BIT SIZE         =   ----    ----
END OF MODULE INFORMATION.


C51 COMPILATION COMPLETE.  0 WARNING(S),  0 ERROR(S)
