C51 COMPILER V9.54   MAIN                                                                  07/05/2023 18:57:44 PAGE 1   


C51 COMPILER V9.54, COMPILATION OF MODULE MAIN
OBJECT MODULE PLACED IN .\Objects\main.obj
COMPILER INVOKED BY: D:\App\Keil5\C51\BIN\C51.EXE main.c OPTIMIZE(8,SPEED) BROWSE DEBUG OBJECTEXTEND PRINT(.\Listings\ma
                    -in.lst) TABS(2) OBJECT(.\Objects\main.obj)

line level    source

   1          #include <REGX52.H>
   2          #include "AT24C02.h"
   3          #include "Nixie.h"
   4          #include "Timer0.h"
   5          #include "Key.h"
   6          #include "Delay.h"
   7          
   8          unsigned char keynumber,flag=0;
   9          unsigned char min,sec,minisec=0;
  10          
  11          void main()
  12          {
  13   1        Timer0_Init();
  14   1        while(1)
  15   1        {
  16   2          keynumber=Key();
  17   2          if(keynumber==1)
  18   2          {
  19   3            flag=!flag;
  20   3          }
  21   2          if(keynumber==2)
  22   2          {
  23   3            min=0;
  24   3            sec=0;
  25   3            minisec=0;
  26   3          }
  27   2          if(keynumber==3)
  28   2          {
  29   3            WriteByte(0,minisec);
  30   3            Delay(10);
  31   3            WriteByte(1,sec);
  32   3            Delay(10);
  33   3            WriteByte(2,min);
  34   3            Delay(10);
  35   3          }
  36   2          if(keynumber==4)
  37   2          {
  38   3            minisec=ReadByte(0);
  39   3            sec=ReadByte(1);
  40   3            min=ReadByte(2);
  41   3          }
  42   2          NixieSetBuf(1,min/10);
  43   2          NixieSetBuf(2,min%10);
  44   2          NixieSetBuf(3,11);
  45   2          NixieSetBuf(4,sec/10);
  46   2          NixieSetBuf(5,sec%10);
  47   2          NixieSetBuf(6,11);
  48   2          NixieSetBuf(7,minisec/10);
  49   2          NixieSetBuf(8,minisec%10);
  50   2        }
  51   1      }
  52          /**
  53            * @brief  秒表驱动函数，在中断中调用
  54            * @param  无
C51 COMPILER V9.54   MAIN                                                                  07/05/2023 18:57:44 PAGE 2   

  55            * @retval 无
  56            */
  57          void Settime(void)
  58          {
  59   1        if(flag)
  60   1        {
  61   2          minisec++;
  62   2          if(minisec>=100)
  63   2          {
  64   3            minisec=0;
  65   3            sec++;
  66   3            if(sec>=60)
  67   3            {
  68   4              sec=0;
  69   4              min++;
  70   4              if(min>=60)
  71   4              {
  72   5                min=0;
  73   5              }
  74   4            }
  75   3          }
  76   2              
  77   2        }
  78   1      }
  79          
  80          void Timer0_Routine() interrupt 1
  81          {
  82   1        static unsigned int T0Count1,T0Count2,T0Count3;
  83   1        TL0 = 0x18;   //设置定时初值
  84   1        TH0 = 0xFC;   //设置定时初值
  85   1        T0Count1++;
  86   1        if(T0Count1>=10)
  87   1        {
  88   2          T0Count1=0;
  89   2          Settime();
  90   2        }
  91   1        T0Count2++;
  92   1        if(T0Count2>=20)
  93   1        {
  94   2          T0Count2=0;
  95   2          KeyLoop();
  96   2        }
  97   1        T0Count3++;
  98   1        if(T0Count3>=2)
  99   1        {
 100   2          T0Count3=0;
 101   2          NixieLoop();
 102   2        }
 103   1      }


MODULE INFORMATION:   STATIC OVERLAYABLE
   CODE SIZE        =    400    ----
   CONSTANT SIZE    =   ----    ----
   XDATA SIZE       =   ----    ----
   PDATA SIZE       =   ----    ----
   DATA SIZE        =     11    ----
   IDATA SIZE       =   ----    ----
   BIT SIZE         =   ----    ----
END OF MODULE INFORMATION.


C51 COMPILATION COMPLETE.  0 WARNING(S),  0 ERROR(S)
