Vivado Simulator v2022.2
Copyright 1986-1999, 2001-2022 Xilinx, Inc. All Rights Reserved.
Running: D:/App/xilinx1/Vivado/2022.2/bin/unwrapped/win64.o/xelab.exe --incr --debug typical --relax --mt 2 --maxdelay -L xil_defaultlib -L simprims_ver -L secureip --snapshot led_tb_time_impl -transport_int_delays -pulse_r 0 -pulse_int_r 0 -pulse_e 0 -pulse_int_e 0 xil_defaultlib.led_tb xil_defaultlib.glbl -log elaborate.log 
Using 2 slave threads.
Starting static elaboration
Pass Through NonSizing Optimizer
Completed static elaboration
Starting simulation data flow analysis
Completed simulation data flow analysis
INFO: [XSIM 43-3451] SDF backannotation process started with SDF file "led_tb_time_impl.sdf", for root module "led_tb/led_inst".
INFO: [XSIM 43-3452] SDF backannotation was successful for SDF file "led_tb_time_impl.sdf", for root module "led_tb/led_inst".
Time Resolution for simulation is 1ps
Compiling module simprims_ver.IBUF
Compiling module simprims_ver.OBUF
Compiling module simprims_ver.x_lut1_mux2
Compiling module simprims_ver.LUT1(INIT=2'b01)
Compiling module xil_defaultlib.led
Compiling module xil_defaultlib.led_tb
Compiling module xil_defaultlib.glbl
Built simulation snapshot led_tb_time_impl
