C51 COMPILER V9.54   MAIN                                                                  01/24/2023 12:58:36 PAGE 1   


C51 COMPILER V9.54, COMPILATION OF MODULE MAIN
OBJECT MODULE PLACED IN .\Objects\main.obj
COMPILER INVOKED BY: D:\1\C51\BIN\C51.EXE main.c OPTIMIZE(8,SPEED) BROWSE DEBUG OBJECTEXTEND PRINT(.\Listings\main.lst) 
                    -OBJECT(.\Objects\main.obj)

line level    source

   1          #include <REGX52.H>
   2          #include<INTRINS.H>
   3          
   4          void Delay1ms(unsigned int xms)         //@11.0592MHz
   5          {
   6   1              unsigned char i, j;
   7   1              
   8   1              while(xms--)
   9   1              {
  10   2                      _nop_();
  11   2                      i = 2;
  12   2                      j = 199;
  13   2                      do
  14   2                      {
  15   3                              while (--j);
  16   3                      } while (--i);
  17   2              }
  18   1      
  19   1      }
  20          
  21          
  22          void main()
  23          {
  24   1              int add=0;
  25   1              while(1)
  26   1              {
  27   2                      if(P3_1==0)
  28   2                      {
  29   3                              Delay1ms(20);
  30   3                              while(P3_1==0);
  31   3                              Delay1ms(20);
  32   3                              add++;
  33   3                              P2=~P2;
  34   3                              P2=P2+add;
  35   3                      }       
  36   2              }
  37   1      }


MODULE INFORMATION:   STATIC OVERLAYABLE
   CODE SIZE        =     60    ----
   CONSTANT SIZE    =   ----    ----
   XDATA SIZE       =   ----    ----
   PDATA SIZE       =   ----    ----
   DATA SIZE        =   ----    ----
   IDATA SIZE       =   ----    ----
   BIT SIZE         =   ----    ----
END OF MODULE INFORMATION.


C51 COMPILATION COMPLETE.  0 WARNING(S),  0 ERROR(S)
